2025-05-12 20:05:01,575 [INFO] Activator:176 - 


2025-05-12 20:05:01,580 [INFO] Activator:177 - !SESSION log4j initialized
2025-05-12 20:05:05,496 [INFO] LogOutputStream:77 - [STDOUT_REDIRECT] 
2025-05-12 20:05:06,898 [INFO] ApplicationProperties:184 - Using Application install path: C:\ST\STM32CubeIDE_1.18.1\STM32CubeIDE\plugins\com.st.stm32cube.common.mx_6.14.1.202504091515
2025-05-12 20:05:06,911 [INFO] DbMcusXml:78 - Set database path to: C:\ST\STM32CubeIDE_1.18.1\STM32CubeIDE\plugins\com.st.stm32cube.common.mx_6.14.1.202504091515\\db\/mcu/
2025-05-12 20:05:06,911 [INFO] ApiDb:274 - Set plugin database path to: C:\ST\STM32CubeIDE_1.18.1\STM32CubeIDE\plugins\com.st.stm32cube.common.mx_6.14.1.202504091515\\db\/plugins/boardmanager/
2025-05-12 20:05:06,911 [WARN] ApiDb:259 - Overriding images path with different value:  => C:\ST\STM32CubeIDE_1.18.1\STM32CubeIDE\plugins\com.st.stm32cube.common.mx_6.14.1.202504091515\\db\/plugins/mcufinder/images/
2025-05-12 20:05:06,917 [INFO] ApiDb:250 - Set database path to: C:\Users\wh310\.stmcufinder\plugins\mcufinder//mcu/
2025-05-12 20:05:06,918 [INFO] DbMcusAds:125 - Set database path to: C:\Users\wh310\.stmcufinder\plugins\mcufinder//mcu/
2025-05-12 20:05:06,919 [INFO] CrossReferenceDbSqlite:203 - Set database path to: C:\Users\wh310\.stmcufinder\plugins\mcufinder//mcu/cs/
2025-05-12 20:05:07,001 [INFO] RulesReader:64 - Compatibility file has been processed (302 Rules)
2025-05-12 20:05:07,065 [INFO] DbMcusXml:78 - Set database path to: C:\ST\STM32CubeIDE_1.18.1\STM32CubeIDE\plugins\com.st.stm32cube.common.mx_6.14.1.202504091515\\db\/mcu/
2025-05-12 20:05:07,065 [INFO] ApiDb:274 - Set plugin database path to: C:\ST\STM32CubeIDE_1.18.1\STM32CubeIDE\plugins\com.st.stm32cube.common.mx_6.14.1.202504091515\\db\/plugins/boardmanager/
2025-05-12 20:05:07,065 [INFO] ApiDb:261 - Set plugin images path to: C:\ST\STM32CubeIDE_1.18.1\STM32CubeIDE\plugins\com.st.stm32cube.common.mx_6.14.1.202504091515\\db\/plugins/mcufinder/images/
2025-05-12 20:05:07,065 [WARN] DbFile:41 - Overriding database path with different value: C:\Users\wh310\.stmcufinder\plugins\mcufinder/ => C:\Users\wh310\.stmcufinder\plugins\mcufinder
2025-05-12 20:05:07,065 [INFO] ApiDb:250 - Set database path to: C:\Users\wh310\.stmcufinder\plugins\mcufinder//mcu/
2025-05-12 20:05:07,066 [WARN] DbFile:41 - Overriding database path with different value: C:\Users\wh310\.stmcufinder\plugins\mcufinder/ => C:\Users\wh310\.stmcufinder\plugins\mcufinder
2025-05-12 20:05:07,066 [INFO] DbMcusAds:125 - Set database path to: C:\Users\wh310\.stmcufinder\plugins\mcufinder//mcu/
2025-05-12 20:05:07,066 [WARN] DbFile:41 - Overriding database path with different value: C:\Users\wh310\.stmcufinder\plugins\mcufinder/ => C:\Users\wh310\.stmcufinder\plugins\mcufinder
2025-05-12 20:05:07,066 [WARN] DbFile:41 - Overriding database path with different value: C:\Users\wh310\.stmcufinder\plugins\mcufinder/ => C:\Users\wh310\.stmcufinder\plugins\mcufinder
2025-05-12 20:05:07,066 [INFO] CrossReferenceDbSqlite:203 - Set database path to: C:\Users\wh310\.stmcufinder\plugins\mcufinder//mcu/cs/
2025-05-12 20:05:07,122 [INFO] MainPanel:272 - HeapMemory: 268435456
2025-05-12 20:05:07,193 [INFO] DbMcusXml:78 - Set database path to: C:\ST\STM32CubeIDE_1.18.1\STM32CubeIDE\plugins\com.st.stm32cube.common.mx_6.14.1.202504091515\\db\/mcu/
2025-05-12 20:05:07,193 [INFO] ApiDb:274 - Set plugin database path to: C:\ST\STM32CubeIDE_1.18.1\STM32CubeIDE\plugins\com.st.stm32cube.common.mx_6.14.1.202504091515\\db\/plugins/boardmanager/
2025-05-12 20:05:07,193 [INFO] ApiDb:261 - Set plugin images path to: C:\ST\STM32CubeIDE_1.18.1\STM32CubeIDE\plugins\com.st.stm32cube.common.mx_6.14.1.202504091515\\db\/plugins/mcufinder/images/
2025-05-12 20:05:07,194 [WARN] DbFile:41 - Overriding database path with different value: C:\Users\wh310\.stmcufinder\plugins\mcufinder/ => C:\Users\wh310\.stmcufinder\plugins\mcufinder
2025-05-12 20:05:07,194 [INFO] ApiDb:250 - Set database path to: C:\Users\wh310\.stmcufinder\plugins\mcufinder//mcu/
2025-05-12 20:05:07,194 [WARN] DbFile:41 - Overriding database path with different value: C:\Users\wh310\.stmcufinder\plugins\mcufinder/ => C:\Users\wh310\.stmcufinder\plugins\mcufinder
2025-05-12 20:05:07,194 [INFO] DbMcusAds:125 - Set database path to: C:\Users\wh310\.stmcufinder\plugins\mcufinder//mcu/
2025-05-12 20:05:07,194 [WARN] DbFile:41 - Overriding database path with different value: C:\Users\wh310\.stmcufinder\plugins\mcufinder/ => C:\Users\wh310\.stmcufinder\plugins\mcufinder
2025-05-12 20:05:07,194 [WARN] DbFile:41 - Overriding database path with different value: C:\Users\wh310\.stmcufinder\plugins\mcufinder/ => C:\Users\wh310\.stmcufinder\plugins\mcufinder
2025-05-12 20:05:07,194 [INFO] CrossReferenceDbSqlite:203 - Set database path to: C:\Users\wh310\.stmcufinder\plugins\mcufinder//mcu/cs/
2025-05-12 20:05:07,208 [INFO] ApplicationProperties:184 - Using Application install path: C:\ST\STM32CubeIDE_1.18.1\STM32CubeIDE\plugins\com.st.stm32cube.common.mx_6.14.1.202504091515
2025-05-12 20:05:07,209 [INFO] PluginManage:196 - Search for loadable plugins [exclusion list=, ]
2025-05-12 20:05:07,210 [INFO] PluginManage:310 - Check plugin analytics
2025-05-12 20:05:07,335 [INFO] AnalyticsPlugin:253 - Accepted Software Licenses: STM32CubeMX.6.14.1
2025-05-12 20:05:07,335 [INFO] AnalyticsPlugin:255 - Accepted CMSIS Pack Licenses: 
2025-05-12 20:05:07,335 [INFO] AnalyticsPlugin:257 - Accepted Firmware Licenses: 
2025-05-12 20:05:07,337 [INFO] PluginManage:359 - Loaded plugin analytics (category:tool,tabindex:-1)
2025-05-12 20:05:07,337 [INFO] PluginManage:310 - Check plugin cadmodel
2025-05-12 20:05:07,341 [INFO] CADModel:105 - Init CAD model plugin
2025-05-12 20:05:07,341 [INFO] PluginManage:359 - Loaded plugin cadmodel (category:power,tabindex:5)
2025-05-12 20:05:07,342 [INFO] PluginManage:310 - Check plugin clock
2025-05-12 20:05:07,348 [INFO] PluginManage:359 - Loaded plugin clock (category:base,tabindex:2)
2025-05-12 20:05:07,349 [INFO] PluginManage:310 - Check plugin ddr
2025-05-12 20:05:07,350 [INFO] PluginManage:359 - Loaded plugin ddr (category:tool,tabindex:6)
2025-05-12 20:05:07,350 [INFO] PluginManage:310 - Check plugin filemanager
2025-05-12 20:05:07,453 [INFO] PluginManage:359 - Loaded plugin filemanager (category:base,tabindex:10)
2025-05-12 20:05:07,453 [INFO] PluginManage:310 - Check plugin ipmanager
2025-05-12 20:05:07,458 [INFO] PluginManage:359 - Loaded plugin ipmanager (category:base,tabindex:5)
2025-05-12 20:05:07,459 [INFO] PluginManage:310 - Check plugin lpbam
2025-05-12 20:05:07,466 [INFO] PluginManage:359 - Loaded plugin lpbam (category:base,tabindex:0)
2025-05-12 20:05:07,466 [INFO] PluginManage:310 - Check plugin memorymap
2025-05-12 20:05:07,475 [INFO] PluginManage:359 - Loaded plugin memorymap (category:base,tabindex:4)
2025-05-12 20:05:07,475 [INFO] PluginManage:310 - Check plugin pinoutandconfiguration
2025-05-12 20:05:07,482 [INFO] PluginManage:359 - Loaded plugin pinoutandconfiguration (category:base,tabindex:1)
2025-05-12 20:05:07,482 [INFO] PluginManage:310 - Check plugin pinoutconfig
2025-05-12 20:05:07,548 [WARN] SupportedApi:132 - Cannot load RTOS API schema: s4s-elt-must-match.1: The content of 'definitions' must match (annotation?, (simpleType | complexType)?, (unique | key | keyref)*)). A problem was found starting at: attribute.
2025-05-12 20:05:07,642 [INFO] PluginManage:359 - Loaded plugin pinoutconfig (category:base,tabindex:0)
2025-05-12 20:05:07,642 [INFO] PluginManage:310 - Check plugin power
2025-05-12 20:05:07,649 [INFO] PluginManage:359 - Loaded plugin power (category:power,tabindex:4)
2025-05-12 20:05:07,650 [INFO] PluginManage:310 - Check plugin projectmanager
2025-05-12 20:05:07,669 [INFO] PluginManage:359 - Loaded plugin projectmanager (category:projectmanager,tabindex:4)
2025-05-12 20:05:07,670 [INFO] PluginManage:310 - Check plugin rif
2025-05-12 20:05:07,679 [INFO] PluginManage:359 - Loaded plugin rif (category:base,tabindex:3)
2025-05-12 20:05:07,679 [INFO] PluginManage:310 - Check plugin thirdparty
2025-05-12 20:05:07,779 [INFO] PluginManage:359 - Loaded plugin thirdparty (category:base,tabindex:-1)
2025-05-12 20:05:07,779 [WARN] IntegrityCheckThread:84 - waiting for thirdparty lock release [integrity check]
2025-05-12 20:05:07,779 [INFO] PluginManage:310 - Check plugin tools
2025-05-12 20:05:07,779 [INFO] IntegrityCheckThread:86 - entering critical section [integrity check]
2025-05-12 20:05:07,780 [INFO] ThirdPartyUpdaterWithRetryManager:70 - Updater plugin not ready yet. [1/15]
2025-05-12 20:05:07,781 [INFO] PluginManage:359 - Loaded plugin tools (category:base,tabindex:7)
2025-05-12 20:05:07,781 [INFO] PluginManage:310 - Check plugin tutovideos
2025-05-12 20:05:07,910 [INFO] PluginManage:359 - Loaded plugin tutovideos (category:base,tabindex:-1)
2025-05-12 20:05:07,910 [INFO] PluginManage:310 - Check plugin updater
2025-05-12 20:05:07,927 [INFO] PluginManage:359 - Loaded plugin updater (category:base,tabindex:12)
2025-05-12 20:05:07,927 [INFO] PluginManage:310 - Check plugin userauth
2025-05-12 20:05:07,931 [INFO] UserAuth:118 - Init User Auth plugin
2025-05-12 20:05:07,932 [INFO] PluginManage:359 - Loaded plugin userauth (category:base,tabindex:14)
2025-05-12 20:05:07,932 [INFO] PluginManage:283 - PluginManage : Loaded plugins [18]
2025-05-12 20:05:08,090 [INFO] PinOutPanel:1589 - setPackage(No Configuration,No Configuration)
2025-05-12 20:05:08,154 [INFO] CADModel:165 - CPN selected for project level
2025-05-12 20:05:08,154 [INFO] CADModel:114 - Register for checkConnection events
2025-05-12 20:05:08,168 [INFO] IPUIPlugin:80 - create IPUIPlugin
2025-05-12 20:05:08,169 [INFO] PluginManager:220 - loadIPPluginJar : add adc
2025-05-12 20:05:08,171 [INFO] IPUIPlugin:80 - create IPUIPlugin
2025-05-12 20:05:08,171 [INFO] PluginManager:220 - loadIPPluginJar : add aes
2025-05-12 20:05:08,172 [INFO] IPUIPlugin:80 - create IPUIPlugin
2025-05-12 20:05:08,172 [INFO] PluginManager:220 - loadIPPluginJar : add can
2025-05-12 20:05:08,174 [INFO] IPUIPlugin:80 - create IPUIPlugin
2025-05-12 20:05:08,174 [INFO] PluginManager:220 - loadIPPluginJar : add comp
2025-05-12 20:05:08,175 [INFO] IPUIPlugin:80 - create IPUIPlugin
2025-05-12 20:05:08,175 [INFO] PluginManager:220 - loadIPPluginJar : add cryp
2025-05-12 20:05:08,177 [INFO] IPUIPlugin:80 - create IPUIPlugin
2025-05-12 20:05:08,177 [INFO] PluginManager:220 - loadIPPluginJar : add ddr_ctrl_phy
2025-05-12 20:05:08,179 [INFO] IPUIPlugin:80 - create IPUIPlugin
2025-05-12 20:05:08,179 [INFO] PluginManager:220 - loadIPPluginJar : add dfsdm
2025-05-12 20:05:08,183 [INFO] IPUIPlugin:80 - create IPUIPlugin
2025-05-12 20:05:08,183 [INFO] PluginManager:220 - loadIPPluginJar : add dma
2025-05-12 20:05:08,185 [INFO] IPUIPlugin:80 - create IPUIPlugin
2025-05-12 20:05:08,185 [INFO] PluginManager:220 - loadIPPluginJar : add dma3
2025-05-12 20:05:08,187 [INFO] IPUIPlugin:80 - create IPUIPlugin
2025-05-12 20:05:08,187 [INFO] PluginManager:220 - loadIPPluginJar : add extmemmanager
2025-05-12 20:05:08,188 [INFO] IPUIPlugin:80 - create IPUIPlugin
2025-05-12 20:05:08,188 [INFO] PluginManager:220 - loadIPPluginJar : add fatfs
2025-05-12 20:05:08,191 [INFO] IPUIPlugin:80 - create IPUIPlugin
2025-05-12 20:05:08,191 [INFO] PluginManager:220 - loadIPPluginJar : add fmc
2025-05-12 20:05:08,195 [INFO] IPUIPlugin:80 - create IPUIPlugin
2025-05-12 20:05:08,195 [INFO] PluginManager:220 - loadIPPluginJar : add freertos
2025-05-12 20:05:08,196 [INFO] IPUIPlugin:80 - create IPUIPlugin
2025-05-12 20:05:08,196 [INFO] PluginManager:220 - loadIPPluginJar : add genericplugin
2025-05-12 20:05:08,198 [INFO] IPUIPlugin:80 - create IPUIPlugin
2025-05-12 20:05:08,198 [INFO] PluginManager:220 - loadIPPluginJar : add gfxmmu
2025-05-12 20:05:08,201 [INFO] IPUIPlugin:80 - create IPUIPlugin
2025-05-12 20:05:08,201 [INFO] PluginManager:220 - loadIPPluginJar : add gic
2025-05-12 20:05:08,204 [INFO] IPUIPlugin:80 - create IPUIPlugin
2025-05-12 20:05:08,204 [INFO] PluginManager:220 - loadIPPluginJar : add gpio
2025-05-12 20:05:08,207 [INFO] IPUIPlugin:80 - create IPUIPlugin
2025-05-12 20:05:08,207 [INFO] PluginManager:220 - loadIPPluginJar : add gtzc
2025-05-12 20:05:08,209 [INFO] IPUIPlugin:80 - create IPUIPlugin
2025-05-12 20:05:08,209 [INFO] PluginManager:220 - loadIPPluginJar : add hash
2025-05-12 20:05:08,210 [INFO] IPUIPlugin:80 - create IPUIPlugin
2025-05-12 20:05:08,211 [INFO] PluginManager:220 - loadIPPluginJar : add i2c
2025-05-12 20:05:08,212 [INFO] IPUIPlugin:80 - create IPUIPlugin
2025-05-12 20:05:08,212 [INFO] PluginManager:220 - loadIPPluginJar : add i2s
2025-05-12 20:05:08,214 [INFO] IPUIPlugin:80 - create IPUIPlugin
2025-05-12 20:05:08,214 [INFO] PluginManager:220 - loadIPPluginJar : add i3c
2025-05-12 20:05:08,217 [INFO] IPUIPlugin:80 - create IPUIPlugin
2025-05-12 20:05:08,217 [INFO] PluginManager:220 - loadIPPluginJar : add ipddr
2025-05-12 20:05:08,222 [INFO] IPUIPlugin:80 - create IPUIPlugin
2025-05-12 20:05:08,222 [INFO] PluginManager:220 - loadIPPluginJar : add linkedlist
2025-05-12 20:05:08,224 [INFO] IPUIPlugin:80 - create IPUIPlugin
2025-05-12 20:05:08,224 [INFO] PluginManager:220 - loadIPPluginJar : add lorawan
2025-05-12 20:05:08,225 [INFO] IPUIPlugin:80 - create IPUIPlugin
2025-05-12 20:05:08,226 [INFO] PluginManager:220 - loadIPPluginJar : add ltdc
2025-05-12 20:05:08,229 [INFO] IPUIPlugin:80 - create IPUIPlugin
2025-05-12 20:05:08,229 [INFO] PluginManager:220 - loadIPPluginJar : add mdma
2025-05-12 20:05:08,231 [INFO] IPUIPlugin:80 - create IPUIPlugin
2025-05-12 20:05:08,232 [INFO] PluginManager:220 - loadIPPluginJar : add nvic
2025-05-12 20:05:08,233 [INFO] IPUIPlugin:80 - create IPUIPlugin
2025-05-12 20:05:08,233 [INFO] PluginManager:220 - loadIPPluginJar : add opamp
2025-05-12 20:05:08,236 [INFO] IPUIPlugin:80 - create IPUIPlugin
2025-05-12 20:05:08,236 [INFO] PluginManager:220 - loadIPPluginJar : add openamp
2025-05-12 20:05:08,238 [INFO] IPUIPlugin:80 - create IPUIPlugin
2025-05-12 20:05:08,238 [INFO] PluginManager:220 - loadIPPluginJar : add pdm2pcm
2025-05-12 20:05:08,242 [INFO] IPUIPlugin:80 - create IPUIPlugin
2025-05-12 20:05:08,243 [INFO] PluginManager:220 - loadIPPluginJar : add plateformsettings
2025-05-12 20:05:08,245 [INFO] IPUIPlugin:80 - create IPUIPlugin
2025-05-12 20:05:08,245 [INFO] PluginManager:220 - loadIPPluginJar : add quadspi
2025-05-12 20:05:08,246 [INFO] IPUIPlugin:80 - create IPUIPlugin
2025-05-12 20:05:08,247 [INFO] PluginManager:220 - loadIPPluginJar : add radio
2025-05-12 20:05:08,250 [INFO] IPUIPlugin:80 - create IPUIPlugin
2025-05-12 20:05:08,250 [INFO] PluginManager:220 - loadIPPluginJar : add resmgrutility
2025-05-12 20:05:08,252 [INFO] IPUIPlugin:80 - create IPUIPlugin
2025-05-12 20:05:08,252 [INFO] PluginManager:220 - loadIPPluginJar : add sai
2025-05-12 20:05:08,254 [INFO] IPUIPlugin:80 - create IPUIPlugin
2025-05-12 20:05:08,254 [INFO] PluginManager:220 - loadIPPluginJar : add spi
2025-05-12 20:05:08,258 [INFO] IPUIPlugin:80 - create IPUIPlugin
2025-05-12 20:05:08,258 [INFO] PluginManager:220 - loadIPPluginJar : add stm32_wpan
2025-05-12 20:05:08,260 [INFO] IPUIPlugin:80 - create IPUIPlugin
2025-05-12 20:05:08,260 [INFO] PluginManager:220 - loadIPPluginJar : add tim
2025-05-12 20:05:08,262 [INFO] IPUIPlugin:80 - create IPUIPlugin
2025-05-12 20:05:08,262 [INFO] PluginManager:220 - loadIPPluginJar : add touchsensing
2025-05-12 20:05:08,263 [INFO] IPUIPlugin:80 - create IPUIPlugin
2025-05-12 20:05:08,263 [INFO] PluginManager:220 - loadIPPluginJar : add tracer_emb
2025-05-12 20:05:08,264 [INFO] IPUIPlugin:80 - create IPUIPlugin
2025-05-12 20:05:08,264 [INFO] PluginManager:220 - loadIPPluginJar : add ts
2025-05-12 20:05:08,265 [INFO] IPUIPlugin:80 - create IPUIPlugin
2025-05-12 20:05:08,266 [INFO] PluginManager:220 - loadIPPluginJar : add tsc
2025-05-12 20:05:08,268 [INFO] IPUIPlugin:80 - create IPUIPlugin
2025-05-12 20:05:08,268 [INFO] PluginManager:220 - loadIPPluginJar : add ucpd
2025-05-12 20:05:08,270 [INFO] IPUIPlugin:80 - create IPUIPlugin
2025-05-12 20:05:08,270 [INFO] PluginManager:220 - loadIPPluginJar : add usart
2025-05-12 20:05:08,272 [INFO] IPUIPlugin:80 - create IPUIPlugin
2025-05-12 20:05:08,272 [INFO] PluginManager:220 - loadIPPluginJar : add usbx
2025-05-12 20:05:08,385 [FATAL] Updater:351 - Updater called before beeing initialized
2025-05-12 20:05:08,402 [INFO] RulesReader:64 - Compatibility file has been processed (302 Rules)
2025-05-12 20:05:08,411 [INFO] RulesReader:64 - Compatibility file has been processed (302 Rules)
2025-05-12 20:05:08,417 [INFO] CADModel:165 - CPN selected for project level
2025-05-12 20:05:08,417 [INFO] CADModel:114 - Register for checkConnection events
2025-05-12 20:05:08,417 [FATAL] Updater:351 - Updater called before beeing initialized
2025-05-12 20:05:08,417 [ERROR] CADModel:125 - Updater not yet initialized, retry later 
2025-05-12 20:05:08,516 [FATAL] Updater:351 - Updater called before beeing initialized
2025-05-12 20:05:08,517 [INFO] CADModel:165 - CPN selected for project level
2025-05-12 20:05:08,517 [INFO] CADModel:114 - Register for checkConnection events
2025-05-12 20:05:08,517 [FATAL] Updater:351 - Updater called before beeing initialized
2025-05-12 20:05:08,517 [ERROR] CADModel:125 - Updater not yet initialized, retry later 
2025-05-12 20:05:08,519 [FATAL] Updater:351 - Updater called before beeing initialized
2025-05-12 20:05:08,599 [FATAL] Updater:351 - Updater called before beeing initialized
2025-05-12 20:05:08,603 [INFO] DbMcusAds:53 - JSON generation date=Wed May 07 18:07:55 KST 2025 (1746608875484)
2025-05-12 20:05:08,603 [FATAL] Updater:351 - Updater called before beeing initialized
2025-05-12 20:05:08,632 [WARN] DetailPanel:346 - Failed to get advertising image, set to default
2025-05-12 20:05:08,839 [FATAL] Updater:351 - Updater called before beeing initialized
2025-05-12 20:05:08,841 [FATAL] Updater:351 - Updater called before beeing initialized
2025-05-12 20:05:08,841 [FATAL] Updater:351 - Updater called before beeing initialized
2025-05-12 20:05:08,841 [WARN] DetailPanel:346 - Failed to get advertising image, set to default
2025-05-12 20:05:08,841 [FATAL] Updater:351 - Updater called before beeing initialized
2025-05-12 20:05:08,876 [ERROR] Updater:1198 - MainUpdater not yet initialized. External WinMGr cannot be set.
2025-05-12 20:05:08,877 [INFO] Updater:1134 - Updater Version found : 6.14.1
2025-05-12 20:05:08,890 [INFO] ApplicationProperties:184 - Using Application install path: C:\ST\STM32CubeIDE_1.18.1\STM32CubeIDE\plugins\com.st.stm32cube.common.mx_6.14.1.202504091515
2025-05-12 20:05:10,462 [ERROR] LogOutputStream:75 - [STDERR_REDIRECT] May 12, 2025 8:05:10 PM java.util.prefs.WindowsPreferences <init>
2025-05-12 20:05:10,463 [ERROR] LogOutputStream:75 - [STDERR_REDIRECT] WARNING: Could not open/create prefs root node Software\JavaSoft\Prefs at root 0xffffffff80000002. Windows RegCreateKeyEx(...) returned error code 5.
2025-05-12 20:05:10,463 [ERROR] LogOutputStream:75 - [STDERR_REDIRECT] 
2025-05-12 20:05:10,781 [INFO] ThirdPartyUpdaterWithRetryManager:70 - Updater plugin not ready yet. [2/15]
2025-05-12 20:05:10,955 [INFO] MainUpdater:2872 - connection check result : 10
2025-05-12 20:05:10,955 [INFO] MainUpdater:289 - Updater Check For Update Now.
2025-05-12 20:05:10,955 [INFO] MicroXplorer:498 - Change Database Version : DB.6.0.141
2025-05-12 20:05:10,959 [INFO] McuFinderGlobals:63 - Set McuFinder mode to 2 (CubeIDE integrated)
2025-05-12 20:05:10,959 [INFO] UserAuth:484 - Internet connection configuration mode: 1
2025-05-12 20:05:10,974 [INFO] JxBrowserEngine:152 - Initiate JxBrowser Engine with user profile folder
2025-05-12 20:05:11,116 [INFO] CheckServerUpdateThread:120 - End of CheckServer Thread
2025-05-12 20:05:11,997 [INFO] WebApp:169 - Instantiating new browser for Auth
2025-05-12 20:05:12,515 [INFO] WebApp:463 - Apply proxy settings
2025-05-12 20:05:12,515 [INFO] WebApp:548 - Chromium requires no authentication
2025-05-12 20:05:12,521 [INFO] WebApp:491 - Direct internet connection detected
2025-05-12 20:05:12,539 [INFO] WebApp:894 - Register for checkConnection events
2025-05-12 20:05:12,539 [INFO] WebApp:463 - Apply proxy settings
2025-05-12 20:05:12,539 [INFO] WebApp:548 - Chromium requires no authentication
2025-05-12 20:05:12,540 [INFO] WebApp:491 - Direct internet connection detected
2025-05-12 20:05:12,662 [INFO] WebApp:225 - Starting web application
2025-05-12 20:05:12,662 [INFO] WebApp:593 - Web application path used C:\ST\STM32CubeIDE_1.18.1\STM32CubeIDE\plugins\com.st.stm32cube.common.mx_6.14.1.202504091515\db\plugins\mcufinder\reactClient1\index.html
2025-05-12 20:05:12,764 [INFO] UserAuth:484 - Internet connection configuration mode: 1
2025-05-12 20:05:12,839 [INFO] WebApp:191 - Connection restablished
2025-05-12 20:05:13,978 [WARN] PackLoader:240 - Cannot read IP mode file for STMicroelectronics.FP-SNS-MOTENVWB1.1.4.0
2025-05-12 20:05:13,984 [WARN] PackLoader:240 - Cannot read IP mode file for STMicroelectronics.FP-ATR-ASTRA1.2.0.2
2025-05-12 20:05:13,990 [WARN] PackLoader:240 - Cannot read IP mode file for STMicroelectronics.X-CUBE-SMBUS.2.1.0
2025-05-12 20:05:14,011 [WARN] PackLoader:240 - Cannot read IP mode file for STMicroelectronics.X-CUBE-AZRTOS-F7.1.1.0
2025-05-12 20:05:14,031 [WARN] PackLoader:240 - Cannot read IP mode file for Infineon.AIROC-Wi-Fi-Bluetooth-STM32.1.7.0
2025-05-12 20:05:14,044 [WARN] PackLoader:240 - Cannot read IP mode file for STMicroelectronics.X-CUBE-DISPLAY.3.0.0
2025-05-12 20:05:14,056 [WARN] PackLoader:240 - Cannot read IP mode file for STMicroelectronics.X-CUBE-NFC10.1.0.0
2025-05-12 20:05:14,065 [WARN] PackLoader:240 - Cannot read IP mode file for STMicroelectronics.X-CUBE-BLEMGR.4.0.0
2025-05-12 20:05:14,071 [WARN] PackLoader:240 - Cannot read IP mode file for emotas.I-CUBE-CANOPEN.1.3.0
2025-05-12 20:05:14,076 [WARN] ConditionMgr:438 - getConditionDescription Invalid condition id : Cortex-A Device cause : null
2025-05-12 20:05:14,084 [WARN] ConditionMgr:1044 - genDependencies : Invalid condition id : Cortex-A Device cause : null
2025-05-12 20:05:14,084 [WARN] ConditionMgr:1044 - genDependencies : Invalid condition id : Cortex-A Device cause : null
2025-05-12 20:05:14,084 [WARN] ConditionMgr:1044 - genDependencies : Invalid condition id : Cortex-A Device cause : null
2025-05-12 20:05:14,087 [WARN] PackLoader:240 - Cannot read IP mode file for STMicroelectronics.X-CUBE-AI.10.0.0
2025-05-12 20:05:14,090 [WARN] PackLoader:240 - Cannot read IP mode file for STMicroelectronics.FP-SNS-SMARTAG2.1.2.0
2025-05-12 20:05:14,092 [WARN] PackLoader:240 - Cannot read IP mode file for STMicroelectronics.FP-SNS-FLIGHT1.5.1.0
2025-05-12 20:05:14,099 [INFO] LogOutputStream:77 - [STDOUT_REDIRECT] 1 : Invalid condition id : UX_CORESTACK_Condition cause : null
2025-05-12 20:05:14,099 [INFO] LogOutputStream:77 - [STDOUT_REDIRECT] 1 : Invalid condition id : UX_CORESTACK_Condition cause : null
2025-05-12 20:05:14,100 [INFO] LogOutputStream:77 - [STDOUT_REDIRECT] 1 : Invalid condition id : UX_CORESTACK_Condition cause : null
2025-05-12 20:05:14,101 [INFO] LogOutputStream:77 - [STDOUT_REDIRECT] 1 : Invalid condition id : UX_CORESTACK_Condition cause : null
2025-05-12 20:05:14,101 [INFO] LogOutputStream:77 - [STDOUT_REDIRECT] 1 : Invalid condition id : UX_CORESTACK_Condition cause : null
2025-05-12 20:05:14,104 [WARN] PackLoader:240 - Cannot read IP mode file for STMicroelectronics.X-CUBE-AZRTOS-WL.2.0.0
2025-05-12 20:05:14,107 [WARN] PackLoader:240 - Cannot read IP mode file for STMicroelectronics.FP-SNS-MOTENV1.5.0.0
2025-05-12 20:05:14,113 [WARN] PackLoader:240 - Cannot read IP mode file for WES.I-CUBE-Cesium.1.3.0
2025-05-12 20:05:14,117 [WARN] PackLoader:240 - Cannot read IP mode file for STMicroelectronics.X-CUBE-BLE2.3.3.0
2025-05-12 20:05:14,121 [WARN] PackLoader:240 - Cannot read IP mode file for STMicroelectronics.X-CUBE-NFC9.1.0.0
2025-05-12 20:05:14,125 [WARN] PackLoader:240 - Cannot read IP mode file for STMicroelectronics.X-CUBE-BLE1.7.1.0
2025-05-12 20:05:14,128 [WARN] PackLoader:240 - Cannot read IP mode file for wolfSSL.I-CUBE-wolfMQTT.1.19.2
2025-05-12 20:05:14,161 [WARN] PackLoader:240 - Cannot read IP mode file for STMicroelectronics.X-CUBE-MEMS1.11.2.0
2025-05-12 20:05:14,246 [WARN] PackLoader:240 - Cannot read IP mode file for STMicroelectronics.X-CUBE-AZRTOS-G0.1.1.0
2025-05-12 20:05:14,256 [WARN] PackLoader:240 - Cannot read IP mode file for STMicroelectronics.X-CUBE-SAFEA1.1.2.2
2025-05-12 20:05:14,259 [WARN] PackLoader:240 - Cannot read IP mode file for STMicroelectronics.X-CUBE-NFC4.3.0.0
2025-05-12 20:05:14,266 [WARN] PackLoader:240 - Cannot read IP mode file for EmbeddedOffice.I-CUBE-FS-RTOS.1.0.1
2025-05-12 20:05:14,270 [WARN] PackLoader:240 - Cannot read IP mode file for STMicroelectronics.X-CUBE-WB05N.2.0.0
2025-05-12 20:05:14,274 [WARN] PackLoader:240 - Cannot read IP mode file for wolfSSL.I-CUBE-wolfTPM.3.8.0
2025-05-12 20:05:14,276 [WARN] PackLoader:240 - Cannot read IP mode file for STMicroelectronics.X-CUBE-TCPP.4.2.0
2025-05-12 20:05:14,281 [WARN] PackLoader:240 - Cannot read IP mode file for RealThread.X-CUBE-RT-Thread_Nano.4.1.1
2025-05-12 20:05:14,284 [WARN] PackLoader:240 - Cannot read IP mode file for STMicroelectronics.FP-ATR-SIGFOX1.3.2.0
2025-05-12 20:05:14,288 [WARN] PackLoader:240 - Cannot read IP mode file for STMicroelectronics.X-CUBE-EEPRMA1.5.1.0
2025-05-12 20:05:14,291 [WARN] PackLoader:240 - Cannot read IP mode file for wolfSSL.I-CUBE-wolfSSL.5.7.6
2025-05-12 20:05:14,296 [WARN] PackLoader:240 - Cannot read IP mode file for ITTIA_DB.I-CUBE-ITTIADB.8.9.0
2025-05-12 20:05:14,313 [WARN] PackLoader:240 - Cannot read IP mode file for SEGGER.I-CUBE-embOS.1.3.1
2025-05-12 20:05:14,350 [WARN] PackLoader:240 - Cannot read IP mode file for STMicroelectronics.X-CUBE-ALGOBUILD.1.4.0
2025-05-12 20:05:14,364 [WARN] PackLoader:240 - Cannot read IP mode file for STMicroelectronics.X-CUBE-AZRTOS-F4.1.1.0
2025-05-12 20:05:14,370 [WARN] PackLoader:240 - Cannot read IP mode file for Avnet-IotConnect.X-CUBE-IoTC-DA16k-PMOD.1.0.0
2025-05-12 20:05:14,374 [WARN] PackLoader:240 - Cannot read IP mode file for STMicroelectronics.X-CUBE-ISPU.2.1.0
2025-05-12 20:05:14,388 [WARN] PackLoader:240 - Cannot read IP mode file for STMicroelectronics.X-CUBE-AZRTOS-L5.2.0.0
2025-05-12 20:05:14,396 [WARN] PackLoader:240 - Cannot read IP mode file for STMicroelectronics.X-CUBE-NFC6.3.1.0
2025-05-12 20:05:14,402 [WARN] PackLoader:240 - Cannot read IP mode file for STMicroelectronics.X-CUBE-FREERTOS.1.3.1
2025-05-12 20:05:14,406 [WARN] PackLoader:240 - Cannot read IP mode file for STMicroelectronics.X-CUBE-FREERTOS.1.3.0
2025-05-12 20:05:14,410 [WARN] PackLoader:240 - Cannot read IP mode file for STMicroelectronics.X-CUBE-DPower.1.3.0
2025-05-12 20:05:14,425 [WARN] ConditionMgr:438 - getConditionDescription Invalid condition id : LAN8742 Phy interface Condition cause : null
2025-05-12 20:05:14,426 [WARN] PackLoader:240 - Cannot read IP mode file for STMicroelectronics.X-CUBE-AZRTOS-L4.2.0.0
2025-05-12 20:05:14,427 [WARN] ConditionMgr:1044 - genDependencies : Invalid condition id : LAN8742 Phy interface Condition cause : null
2025-05-12 20:05:14,428 [WARN] ConditionMgr:1044 - genDependencies : Invalid condition id : LAN8742 Phy interface Condition cause : null
2025-05-12 20:05:14,428 [WARN] ConditionMgr:1044 - genDependencies : Invalid condition id : LAN8742 Phy interface Condition cause : null
2025-05-12 20:05:14,436 [WARN] PackLoader:240 - Cannot read IP mode file for STMicroelectronics.X-CUBE-SFXS2LP1.4.0.0
2025-05-12 20:05:14,454 [WARN] PackLoader:240 - Cannot read IP mode file for STMicroelectronics.X-CUBE-AZRTOS-H7.3.3.0
2025-05-12 20:05:14,467 [WARN] ConditionMgr:438 - getConditionDescription Invalid condition id : UX DEVICE CLASS RTOS Condition cause : null
2025-05-12 20:05:14,467 [WARN] ConditionMgr:438 - getConditionDescription Invalid condition id : UX DEVICE CLASS RTOS Condition cause : null
2025-05-12 20:05:14,469 [WARN] PackLoader:240 - Cannot read IP mode file for STMicroelectronics.X-CUBE-AZRTOS-WB.2.0.0
2025-05-12 20:05:14,469 [WARN] ConditionMgr:1044 - genDependencies : Invalid condition id : UX DEVICE CLASS RTOS Condition cause : null
2025-05-12 20:05:14,469 [WARN] ConditionMgr:1044 - genDependencies : Invalid condition id : UX DEVICE CLASS RTOS Condition cause : null
2025-05-12 20:05:14,470 [WARN] ConditionMgr:1044 - genDependencies : Invalid condition id : UX DEVICE CLASS RTOS Condition cause : null
2025-05-12 20:05:14,470 [WARN] ConditionMgr:1044 - genDependencies : Invalid condition id : UX DEVICE CLASS RTOS Condition cause : null
2025-05-12 20:05:14,470 [WARN] ConditionMgr:1044 - genDependencies : Invalid condition id : UX DEVICE CLASS RTOS Condition cause : null
2025-05-12 20:05:14,493 [WARN] PackLoader:240 - Cannot read IP mode file for STMicroelectronics.X-CUBE-GNSS1.7.0.1
2025-05-12 20:05:14,500 [WARN] PackLoader:240 - Cannot read IP mode file for STMicroelectronics.X-CUBE-TOUCHGFX.4.25.0
2025-05-12 20:05:14,505 [WARN] PackLoader:240 - Cannot read IP mode file for STMicroelectronics.FP-SNS-STBOX1.2.0.0
2025-05-12 20:05:14,517 [WARN] PackLoader:240 - Cannot read IP mode file for STMicroelectronics.X-CUBE-SUBG2.5.0.0
2025-05-12 20:05:14,530 [WARN] PackLoader:240 - Cannot read IP mode file for STMicroelectronics.X-CUBE-AZRTOS-H7RS.1.1.0
2025-05-12 20:05:14,536 [WARN] PackLoader:240 - Cannot read IP mode file for Cesanta.I-CUBE-Mongoose.7.13.0
2025-05-12 20:05:14,544 [WARN] PackLoader:240 - Cannot read IP mode file for STMicroelectronics.X-CUBE-AZRTOS-G4.2.0.0
2025-05-12 20:05:14,549 [WARN] PackLoader:240 - Cannot read IP mode file for wolfSSL.I-CUBE-wolfSSH.1.4.20
2025-05-12 20:05:14,554 [WARN] PackLoader:240 - Cannot read IP mode file for STMicroelectronics.X-CUBE-NFC7.2.0.0
2025-05-12 20:05:14,564 [WARN] PackLoader:240 - Cannot read IP mode file for STMicroelectronics.X-CUBE-IPS.3.1.0
2025-05-12 20:05:14,571 [WARN] PackLoader:240 - Cannot read IP mode file for STMicroelectronics.X-CUBE-ALS.1.0.2
2025-05-12 20:05:14,576 [WARN] PackLoader:240 - Cannot read IP mode file for portGmbH.I-Cube-SoM-uGOAL.1.1.0
2025-05-12 20:05:14,581 [WARN] PackLoader:240 - Cannot read IP mode file for STMicroelectronics.X-CUBE-TOF1.3.4.3
2025-05-12 20:05:14,588 [INFO] ThirdParty:978 - Integrity check success = true
2025-05-12 20:05:14,588 [INFO] IntegrityCheckThread:100 - exiting critical section [integrity check]
2025-05-12 20:05:14,588 [INFO] IntegrityCheckThread:103 - End integrity checks thread
2025-05-12 21:16:07,406 [ERROR] LogOutputStream:75 - [STDERR_REDIRECT] 
