2025-08-24 15:17:49,171 [INFO] Activator:176 - 


2025-08-24 15:17:49,175 [INFO] Activator:177 - !SESSION log4j initialized
2025-08-24 15:17:53,698 [INFO] LogOutputStream:77 - [STDOUT_REDIRECT] 
2025-08-24 15:17:55,721 [INFO] ApplicationProperties:184 - Using Application install path: C:\ST\STM32CubeIDE_1.18.1\STM32CubeIDE\plugins\com.st.stm32cube.common.mx_6.15.0.202507011659
2025-08-24 15:17:55,736 [INFO] DbMcusXml:78 - Set database path to: C:\ST\STM32CubeIDE_1.18.1\STM32CubeIDE\plugins\com.st.stm32cube.common.mx_6.15.0.202507011659\\db\/mcu/
2025-08-24 15:17:55,737 [INFO] ApiDb:274 - Set plugin database path to: C:\ST\STM32CubeIDE_1.18.1\STM32CubeIDE\plugins\com.st.stm32cube.common.mx_6.15.0.202507011659\\db\/plugins/boardmanager/
2025-08-24 15:17:55,737 [WARN] ApiDb:259 - Overriding images path with different value:  => C:\ST\STM32CubeIDE_1.18.1\STM32CubeIDE\plugins\com.st.stm32cube.common.mx_6.15.0.202507011659\\db\/plugins/mcufinder/images/
2025-08-24 15:17:55,744 [INFO] ApiDb:250 - Set database path to: C:\Users\wh310\.stmcufinder\plugins\mcufinder//mcu/
2025-08-24 15:17:55,745 [INFO] DbMcusAds:125 - Set database path to: C:\Users\wh310\.stmcufinder\plugins\mcufinder//mcu/
2025-08-24 15:17:55,747 [INFO] CrossReferenceDbSqlite:203 - Set database path to: C:\Users\wh310\.stmcufinder\plugins\mcufinder//mcu/cs/
2025-08-24 15:17:55,850 [INFO] RulesReader:64 - Compatibility file has been processed (317 Rules)
2025-08-24 15:17:55,928 [INFO] DbMcusXml:78 - Set database path to: C:\ST\STM32CubeIDE_1.18.1\STM32CubeIDE\plugins\com.st.stm32cube.common.mx_6.15.0.202507011659\\db\/mcu/
2025-08-24 15:17:55,928 [INFO] ApiDb:274 - Set plugin database path to: C:\ST\STM32CubeIDE_1.18.1\STM32CubeIDE\plugins\com.st.stm32cube.common.mx_6.15.0.202507011659\\db\/plugins/boardmanager/
2025-08-24 15:17:55,928 [INFO] ApiDb:261 - Set plugin images path to: C:\ST\STM32CubeIDE_1.18.1\STM32CubeIDE\plugins\com.st.stm32cube.common.mx_6.15.0.202507011659\\db\/plugins/mcufinder/images/
2025-08-24 15:17:55,928 [WARN] DbFile:41 - Overriding database path with different value: C:\Users\wh310\.stmcufinder\plugins\mcufinder/ => C:\Users\wh310\.stmcufinder\plugins\mcufinder
2025-08-24 15:17:55,928 [INFO] ApiDb:250 - Set database path to: C:\Users\wh310\.stmcufinder\plugins\mcufinder//mcu/
2025-08-24 15:17:55,928 [WARN] DbFile:41 - Overriding database path with different value: C:\Users\wh310\.stmcufinder\plugins\mcufinder/ => C:\Users\wh310\.stmcufinder\plugins\mcufinder
2025-08-24 15:17:55,928 [INFO] DbMcusAds:125 - Set database path to: C:\Users\wh310\.stmcufinder\plugins\mcufinder//mcu/
2025-08-24 15:17:55,928 [WARN] DbFile:41 - Overriding database path with different value: C:\Users\wh310\.stmcufinder\plugins\mcufinder/ => C:\Users\wh310\.stmcufinder\plugins\mcufinder
2025-08-24 15:17:55,929 [WARN] DbFile:41 - Overriding database path with different value: C:\Users\wh310\.stmcufinder\plugins\mcufinder/ => C:\Users\wh310\.stmcufinder\plugins\mcufinder
2025-08-24 15:17:55,929 [INFO] CrossReferenceDbSqlite:203 - Set database path to: C:\Users\wh310\.stmcufinder\plugins\mcufinder//mcu/cs/
2025-08-24 15:17:55,999 [INFO] MainPanel:274 - HeapMemory: 268435456
2025-08-24 15:17:56,095 [INFO] DbMcusXml:78 - Set database path to: C:\ST\STM32CubeIDE_1.18.1\STM32CubeIDE\plugins\com.st.stm32cube.common.mx_6.15.0.202507011659\\db\/mcu/
2025-08-24 15:17:56,095 [INFO] ApiDb:274 - Set plugin database path to: C:\ST\STM32CubeIDE_1.18.1\STM32CubeIDE\plugins\com.st.stm32cube.common.mx_6.15.0.202507011659\\db\/plugins/boardmanager/
2025-08-24 15:17:56,095 [INFO] ApiDb:261 - Set plugin images path to: C:\ST\STM32CubeIDE_1.18.1\STM32CubeIDE\plugins\com.st.stm32cube.common.mx_6.15.0.202507011659\\db\/plugins/mcufinder/images/
2025-08-24 15:17:56,095 [WARN] DbFile:41 - Overriding database path with different value: C:\Users\wh310\.stmcufinder\plugins\mcufinder/ => C:\Users\wh310\.stmcufinder\plugins\mcufinder
2025-08-24 15:17:56,095 [INFO] ApiDb:250 - Set database path to: C:\Users\wh310\.stmcufinder\plugins\mcufinder//mcu/
2025-08-24 15:17:56,095 [WARN] DbFile:41 - Overriding database path with different value: C:\Users\wh310\.stmcufinder\plugins\mcufinder/ => C:\Users\wh310\.stmcufinder\plugins\mcufinder
2025-08-24 15:17:56,095 [INFO] DbMcusAds:125 - Set database path to: C:\Users\wh310\.stmcufinder\plugins\mcufinder//mcu/
2025-08-24 15:17:56,095 [WARN] DbFile:41 - Overriding database path with different value: C:\Users\wh310\.stmcufinder\plugins\mcufinder/ => C:\Users\wh310\.stmcufinder\plugins\mcufinder
2025-08-24 15:17:56,095 [WARN] DbFile:41 - Overriding database path with different value: C:\Users\wh310\.stmcufinder\plugins\mcufinder/ => C:\Users\wh310\.stmcufinder\plugins\mcufinder
2025-08-24 15:17:56,095 [INFO] CrossReferenceDbSqlite:203 - Set database path to: C:\Users\wh310\.stmcufinder\plugins\mcufinder//mcu/cs/
2025-08-24 15:17:56,112 [INFO] ApplicationProperties:184 - Using Application install path: C:\ST\STM32CubeIDE_1.18.1\STM32CubeIDE\plugins\com.st.stm32cube.common.mx_6.15.0.202507011659
2025-08-24 15:17:56,113 [INFO] PluginManage:196 - Search for loadable plugins [exclusion list=, ]
2025-08-24 15:17:56,115 [INFO] PluginManage:310 - Check plugin analytics
2025-08-24 15:17:56,273 [INFO] AnalyticsPlugin:253 - Accepted Software Licenses: STM32CubeMX.6.14.1,STM32CubeMX.6.15.0
2025-08-24 15:17:56,273 [INFO] AnalyticsPlugin:255 - Accepted CMSIS Pack Licenses: 
2025-08-24 15:17:56,274 [INFO] AnalyticsPlugin:257 - Accepted Firmware Licenses: FW.C0.1.0.0
2025-08-24 15:17:56,275 [INFO] PluginManage:359 - Loaded plugin analytics (category:tool,tabindex:-1)
2025-08-24 15:17:56,275 [INFO] PluginManage:310 - Check plugin cadmodel
2025-08-24 15:17:56,281 [INFO] CADModel:105 - Init CAD model plugin
2025-08-24 15:17:56,281 [INFO] PluginManage:359 - Loaded plugin cadmodel (category:power,tabindex:5)
2025-08-24 15:17:56,281 [INFO] PluginManage:310 - Check plugin clock
2025-08-24 15:17:56,290 [INFO] PluginManage:359 - Loaded plugin clock (category:base,tabindex:2)
2025-08-24 15:17:56,291 [INFO] PluginManage:310 - Check plugin ddr
2025-08-24 15:17:56,292 [INFO] PluginManage:359 - Loaded plugin ddr (category:tool,tabindex:6)
2025-08-24 15:17:56,293 [INFO] PluginManage:310 - Check plugin filemanager
2025-08-24 15:17:56,429 [INFO] PluginManage:359 - Loaded plugin filemanager (category:base,tabindex:10)
2025-08-24 15:17:56,429 [INFO] PluginManage:310 - Check plugin ipmanager
2025-08-24 15:17:56,437 [INFO] PluginManage:359 - Loaded plugin ipmanager (category:base,tabindex:5)
2025-08-24 15:17:56,437 [INFO] PluginManage:310 - Check plugin lpbam
2025-08-24 15:17:56,444 [INFO] PluginManage:359 - Loaded plugin lpbam (category:base,tabindex:0)
2025-08-24 15:17:56,444 [INFO] PluginManage:310 - Check plugin memorymap
2025-08-24 15:17:56,457 [INFO] PluginManage:359 - Loaded plugin memorymap (category:base,tabindex:4)
2025-08-24 15:17:56,457 [INFO] PluginManage:310 - Check plugin pinoutandconfiguration
2025-08-24 15:17:56,466 [INFO] PluginManage:359 - Loaded plugin pinoutandconfiguration (category:base,tabindex:1)
2025-08-24 15:17:56,466 [INFO] PluginManage:310 - Check plugin pinoutconfig
2025-08-24 15:17:56,534 [WARN] SupportedApi:132 - Cannot load RTOS API schema: s4s-elt-must-match.1: The content of 'definitions' must match (annotation?, (simpleType | complexType)?, (unique | key | keyref)*)). A problem was found starting at: attribute.
2025-08-24 15:17:56,657 [INFO] PluginManage:359 - Loaded plugin pinoutconfig (category:base,tabindex:0)
2025-08-24 15:17:56,657 [INFO] PluginManage:310 - Check plugin power
2025-08-24 15:17:56,664 [INFO] PluginManage:359 - Loaded plugin power (category:power,tabindex:4)
2025-08-24 15:17:56,665 [INFO] PluginManage:310 - Check plugin projectmanager
2025-08-24 15:17:56,691 [INFO] PluginManage:359 - Loaded plugin projectmanager (category:projectmanager,tabindex:4)
2025-08-24 15:17:56,691 [INFO] PluginManage:310 - Check plugin rif
2025-08-24 15:17:56,699 [INFO] PluginManage:359 - Loaded plugin rif (category:base,tabindex:3)
2025-08-24 15:17:56,699 [INFO] PluginManage:310 - Check plugin thirdparty
2025-08-24 15:17:56,808 [INFO] PluginManage:359 - Loaded plugin thirdparty (category:base,tabindex:-1)
2025-08-24 15:17:56,808 [WARN] IntegrityCheckThread:84 - waiting for thirdparty lock release [integrity check]
2025-08-24 15:17:56,808 [INFO] PluginManage:310 - Check plugin tools
2025-08-24 15:17:56,808 [INFO] IntegrityCheckThread:86 - entering critical section [integrity check]
2025-08-24 15:17:56,808 [INFO] ThirdPartyUpdaterWithRetryManager:70 - Updater plugin not ready yet. [1/15]
2025-08-24 15:17:56,810 [INFO] PluginManage:359 - Loaded plugin tools (category:base,tabindex:7)
2025-08-24 15:17:56,810 [INFO] PluginManage:310 - Check plugin tutovideos
2025-08-24 15:17:56,968 [INFO] PluginManage:359 - Loaded plugin tutovideos (category:base,tabindex:-1)
2025-08-24 15:17:56,969 [INFO] PluginManage:310 - Check plugin updater
2025-08-24 15:17:56,985 [INFO] PluginManage:359 - Loaded plugin updater (category:base,tabindex:12)
2025-08-24 15:17:56,985 [INFO] PluginManage:310 - Check plugin userauth
2025-08-24 15:17:56,989 [INFO] UserAuth:118 - Init User Auth plugin
2025-08-24 15:17:56,989 [INFO] PluginManage:359 - Loaded plugin userauth (category:base,tabindex:14)
2025-08-24 15:17:56,989 [INFO] PluginManage:283 - PluginManage : Loaded plugins [18]
2025-08-24 15:17:57,153 [INFO] PinOutPanel:1589 - setPackage(No Configuration,No Configuration)
2025-08-24 15:17:57,220 [INFO] CADModel:165 - CPN selected for project level
2025-08-24 15:17:57,221 [INFO] CADModel:114 - Register for checkConnection events
2025-08-24 15:17:57,234 [INFO] IPUIPlugin:80 - create IPUIPlugin
2025-08-24 15:17:57,234 [INFO] PluginManager:220 - loadIPPluginJar : add adc
2025-08-24 15:17:57,236 [INFO] IPUIPlugin:80 - create IPUIPlugin
2025-08-24 15:17:57,236 [INFO] PluginManager:220 - loadIPPluginJar : add aes
2025-08-24 15:17:57,238 [INFO] IPUIPlugin:80 - create IPUIPlugin
2025-08-24 15:17:57,239 [INFO] PluginManager:220 - loadIPPluginJar : add can
2025-08-24 15:17:57,241 [INFO] IPUIPlugin:80 - create IPUIPlugin
2025-08-24 15:17:57,241 [INFO] PluginManager:220 - loadIPPluginJar : add comp
2025-08-24 15:17:57,243 [INFO] IPUIPlugin:80 - create IPUIPlugin
2025-08-24 15:17:57,243 [INFO] PluginManager:220 - loadIPPluginJar : add cryp
2025-08-24 15:17:57,245 [INFO] IPUIPlugin:80 - create IPUIPlugin
2025-08-24 15:17:57,245 [INFO] PluginManager:220 - loadIPPluginJar : add ddr_ctrl_phy
2025-08-24 15:17:57,246 [INFO] IPUIPlugin:80 - create IPUIPlugin
2025-08-24 15:17:57,246 [INFO] PluginManager:220 - loadIPPluginJar : add dfsdm
2025-08-24 15:17:57,252 [INFO] IPUIPlugin:80 - create IPUIPlugin
2025-08-24 15:17:57,252 [INFO] PluginManager:220 - loadIPPluginJar : add dma
2025-08-24 15:17:57,254 [INFO] IPUIPlugin:80 - create IPUIPlugin
2025-08-24 15:17:57,254 [INFO] PluginManager:220 - loadIPPluginJar : add dma3
2025-08-24 15:17:57,255 [INFO] IPUIPlugin:80 - create IPUIPlugin
2025-08-24 15:17:57,256 [INFO] PluginManager:220 - loadIPPluginJar : add extmemmanager
2025-08-24 15:17:57,258 [INFO] IPUIPlugin:80 - create IPUIPlugin
2025-08-24 15:17:57,258 [INFO] PluginManager:220 - loadIPPluginJar : add fatfs
2025-08-24 15:17:57,260 [INFO] IPUIPlugin:80 - create IPUIPlugin
2025-08-24 15:17:57,260 [INFO] PluginManager:220 - loadIPPluginJar : add fmc
2025-08-24 15:17:57,265 [INFO] IPUIPlugin:80 - create IPUIPlugin
2025-08-24 15:17:57,265 [INFO] PluginManager:220 - loadIPPluginJar : add freertos
2025-08-24 15:17:57,267 [INFO] IPUIPlugin:80 - create IPUIPlugin
2025-08-24 15:17:57,267 [INFO] PluginManager:220 - loadIPPluginJar : add genericplugin
2025-08-24 15:17:57,268 [INFO] IPUIPlugin:80 - create IPUIPlugin
2025-08-24 15:17:57,268 [INFO] PluginManager:220 - loadIPPluginJar : add gfxmmu
2025-08-24 15:17:57,271 [INFO] IPUIPlugin:80 - create IPUIPlugin
2025-08-24 15:17:57,271 [INFO] PluginManager:220 - loadIPPluginJar : add gic
2025-08-24 15:17:57,274 [INFO] IPUIPlugin:80 - create IPUIPlugin
2025-08-24 15:17:57,274 [INFO] PluginManager:220 - loadIPPluginJar : add gpio
2025-08-24 15:17:57,275 [INFO] IPUIPlugin:80 - create IPUIPlugin
2025-08-24 15:17:57,275 [INFO] PluginManager:220 - loadIPPluginJar : add gtzc
2025-08-24 15:17:57,277 [INFO] IPUIPlugin:80 - create IPUIPlugin
2025-08-24 15:17:57,277 [INFO] PluginManager:220 - loadIPPluginJar : add hash
2025-08-24 15:17:57,280 [INFO] IPUIPlugin:80 - create IPUIPlugin
2025-08-24 15:17:57,280 [INFO] PluginManager:220 - loadIPPluginJar : add i2c
2025-08-24 15:17:57,281 [INFO] IPUIPlugin:80 - create IPUIPlugin
2025-08-24 15:17:57,282 [INFO] PluginManager:220 - loadIPPluginJar : add i2s
2025-08-24 15:17:57,283 [INFO] IPUIPlugin:80 - create IPUIPlugin
2025-08-24 15:17:57,283 [INFO] PluginManager:220 - loadIPPluginJar : add i3c
2025-08-24 15:17:57,287 [INFO] IPUIPlugin:80 - create IPUIPlugin
2025-08-24 15:17:57,287 [INFO] PluginManager:220 - loadIPPluginJar : add ipddr
2025-08-24 15:17:57,291 [INFO] IPUIPlugin:80 - create IPUIPlugin
2025-08-24 15:17:57,291 [INFO] PluginManager:220 - loadIPPluginJar : add linkedlist
2025-08-24 15:17:57,293 [INFO] IPUIPlugin:80 - create IPUIPlugin
2025-08-24 15:17:57,293 [INFO] PluginManager:220 - loadIPPluginJar : add lorawan
2025-08-24 15:17:57,295 [INFO] IPUIPlugin:80 - create IPUIPlugin
2025-08-24 15:17:57,295 [INFO] PluginManager:220 - loadIPPluginJar : add ltdc
2025-08-24 15:17:57,299 [INFO] IPUIPlugin:80 - create IPUIPlugin
2025-08-24 15:17:57,299 [INFO] PluginManager:220 - loadIPPluginJar : add mdma
2025-08-24 15:17:57,301 [INFO] IPUIPlugin:80 - create IPUIPlugin
2025-08-24 15:17:57,301 [INFO] PluginManager:220 - loadIPPluginJar : add nvic
2025-08-24 15:17:57,303 [INFO] IPUIPlugin:80 - create IPUIPlugin
2025-08-24 15:17:57,303 [INFO] PluginManager:220 - loadIPPluginJar : add opamp
2025-08-24 15:17:57,305 [INFO] IPUIPlugin:80 - create IPUIPlugin
2025-08-24 15:17:57,306 [INFO] PluginManager:220 - loadIPPluginJar : add openamp
2025-08-24 15:17:57,308 [INFO] IPUIPlugin:80 - create IPUIPlugin
2025-08-24 15:17:57,308 [INFO] PluginManager:220 - loadIPPluginJar : add pdm2pcm
2025-08-24 15:17:57,312 [INFO] IPUIPlugin:80 - create IPUIPlugin
2025-08-24 15:17:57,314 [INFO] PluginManager:220 - loadIPPluginJar : add plateformsettings
2025-08-24 15:17:57,317 [INFO] IPUIPlugin:80 - create IPUIPlugin
2025-08-24 15:17:57,317 [INFO] PluginManager:220 - loadIPPluginJar : add quadspi
2025-08-24 15:17:57,318 [INFO] IPUIPlugin:80 - create IPUIPlugin
2025-08-24 15:17:57,319 [INFO] PluginManager:220 - loadIPPluginJar : add radio
2025-08-24 15:17:57,321 [INFO] IPUIPlugin:80 - create IPUIPlugin
2025-08-24 15:17:57,321 [INFO] PluginManager:220 - loadIPPluginJar : add resmgrutility
2025-08-24 15:17:57,324 [INFO] IPUIPlugin:80 - create IPUIPlugin
2025-08-24 15:17:57,324 [INFO] PluginManager:220 - loadIPPluginJar : add sai
2025-08-24 15:17:57,326 [INFO] IPUIPlugin:80 - create IPUIPlugin
2025-08-24 15:17:57,326 [INFO] PluginManager:220 - loadIPPluginJar : add spi
2025-08-24 15:17:57,331 [INFO] IPUIPlugin:80 - create IPUIPlugin
2025-08-24 15:17:57,331 [INFO] PluginManager:220 - loadIPPluginJar : add stm32_wpan
2025-08-24 15:17:57,333 [INFO] IPUIPlugin:80 - create IPUIPlugin
2025-08-24 15:17:57,333 [INFO] PluginManager:220 - loadIPPluginJar : add tim
2025-08-24 15:17:57,336 [INFO] IPUIPlugin:80 - create IPUIPlugin
2025-08-24 15:17:57,336 [INFO] PluginManager:220 - loadIPPluginJar : add touchsensing
2025-08-24 15:17:57,337 [INFO] IPUIPlugin:80 - create IPUIPlugin
2025-08-24 15:17:57,337 [INFO] PluginManager:220 - loadIPPluginJar : add tracer_emb
2025-08-24 15:17:57,338 [INFO] IPUIPlugin:80 - create IPUIPlugin
2025-08-24 15:17:57,338 [INFO] PluginManager:220 - loadIPPluginJar : add ts
2025-08-24 15:17:57,339 [INFO] IPUIPlugin:80 - create IPUIPlugin
2025-08-24 15:17:57,339 [INFO] PluginManager:220 - loadIPPluginJar : add tsc
2025-08-24 15:17:57,341 [INFO] IPUIPlugin:80 - create IPUIPlugin
2025-08-24 15:17:57,341 [INFO] PluginManager:220 - loadIPPluginJar : add ucpd
2025-08-24 15:17:57,343 [INFO] IPUIPlugin:80 - create IPUIPlugin
2025-08-24 15:17:57,343 [INFO] PluginManager:220 - loadIPPluginJar : add usart
2025-08-24 15:17:57,345 [INFO] IPUIPlugin:80 - create IPUIPlugin
2025-08-24 15:17:57,345 [INFO] PluginManager:220 - loadIPPluginJar : add usbx
2025-08-24 15:17:57,460 [FATAL] Updater:351 - Updater called before beeing initialized
2025-08-24 15:17:57,481 [INFO] RulesReader:64 - Compatibility file has been processed (317 Rules)
2025-08-24 15:17:57,488 [INFO] RulesReader:64 - Compatibility file has been processed (317 Rules)
2025-08-24 15:17:57,495 [INFO] CADModel:165 - CPN selected for project level
2025-08-24 15:17:57,495 [INFO] CADModel:114 - Register for checkConnection events
2025-08-24 15:17:57,495 [FATAL] Updater:351 - Updater called before beeing initialized
2025-08-24 15:17:57,495 [ERROR] CADModel:125 - Updater not yet initialized, retry later 
2025-08-24 15:17:57,641 [FATAL] Updater:351 - Updater called before beeing initialized
2025-08-24 15:17:57,644 [INFO] CADModel:165 - CPN selected for project level
2025-08-24 15:17:57,644 [INFO] CADModel:114 - Register for checkConnection events
2025-08-24 15:17:57,644 [FATAL] Updater:351 - Updater called before beeing initialized
2025-08-24 15:17:57,644 [ERROR] CADModel:125 - Updater not yet initialized, retry later 
2025-08-24 15:17:57,647 [FATAL] Updater:351 - Updater called before beeing initialized
2025-08-24 15:17:57,767 [FATAL] Updater:351 - Updater called before beeing initialized
2025-08-24 15:17:57,770 [INFO] DbMcusAds:53 - JSON generation date=Tue Jul 08 17:14:23 KST 2025 (1751962463582)
2025-08-24 15:17:57,770 [FATAL] Updater:351 - Updater called before beeing initialized
2025-08-24 15:17:57,809 [WARN] DetailPanel:346 - Failed to get advertising image, set to default
2025-08-24 15:17:57,898 [FATAL] Updater:351 - Updater called before beeing initialized
2025-08-24 15:17:57,900 [FATAL] Updater:351 - Updater called before beeing initialized
2025-08-24 15:17:57,900 [FATAL] Updater:351 - Updater called before beeing initialized
2025-08-24 15:17:57,900 [WARN] DetailPanel:346 - Failed to get advertising image, set to default
2025-08-24 15:17:57,901 [FATAL] Updater:351 - Updater called before beeing initialized
2025-08-24 15:17:57,942 [ERROR] Updater:1198 - MainUpdater not yet initialized. External WinMGr cannot be set.
2025-08-24 15:17:57,944 [INFO] Updater:1134 - Updater Version found : 6.15.0
2025-08-24 15:17:57,958 [INFO] ApplicationProperties:184 - Using Application install path: C:\ST\STM32CubeIDE_1.18.1\STM32CubeIDE\plugins\com.st.stm32cube.common.mx_6.15.0.202507011659
2025-08-24 15:17:59,525 [ERROR] LogOutputStream:75 - [STDERR_REDIRECT] Aug 24, 2025 3:17:59 PM java.util.prefs.WindowsPreferences <init>
2025-08-24 15:17:59,527 [ERROR] LogOutputStream:75 - [STDERR_REDIRECT] WARNING: Could not open/create prefs root node Software\JavaSoft\Prefs at root 0xffffffff80000002. Windows RegCreateKeyEx(...) returned error code 5.
2025-08-24 15:17:59,527 [ERROR] LogOutputStream:75 - [STDERR_REDIRECT] 
2025-08-24 15:17:59,809 [INFO] ThirdPartyUpdaterWithRetryManager:70 - Updater plugin not ready yet. [2/15]
2025-08-24 15:18:00,162 [INFO] MainUpdater:2872 - connection check result : 10
2025-08-24 15:18:00,162 [INFO] MainUpdater:3604 - Updater definition file requires update
2025-08-24 15:18:00,163 [INFO] MainUpdater:289 - Updater Check For Update Now.
2025-08-24 15:18:00,163 [INFO] MicroXplorer:498 - Change Database Version : DB.6.0.150
2025-08-24 15:18:00,168 [INFO] McuFinderGlobals:63 - Set McuFinder mode to 2 (CubeIDE integrated)
2025-08-24 15:18:00,168 [INFO] UserAuth:487 - Internet connection configuration mode: 1
2025-08-24 15:18:00,179 [INFO] JxBrowserEngine:152 - Initiate JxBrowser Engine with user profile folder
2025-08-24 15:18:00,602 [INFO] ServerAccessManage:452 - Complete download http(s) 200
2025-08-24 15:18:00,602 [INFO] ServerAccessManage:509 - Download File updaters.zip
2025-08-24 15:18:00,874 [INFO] FileExtend:248 - Unzip File : updaters.zip
2025-08-24 15:18:00,874 [INFO] FileExtend:263 - Standard Zip Deflate
2025-08-24 15:18:01,203 [INFO] WebApp:169 - Instantiating new browser for Auth
2025-08-24 15:18:01,472 [INFO] ServerAccessManage:452 - Complete download http(s) 200
2025-08-24 15:18:01,472 [INFO] ServerAccessManage:509 - Download File PacksControlFlags.xml
2025-08-24 15:18:01,837 [INFO] WebApp:463 - Apply proxy settings
2025-08-24 15:18:01,838 [INFO] WebApp:548 - Chromium requires no authentication
2025-08-24 15:18:01,844 [INFO] WebApp:491 - Direct internet connection detected
2025-08-24 15:18:01,863 [INFO] WebApp:900 - Register for checkConnection events
2025-08-24 15:18:01,863 [INFO] WebApp:463 - Apply proxy settings
2025-08-24 15:18:01,863 [INFO] WebApp:548 - Chromium requires no authentication
2025-08-24 15:18:01,863 [INFO] WebApp:491 - Direct internet connection detected
2025-08-24 15:18:01,898 [INFO] ServerAccessManage:452 - Complete download http(s) 200
2025-08-24 15:18:01,898 [INFO] ServerAccessManage:509 - Download File cubemx.pidx
2025-08-24 15:18:01,976 [INFO] LoadServerUpdatesThread:375 - End of LoadServerUpdate Thread
2025-08-24 15:18:02,014 [INFO] WebApp:225 - Starting web application
2025-08-24 15:18:02,014 [INFO] WebApp:593 - Web application path used C:\ST\STM32CubeIDE_1.18.1\STM32CubeIDE\plugins\com.st.stm32cube.common.mx_6.15.0.202507011659\db\plugins\mcufinder\reactClient1\index.html
2025-08-24 15:18:02,119 [INFO] CheckServerUpdateThread:120 - End of CheckServer Thread
2025-08-24 15:18:02,160 [INFO] UserAuth:487 - Internet connection configuration mode: 1
2025-08-24 15:18:02,169 [INFO] WebApp:191 - Connection restablished
2025-08-24 15:18:03,052 [WARN] PackLoader:240 - Cannot read IP mode file for STMicroelectronics.FP-SNS-MOTENVWB1.1.4.0
2025-08-24 15:18:03,059 [WARN] PackLoader:240 - Cannot read IP mode file for STMicroelectronics.FP-ATR-ASTRA1.2.0.2
2025-08-24 15:18:03,065 [WARN] PackLoader:240 - Cannot read IP mode file for STMicroelectronics.X-CUBE-SMBUS.2.1.0
2025-08-24 15:18:03,068 [WARN] PackLoader:240 - Cannot read IP mode file for STMicroelectronics.X-CUBE-ST60.1.0.0
2025-08-24 15:18:03,090 [WARN] PackLoader:240 - Cannot read IP mode file for STMicroelectronics.X-CUBE-AZRTOS-F7.1.1.0
2025-08-24 15:18:03,112 [WARN] PackLoader:240 - Cannot read IP mode file for Infineon.AIROC-Wi-Fi-Bluetooth-STM32.1.7.0
2025-08-24 15:18:03,134 [WARN] PackLoader:240 - Cannot read IP mode file for STMicroelectronics.X-CUBE-AZRTOS-H7.3.4.0
2025-08-24 15:18:03,144 [WARN] PackLoader:240 - Cannot read IP mode file for STMicroelectronics.X-CUBE-DISPLAY.3.0.0
2025-08-24 15:18:03,157 [WARN] PackLoader:240 - Cannot read IP mode file for STMicroelectronics.X-CUBE-NFC10.1.0.0
2025-08-24 15:18:03,165 [WARN] PackLoader:240 - Cannot read IP mode file for STMicroelectronics.X-CUBE-BLEMGR.4.0.0
2025-08-24 15:18:03,172 [WARN] PackLoader:240 - Cannot read IP mode file for emotas.I-CUBE-CANOPEN.1.3.0
2025-08-24 15:18:03,175 [WARN] ConditionMgr:438 - getConditionDescription Invalid condition id : Cortex-A Device cause : null
2025-08-24 15:18:03,184 [WARN] ConditionMgr:1044 - genDependencies : Invalid condition id : Cortex-A Device cause : null
2025-08-24 15:18:03,184 [WARN] ConditionMgr:1044 - genDependencies : Invalid condition id : Cortex-A Device cause : null
2025-08-24 15:18:03,184 [WARN] ConditionMgr:1044 - genDependencies : Invalid condition id : Cortex-A Device cause : null
2025-08-24 15:18:03,187 [WARN] PackLoader:240 - Cannot read IP mode file for STMicroelectronics.X-CUBE-AI.10.0.0
2025-08-24 15:18:03,194 [WARN] PackLoader:240 - Cannot read IP mode file for STMicroelectronics.FP-SNS-STBOX1.2.1.0
2025-08-24 15:18:03,199 [WARN] PackLoader:240 - Cannot read IP mode file for STMicroelectronics.FP-SNS-SMARTAG2.1.2.0
2025-08-24 15:18:03,202 [WARN] PackLoader:240 - Cannot read IP mode file for STMicroelectronics.FP-SNS-FLIGHT1.5.1.0
2025-08-24 15:18:03,212 [INFO] LogOutputStream:77 - [STDOUT_REDIRECT] 1 : Invalid condition id : UX_CORESTACK_Condition cause : null
2025-08-24 15:18:03,213 [INFO] LogOutputStream:77 - [STDOUT_REDIRECT] 1 : Invalid condition id : UX_CORESTACK_Condition cause : null
2025-08-24 15:18:03,214 [INFO] LogOutputStream:77 - [STDOUT_REDIRECT] 1 : Invalid condition id : UX_CORESTACK_Condition cause : null
2025-08-24 15:18:03,214 [INFO] LogOutputStream:77 - [STDOUT_REDIRECT] 1 : Invalid condition id : UX_CORESTACK_Condition cause : null
2025-08-24 15:18:03,215 [INFO] LogOutputStream:77 - [STDOUT_REDIRECT] 1 : Invalid condition id : UX_CORESTACK_Condition cause : null
2025-08-24 15:18:03,217 [WARN] PackLoader:240 - Cannot read IP mode file for STMicroelectronics.X-CUBE-AZRTOS-WL.2.0.0
2025-08-24 15:18:03,222 [WARN] PackLoader:240 - Cannot read IP mode file for STMicroelectronics.FP-SNS-MOTENV1.5.0.0
2025-08-24 15:18:03,228 [WARN] PackLoader:240 - Cannot read IP mode file for WES.I-CUBE-Cesium.1.3.0
2025-08-24 15:18:03,232 [WARN] PackLoader:240 - Cannot read IP mode file for STMicroelectronics.X-CUBE-BLE2.3.3.0
2025-08-24 15:18:03,235 [WARN] PackLoader:240 - Cannot read IP mode file for STMicroelectronics.X-CUBE-NFC9.1.0.0
2025-08-24 15:18:03,241 [WARN] PackLoader:240 - Cannot read IP mode file for STMicroelectronics.X-CUBE-BLE1.7.1.0
2025-08-24 15:18:03,245 [WARN] PackLoader:240 - Cannot read IP mode file for wolfSSL.I-CUBE-wolfMQTT.1.19.2
2025-08-24 15:18:03,249 [WARN] PackLoader:240 - Cannot read IP mode file for STMicroelectronics.X-CUBE-EEPRMA1.5.2.0
2025-08-24 15:18:03,254 [WARN] PackLoader:240 - Cannot read IP mode file for STMicroelectronics.X-CUBE-AI.10.1.0
2025-08-24 15:18:03,280 [WARN] PackLoader:240 - Cannot read IP mode file for STMicroelectronics.X-CUBE-MEMS1.11.2.0
2025-08-24 15:18:03,370 [WARN] PackLoader:240 - Cannot read IP mode file for STMicroelectronics.X-CUBE-AZRTOS-G0.1.1.0
2025-08-24 15:18:03,376 [WARN] PackLoader:240 - Cannot read IP mode file for STMicroelectronics.X-CUBE-SAFEA1.1.2.2
2025-08-24 15:18:03,379 [WARN] PackLoader:240 - Cannot read IP mode file for STMicroelectronics.X-CUBE-NFC4.3.0.0
2025-08-24 15:18:03,387 [WARN] PackLoader:240 - Cannot read IP mode file for EmbeddedOffice.I-CUBE-FS-RTOS.1.0.1
2025-08-24 15:18:03,392 [WARN] PackLoader:240 - Cannot read IP mode file for STMicroelectronics.X-CUBE-WB05N.2.0.0
2025-08-24 15:18:03,395 [WARN] PackLoader:240 - Cannot read IP mode file for wolfSSL.I-CUBE-wolfTPM.3.8.0
2025-08-24 15:18:03,399 [WARN] PackLoader:240 - Cannot read IP mode file for STMicroelectronics.X-CUBE-TCPP.4.2.0
2025-08-24 15:18:03,403 [WARN] PackLoader:240 - Cannot read IP mode file for RealThread.X-CUBE-RT-Thread_Nano.4.1.1
2025-08-24 15:18:03,407 [WARN] PackLoader:240 - Cannot read IP mode file for STMicroelectronics.FP-ATR-SIGFOX1.3.2.0
2025-08-24 15:18:03,414 [WARN] PackLoader:240 - Cannot read IP mode file for STMicroelectronics.X-CUBE-EEPRMA1.5.1.0
2025-08-24 15:18:03,422 [WARN] PackLoader:240 - Cannot read IP mode file for wolfSSL.I-CUBE-wolfSSL.5.7.6
2025-08-24 15:18:03,430 [WARN] PackLoader:240 - Cannot read IP mode file for ITTIA_DB.I-CUBE-ITTIADB.8.9.0
2025-08-24 15:18:03,439 [WARN] PackLoader:240 - Cannot read IP mode file for STMicroelectronics.X-CUBE-ST67W61.1.0.0
2025-08-24 15:18:03,445 [WARN] PackLoader:240 - Cannot read IP mode file for STMicroelectronics.X-CUBE-AI.10.2.0
2025-08-24 15:18:03,460 [WARN] PackLoader:240 - Cannot read IP mode file for SEGGER.I-CUBE-embOS.1.3.1
2025-08-24 15:18:03,486 [WARN] PackLoader:240 - Cannot read IP mode file for STMicroelectronics.X-CUBE-ALGOBUILD.1.4.0
2025-08-24 15:18:03,509 [WARN] PackLoader:240 - Cannot read IP mode file for STMicroelectronics.X-CUBE-MEMS1.11.3.0
2025-08-24 15:18:03,599 [WARN] PackLoader:240 - Cannot read IP mode file for STMicroelectronics.X-CUBE-PM33A1.1.0.0
2025-08-24 15:18:03,618 [WARN] PackLoader:240 - Cannot read IP mode file for STMicroelectronics.X-CUBE-AZRTOS-F4.1.1.0
2025-08-24 15:18:03,626 [WARN] PackLoader:240 - Cannot read IP mode file for Avnet-IotConnect.X-CUBE-IoTC-DA16k-PMOD.1.0.0
2025-08-24 15:18:03,629 [WARN] PackLoader:240 - Cannot read IP mode file for STMicroelectronics.X-CUBE-ISPU.2.1.0
2025-08-24 15:18:03,635 [WARN] PackLoader:240 - Cannot read IP mode file for STMicroelectronics.X-CUBE-NFC12.1.0.0
2025-08-24 15:18:03,646 [WARN] PackLoader:240 - Cannot read IP mode file for STMicroelectronics.X-CUBE-AZRTOS-L5.2.0.0
2025-08-24 15:18:03,652 [WARN] PackLoader:240 - Cannot read IP mode file for STMicroelectronics.X-CUBE-NFC6.3.1.0
2025-08-24 15:18:03,657 [WARN] PackLoader:240 - Cannot read IP mode file for STMicroelectronics.X-CUBE-FREERTOS.1.3.1
2025-08-24 15:18:03,660 [WARN] PackLoader:240 - Cannot read IP mode file for STMicroelectronics.X-CUBE-FREERTOS.1.3.0
2025-08-24 15:18:03,665 [WARN] PackLoader:240 - Cannot read IP mode file for STMicroelectronics.FP-SNS-STAIOTCFT.1.0.0
2025-08-24 15:18:03,669 [WARN] PackLoader:240 - Cannot read IP mode file for STMicroelectronics.X-CUBE-DPower.1.3.0
2025-08-24 15:18:03,681 [WARN] ConditionMgr:438 - getConditionDescription Invalid condition id : LAN8742 Phy interface Condition cause : null
2025-08-24 15:18:03,681 [WARN] PackLoader:240 - Cannot read IP mode file for STMicroelectronics.X-CUBE-AZRTOS-L4.2.0.0
2025-08-24 15:18:03,682 [WARN] ConditionMgr:1044 - genDependencies : Invalid condition id : LAN8742 Phy interface Condition cause : null
2025-08-24 15:18:03,682 [WARN] ConditionMgr:1044 - genDependencies : Invalid condition id : LAN8742 Phy interface Condition cause : null
2025-08-24 15:18:03,682 [WARN] ConditionMgr:1044 - genDependencies : Invalid condition id : LAN8742 Phy interface Condition cause : null
2025-08-24 15:18:03,689 [WARN] PackLoader:240 - Cannot read IP mode file for STMicroelectronics.X-CUBE-SFXS2LP1.4.0.0
2025-08-24 15:18:03,698 [WARN] PackLoader:240 - Cannot read IP mode file for STMicroelectronics.X-CUBE-AZRTOS-H7.3.3.0
2025-08-24 15:18:03,705 [WARN] PackLoader:240 - Cannot read IP mode file for STMicroelectronics.X-CUBE-BLEMGR.4.1.0
2025-08-24 15:18:03,713 [WARN] ConditionMgr:438 - getConditionDescription Invalid condition id : UX DEVICE CLASS RTOS Condition cause : null
2025-08-24 15:18:03,713 [WARN] ConditionMgr:438 - getConditionDescription Invalid condition id : UX DEVICE CLASS RTOS Condition cause : null
2025-08-24 15:18:03,714 [WARN] PackLoader:240 - Cannot read IP mode file for STMicroelectronics.X-CUBE-AZRTOS-WB.2.0.0
2025-08-24 15:18:03,715 [WARN] ConditionMgr:1044 - genDependencies : Invalid condition id : UX DEVICE CLASS RTOS Condition cause : null
2025-08-24 15:18:03,715 [WARN] ConditionMgr:1044 - genDependencies : Invalid condition id : UX DEVICE CLASS RTOS Condition cause : null
2025-08-24 15:18:03,715 [WARN] ConditionMgr:1044 - genDependencies : Invalid condition id : UX DEVICE CLASS RTOS Condition cause : null
2025-08-24 15:18:03,715 [WARN] ConditionMgr:1044 - genDependencies : Invalid condition id : UX DEVICE CLASS RTOS Condition cause : null
2025-08-24 15:18:03,715 [WARN] ConditionMgr:1044 - genDependencies : Invalid condition id : UX DEVICE CLASS RTOS Condition cause : null
2025-08-24 15:18:03,720 [WARN] PackLoader:240 - Cannot read IP mode file for STMicroelectronics.X-CUBE-GNSS1.7.0.1
2025-08-24 15:18:03,728 [WARN] PackLoader:240 - Cannot read IP mode file for STMicroelectronics.X-CUBE-TOUCHGFX.4.25.0
2025-08-24 15:18:03,732 [WARN] PackLoader:240 - Cannot read IP mode file for STMicroelectronics.FP-SNS-STBOX1.2.0.0
2025-08-24 15:18:03,741 [WARN] PackLoader:240 - Cannot read IP mode file for STMicroelectronics.X-CUBE-SUBG2.5.0.0
2025-08-24 15:18:03,754 [WARN] PackLoader:240 - Cannot read IP mode file for STMicroelectronics.X-CUBE-AZRTOS-H7RS.1.1.0
2025-08-24 15:18:03,760 [WARN] PackLoader:240 - Cannot read IP mode file for Cesanta.I-CUBE-Mongoose.7.13.0
2025-08-24 15:18:03,771 [WARN] PackLoader:240 - Cannot read IP mode file for STMicroelectronics.X-CUBE-AZRTOS-G4.2.0.0
2025-08-24 15:18:03,775 [WARN] PackLoader:240 - Cannot read IP mode file for wolfSSL.I-CUBE-wolfSSH.1.4.20
2025-08-24 15:18:03,780 [WARN] PackLoader:240 - Cannot read IP mode file for STMicroelectronics.X-CUBE-NFC7.2.0.0
2025-08-24 15:18:03,789 [WARN] PackLoader:240 - Cannot read IP mode file for STMicroelectronics.X-CUBE-IPS.3.1.0
2025-08-24 15:18:03,798 [WARN] PackLoader:240 - Cannot read IP mode file for STMicroelectronics.X-CUBE-ALS.1.0.2
2025-08-24 15:18:03,804 [WARN] PackLoader:240 - Cannot read IP mode file for portGmbH.I-Cube-SoM-uGOAL.1.1.0
2025-08-24 15:18:03,815 [WARN] PackLoader:240 - Cannot read IP mode file for STMicroelectronics.X-CUBE-TOF1.3.4.3
2025-08-24 15:18:03,827 [INFO] ThirdParty:978 - Integrity check success = true
2025-08-24 15:18:03,827 [INFO] IntegrityCheckThread:100 - exiting critical section [integrity check]
2025-08-24 15:18:03,829 [INFO] IntegrityCheckThread:103 - End integrity checks thread
2025-08-24 15:25:02,592 [INFO] WebApp:194 - Connection lost
2025-08-24 15:25:02,794 [INFO] WebApp:191 - Connection restablished
2025-08-24 18:44:26,688 [INFO] WebApp:403 - JxBrowser engine has been closed 
2025-08-24 18:47:11,632 [INFO] Activator:176 - 


2025-08-24 18:47:11,635 [INFO] Activator:177 - !SESSION log4j initialized
2025-08-24 18:47:16,601 [INFO] LogOutputStream:77 - [STDOUT_REDIRECT] 
2025-08-24 18:47:18,179 [INFO] ApplicationProperties:184 - Using Application install path: C:\ST\STM32CubeIDE_1.18.1\STM32CubeIDE\plugins\com.st.stm32cube.common.mx_6.15.0.202507011659
2025-08-24 18:47:18,196 [INFO] DbMcusXml:78 - Set database path to: C:\ST\STM32CubeIDE_1.18.1\STM32CubeIDE\plugins\com.st.stm32cube.common.mx_6.15.0.202507011659\\db\/mcu/
2025-08-24 18:47:18,196 [INFO] ApiDb:274 - Set plugin database path to: C:\ST\STM32CubeIDE_1.18.1\STM32CubeIDE\plugins\com.st.stm32cube.common.mx_6.15.0.202507011659\\db\/plugins/boardmanager/
2025-08-24 18:47:18,196 [WARN] ApiDb:259 - Overriding images path with different value:  => C:\ST\STM32CubeIDE_1.18.1\STM32CubeIDE\plugins\com.st.stm32cube.common.mx_6.15.0.202507011659\\db\/plugins/mcufinder/images/
2025-08-24 18:47:18,203 [INFO] ApiDb:250 - Set database path to: C:\Users\wh310\.stmcufinder\plugins\mcufinder//mcu/
2025-08-24 18:47:18,204 [INFO] DbMcusAds:125 - Set database path to: C:\Users\wh310\.stmcufinder\plugins\mcufinder//mcu/
2025-08-24 18:47:18,206 [INFO] CrossReferenceDbSqlite:203 - Set database path to: C:\Users\wh310\.stmcufinder\plugins\mcufinder//mcu/cs/
2025-08-24 18:47:18,298 [INFO] RulesReader:64 - Compatibility file has been processed (317 Rules)
2025-08-24 18:47:18,371 [INFO] DbMcusXml:78 - Set database path to: C:\ST\STM32CubeIDE_1.18.1\STM32CubeIDE\plugins\com.st.stm32cube.common.mx_6.15.0.202507011659\\db\/mcu/
2025-08-24 18:47:18,371 [INFO] ApiDb:274 - Set plugin database path to: C:\ST\STM32CubeIDE_1.18.1\STM32CubeIDE\plugins\com.st.stm32cube.common.mx_6.15.0.202507011659\\db\/plugins/boardmanager/
2025-08-24 18:47:18,371 [INFO] ApiDb:261 - Set plugin images path to: C:\ST\STM32CubeIDE_1.18.1\STM32CubeIDE\plugins\com.st.stm32cube.common.mx_6.15.0.202507011659\\db\/plugins/mcufinder/images/
2025-08-24 18:47:18,371 [WARN] DbFile:41 - Overriding database path with different value: C:\Users\wh310\.stmcufinder\plugins\mcufinder/ => C:\Users\wh310\.stmcufinder\plugins\mcufinder
2025-08-24 18:47:18,371 [INFO] ApiDb:250 - Set database path to: C:\Users\wh310\.stmcufinder\plugins\mcufinder//mcu/
2025-08-24 18:47:18,371 [WARN] DbFile:41 - Overriding database path with different value: C:\Users\wh310\.stmcufinder\plugins\mcufinder/ => C:\Users\wh310\.stmcufinder\plugins\mcufinder
2025-08-24 18:47:18,371 [INFO] DbMcusAds:125 - Set database path to: C:\Users\wh310\.stmcufinder\plugins\mcufinder//mcu/
2025-08-24 18:47:18,371 [WARN] DbFile:41 - Overriding database path with different value: C:\Users\wh310\.stmcufinder\plugins\mcufinder/ => C:\Users\wh310\.stmcufinder\plugins\mcufinder
2025-08-24 18:47:18,372 [WARN] DbFile:41 - Overriding database path with different value: C:\Users\wh310\.stmcufinder\plugins\mcufinder/ => C:\Users\wh310\.stmcufinder\plugins\mcufinder
2025-08-24 18:47:18,372 [INFO] CrossReferenceDbSqlite:203 - Set database path to: C:\Users\wh310\.stmcufinder\plugins\mcufinder//mcu/cs/
2025-08-24 18:47:18,442 [INFO] MainPanel:274 - HeapMemory: 268435456
2025-08-24 18:47:18,535 [INFO] DbMcusXml:78 - Set database path to: C:\ST\STM32CubeIDE_1.18.1\STM32CubeIDE\plugins\com.st.stm32cube.common.mx_6.15.0.202507011659\\db\/mcu/
2025-08-24 18:47:18,535 [INFO] ApiDb:274 - Set plugin database path to: C:\ST\STM32CubeIDE_1.18.1\STM32CubeIDE\plugins\com.st.stm32cube.common.mx_6.15.0.202507011659\\db\/plugins/boardmanager/
2025-08-24 18:47:18,535 [INFO] ApiDb:261 - Set plugin images path to: C:\ST\STM32CubeIDE_1.18.1\STM32CubeIDE\plugins\com.st.stm32cube.common.mx_6.15.0.202507011659\\db\/plugins/mcufinder/images/
2025-08-24 18:47:18,537 [WARN] DbFile:41 - Overriding database path with different value: C:\Users\wh310\.stmcufinder\plugins\mcufinder/ => C:\Users\wh310\.stmcufinder\plugins\mcufinder
2025-08-24 18:47:18,537 [INFO] ApiDb:250 - Set database path to: C:\Users\wh310\.stmcufinder\plugins\mcufinder//mcu/
2025-08-24 18:47:18,537 [WARN] DbFile:41 - Overriding database path with different value: C:\Users\wh310\.stmcufinder\plugins\mcufinder/ => C:\Users\wh310\.stmcufinder\plugins\mcufinder
2025-08-24 18:47:18,537 [INFO] DbMcusAds:125 - Set database path to: C:\Users\wh310\.stmcufinder\plugins\mcufinder//mcu/
2025-08-24 18:47:18,537 [WARN] DbFile:41 - Overriding database path with different value: C:\Users\wh310\.stmcufinder\plugins\mcufinder/ => C:\Users\wh310\.stmcufinder\plugins\mcufinder
2025-08-24 18:47:18,537 [WARN] DbFile:41 - Overriding database path with different value: C:\Users\wh310\.stmcufinder\plugins\mcufinder/ => C:\Users\wh310\.stmcufinder\plugins\mcufinder
2025-08-24 18:47:18,537 [INFO] CrossReferenceDbSqlite:203 - Set database path to: C:\Users\wh310\.stmcufinder\plugins\mcufinder//mcu/cs/
2025-08-24 18:47:18,553 [INFO] ApplicationProperties:184 - Using Application install path: C:\ST\STM32CubeIDE_1.18.1\STM32CubeIDE\plugins\com.st.stm32cube.common.mx_6.15.0.202507011659
2025-08-24 18:47:18,555 [INFO] PluginManage:196 - Search for loadable plugins [exclusion list=, ]
2025-08-24 18:47:18,555 [INFO] PluginManage:310 - Check plugin analytics
2025-08-24 18:47:18,705 [INFO] AnalyticsPlugin:253 - Accepted Software Licenses: STM32CubeMX.6.14.1,STM32CubeMX.6.15.0
2025-08-24 18:47:18,705 [INFO] AnalyticsPlugin:255 - Accepted CMSIS Pack Licenses: 
2025-08-24 18:47:18,705 [INFO] AnalyticsPlugin:257 - Accepted Firmware Licenses: FW.C0.1.0.0
2025-08-24 18:47:18,707 [INFO] PluginManage:359 - Loaded plugin analytics (category:tool,tabindex:-1)
2025-08-24 18:47:18,708 [INFO] PluginManage:310 - Check plugin cadmodel
2025-08-24 18:47:18,712 [INFO] CADModel:105 - Init CAD model plugin
2025-08-24 18:47:18,712 [INFO] PluginManage:359 - Loaded plugin cadmodel (category:power,tabindex:5)
2025-08-24 18:47:18,712 [INFO] PluginManage:310 - Check plugin clock
2025-08-24 18:47:18,721 [INFO] PluginManage:359 - Loaded plugin clock (category:base,tabindex:2)
2025-08-24 18:47:18,721 [INFO] PluginManage:310 - Check plugin ddr
2025-08-24 18:47:18,722 [INFO] PluginManage:359 - Loaded plugin ddr (category:tool,tabindex:6)
2025-08-24 18:47:18,723 [INFO] PluginManage:310 - Check plugin filemanager
2025-08-24 18:47:18,844 [INFO] PluginManage:359 - Loaded plugin filemanager (category:base,tabindex:10)
2025-08-24 18:47:18,844 [INFO] PluginManage:310 - Check plugin ipmanager
2025-08-24 18:47:18,850 [INFO] PluginManage:359 - Loaded plugin ipmanager (category:base,tabindex:5)
2025-08-24 18:47:18,850 [INFO] PluginManage:310 - Check plugin lpbam
2025-08-24 18:47:18,856 [INFO] PluginManage:359 - Loaded plugin lpbam (category:base,tabindex:0)
2025-08-24 18:47:18,856 [INFO] PluginManage:310 - Check plugin memorymap
2025-08-24 18:47:18,866 [INFO] PluginManage:359 - Loaded plugin memorymap (category:base,tabindex:4)
2025-08-24 18:47:18,866 [INFO] PluginManage:310 - Check plugin pinoutandconfiguration
2025-08-24 18:47:18,873 [INFO] PluginManage:359 - Loaded plugin pinoutandconfiguration (category:base,tabindex:1)
2025-08-24 18:47:18,873 [INFO] PluginManage:310 - Check plugin pinoutconfig
2025-08-24 18:47:18,939 [WARN] SupportedApi:132 - Cannot load RTOS API schema: s4s-elt-must-match.1: The content of 'definitions' must match (annotation?, (simpleType | complexType)?, (unique | key | keyref)*)). A problem was found starting at: attribute.
2025-08-24 18:47:19,041 [INFO] PluginManage:359 - Loaded plugin pinoutconfig (category:base,tabindex:0)
2025-08-24 18:47:19,041 [INFO] PluginManage:310 - Check plugin power
2025-08-24 18:47:19,049 [INFO] PluginManage:359 - Loaded plugin power (category:power,tabindex:4)
2025-08-24 18:47:19,049 [INFO] PluginManage:310 - Check plugin projectmanager
2025-08-24 18:47:19,062 [INFO] PluginManage:359 - Loaded plugin projectmanager (category:projectmanager,tabindex:4)
2025-08-24 18:47:19,062 [INFO] PluginManage:310 - Check plugin rif
2025-08-24 18:47:19,070 [INFO] PluginManage:359 - Loaded plugin rif (category:base,tabindex:3)
2025-08-24 18:47:19,070 [INFO] PluginManage:310 - Check plugin thirdparty
2025-08-24 18:47:19,193 [INFO] PluginManage:359 - Loaded plugin thirdparty (category:base,tabindex:-1)
2025-08-24 18:47:19,193 [INFO] PluginManage:310 - Check plugin tools
2025-08-24 18:47:19,193 [WARN] IntegrityCheckThread:84 - waiting for thirdparty lock release [integrity check]
2025-08-24 18:47:19,195 [INFO] IntegrityCheckThread:86 - entering critical section [integrity check]
2025-08-24 18:47:19,195 [INFO] ThirdPartyUpdaterWithRetryManager:70 - Updater plugin not ready yet. [1/15]
2025-08-24 18:47:19,196 [INFO] PluginManage:359 - Loaded plugin tools (category:base,tabindex:7)
2025-08-24 18:47:19,196 [INFO] PluginManage:310 - Check plugin tutovideos
2025-08-24 18:47:19,370 [INFO] PluginManage:359 - Loaded plugin tutovideos (category:base,tabindex:-1)
2025-08-24 18:47:19,370 [INFO] PluginManage:310 - Check plugin updater
2025-08-24 18:47:19,388 [INFO] PluginManage:359 - Loaded plugin updater (category:base,tabindex:12)
2025-08-24 18:47:19,388 [INFO] PluginManage:310 - Check plugin userauth
2025-08-24 18:47:19,392 [INFO] UserAuth:118 - Init User Auth plugin
2025-08-24 18:47:19,393 [INFO] PluginManage:359 - Loaded plugin userauth (category:base,tabindex:14)
2025-08-24 18:47:19,393 [INFO] PluginManage:283 - PluginManage : Loaded plugins [18]
2025-08-24 18:47:19,577 [INFO] PinOutPanel:1589 - setPackage(No Configuration,No Configuration)
2025-08-24 18:47:19,668 [INFO] CADModel:165 - CPN selected for project level
2025-08-24 18:47:19,668 [INFO] CADModel:114 - Register for checkConnection events
2025-08-24 18:47:19,685 [INFO] IPUIPlugin:80 - create IPUIPlugin
2025-08-24 18:47:19,686 [INFO] PluginManager:220 - loadIPPluginJar : add adc
2025-08-24 18:47:19,688 [INFO] IPUIPlugin:80 - create IPUIPlugin
2025-08-24 18:47:19,688 [INFO] PluginManager:220 - loadIPPluginJar : add aes
2025-08-24 18:47:19,691 [INFO] IPUIPlugin:80 - create IPUIPlugin
2025-08-24 18:47:19,691 [INFO] PluginManager:220 - loadIPPluginJar : add can
2025-08-24 18:47:19,693 [INFO] IPUIPlugin:80 - create IPUIPlugin
2025-08-24 18:47:19,693 [INFO] PluginManager:220 - loadIPPluginJar : add comp
2025-08-24 18:47:19,695 [INFO] IPUIPlugin:80 - create IPUIPlugin
2025-08-24 18:47:19,695 [INFO] PluginManager:220 - loadIPPluginJar : add cryp
2025-08-24 18:47:19,698 [INFO] IPUIPlugin:80 - create IPUIPlugin
2025-08-24 18:47:19,698 [INFO] PluginManager:220 - loadIPPluginJar : add ddr_ctrl_phy
2025-08-24 18:47:19,701 [INFO] IPUIPlugin:80 - create IPUIPlugin
2025-08-24 18:47:19,701 [INFO] PluginManager:220 - loadIPPluginJar : add dfsdm
2025-08-24 18:47:19,707 [INFO] IPUIPlugin:80 - create IPUIPlugin
2025-08-24 18:47:19,707 [INFO] PluginManager:220 - loadIPPluginJar : add dma
2025-08-24 18:47:19,710 [INFO] IPUIPlugin:80 - create IPUIPlugin
2025-08-24 18:47:19,710 [INFO] PluginManager:220 - loadIPPluginJar : add dma3
2025-08-24 18:47:19,713 [INFO] IPUIPlugin:80 - create IPUIPlugin
2025-08-24 18:47:19,713 [INFO] PluginManager:220 - loadIPPluginJar : add extmemmanager
2025-08-24 18:47:19,715 [INFO] IPUIPlugin:80 - create IPUIPlugin
2025-08-24 18:47:19,715 [INFO] PluginManager:220 - loadIPPluginJar : add fatfs
2025-08-24 18:47:19,720 [INFO] IPUIPlugin:80 - create IPUIPlugin
2025-08-24 18:47:19,720 [INFO] PluginManager:220 - loadIPPluginJar : add fmc
2025-08-24 18:47:19,727 [INFO] IPUIPlugin:80 - create IPUIPlugin
2025-08-24 18:47:19,727 [INFO] PluginManager:220 - loadIPPluginJar : add freertos
2025-08-24 18:47:19,729 [INFO] IPUIPlugin:80 - create IPUIPlugin
2025-08-24 18:47:19,729 [INFO] PluginManager:220 - loadIPPluginJar : add genericplugin
2025-08-24 18:47:19,730 [INFO] IPUIPlugin:80 - create IPUIPlugin
2025-08-24 18:47:19,730 [INFO] PluginManager:220 - loadIPPluginJar : add gfxmmu
2025-08-24 18:47:19,734 [INFO] IPUIPlugin:80 - create IPUIPlugin
2025-08-24 18:47:19,735 [INFO] PluginManager:220 - loadIPPluginJar : add gic
2025-08-24 18:47:19,739 [INFO] IPUIPlugin:80 - create IPUIPlugin
2025-08-24 18:47:19,739 [INFO] PluginManager:220 - loadIPPluginJar : add gpio
2025-08-24 18:47:19,741 [INFO] IPUIPlugin:80 - create IPUIPlugin
2025-08-24 18:47:19,741 [INFO] PluginManager:220 - loadIPPluginJar : add gtzc
2025-08-24 18:47:19,742 [INFO] IPUIPlugin:80 - create IPUIPlugin
2025-08-24 18:47:19,742 [INFO] PluginManager:220 - loadIPPluginJar : add hash
2025-08-24 18:47:19,746 [INFO] IPUIPlugin:80 - create IPUIPlugin
2025-08-24 18:47:19,746 [INFO] PluginManager:220 - loadIPPluginJar : add i2c
2025-08-24 18:47:19,747 [INFO] IPUIPlugin:80 - create IPUIPlugin
2025-08-24 18:47:19,747 [INFO] PluginManager:220 - loadIPPluginJar : add i2s
2025-08-24 18:47:19,750 [INFO] IPUIPlugin:80 - create IPUIPlugin
2025-08-24 18:47:19,750 [INFO] PluginManager:220 - loadIPPluginJar : add i3c
2025-08-24 18:47:19,754 [INFO] IPUIPlugin:80 - create IPUIPlugin
2025-08-24 18:47:19,754 [INFO] PluginManager:220 - loadIPPluginJar : add ipddr
2025-08-24 18:47:19,758 [INFO] IPUIPlugin:80 - create IPUIPlugin
2025-08-24 18:47:19,760 [INFO] PluginManager:220 - loadIPPluginJar : add linkedlist
2025-08-24 18:47:19,761 [INFO] IPUIPlugin:80 - create IPUIPlugin
2025-08-24 18:47:19,761 [INFO] PluginManager:220 - loadIPPluginJar : add lorawan
2025-08-24 18:47:19,763 [INFO] IPUIPlugin:80 - create IPUIPlugin
2025-08-24 18:47:19,763 [INFO] PluginManager:220 - loadIPPluginJar : add ltdc
2025-08-24 18:47:19,769 [INFO] IPUIPlugin:80 - create IPUIPlugin
2025-08-24 18:47:19,769 [INFO] PluginManager:220 - loadIPPluginJar : add mdma
2025-08-24 18:47:19,772 [INFO] IPUIPlugin:80 - create IPUIPlugin
2025-08-24 18:47:19,772 [INFO] PluginManager:220 - loadIPPluginJar : add nvic
2025-08-24 18:47:19,775 [INFO] IPUIPlugin:80 - create IPUIPlugin
2025-08-24 18:47:19,775 [INFO] PluginManager:220 - loadIPPluginJar : add opamp
2025-08-24 18:47:19,778 [INFO] IPUIPlugin:80 - create IPUIPlugin
2025-08-24 18:47:19,778 [INFO] PluginManager:220 - loadIPPluginJar : add openamp
2025-08-24 18:47:19,780 [INFO] IPUIPlugin:80 - create IPUIPlugin
2025-08-24 18:47:19,780 [INFO] PluginManager:220 - loadIPPluginJar : add pdm2pcm
2025-08-24 18:47:19,786 [INFO] IPUIPlugin:80 - create IPUIPlugin
2025-08-24 18:47:19,788 [INFO] PluginManager:220 - loadIPPluginJar : add plateformsettings
2025-08-24 18:47:19,789 [INFO] IPUIPlugin:80 - create IPUIPlugin
2025-08-24 18:47:19,789 [INFO] PluginManager:220 - loadIPPluginJar : add quadspi
2025-08-24 18:47:19,791 [INFO] IPUIPlugin:80 - create IPUIPlugin
2025-08-24 18:47:19,791 [INFO] PluginManager:220 - loadIPPluginJar : add radio
2025-08-24 18:47:19,795 [INFO] IPUIPlugin:80 - create IPUIPlugin
2025-08-24 18:47:19,795 [INFO] PluginManager:220 - loadIPPluginJar : add resmgrutility
2025-08-24 18:47:19,797 [INFO] IPUIPlugin:80 - create IPUIPlugin
2025-08-24 18:47:19,797 [INFO] PluginManager:220 - loadIPPluginJar : add sai
2025-08-24 18:47:19,799 [INFO] IPUIPlugin:80 - create IPUIPlugin
2025-08-24 18:47:19,799 [INFO] PluginManager:220 - loadIPPluginJar : add spi
2025-08-24 18:47:19,805 [INFO] IPUIPlugin:80 - create IPUIPlugin
2025-08-24 18:47:19,805 [INFO] PluginManager:220 - loadIPPluginJar : add stm32_wpan
2025-08-24 18:47:19,807 [INFO] IPUIPlugin:80 - create IPUIPlugin
2025-08-24 18:47:19,807 [INFO] PluginManager:220 - loadIPPluginJar : add tim
2025-08-24 18:47:19,811 [INFO] IPUIPlugin:80 - create IPUIPlugin
2025-08-24 18:47:19,811 [INFO] PluginManager:220 - loadIPPluginJar : add touchsensing
2025-08-24 18:47:19,813 [INFO] IPUIPlugin:80 - create IPUIPlugin
2025-08-24 18:47:19,813 [INFO] PluginManager:220 - loadIPPluginJar : add tracer_emb
2025-08-24 18:47:19,814 [INFO] IPUIPlugin:80 - create IPUIPlugin
2025-08-24 18:47:19,814 [INFO] PluginManager:220 - loadIPPluginJar : add ts
2025-08-24 18:47:19,816 [INFO] IPUIPlugin:80 - create IPUIPlugin
2025-08-24 18:47:19,816 [INFO] PluginManager:220 - loadIPPluginJar : add tsc
2025-08-24 18:47:19,817 [INFO] IPUIPlugin:80 - create IPUIPlugin
2025-08-24 18:47:19,818 [INFO] PluginManager:220 - loadIPPluginJar : add ucpd
2025-08-24 18:47:19,820 [INFO] IPUIPlugin:80 - create IPUIPlugin
2025-08-24 18:47:19,820 [INFO] PluginManager:220 - loadIPPluginJar : add usart
2025-08-24 18:47:19,822 [INFO] IPUIPlugin:80 - create IPUIPlugin
2025-08-24 18:47:19,823 [INFO] PluginManager:220 - loadIPPluginJar : add usbx
2025-08-24 18:47:19,944 [FATAL] Updater:351 - Updater called before beeing initialized
2025-08-24 18:47:19,967 [INFO] RulesReader:64 - Compatibility file has been processed (317 Rules)
2025-08-24 18:47:19,978 [INFO] RulesReader:64 - Compatibility file has been processed (317 Rules)
2025-08-24 18:47:19,985 [INFO] CADModel:165 - CPN selected for project level
2025-08-24 18:47:19,985 [INFO] CADModel:114 - Register for checkConnection events
2025-08-24 18:47:19,985 [FATAL] Updater:351 - Updater called before beeing initialized
2025-08-24 18:47:19,985 [ERROR] CADModel:125 - Updater not yet initialized, retry later 
2025-08-24 18:47:20,104 [FATAL] Updater:351 - Updater called before beeing initialized
2025-08-24 18:47:20,106 [INFO] CADModel:165 - CPN selected for project level
2025-08-24 18:47:20,106 [INFO] CADModel:114 - Register for checkConnection events
2025-08-24 18:47:20,106 [FATAL] Updater:351 - Updater called before beeing initialized
2025-08-24 18:47:20,106 [ERROR] CADModel:125 - Updater not yet initialized, retry later 
2025-08-24 18:47:20,108 [FATAL] Updater:351 - Updater called before beeing initialized
2025-08-24 18:47:20,202 [FATAL] Updater:351 - Updater called before beeing initialized
2025-08-24 18:47:20,205 [INFO] DbMcusAds:53 - JSON generation date=Tue Jul 08 17:14:23 KST 2025 (1751962463593)
2025-08-24 18:47:20,205 [FATAL] Updater:351 - Updater called before beeing initialized
2025-08-24 18:47:20,241 [WARN] DetailPanel:346 - Failed to get advertising image, set to default
2025-08-24 18:47:20,340 [FATAL] Updater:351 - Updater called before beeing initialized
2025-08-24 18:47:20,342 [FATAL] Updater:351 - Updater called before beeing initialized
2025-08-24 18:47:20,342 [FATAL] Updater:351 - Updater called before beeing initialized
2025-08-24 18:47:20,342 [WARN] DetailPanel:346 - Failed to get advertising image, set to default
2025-08-24 18:47:20,343 [FATAL] Updater:351 - Updater called before beeing initialized
2025-08-24 18:47:20,384 [ERROR] Updater:1198 - MainUpdater not yet initialized. External WinMGr cannot be set.
2025-08-24 18:47:20,386 [INFO] Updater:1134 - Updater Version found : 6.15.0
2025-08-24 18:47:20,401 [INFO] ApplicationProperties:184 - Using Application install path: C:\ST\STM32CubeIDE_1.18.1\STM32CubeIDE\plugins\com.st.stm32cube.common.mx_6.15.0.202507011659
2025-08-24 18:47:21,969 [ERROR] LogOutputStream:75 - [STDERR_REDIRECT] Aug 24, 2025 6:47:21 PM java.util.prefs.WindowsPreferences <init>
2025-08-24 18:47:21,970 [ERROR] LogOutputStream:75 - [STDERR_REDIRECT] WARNING: Could not open/create prefs root node Software\JavaSoft\Prefs at root 0xffffffff80000002. Windows RegCreateKeyEx(...) returned error code 5.
2025-08-24 18:47:21,970 [ERROR] LogOutputStream:75 - [STDERR_REDIRECT] 
2025-08-24 18:47:22,196 [INFO] ThirdPartyUpdaterWithRetryManager:70 - Updater plugin not ready yet. [2/15]
2025-08-24 18:47:22,533 [INFO] MainUpdater:2872 - connection check result : 10
2025-08-24 18:47:22,534 [INFO] MainUpdater:289 - Updater Check For Update Now.
2025-08-24 18:47:22,534 [INFO] MicroXplorer:498 - Change Database Version : DB.6.0.150
2025-08-24 18:47:22,538 [INFO] McuFinderGlobals:63 - Set McuFinder mode to 2 (CubeIDE integrated)
2025-08-24 18:47:22,540 [INFO] UserAuth:487 - Internet connection configuration mode: 1
2025-08-24 18:47:22,555 [INFO] JxBrowserEngine:152 - Initiate JxBrowser Engine with user profile folder
2025-08-24 18:47:22,709 [INFO] CheckServerUpdateThread:120 - End of CheckServer Thread
2025-08-24 18:47:23,430 [INFO] WebApp:169 - Instantiating new browser for Auth
2025-08-24 18:47:23,963 [INFO] WebApp:463 - Apply proxy settings
2025-08-24 18:47:23,963 [INFO] WebApp:548 - Chromium requires no authentication
2025-08-24 18:47:23,970 [INFO] WebApp:491 - Direct internet connection detected
2025-08-24 18:47:23,990 [INFO] WebApp:900 - Register for checkConnection events
2025-08-24 18:47:23,990 [INFO] WebApp:463 - Apply proxy settings
2025-08-24 18:47:23,990 [INFO] WebApp:548 - Chromium requires no authentication
2025-08-24 18:47:23,990 [INFO] WebApp:491 - Direct internet connection detected
2025-08-24 18:47:24,157 [INFO] WebApp:225 - Starting web application
2025-08-24 18:47:24,158 [INFO] WebApp:593 - Web application path used C:\ST\STM32CubeIDE_1.18.1\STM32CubeIDE\plugins\com.st.stm32cube.common.mx_6.15.0.202507011659\db\plugins\mcufinder\reactClient1\index.html
2025-08-24 18:47:24,275 [INFO] WebApp:191 - Connection restablished
2025-08-24 18:47:24,288 [INFO] UserAuth:487 - Internet connection configuration mode: 1
2025-08-24 18:47:25,466 [WARN] PackLoader:240 - Cannot read IP mode file for STMicroelectronics.FP-SNS-MOTENVWB1.1.4.0
2025-08-24 18:47:25,473 [WARN] PackLoader:240 - Cannot read IP mode file for STMicroelectronics.FP-ATR-ASTRA1.2.0.2
2025-08-24 18:47:25,480 [WARN] PackLoader:240 - Cannot read IP mode file for STMicroelectronics.X-CUBE-SMBUS.2.1.0
2025-08-24 18:47:25,485 [WARN] PackLoader:240 - Cannot read IP mode file for STMicroelectronics.X-CUBE-ST60.1.0.0
2025-08-24 18:47:25,510 [WARN] PackLoader:240 - Cannot read IP mode file for STMicroelectronics.X-CUBE-AZRTOS-F7.1.1.0
2025-08-24 18:47:25,538 [WARN] PackLoader:240 - Cannot read IP mode file for Infineon.AIROC-Wi-Fi-Bluetooth-STM32.1.7.0
2025-08-24 18:47:25,575 [WARN] PackLoader:240 - Cannot read IP mode file for STMicroelectronics.X-CUBE-AZRTOS-H7.3.4.0
2025-08-24 18:47:25,586 [WARN] PackLoader:240 - Cannot read IP mode file for STMicroelectronics.X-CUBE-DISPLAY.3.0.0
2025-08-24 18:47:25,598 [WARN] PackLoader:240 - Cannot read IP mode file for STMicroelectronics.X-CUBE-NFC10.1.0.0
2025-08-24 18:47:25,607 [WARN] PackLoader:240 - Cannot read IP mode file for STMicroelectronics.X-CUBE-BLEMGR.4.0.0
2025-08-24 18:47:25,615 [WARN] PackLoader:240 - Cannot read IP mode file for emotas.I-CUBE-CANOPEN.1.3.0
2025-08-24 18:47:25,620 [WARN] ConditionMgr:438 - getConditionDescription Invalid condition id : Cortex-A Device cause : null
2025-08-24 18:47:25,627 [WARN] ConditionMgr:1044 - genDependencies : Invalid condition id : Cortex-A Device cause : null
2025-08-24 18:47:25,629 [WARN] ConditionMgr:1044 - genDependencies : Invalid condition id : Cortex-A Device cause : null
2025-08-24 18:47:25,629 [WARN] ConditionMgr:1044 - genDependencies : Invalid condition id : Cortex-A Device cause : null
2025-08-24 18:47:25,631 [WARN] PackLoader:240 - Cannot read IP mode file for STMicroelectronics.X-CUBE-AI.10.0.0
2025-08-24 18:47:25,636 [WARN] PackLoader:240 - Cannot read IP mode file for STMicroelectronics.FP-SNS-STBOX1.2.1.0
2025-08-24 18:47:25,641 [WARN] PackLoader:240 - Cannot read IP mode file for STMicroelectronics.FP-SNS-SMARTAG2.1.2.0
2025-08-24 18:47:25,646 [WARN] PackLoader:240 - Cannot read IP mode file for STMicroelectronics.FP-SNS-FLIGHT1.5.1.0
2025-08-24 18:47:25,653 [INFO] LogOutputStream:77 - [STDOUT_REDIRECT] 1 : Invalid condition id : UX_CORESTACK_Condition cause : null
2025-08-24 18:47:25,654 [INFO] LogOutputStream:77 - [STDOUT_REDIRECT] 1 : Invalid condition id : UX_CORESTACK_Condition cause : null
2025-08-24 18:47:25,655 [INFO] LogOutputStream:77 - [STDOUT_REDIRECT] 1 : Invalid condition id : UX_CORESTACK_Condition cause : null
2025-08-24 18:47:25,655 [INFO] LogOutputStream:77 - [STDOUT_REDIRECT] 1 : Invalid condition id : UX_CORESTACK_Condition cause : null
2025-08-24 18:47:25,656 [INFO] LogOutputStream:77 - [STDOUT_REDIRECT] 1 : Invalid condition id : UX_CORESTACK_Condition cause : null
2025-08-24 18:47:25,659 [WARN] PackLoader:240 - Cannot read IP mode file for STMicroelectronics.X-CUBE-AZRTOS-WL.2.0.0
2025-08-24 18:47:25,664 [WARN] PackLoader:240 - Cannot read IP mode file for STMicroelectronics.FP-SNS-MOTENV1.5.0.0
2025-08-24 18:47:25,671 [WARN] PackLoader:240 - Cannot read IP mode file for WES.I-CUBE-Cesium.1.3.0
2025-08-24 18:47:25,676 [WARN] PackLoader:240 - Cannot read IP mode file for STMicroelectronics.X-CUBE-BLE2.3.3.0
2025-08-24 18:47:25,680 [WARN] PackLoader:240 - Cannot read IP mode file for STMicroelectronics.X-CUBE-NFC9.1.0.0
2025-08-24 18:47:25,686 [WARN] PackLoader:240 - Cannot read IP mode file for STMicroelectronics.X-CUBE-BLE1.7.1.0
2025-08-24 18:47:25,690 [WARN] PackLoader:240 - Cannot read IP mode file for wolfSSL.I-CUBE-wolfMQTT.1.19.2
2025-08-24 18:47:25,695 [WARN] PackLoader:240 - Cannot read IP mode file for STMicroelectronics.X-CUBE-EEPRMA1.5.2.0
2025-08-24 18:47:25,699 [WARN] PackLoader:240 - Cannot read IP mode file for STMicroelectronics.X-CUBE-AI.10.1.0
2025-08-24 18:47:25,735 [WARN] PackLoader:240 - Cannot read IP mode file for STMicroelectronics.X-CUBE-MEMS1.11.2.0
2025-08-24 18:47:25,851 [WARN] PackLoader:240 - Cannot read IP mode file for STMicroelectronics.X-CUBE-AZRTOS-G0.1.1.0
2025-08-24 18:47:25,858 [WARN] PackLoader:240 - Cannot read IP mode file for STMicroelectronics.X-CUBE-SAFEA1.1.2.2
2025-08-24 18:47:25,863 [WARN] PackLoader:240 - Cannot read IP mode file for STMicroelectronics.X-CUBE-NFC4.3.0.0
2025-08-24 18:47:25,870 [WARN] PackLoader:240 - Cannot read IP mode file for EmbeddedOffice.I-CUBE-FS-RTOS.1.0.1
2025-08-24 18:47:25,874 [WARN] PackLoader:240 - Cannot read IP mode file for STMicroelectronics.X-CUBE-WB05N.2.0.0
2025-08-24 18:47:25,877 [WARN] PackLoader:240 - Cannot read IP mode file for wolfSSL.I-CUBE-wolfTPM.3.8.0
2025-08-24 18:47:25,887 [WARN] PackLoader:240 - Cannot read IP mode file for STMicroelectronics.X-CUBE-TCPP.4.2.0
2025-08-24 18:47:25,894 [WARN] PackLoader:240 - Cannot read IP mode file for RealThread.X-CUBE-RT-Thread_Nano.4.1.1
2025-08-24 18:47:25,898 [WARN] PackLoader:240 - Cannot read IP mode file for STMicroelectronics.FP-ATR-SIGFOX1.3.2.0
2025-08-24 18:47:25,903 [WARN] PackLoader:240 - Cannot read IP mode file for STMicroelectronics.X-CUBE-EEPRMA1.5.1.0
2025-08-24 18:47:25,909 [WARN] PackLoader:240 - Cannot read IP mode file for wolfSSL.I-CUBE-wolfSSL.5.7.6
2025-08-24 18:47:25,917 [WARN] PackLoader:240 - Cannot read IP mode file for ITTIA_DB.I-CUBE-ITTIADB.8.9.0
2025-08-24 18:47:25,922 [WARN] PackLoader:240 - Cannot read IP mode file for STMicroelectronics.X-CUBE-ST67W61.1.0.0
2025-08-24 18:47:25,926 [WARN] PackLoader:240 - Cannot read IP mode file for STMicroelectronics.X-CUBE-AI.10.2.0
2025-08-24 18:47:25,947 [WARN] PackLoader:240 - Cannot read IP mode file for SEGGER.I-CUBE-embOS.1.3.1
2025-08-24 18:47:25,981 [WARN] PackLoader:240 - Cannot read IP mode file for STMicroelectronics.X-CUBE-ALGOBUILD.1.4.0
2025-08-24 18:47:26,016 [WARN] PackLoader:240 - Cannot read IP mode file for STMicroelectronics.X-CUBE-MEMS1.11.3.0
2025-08-24 18:47:26,117 [WARN] PackLoader:240 - Cannot read IP mode file for STMicroelectronics.X-CUBE-PM33A1.1.0.0
2025-08-24 18:47:26,148 [WARN] PackLoader:240 - Cannot read IP mode file for STMicroelectronics.X-CUBE-AZRTOS-F4.1.1.0
2025-08-24 18:47:26,156 [WARN] PackLoader:240 - Cannot read IP mode file for Avnet-IotConnect.X-CUBE-IoTC-DA16k-PMOD.1.0.0
2025-08-24 18:47:26,161 [WARN] PackLoader:240 - Cannot read IP mode file for STMicroelectronics.X-CUBE-ISPU.2.1.0
2025-08-24 18:47:26,168 [WARN] PackLoader:240 - Cannot read IP mode file for STMicroelectronics.X-CUBE-NFC12.1.0.0
2025-08-24 18:47:26,180 [WARN] PackLoader:240 - Cannot read IP mode file for STMicroelectronics.X-CUBE-AZRTOS-L5.2.0.0
2025-08-24 18:47:26,188 [WARN] PackLoader:240 - Cannot read IP mode file for STMicroelectronics.X-CUBE-NFC6.3.1.0
2025-08-24 18:47:26,195 [WARN] PackLoader:240 - Cannot read IP mode file for STMicroelectronics.X-CUBE-FREERTOS.1.3.1
2025-08-24 18:47:26,199 [WARN] PackLoader:240 - Cannot read IP mode file for STMicroelectronics.X-CUBE-FREERTOS.1.3.0
2025-08-24 18:47:26,203 [WARN] PackLoader:240 - Cannot read IP mode file for STMicroelectronics.FP-SNS-STAIOTCFT.1.0.0
2025-08-24 18:47:26,207 [WARN] PackLoader:240 - Cannot read IP mode file for STMicroelectronics.X-CUBE-DPower.1.3.0
2025-08-24 18:47:26,221 [WARN] ConditionMgr:438 - getConditionDescription Invalid condition id : LAN8742 Phy interface Condition cause : null
2025-08-24 18:47:26,221 [WARN] PackLoader:240 - Cannot read IP mode file for STMicroelectronics.X-CUBE-AZRTOS-L4.2.0.0
2025-08-24 18:47:26,222 [WARN] ConditionMgr:1044 - genDependencies : Invalid condition id : LAN8742 Phy interface Condition cause : null
2025-08-24 18:47:26,224 [WARN] ConditionMgr:1044 - genDependencies : Invalid condition id : LAN8742 Phy interface Condition cause : null
2025-08-24 18:47:26,224 [WARN] ConditionMgr:1044 - genDependencies : Invalid condition id : LAN8742 Phy interface Condition cause : null
2025-08-24 18:47:26,230 [WARN] PackLoader:240 - Cannot read IP mode file for STMicroelectronics.X-CUBE-SFXS2LP1.4.0.0
2025-08-24 18:47:26,242 [WARN] PackLoader:240 - Cannot read IP mode file for STMicroelectronics.X-CUBE-AZRTOS-H7.3.3.0
2025-08-24 18:47:26,255 [WARN] PackLoader:240 - Cannot read IP mode file for STMicroelectronics.X-CUBE-BLEMGR.4.1.0
2025-08-24 18:47:26,265 [WARN] ConditionMgr:438 - getConditionDescription Invalid condition id : UX DEVICE CLASS RTOS Condition cause : null
2025-08-24 18:47:26,265 [WARN] ConditionMgr:438 - getConditionDescription Invalid condition id : UX DEVICE CLASS RTOS Condition cause : null
2025-08-24 18:47:26,267 [WARN] PackLoader:240 - Cannot read IP mode file for STMicroelectronics.X-CUBE-AZRTOS-WB.2.0.0
2025-08-24 18:47:26,267 [WARN] ConditionMgr:1044 - genDependencies : Invalid condition id : UX DEVICE CLASS RTOS Condition cause : null
2025-08-24 18:47:26,267 [WARN] ConditionMgr:1044 - genDependencies : Invalid condition id : UX DEVICE CLASS RTOS Condition cause : null
2025-08-24 18:47:26,267 [WARN] ConditionMgr:1044 - genDependencies : Invalid condition id : UX DEVICE CLASS RTOS Condition cause : null
2025-08-24 18:47:26,267 [WARN] ConditionMgr:1044 - genDependencies : Invalid condition id : UX DEVICE CLASS RTOS Condition cause : null
2025-08-24 18:47:26,269 [WARN] ConditionMgr:1044 - genDependencies : Invalid condition id : UX DEVICE CLASS RTOS Condition cause : null
2025-08-24 18:47:26,273 [WARN] PackLoader:240 - Cannot read IP mode file for STMicroelectronics.X-CUBE-GNSS1.7.0.1
2025-08-24 18:47:26,279 [WARN] PackLoader:240 - Cannot read IP mode file for STMicroelectronics.X-CUBE-TOUCHGFX.4.25.0
2025-08-24 18:47:26,282 [WARN] PackLoader:240 - Cannot read IP mode file for STMicroelectronics.FP-SNS-STBOX1.2.0.0
2025-08-24 18:47:26,290 [WARN] PackLoader:240 - Cannot read IP mode file for STMicroelectronics.X-CUBE-SUBG2.5.0.0
2025-08-24 18:47:26,307 [WARN] PackLoader:240 - Cannot read IP mode file for STMicroelectronics.X-CUBE-AZRTOS-H7RS.1.1.0
2025-08-24 18:47:26,312 [WARN] PackLoader:240 - Cannot read IP mode file for Cesanta.I-CUBE-Mongoose.7.13.0
2025-08-24 18:47:26,321 [WARN] PackLoader:240 - Cannot read IP mode file for STMicroelectronics.X-CUBE-AZRTOS-G4.2.0.0
2025-08-24 18:47:26,327 [WARN] PackLoader:240 - Cannot read IP mode file for wolfSSL.I-CUBE-wolfSSH.1.4.20
2025-08-24 18:47:26,331 [WARN] PackLoader:240 - Cannot read IP mode file for STMicroelectronics.X-CUBE-NFC7.2.0.0
2025-08-24 18:47:26,340 [WARN] PackLoader:240 - Cannot read IP mode file for STMicroelectronics.X-CUBE-IPS.3.1.0
2025-08-24 18:47:26,347 [WARN] PackLoader:240 - Cannot read IP mode file for STMicroelectronics.X-CUBE-ALS.1.0.2
2025-08-24 18:47:26,353 [WARN] PackLoader:240 - Cannot read IP mode file for portGmbH.I-Cube-SoM-uGOAL.1.1.0
2025-08-24 18:47:26,361 [WARN] PackLoader:240 - Cannot read IP mode file for STMicroelectronics.X-CUBE-TOF1.3.4.3
2025-08-24 18:47:26,369 [INFO] ThirdParty:978 - Integrity check success = true
2025-08-24 18:47:26,369 [INFO] IntegrityCheckThread:100 - exiting critical section [integrity check]
2025-08-24 18:47:26,370 [INFO] IntegrityCheckThread:103 - End integrity checks thread
2025-08-24 19:42:26,057 [ERROR] LogOutputStream:75 - [STDERR_REDIRECT] 
