2025-05-10 19:18:04,326 [INFO] Activator:176 - 


2025-05-10 19:18:04,326 [INFO] Activator:177 - !SESSION log4j initialized
2025-05-10 19:18:06,243 [INFO] LogOutputStream:77 - [STDOUT_REDIRECT] 
2025-05-10 19:18:07,832 [INFO] ApplicationProperties:184 - Using Application install path: C:\ST\STM32CubeIDE_1.18.1\STM32CubeIDE\plugins\com.st.stm32cube.common.mx_6.14.1.202504091515
2025-05-10 19:18:07,845 [INFO] DbMcusXml:78 - Set database path to: C:\ST\STM32CubeIDE_1.18.1\STM32CubeIDE\plugins\com.st.stm32cube.common.mx_6.14.1.202504091515\\db\/mcu/
2025-05-10 19:18:07,845 [INFO] ApiDb:274 - Set plugin database path to: C:\ST\STM32CubeIDE_1.18.1\STM32CubeIDE\plugins\com.st.stm32cube.common.mx_6.14.1.202504091515\\db\/plugins/boardmanager/
2025-05-10 19:18:07,845 [WARN] ApiDb:259 - Overriding images path with different value:  => C:\ST\STM32CubeIDE_1.18.1\STM32CubeIDE\plugins\com.st.stm32cube.common.mx_6.14.1.202504091515\\db\/plugins/mcufinder/images/
2025-05-10 19:18:07,853 [INFO] ApiDb:250 - Set database path to: C:\Users\wh310\.stmcufinder\plugins\mcufinder//mcu/
2025-05-10 19:18:07,853 [INFO] DbMcusAds:125 - Set database path to: C:\Users\wh310\.stmcufinder\plugins\mcufinder//mcu/
2025-05-10 19:18:07,855 [INFO] CrossReferenceDbSqlite:203 - Set database path to: C:\Users\wh310\.stmcufinder\plugins\mcufinder//mcu/cs/
2025-05-10 19:18:07,940 [INFO] RulesReader:64 - Compatibility file has been processed (302 Rules)
2025-05-10 19:18:08,007 [INFO] DbMcusXml:78 - Set database path to: C:\ST\STM32CubeIDE_1.18.1\STM32CubeIDE\plugins\com.st.stm32cube.common.mx_6.14.1.202504091515\\db\/mcu/
2025-05-10 19:18:08,007 [INFO] ApiDb:274 - Set plugin database path to: C:\ST\STM32CubeIDE_1.18.1\STM32CubeIDE\plugins\com.st.stm32cube.common.mx_6.14.1.202504091515\\db\/plugins/boardmanager/
2025-05-10 19:18:08,007 [INFO] ApiDb:261 - Set plugin images path to: C:\ST\STM32CubeIDE_1.18.1\STM32CubeIDE\plugins\com.st.stm32cube.common.mx_6.14.1.202504091515\\db\/plugins/mcufinder/images/
2025-05-10 19:18:08,008 [WARN] DbFile:41 - Overriding database path with different value: C:\Users\wh310\.stmcufinder\plugins\mcufinder/ => C:\Users\wh310\.stmcufinder\plugins\mcufinder
2025-05-10 19:18:08,008 [INFO] ApiDb:250 - Set database path to: C:\Users\wh310\.stmcufinder\plugins\mcufinder//mcu/
2025-05-10 19:18:08,008 [WARN] DbFile:41 - Overriding database path with different value: C:\Users\wh310\.stmcufinder\plugins\mcufinder/ => C:\Users\wh310\.stmcufinder\plugins\mcufinder
2025-05-10 19:18:08,008 [INFO] DbMcusAds:125 - Set database path to: C:\Users\wh310\.stmcufinder\plugins\mcufinder//mcu/
2025-05-10 19:18:08,008 [WARN] DbFile:41 - Overriding database path with different value: C:\Users\wh310\.stmcufinder\plugins\mcufinder/ => C:\Users\wh310\.stmcufinder\plugins\mcufinder
2025-05-10 19:18:08,008 [WARN] DbFile:41 - Overriding database path with different value: C:\Users\wh310\.stmcufinder\plugins\mcufinder/ => C:\Users\wh310\.stmcufinder\plugins\mcufinder
2025-05-10 19:18:08,008 [INFO] CrossReferenceDbSqlite:203 - Set database path to: C:\Users\wh310\.stmcufinder\plugins\mcufinder//mcu/cs/
2025-05-10 19:18:08,061 [INFO] MainPanel:272 - HeapMemory: 268435456
2025-05-10 19:18:08,132 [INFO] DbMcusXml:78 - Set database path to: C:\ST\STM32CubeIDE_1.18.1\STM32CubeIDE\plugins\com.st.stm32cube.common.mx_6.14.1.202504091515\\db\/mcu/
2025-05-10 19:18:08,132 [INFO] ApiDb:274 - Set plugin database path to: C:\ST\STM32CubeIDE_1.18.1\STM32CubeIDE\plugins\com.st.stm32cube.common.mx_6.14.1.202504091515\\db\/plugins/boardmanager/
2025-05-10 19:18:08,132 [INFO] ApiDb:261 - Set plugin images path to: C:\ST\STM32CubeIDE_1.18.1\STM32CubeIDE\plugins\com.st.stm32cube.common.mx_6.14.1.202504091515\\db\/plugins/mcufinder/images/
2025-05-10 19:18:08,132 [WARN] DbFile:41 - Overriding database path with different value: C:\Users\wh310\.stmcufinder\plugins\mcufinder/ => C:\Users\wh310\.stmcufinder\plugins\mcufinder
2025-05-10 19:18:08,132 [INFO] ApiDb:250 - Set database path to: C:\Users\wh310\.stmcufinder\plugins\mcufinder//mcu/
2025-05-10 19:18:08,132 [WARN] DbFile:41 - Overriding database path with different value: C:\Users\wh310\.stmcufinder\plugins\mcufinder/ => C:\Users\wh310\.stmcufinder\plugins\mcufinder
2025-05-10 19:18:08,133 [INFO] DbMcusAds:125 - Set database path to: C:\Users\wh310\.stmcufinder\plugins\mcufinder//mcu/
2025-05-10 19:18:08,133 [WARN] DbFile:41 - Overriding database path with different value: C:\Users\wh310\.stmcufinder\plugins\mcufinder/ => C:\Users\wh310\.stmcufinder\plugins\mcufinder
2025-05-10 19:18:08,133 [WARN] DbFile:41 - Overriding database path with different value: C:\Users\wh310\.stmcufinder\plugins\mcufinder/ => C:\Users\wh310\.stmcufinder\plugins\mcufinder
2025-05-10 19:18:08,133 [INFO] CrossReferenceDbSqlite:203 - Set database path to: C:\Users\wh310\.stmcufinder\plugins\mcufinder//mcu/cs/
2025-05-10 19:18:08,147 [INFO] ApplicationProperties:184 - Using Application install path: C:\ST\STM32CubeIDE_1.18.1\STM32CubeIDE\plugins\com.st.stm32cube.common.mx_6.14.1.202504091515
2025-05-10 19:18:08,148 [INFO] PluginManage:196 - Search for loadable plugins [exclusion list=, ]
2025-05-10 19:18:08,149 [INFO] PluginManage:310 - Check plugin analytics
2025-05-10 19:18:08,284 [INFO] AnalyticsPlugin:253 - Accepted Software Licenses: STM32CubeMX.6.14.1
2025-05-10 19:18:08,285 [INFO] AnalyticsPlugin:255 - Accepted CMSIS Pack Licenses: 
2025-05-10 19:18:08,285 [INFO] AnalyticsPlugin:257 - Accepted Firmware Licenses: 
2025-05-10 19:18:08,286 [INFO] PluginManage:359 - Loaded plugin analytics (category:tool,tabindex:-1)
2025-05-10 19:18:08,287 [INFO] PluginManage:310 - Check plugin cadmodel
2025-05-10 19:18:08,291 [INFO] CADModel:105 - Init CAD model plugin
2025-05-10 19:18:08,291 [INFO] PluginManage:359 - Loaded plugin cadmodel (category:power,tabindex:5)
2025-05-10 19:18:08,291 [INFO] PluginManage:310 - Check plugin clock
2025-05-10 19:18:08,300 [INFO] PluginManage:359 - Loaded plugin clock (category:base,tabindex:2)
2025-05-10 19:18:08,300 [INFO] PluginManage:310 - Check plugin ddr
2025-05-10 19:18:08,301 [INFO] PluginManage:359 - Loaded plugin ddr (category:tool,tabindex:6)
2025-05-10 19:18:08,301 [INFO] PluginManage:310 - Check plugin filemanager
2025-05-10 19:18:08,443 [INFO] PluginManage:359 - Loaded plugin filemanager (category:base,tabindex:10)
2025-05-10 19:18:08,444 [INFO] PluginManage:310 - Check plugin ipmanager
2025-05-10 19:18:08,449 [INFO] PluginManage:359 - Loaded plugin ipmanager (category:base,tabindex:5)
2025-05-10 19:18:08,449 [INFO] PluginManage:310 - Check plugin lpbam
2025-05-10 19:18:08,454 [INFO] PluginManage:359 - Loaded plugin lpbam (category:base,tabindex:0)
2025-05-10 19:18:08,454 [INFO] PluginManage:310 - Check plugin memorymap
2025-05-10 19:18:08,463 [INFO] PluginManage:359 - Loaded plugin memorymap (category:base,tabindex:4)
2025-05-10 19:18:08,463 [INFO] PluginManage:310 - Check plugin pinoutandconfiguration
2025-05-10 19:18:08,469 [INFO] PluginManage:359 - Loaded plugin pinoutandconfiguration (category:base,tabindex:1)
2025-05-10 19:18:08,470 [INFO] PluginManage:310 - Check plugin pinoutconfig
2025-05-10 19:18:08,526 [WARN] SupportedApi:132 - Cannot load RTOS API schema: s4s-elt-must-match.1: The content of 'definitions' must match (annotation?, (simpleType | complexType)?, (unique | key | keyref)*)). A problem was found starting at: attribute.
2025-05-10 19:18:08,611 [INFO] PluginManage:359 - Loaded plugin pinoutconfig (category:base,tabindex:0)
2025-05-10 19:18:08,612 [INFO] PluginManage:310 - Check plugin power
2025-05-10 19:18:08,617 [INFO] PluginManage:359 - Loaded plugin power (category:power,tabindex:4)
2025-05-10 19:18:08,618 [INFO] PluginManage:310 - Check plugin projectmanager
2025-05-10 19:18:08,627 [INFO] PluginManage:359 - Loaded plugin projectmanager (category:projectmanager,tabindex:4)
2025-05-10 19:18:08,627 [INFO] PluginManage:310 - Check plugin rif
2025-05-10 19:18:08,633 [INFO] PluginManage:359 - Loaded plugin rif (category:base,tabindex:3)
2025-05-10 19:18:08,633 [INFO] PluginManage:310 - Check plugin thirdparty
2025-05-10 19:18:08,719 [INFO] PluginManage:359 - Loaded plugin thirdparty (category:base,tabindex:-1)
2025-05-10 19:18:08,719 [WARN] IntegrityCheckThread:84 - waiting for thirdparty lock release [integrity check]
2025-05-10 19:18:08,719 [INFO] PluginManage:310 - Check plugin tools
2025-05-10 19:18:08,719 [INFO] IntegrityCheckThread:86 - entering critical section [integrity check]
2025-05-10 19:18:08,719 [INFO] ThirdPartyUpdaterWithRetryManager:70 - Updater plugin not ready yet. [1/15]
2025-05-10 19:18:08,721 [INFO] PluginManage:359 - Loaded plugin tools (category:base,tabindex:7)
2025-05-10 19:18:08,721 [INFO] PluginManage:310 - Check plugin tutovideos
2025-05-10 19:18:08,828 [INFO] PluginManage:359 - Loaded plugin tutovideos (category:base,tabindex:-1)
2025-05-10 19:18:08,828 [INFO] PluginManage:310 - Check plugin updater
2025-05-10 19:18:08,844 [INFO] PluginManage:359 - Loaded plugin updater (category:base,tabindex:12)
2025-05-10 19:18:08,844 [INFO] PluginManage:310 - Check plugin userauth
2025-05-10 19:18:08,847 [INFO] UserAuth:118 - Init User Auth plugin
2025-05-10 19:18:08,847 [INFO] PluginManage:359 - Loaded plugin userauth (category:base,tabindex:14)
2025-05-10 19:18:08,847 [INFO] PluginManage:283 - PluginManage : Loaded plugins [18]
2025-05-10 19:18:08,984 [INFO] PinOutPanel:1589 - setPackage(No Configuration,No Configuration)
2025-05-10 19:18:09,044 [INFO] CADModel:165 - CPN selected for project level
2025-05-10 19:18:09,044 [INFO] CADModel:114 - Register for checkConnection events
2025-05-10 19:18:09,054 [INFO] IPUIPlugin:80 - create IPUIPlugin
2025-05-10 19:18:09,054 [INFO] PluginManager:220 - loadIPPluginJar : add adc
2025-05-10 19:18:09,057 [INFO] IPUIPlugin:80 - create IPUIPlugin
2025-05-10 19:18:09,057 [INFO] PluginManager:220 - loadIPPluginJar : add aes
2025-05-10 19:18:09,059 [INFO] IPUIPlugin:80 - create IPUIPlugin
2025-05-10 19:18:09,059 [INFO] PluginManager:220 - loadIPPluginJar : add can
2025-05-10 19:18:09,060 [INFO] IPUIPlugin:80 - create IPUIPlugin
2025-05-10 19:18:09,060 [INFO] PluginManager:220 - loadIPPluginJar : add comp
2025-05-10 19:18:09,061 [INFO] IPUIPlugin:80 - create IPUIPlugin
2025-05-10 19:18:09,061 [INFO] PluginManager:220 - loadIPPluginJar : add cryp
2025-05-10 19:18:09,063 [INFO] IPUIPlugin:80 - create IPUIPlugin
2025-05-10 19:18:09,063 [INFO] PluginManager:220 - loadIPPluginJar : add ddr_ctrl_phy
2025-05-10 19:18:09,065 [INFO] IPUIPlugin:80 - create IPUIPlugin
2025-05-10 19:18:09,065 [INFO] PluginManager:220 - loadIPPluginJar : add dfsdm
2025-05-10 19:18:09,068 [INFO] IPUIPlugin:80 - create IPUIPlugin
2025-05-10 19:18:09,068 [INFO] PluginManager:220 - loadIPPluginJar : add dma
2025-05-10 19:18:09,070 [INFO] IPUIPlugin:80 - create IPUIPlugin
2025-05-10 19:18:09,070 [INFO] PluginManager:220 - loadIPPluginJar : add dma3
2025-05-10 19:18:09,072 [INFO] IPUIPlugin:80 - create IPUIPlugin
2025-05-10 19:18:09,072 [INFO] PluginManager:220 - loadIPPluginJar : add extmemmanager
2025-05-10 19:18:09,073 [INFO] IPUIPlugin:80 - create IPUIPlugin
2025-05-10 19:18:09,073 [INFO] PluginManager:220 - loadIPPluginJar : add fatfs
2025-05-10 19:18:09,076 [INFO] IPUIPlugin:80 - create IPUIPlugin
2025-05-10 19:18:09,076 [INFO] PluginManager:220 - loadIPPluginJar : add fmc
2025-05-10 19:18:09,080 [INFO] IPUIPlugin:80 - create IPUIPlugin
2025-05-10 19:18:09,080 [INFO] PluginManager:220 - loadIPPluginJar : add freertos
2025-05-10 19:18:09,081 [INFO] IPUIPlugin:80 - create IPUIPlugin
2025-05-10 19:18:09,081 [INFO] PluginManager:220 - loadIPPluginJar : add genericplugin
2025-05-10 19:18:09,083 [INFO] IPUIPlugin:80 - create IPUIPlugin
2025-05-10 19:18:09,083 [INFO] PluginManager:220 - loadIPPluginJar : add gfxmmu
2025-05-10 19:18:09,086 [INFO] IPUIPlugin:80 - create IPUIPlugin
2025-05-10 19:18:09,086 [INFO] PluginManager:220 - loadIPPluginJar : add gic
2025-05-10 19:18:09,089 [INFO] IPUIPlugin:80 - create IPUIPlugin
2025-05-10 19:18:09,089 [INFO] PluginManager:220 - loadIPPluginJar : add gpio
2025-05-10 19:18:09,090 [INFO] IPUIPlugin:80 - create IPUIPlugin
2025-05-10 19:18:09,090 [INFO] PluginManager:220 - loadIPPluginJar : add gtzc
2025-05-10 19:18:09,092 [INFO] IPUIPlugin:80 - create IPUIPlugin
2025-05-10 19:18:09,092 [INFO] PluginManager:220 - loadIPPluginJar : add hash
2025-05-10 19:18:09,095 [INFO] IPUIPlugin:80 - create IPUIPlugin
2025-05-10 19:18:09,095 [INFO] PluginManager:220 - loadIPPluginJar : add i2c
2025-05-10 19:18:09,096 [INFO] IPUIPlugin:80 - create IPUIPlugin
2025-05-10 19:18:09,096 [INFO] PluginManager:220 - loadIPPluginJar : add i2s
2025-05-10 19:18:09,097 [INFO] IPUIPlugin:80 - create IPUIPlugin
2025-05-10 19:18:09,098 [INFO] PluginManager:220 - loadIPPluginJar : add i3c
2025-05-10 19:18:09,101 [INFO] IPUIPlugin:80 - create IPUIPlugin
2025-05-10 19:18:09,101 [INFO] PluginManager:220 - loadIPPluginJar : add ipddr
2025-05-10 19:18:09,104 [INFO] IPUIPlugin:80 - create IPUIPlugin
2025-05-10 19:18:09,105 [INFO] PluginManager:220 - loadIPPluginJar : add linkedlist
2025-05-10 19:18:09,106 [INFO] IPUIPlugin:80 - create IPUIPlugin
2025-05-10 19:18:09,106 [INFO] PluginManager:220 - loadIPPluginJar : add lorawan
2025-05-10 19:18:09,107 [INFO] IPUIPlugin:80 - create IPUIPlugin
2025-05-10 19:18:09,107 [INFO] PluginManager:220 - loadIPPluginJar : add ltdc
2025-05-10 19:18:09,110 [INFO] IPUIPlugin:80 - create IPUIPlugin
2025-05-10 19:18:09,110 [INFO] PluginManager:220 - loadIPPluginJar : add mdma
2025-05-10 19:18:09,112 [INFO] IPUIPlugin:80 - create IPUIPlugin
2025-05-10 19:18:09,113 [INFO] PluginManager:220 - loadIPPluginJar : add nvic
2025-05-10 19:18:09,114 [INFO] IPUIPlugin:80 - create IPUIPlugin
2025-05-10 19:18:09,114 [INFO] PluginManager:220 - loadIPPluginJar : add opamp
2025-05-10 19:18:09,116 [INFO] IPUIPlugin:80 - create IPUIPlugin
2025-05-10 19:18:09,116 [INFO] PluginManager:220 - loadIPPluginJar : add openamp
2025-05-10 19:18:09,119 [INFO] IPUIPlugin:80 - create IPUIPlugin
2025-05-10 19:18:09,119 [INFO] PluginManager:220 - loadIPPluginJar : add pdm2pcm
2025-05-10 19:18:09,122 [INFO] IPUIPlugin:80 - create IPUIPlugin
2025-05-10 19:18:09,124 [INFO] PluginManager:220 - loadIPPluginJar : add plateformsettings
2025-05-10 19:18:09,124 [INFO] IPUIPlugin:80 - create IPUIPlugin
2025-05-10 19:18:09,124 [INFO] PluginManager:220 - loadIPPluginJar : add quadspi
2025-05-10 19:18:09,127 [INFO] IPUIPlugin:80 - create IPUIPlugin
2025-05-10 19:18:09,127 [INFO] PluginManager:220 - loadIPPluginJar : add radio
2025-05-10 19:18:09,129 [INFO] IPUIPlugin:80 - create IPUIPlugin
2025-05-10 19:18:09,129 [INFO] PluginManager:220 - loadIPPluginJar : add resmgrutility
2025-05-10 19:18:09,131 [INFO] IPUIPlugin:80 - create IPUIPlugin
2025-05-10 19:18:09,131 [INFO] PluginManager:220 - loadIPPluginJar : add sai
2025-05-10 19:18:09,132 [INFO] IPUIPlugin:80 - create IPUIPlugin
2025-05-10 19:18:09,132 [INFO] PluginManager:220 - loadIPPluginJar : add spi
2025-05-10 19:18:09,137 [INFO] IPUIPlugin:80 - create IPUIPlugin
2025-05-10 19:18:09,137 [INFO] PluginManager:220 - loadIPPluginJar : add stm32_wpan
2025-05-10 19:18:09,138 [INFO] IPUIPlugin:80 - create IPUIPlugin
2025-05-10 19:18:09,138 [INFO] PluginManager:220 - loadIPPluginJar : add tim
2025-05-10 19:18:09,140 [INFO] IPUIPlugin:80 - create IPUIPlugin
2025-05-10 19:18:09,140 [INFO] PluginManager:220 - loadIPPluginJar : add touchsensing
2025-05-10 19:18:09,142 [INFO] IPUIPlugin:80 - create IPUIPlugin
2025-05-10 19:18:09,142 [INFO] PluginManager:220 - loadIPPluginJar : add tracer_emb
2025-05-10 19:18:09,143 [INFO] IPUIPlugin:80 - create IPUIPlugin
2025-05-10 19:18:09,143 [INFO] PluginManager:220 - loadIPPluginJar : add ts
2025-05-10 19:18:09,144 [INFO] IPUIPlugin:80 - create IPUIPlugin
2025-05-10 19:18:09,144 [INFO] PluginManager:220 - loadIPPluginJar : add tsc
2025-05-10 19:18:09,145 [INFO] IPUIPlugin:80 - create IPUIPlugin
2025-05-10 19:18:09,145 [INFO] PluginManager:220 - loadIPPluginJar : add ucpd
2025-05-10 19:18:09,147 [INFO] IPUIPlugin:80 - create IPUIPlugin
2025-05-10 19:18:09,147 [INFO] PluginManager:220 - loadIPPluginJar : add usart
2025-05-10 19:18:09,148 [INFO] IPUIPlugin:80 - create IPUIPlugin
2025-05-10 19:18:09,148 [INFO] PluginManager:220 - loadIPPluginJar : add usbx
2025-05-10 19:18:09,257 [FATAL] Updater:351 - Updater called before beeing initialized
2025-05-10 19:18:09,273 [INFO] RulesReader:64 - Compatibility file has been processed (302 Rules)
2025-05-10 19:18:09,279 [INFO] RulesReader:64 - Compatibility file has been processed (302 Rules)
2025-05-10 19:18:09,283 [INFO] CADModel:165 - CPN selected for project level
2025-05-10 19:18:09,283 [INFO] CADModel:114 - Register for checkConnection events
2025-05-10 19:18:09,283 [FATAL] Updater:351 - Updater called before beeing initialized
2025-05-10 19:18:09,283 [ERROR] CADModel:125 - Updater not yet initialized, retry later 
2025-05-10 19:18:09,369 [FATAL] Updater:351 - Updater called before beeing initialized
2025-05-10 19:18:09,370 [INFO] CADModel:165 - CPN selected for project level
2025-05-10 19:18:09,370 [INFO] CADModel:114 - Register for checkConnection events
2025-05-10 19:18:09,370 [FATAL] Updater:351 - Updater called before beeing initialized
2025-05-10 19:18:09,370 [ERROR] CADModel:125 - Updater not yet initialized, retry later 
2025-05-10 19:18:09,372 [FATAL] Updater:351 - Updater called before beeing initialized
2025-05-10 19:18:09,443 [FATAL] Updater:351 - Updater called before beeing initialized
2025-05-10 19:18:09,446 [INFO] DbMcusAds:53 - JSON generation date=Wed May 07 18:07:55 KST 2025 (1746608875638)
2025-05-10 19:18:09,446 [FATAL] Updater:351 - Updater called before beeing initialized
2025-05-10 19:18:09,473 [WARN] DetailPanel:346 - Failed to get advertising image, set to default
2025-05-10 19:18:09,684 [FATAL] Updater:351 - Updater called before beeing initialized
2025-05-10 19:18:09,685 [FATAL] Updater:351 - Updater called before beeing initialized
2025-05-10 19:18:09,685 [FATAL] Updater:351 - Updater called before beeing initialized
2025-05-10 19:18:09,685 [WARN] DetailPanel:346 - Failed to get advertising image, set to default
2025-05-10 19:18:09,686 [FATAL] Updater:351 - Updater called before beeing initialized
2025-05-10 19:18:09,718 [ERROR] Updater:1198 - MainUpdater not yet initialized. External WinMGr cannot be set.
2025-05-10 19:18:09,721 [INFO] Updater:1134 - Updater Version found : 6.14.1
2025-05-10 19:18:09,732 [INFO] ApplicationProperties:184 - Using Application install path: C:\ST\STM32CubeIDE_1.18.1\STM32CubeIDE\plugins\com.st.stm32cube.common.mx_6.14.1.202504091515
2025-05-10 19:18:11,298 [ERROR] LogOutputStream:75 - [STDERR_REDIRECT] May 10, 2025 7:18:11 PM java.util.prefs.WindowsPreferences <init>
2025-05-10 19:18:11,299 [ERROR] LogOutputStream:75 - [STDERR_REDIRECT] WARNING: Could not open/create prefs root node Software\JavaSoft\Prefs at root 0xffffffff80000002. Windows RegCreateKeyEx(...) returned error code 5.
2025-05-10 19:18:11,300 [ERROR] LogOutputStream:75 - [STDERR_REDIRECT] 
2025-05-10 19:18:11,720 [INFO] ThirdPartyUpdaterWithRetryManager:70 - Updater plugin not ready yet. [2/15]
2025-05-10 19:18:11,767 [INFO] MainUpdater:2872 - connection check result : 10
2025-05-10 19:18:11,768 [INFO] MainUpdater:289 - Updater Check For Update Now.
2025-05-10 19:18:11,768 [INFO] MicroXplorer:498 - Change Database Version : DB.6.0.141
2025-05-10 19:18:11,771 [INFO] McuFinderGlobals:63 - Set McuFinder mode to 2 (CubeIDE integrated)
2025-05-10 19:18:11,772 [INFO] UserAuth:484 - Internet connection configuration mode: 1
2025-05-10 19:18:11,784 [INFO] JxBrowserEngine:152 - Initiate JxBrowser Engine with user profile folder
2025-05-10 19:18:11,919 [INFO] CheckServerUpdateThread:120 - End of CheckServer Thread
2025-05-10 19:18:12,805 [INFO] WebApp:169 - Instantiating new browser for Auth
2025-05-10 19:18:13,306 [INFO] WebApp:463 - Apply proxy settings
2025-05-10 19:18:13,307 [INFO] WebApp:548 - Chromium requires no authentication
2025-05-10 19:18:13,312 [INFO] WebApp:491 - Direct internet connection detected
2025-05-10 19:18:13,328 [INFO] WebApp:894 - Register for checkConnection events
2025-05-10 19:18:13,328 [INFO] WebApp:463 - Apply proxy settings
2025-05-10 19:18:13,328 [INFO] WebApp:548 - Chromium requires no authentication
2025-05-10 19:18:13,329 [INFO] WebApp:491 - Direct internet connection detected
2025-05-10 19:18:13,441 [INFO] WebApp:225 - Starting web application
2025-05-10 19:18:13,441 [INFO] WebApp:593 - Web application path used C:\ST\STM32CubeIDE_1.18.1\STM32CubeIDE\plugins\com.st.stm32cube.common.mx_6.14.1.202504091515\db\plugins\mcufinder\reactClient1\index.html
2025-05-10 19:18:13,550 [INFO] UserAuth:484 - Internet connection configuration mode: 1
2025-05-10 19:18:13,623 [INFO] WebApp:191 - Connection restablished
2025-05-10 19:18:14,929 [WARN] PackLoader:240 - Cannot read IP mode file for STMicroelectronics.FP-SNS-MOTENVWB1.1.4.0
2025-05-10 19:18:14,936 [WARN] PackLoader:240 - Cannot read IP mode file for STMicroelectronics.FP-ATR-ASTRA1.2.0.2
2025-05-10 19:18:14,940 [WARN] PackLoader:240 - Cannot read IP mode file for STMicroelectronics.X-CUBE-SMBUS.2.1.0
2025-05-10 19:18:14,963 [WARN] PackLoader:240 - Cannot read IP mode file for STMicroelectronics.X-CUBE-AZRTOS-F7.1.1.0
2025-05-10 19:18:14,984 [WARN] PackLoader:240 - Cannot read IP mode file for Infineon.AIROC-Wi-Fi-Bluetooth-STM32.1.7.0
2025-05-10 19:18:14,994 [WARN] PackLoader:240 - Cannot read IP mode file for STMicroelectronics.X-CUBE-DISPLAY.3.0.0
2025-05-10 19:18:15,003 [WARN] PackLoader:240 - Cannot read IP mode file for STMicroelectronics.X-CUBE-NFC10.1.0.0
2025-05-10 19:18:15,012 [WARN] PackLoader:240 - Cannot read IP mode file for STMicroelectronics.X-CUBE-BLEMGR.4.0.0
2025-05-10 19:18:15,018 [WARN] PackLoader:240 - Cannot read IP mode file for emotas.I-CUBE-CANOPEN.1.3.0
2025-05-10 19:18:15,022 [WARN] ConditionMgr:438 - getConditionDescription Invalid condition id : Cortex-A Device cause : null
2025-05-10 19:18:15,029 [WARN] ConditionMgr:1044 - genDependencies : Invalid condition id : Cortex-A Device cause : null
2025-05-10 19:18:15,031 [WARN] ConditionMgr:1044 - genDependencies : Invalid condition id : Cortex-A Device cause : null
2025-05-10 19:18:15,031 [WARN] ConditionMgr:1044 - genDependencies : Invalid condition id : Cortex-A Device cause : null
2025-05-10 19:18:15,033 [WARN] PackLoader:240 - Cannot read IP mode file for STMicroelectronics.X-CUBE-AI.10.0.0
2025-05-10 19:18:15,036 [WARN] PackLoader:240 - Cannot read IP mode file for STMicroelectronics.FP-SNS-SMARTAG2.1.2.0
2025-05-10 19:18:15,039 [WARN] PackLoader:240 - Cannot read IP mode file for STMicroelectronics.FP-SNS-FLIGHT1.5.1.0
2025-05-10 19:18:15,045 [INFO] LogOutputStream:77 - [STDOUT_REDIRECT] 1 : Invalid condition id : UX_CORESTACK_Condition cause : null
2025-05-10 19:18:15,045 [INFO] LogOutputStream:77 - [STDOUT_REDIRECT] 1 : Invalid condition id : UX_CORESTACK_Condition cause : null
2025-05-10 19:18:15,046 [INFO] LogOutputStream:77 - [STDOUT_REDIRECT] 1 : Invalid condition id : UX_CORESTACK_Condition cause : null
2025-05-10 19:18:15,046 [INFO] LogOutputStream:77 - [STDOUT_REDIRECT] 1 : Invalid condition id : UX_CORESTACK_Condition cause : null
2025-05-10 19:18:15,047 [INFO] LogOutputStream:77 - [STDOUT_REDIRECT] 1 : Invalid condition id : UX_CORESTACK_Condition cause : null
2025-05-10 19:18:15,049 [WARN] PackLoader:240 - Cannot read IP mode file for STMicroelectronics.X-CUBE-AZRTOS-WL.2.0.0
2025-05-10 19:18:15,053 [WARN] PackLoader:240 - Cannot read IP mode file for STMicroelectronics.FP-SNS-MOTENV1.5.0.0
2025-05-10 19:18:15,060 [WARN] PackLoader:240 - Cannot read IP mode file for WES.I-CUBE-Cesium.1.3.0
2025-05-10 19:18:15,063 [WARN] PackLoader:240 - Cannot read IP mode file for STMicroelectronics.X-CUBE-BLE2.3.3.0
2025-05-10 19:18:15,066 [WARN] PackLoader:240 - Cannot read IP mode file for STMicroelectronics.X-CUBE-NFC9.1.0.0
2025-05-10 19:18:15,069 [WARN] PackLoader:240 - Cannot read IP mode file for STMicroelectronics.X-CUBE-BLE1.7.1.0
2025-05-10 19:18:15,073 [WARN] PackLoader:240 - Cannot read IP mode file for wolfSSL.I-CUBE-wolfMQTT.1.19.2
2025-05-10 19:18:15,097 [WARN] PackLoader:240 - Cannot read IP mode file for STMicroelectronics.X-CUBE-MEMS1.11.2.0
2025-05-10 19:18:15,244 [WARN] PackLoader:240 - Cannot read IP mode file for STMicroelectronics.X-CUBE-AZRTOS-G0.1.1.0
2025-05-10 19:18:15,253 [WARN] PackLoader:240 - Cannot read IP mode file for STMicroelectronics.X-CUBE-SAFEA1.1.2.2
2025-05-10 19:18:15,258 [WARN] PackLoader:240 - Cannot read IP mode file for STMicroelectronics.X-CUBE-NFC4.3.0.0
2025-05-10 19:18:15,267 [WARN] PackLoader:240 - Cannot read IP mode file for EmbeddedOffice.I-CUBE-FS-RTOS.1.0.1
2025-05-10 19:18:15,272 [WARN] PackLoader:240 - Cannot read IP mode file for STMicroelectronics.X-CUBE-WB05N.2.0.0
2025-05-10 19:18:15,276 [WARN] PackLoader:240 - Cannot read IP mode file for wolfSSL.I-CUBE-wolfTPM.3.8.0
2025-05-10 19:18:15,282 [WARN] PackLoader:240 - Cannot read IP mode file for STMicroelectronics.X-CUBE-TCPP.4.2.0
2025-05-10 19:18:15,287 [WARN] PackLoader:240 - Cannot read IP mode file for RealThread.X-CUBE-RT-Thread_Nano.4.1.1
2025-05-10 19:18:15,291 [WARN] PackLoader:240 - Cannot read IP mode file for STMicroelectronics.FP-ATR-SIGFOX1.3.2.0
2025-05-10 19:18:15,296 [WARN] PackLoader:240 - Cannot read IP mode file for STMicroelectronics.X-CUBE-EEPRMA1.5.1.0
2025-05-10 19:18:15,301 [WARN] PackLoader:240 - Cannot read IP mode file for wolfSSL.I-CUBE-wolfSSL.5.7.6
2025-05-10 19:18:15,306 [WARN] PackLoader:240 - Cannot read IP mode file for ITTIA_DB.I-CUBE-ITTIADB.8.9.0
2025-05-10 19:18:15,325 [WARN] PackLoader:240 - Cannot read IP mode file for SEGGER.I-CUBE-embOS.1.3.1
2025-05-10 19:18:15,362 [WARN] PackLoader:240 - Cannot read IP mode file for STMicroelectronics.X-CUBE-ALGOBUILD.1.4.0
2025-05-10 19:18:15,372 [WARN] PackLoader:240 - Cannot read IP mode file for STMicroelectronics.X-CUBE-AZRTOS-F4.1.1.0
2025-05-10 19:18:15,378 [WARN] PackLoader:240 - Cannot read IP mode file for Avnet-IotConnect.X-CUBE-IoTC-DA16k-PMOD.1.0.0
2025-05-10 19:18:15,383 [WARN] PackLoader:240 - Cannot read IP mode file for STMicroelectronics.X-CUBE-ISPU.2.1.0
2025-05-10 19:18:15,395 [WARN] PackLoader:240 - Cannot read IP mode file for STMicroelectronics.X-CUBE-AZRTOS-L5.2.0.0
2025-05-10 19:18:15,402 [WARN] PackLoader:240 - Cannot read IP mode file for STMicroelectronics.X-CUBE-NFC6.3.1.0
2025-05-10 19:18:15,408 [WARN] PackLoader:240 - Cannot read IP mode file for STMicroelectronics.X-CUBE-FREERTOS.1.3.1
2025-05-10 19:18:15,411 [WARN] PackLoader:240 - Cannot read IP mode file for STMicroelectronics.X-CUBE-FREERTOS.1.3.0
2025-05-10 19:18:15,416 [WARN] PackLoader:240 - Cannot read IP mode file for STMicroelectronics.X-CUBE-DPower.1.3.0
2025-05-10 19:18:15,430 [WARN] ConditionMgr:438 - getConditionDescription Invalid condition id : LAN8742 Phy interface Condition cause : null
2025-05-10 19:18:15,431 [WARN] PackLoader:240 - Cannot read IP mode file for STMicroelectronics.X-CUBE-AZRTOS-L4.2.0.0
2025-05-10 19:18:15,431 [WARN] ConditionMgr:1044 - genDependencies : Invalid condition id : LAN8742 Phy interface Condition cause : null
2025-05-10 19:18:15,432 [WARN] ConditionMgr:1044 - genDependencies : Invalid condition id : LAN8742 Phy interface Condition cause : null
2025-05-10 19:18:15,432 [WARN] ConditionMgr:1044 - genDependencies : Invalid condition id : LAN8742 Phy interface Condition cause : null
2025-05-10 19:18:15,438 [WARN] PackLoader:240 - Cannot read IP mode file for STMicroelectronics.X-CUBE-SFXS2LP1.4.0.0
2025-05-10 19:18:15,449 [WARN] PackLoader:240 - Cannot read IP mode file for STMicroelectronics.X-CUBE-AZRTOS-H7.3.3.0
2025-05-10 19:18:15,458 [WARN] ConditionMgr:438 - getConditionDescription Invalid condition id : UX DEVICE CLASS RTOS Condition cause : null
2025-05-10 19:18:15,459 [WARN] ConditionMgr:438 - getConditionDescription Invalid condition id : UX DEVICE CLASS RTOS Condition cause : null
2025-05-10 19:18:15,460 [WARN] PackLoader:240 - Cannot read IP mode file for STMicroelectronics.X-CUBE-AZRTOS-WB.2.0.0
2025-05-10 19:18:15,460 [WARN] ConditionMgr:1044 - genDependencies : Invalid condition id : UX DEVICE CLASS RTOS Condition cause : null
2025-05-10 19:18:15,461 [WARN] ConditionMgr:1044 - genDependencies : Invalid condition id : UX DEVICE CLASS RTOS Condition cause : null
2025-05-10 19:18:15,461 [WARN] ConditionMgr:1044 - genDependencies : Invalid condition id : UX DEVICE CLASS RTOS Condition cause : null
2025-05-10 19:18:15,461 [WARN] ConditionMgr:1044 - genDependencies : Invalid condition id : UX DEVICE CLASS RTOS Condition cause : null
2025-05-10 19:18:15,461 [WARN] ConditionMgr:1044 - genDependencies : Invalid condition id : UX DEVICE CLASS RTOS Condition cause : null
2025-05-10 19:18:15,465 [WARN] PackLoader:240 - Cannot read IP mode file for STMicroelectronics.X-CUBE-GNSS1.7.0.1
2025-05-10 19:18:15,472 [WARN] PackLoader:240 - Cannot read IP mode file for STMicroelectronics.X-CUBE-TOUCHGFX.4.25.0
2025-05-10 19:18:15,476 [WARN] PackLoader:240 - Cannot read IP mode file for STMicroelectronics.FP-SNS-STBOX1.2.0.0
2025-05-10 19:18:15,485 [WARN] PackLoader:240 - Cannot read IP mode file for STMicroelectronics.X-CUBE-SUBG2.5.0.0
2025-05-10 19:18:15,505 [WARN] PackLoader:240 - Cannot read IP mode file for STMicroelectronics.X-CUBE-AZRTOS-H7RS.1.1.0
2025-05-10 19:18:15,510 [WARN] PackLoader:240 - Cannot read IP mode file for Cesanta.I-CUBE-Mongoose.7.13.0
2025-05-10 19:18:15,518 [WARN] PackLoader:240 - Cannot read IP mode file for STMicroelectronics.X-CUBE-AZRTOS-G4.2.0.0
2025-05-10 19:18:15,522 [WARN] PackLoader:240 - Cannot read IP mode file for wolfSSL.I-CUBE-wolfSSH.1.4.20
2025-05-10 19:18:15,526 [WARN] PackLoader:240 - Cannot read IP mode file for STMicroelectronics.X-CUBE-NFC7.2.0.0
2025-05-10 19:18:15,536 [WARN] PackLoader:240 - Cannot read IP mode file for STMicroelectronics.X-CUBE-IPS.3.1.0
2025-05-10 19:18:15,543 [WARN] PackLoader:240 - Cannot read IP mode file for STMicroelectronics.X-CUBE-ALS.1.0.2
2025-05-10 19:18:15,547 [WARN] PackLoader:240 - Cannot read IP mode file for portGmbH.I-Cube-SoM-uGOAL.1.1.0
2025-05-10 19:18:15,553 [WARN] PackLoader:240 - Cannot read IP mode file for STMicroelectronics.X-CUBE-TOF1.3.4.3
2025-05-10 19:18:15,558 [INFO] ThirdParty:978 - Integrity check success = true
2025-05-10 19:18:15,558 [INFO] IntegrityCheckThread:100 - exiting critical section [integrity check]
2025-05-10 19:18:15,559 [INFO] IntegrityCheckThread:103 - End integrity checks thread
2025-05-10 21:17:43,641 [INFO] WebApp:194 - Connection lost
2025-05-10 21:17:43,831 [INFO] WebApp:191 - Connection restablished
2025-05-10 21:24:09,384 [INFO] WebApp:194 - Connection lost
2025-05-10 21:24:09,558 [INFO] WebApp:191 - Connection restablished
2025-05-10 23:07:30,585 [ERROR] LogOutputStream:75 - [STDERR_REDIRECT] 
