2025-06-30 14:23:20,310 [INFO] Activator:176 - 


2025-06-30 14:23:20,314 [INFO] Activator:177 - !SESSION log4j initialized
2025-06-30 14:23:24,105 [INFO] LogOutputStream:77 - [STDOUT_REDIRECT] 
2025-06-30 14:23:25,337 [INFO] ApplicationProperties:184 - Using Application install path: C:\ST\STM32CubeIDE_1.18.1\STM32CubeIDE\plugins\com.st.stm32cube.common.mx_6.14.1.202504091515
2025-06-30 14:23:25,349 [INFO] DbMcusXml:78 - Set database path to: C:\ST\STM32CubeIDE_1.18.1\STM32CubeIDE\plugins\com.st.stm32cube.common.mx_6.14.1.202504091515\\db\/mcu/
2025-06-30 14:23:25,350 [INFO] ApiDb:274 - Set plugin database path to: C:\ST\STM32CubeIDE_1.18.1\STM32CubeIDE\plugins\com.st.stm32cube.common.mx_6.14.1.202504091515\\db\/plugins/boardmanager/
2025-06-30 14:23:25,350 [WARN] ApiDb:259 - Overriding images path with different value:  => C:\ST\STM32CubeIDE_1.18.1\STM32CubeIDE\plugins\com.st.stm32cube.common.mx_6.14.1.202504091515\\db\/plugins/mcufinder/images/
2025-06-30 14:23:25,356 [INFO] ApiDb:250 - Set database path to: C:\Users\wh310\.stmcufinder\plugins\mcufinder//mcu/
2025-06-30 14:23:25,357 [INFO] DbMcusAds:125 - Set database path to: C:\Users\wh310\.stmcufinder\plugins\mcufinder//mcu/
2025-06-30 14:23:25,358 [INFO] CrossReferenceDbSqlite:203 - Set database path to: C:\Users\wh310\.stmcufinder\plugins\mcufinder//mcu/cs/
2025-06-30 14:23:25,444 [INFO] RulesReader:64 - Compatibility file has been processed (302 Rules)
2025-06-30 14:23:25,512 [INFO] DbMcusXml:78 - Set database path to: C:\ST\STM32CubeIDE_1.18.1\STM32CubeIDE\plugins\com.st.stm32cube.common.mx_6.14.1.202504091515\\db\/mcu/
2025-06-30 14:23:25,513 [INFO] ApiDb:274 - Set plugin database path to: C:\ST\STM32CubeIDE_1.18.1\STM32CubeIDE\plugins\com.st.stm32cube.common.mx_6.14.1.202504091515\\db\/plugins/boardmanager/
2025-06-30 14:23:25,513 [INFO] ApiDb:261 - Set plugin images path to: C:\ST\STM32CubeIDE_1.18.1\STM32CubeIDE\plugins\com.st.stm32cube.common.mx_6.14.1.202504091515\\db\/plugins/mcufinder/images/
2025-06-30 14:23:25,513 [WARN] DbFile:41 - Overriding database path with different value: C:\Users\wh310\.stmcufinder\plugins\mcufinder/ => C:\Users\wh310\.stmcufinder\plugins\mcufinder
2025-06-30 14:23:25,513 [INFO] ApiDb:250 - Set database path to: C:\Users\wh310\.stmcufinder\plugins\mcufinder//mcu/
2025-06-30 14:23:25,513 [WARN] DbFile:41 - Overriding database path with different value: C:\Users\wh310\.stmcufinder\plugins\mcufinder/ => C:\Users\wh310\.stmcufinder\plugins\mcufinder
2025-06-30 14:23:25,513 [INFO] DbMcusAds:125 - Set database path to: C:\Users\wh310\.stmcufinder\plugins\mcufinder//mcu/
2025-06-30 14:23:25,513 [WARN] DbFile:41 - Overriding database path with different value: C:\Users\wh310\.stmcufinder\plugins\mcufinder/ => C:\Users\wh310\.stmcufinder\plugins\mcufinder
2025-06-30 14:23:25,513 [WARN] DbFile:41 - Overriding database path with different value: C:\Users\wh310\.stmcufinder\plugins\mcufinder/ => C:\Users\wh310\.stmcufinder\plugins\mcufinder
2025-06-30 14:23:25,513 [INFO] CrossReferenceDbSqlite:203 - Set database path to: C:\Users\wh310\.stmcufinder\plugins\mcufinder//mcu/cs/
2025-06-30 14:23:25,571 [INFO] MainPanel:272 - HeapMemory: 268435456
2025-06-30 14:23:25,653 [INFO] DbMcusXml:78 - Set database path to: C:\ST\STM32CubeIDE_1.18.1\STM32CubeIDE\plugins\com.st.stm32cube.common.mx_6.14.1.202504091515\\db\/mcu/
2025-06-30 14:23:25,653 [INFO] ApiDb:274 - Set plugin database path to: C:\ST\STM32CubeIDE_1.18.1\STM32CubeIDE\plugins\com.st.stm32cube.common.mx_6.14.1.202504091515\\db\/plugins/boardmanager/
2025-06-30 14:23:25,653 [INFO] ApiDb:261 - Set plugin images path to: C:\ST\STM32CubeIDE_1.18.1\STM32CubeIDE\plugins\com.st.stm32cube.common.mx_6.14.1.202504091515\\db\/plugins/mcufinder/images/
2025-06-30 14:23:25,653 [WARN] DbFile:41 - Overriding database path with different value: C:\Users\wh310\.stmcufinder\plugins\mcufinder/ => C:\Users\wh310\.stmcufinder\plugins\mcufinder
2025-06-30 14:23:25,653 [INFO] ApiDb:250 - Set database path to: C:\Users\wh310\.stmcufinder\plugins\mcufinder//mcu/
2025-06-30 14:23:25,654 [WARN] DbFile:41 - Overriding database path with different value: C:\Users\wh310\.stmcufinder\plugins\mcufinder/ => C:\Users\wh310\.stmcufinder\plugins\mcufinder
2025-06-30 14:23:25,654 [INFO] DbMcusAds:125 - Set database path to: C:\Users\wh310\.stmcufinder\plugins\mcufinder//mcu/
2025-06-30 14:23:25,654 [WARN] DbFile:41 - Overriding database path with different value: C:\Users\wh310\.stmcufinder\plugins\mcufinder/ => C:\Users\wh310\.stmcufinder\plugins\mcufinder
2025-06-30 14:23:25,654 [WARN] DbFile:41 - Overriding database path with different value: C:\Users\wh310\.stmcufinder\plugins\mcufinder/ => C:\Users\wh310\.stmcufinder\plugins\mcufinder
2025-06-30 14:23:25,654 [INFO] CrossReferenceDbSqlite:203 - Set database path to: C:\Users\wh310\.stmcufinder\plugins\mcufinder//mcu/cs/
2025-06-30 14:23:25,669 [INFO] ApplicationProperties:184 - Using Application install path: C:\ST\STM32CubeIDE_1.18.1\STM32CubeIDE\plugins\com.st.stm32cube.common.mx_6.14.1.202504091515
2025-06-30 14:23:25,670 [INFO] PluginManage:196 - Search for loadable plugins [exclusion list=, ]
2025-06-30 14:23:25,671 [INFO] PluginManage:310 - Check plugin analytics
2025-06-30 14:23:25,795 [INFO] AnalyticsPlugin:253 - Accepted Software Licenses: STM32CubeMX.6.14.1
2025-06-30 14:23:25,795 [INFO] AnalyticsPlugin:255 - Accepted CMSIS Pack Licenses: 
2025-06-30 14:23:25,795 [INFO] AnalyticsPlugin:257 - Accepted Firmware Licenses: 
2025-06-30 14:23:25,797 [INFO] PluginManage:359 - Loaded plugin analytics (category:tool,tabindex:-1)
2025-06-30 14:23:25,797 [INFO] PluginManage:310 - Check plugin cadmodel
2025-06-30 14:23:25,801 [INFO] CADModel:105 - Init CAD model plugin
2025-06-30 14:23:25,802 [INFO] PluginManage:359 - Loaded plugin cadmodel (category:power,tabindex:5)
2025-06-30 14:23:25,802 [INFO] PluginManage:310 - Check plugin clock
2025-06-30 14:23:25,809 [INFO] PluginManage:359 - Loaded plugin clock (category:base,tabindex:2)
2025-06-30 14:23:25,810 [INFO] PluginManage:310 - Check plugin ddr
2025-06-30 14:23:25,812 [INFO] PluginManage:359 - Loaded plugin ddr (category:tool,tabindex:6)
2025-06-30 14:23:25,812 [INFO] PluginManage:310 - Check plugin filemanager
2025-06-30 14:23:25,919 [INFO] PluginManage:359 - Loaded plugin filemanager (category:base,tabindex:10)
2025-06-30 14:23:25,919 [INFO] PluginManage:310 - Check plugin ipmanager
2025-06-30 14:23:25,925 [INFO] PluginManage:359 - Loaded plugin ipmanager (category:base,tabindex:5)
2025-06-30 14:23:25,925 [INFO] PluginManage:310 - Check plugin lpbam
2025-06-30 14:23:25,931 [INFO] PluginManage:359 - Loaded plugin lpbam (category:base,tabindex:0)
2025-06-30 14:23:25,931 [INFO] PluginManage:310 - Check plugin memorymap
2025-06-30 14:23:25,943 [INFO] PluginManage:359 - Loaded plugin memorymap (category:base,tabindex:4)
2025-06-30 14:23:25,943 [INFO] PluginManage:310 - Check plugin pinoutandconfiguration
2025-06-30 14:23:25,950 [INFO] PluginManage:359 - Loaded plugin pinoutandconfiguration (category:base,tabindex:1)
2025-06-30 14:23:25,950 [INFO] PluginManage:310 - Check plugin pinoutconfig
2025-06-30 14:23:26,021 [WARN] SupportedApi:132 - Cannot load RTOS API schema: s4s-elt-must-match.1: The content of 'definitions' must match (annotation?, (simpleType | complexType)?, (unique | key | keyref)*)). A problem was found starting at: attribute.
2025-06-30 14:23:26,139 [INFO] PluginManage:359 - Loaded plugin pinoutconfig (category:base,tabindex:0)
2025-06-30 14:23:26,139 [INFO] PluginManage:310 - Check plugin power
2025-06-30 14:23:26,146 [INFO] PluginManage:359 - Loaded plugin power (category:power,tabindex:4)
2025-06-30 14:23:26,148 [INFO] PluginManage:310 - Check plugin projectmanager
2025-06-30 14:23:26,159 [INFO] PluginManage:359 - Loaded plugin projectmanager (category:projectmanager,tabindex:4)
2025-06-30 14:23:26,159 [INFO] PluginManage:310 - Check plugin rif
2025-06-30 14:23:26,166 [INFO] PluginManage:359 - Loaded plugin rif (category:base,tabindex:3)
2025-06-30 14:23:26,166 [INFO] PluginManage:310 - Check plugin thirdparty
2025-06-30 14:23:26,274 [INFO] PluginManage:359 - Loaded plugin thirdparty (category:base,tabindex:-1)
2025-06-30 14:23:26,274 [WARN] IntegrityCheckThread:84 - waiting for thirdparty lock release [integrity check]
2025-06-30 14:23:26,274 [INFO] IntegrityCheckThread:86 - entering critical section [integrity check]
2025-06-30 14:23:26,274 [INFO] PluginManage:310 - Check plugin tools
2025-06-30 14:23:26,275 [INFO] ThirdPartyUpdaterWithRetryManager:70 - Updater plugin not ready yet. [1/15]
2025-06-30 14:23:26,278 [INFO] PluginManage:359 - Loaded plugin tools (category:base,tabindex:7)
2025-06-30 14:23:26,278 [INFO] PluginManage:310 - Check plugin tutovideos
2025-06-30 14:23:26,420 [INFO] PluginManage:359 - Loaded plugin tutovideos (category:base,tabindex:-1)
2025-06-30 14:23:26,420 [INFO] PluginManage:310 - Check plugin updater
2025-06-30 14:23:26,438 [INFO] PluginManage:359 - Loaded plugin updater (category:base,tabindex:12)
2025-06-30 14:23:26,438 [INFO] PluginManage:310 - Check plugin userauth
2025-06-30 14:23:26,442 [INFO] UserAuth:118 - Init User Auth plugin
2025-06-30 14:23:26,443 [INFO] PluginManage:359 - Loaded plugin userauth (category:base,tabindex:14)
2025-06-30 14:23:26,443 [INFO] PluginManage:283 - PluginManage : Loaded plugins [18]
2025-06-30 14:23:26,639 [INFO] PinOutPanel:1589 - setPackage(No Configuration,No Configuration)
2025-06-30 14:23:26,713 [INFO] CADModel:165 - CPN selected for project level
2025-06-30 14:23:26,713 [INFO] CADModel:114 - Register for checkConnection events
2025-06-30 14:23:26,729 [INFO] IPUIPlugin:80 - create IPUIPlugin
2025-06-30 14:23:26,729 [INFO] PluginManager:220 - loadIPPluginJar : add adc
2025-06-30 14:23:26,732 [INFO] IPUIPlugin:80 - create IPUIPlugin
2025-06-30 14:23:26,732 [INFO] PluginManager:220 - loadIPPluginJar : add aes
2025-06-30 14:23:26,735 [INFO] IPUIPlugin:80 - create IPUIPlugin
2025-06-30 14:23:26,735 [INFO] PluginManager:220 - loadIPPluginJar : add can
2025-06-30 14:23:26,736 [INFO] IPUIPlugin:80 - create IPUIPlugin
2025-06-30 14:23:26,736 [INFO] PluginManager:220 - loadIPPluginJar : add comp
2025-06-30 14:23:26,739 [INFO] IPUIPlugin:80 - create IPUIPlugin
2025-06-30 14:23:26,739 [INFO] PluginManager:220 - loadIPPluginJar : add cryp
2025-06-30 14:23:26,741 [INFO] IPUIPlugin:80 - create IPUIPlugin
2025-06-30 14:23:26,741 [INFO] PluginManager:220 - loadIPPluginJar : add ddr_ctrl_phy
2025-06-30 14:23:26,743 [INFO] IPUIPlugin:80 - create IPUIPlugin
2025-06-30 14:23:26,743 [INFO] PluginManager:220 - loadIPPluginJar : add dfsdm
2025-06-30 14:23:26,747 [INFO] IPUIPlugin:80 - create IPUIPlugin
2025-06-30 14:23:26,747 [INFO] PluginManager:220 - loadIPPluginJar : add dma
2025-06-30 14:23:26,750 [INFO] IPUIPlugin:80 - create IPUIPlugin
2025-06-30 14:23:26,750 [INFO] PluginManager:220 - loadIPPluginJar : add dma3
2025-06-30 14:23:26,752 [INFO] IPUIPlugin:80 - create IPUIPlugin
2025-06-30 14:23:26,752 [INFO] PluginManager:220 - loadIPPluginJar : add extmemmanager
2025-06-30 14:23:26,753 [INFO] IPUIPlugin:80 - create IPUIPlugin
2025-06-30 14:23:26,753 [INFO] PluginManager:220 - loadIPPluginJar : add fatfs
2025-06-30 14:23:26,757 [INFO] IPUIPlugin:80 - create IPUIPlugin
2025-06-30 14:23:26,757 [INFO] PluginManager:220 - loadIPPluginJar : add fmc
2025-06-30 14:23:26,763 [INFO] IPUIPlugin:80 - create IPUIPlugin
2025-06-30 14:23:26,764 [INFO] PluginManager:220 - loadIPPluginJar : add freertos
2025-06-30 14:23:26,765 [INFO] IPUIPlugin:80 - create IPUIPlugin
2025-06-30 14:23:26,765 [INFO] PluginManager:220 - loadIPPluginJar : add genericplugin
2025-06-30 14:23:26,766 [INFO] IPUIPlugin:80 - create IPUIPlugin
2025-06-30 14:23:26,766 [INFO] PluginManager:220 - loadIPPluginJar : add gfxmmu
2025-06-30 14:23:26,771 [INFO] IPUIPlugin:80 - create IPUIPlugin
2025-06-30 14:23:26,771 [INFO] PluginManager:220 - loadIPPluginJar : add gic
2025-06-30 14:23:26,775 [INFO] IPUIPlugin:80 - create IPUIPlugin
2025-06-30 14:23:26,775 [INFO] PluginManager:220 - loadIPPluginJar : add gpio
2025-06-30 14:23:26,777 [INFO] IPUIPlugin:80 - create IPUIPlugin
2025-06-30 14:23:26,778 [INFO] PluginManager:220 - loadIPPluginJar : add gtzc
2025-06-30 14:23:26,779 [INFO] IPUIPlugin:80 - create IPUIPlugin
2025-06-30 14:23:26,779 [INFO] PluginManager:220 - loadIPPluginJar : add hash
2025-06-30 14:23:26,782 [INFO] IPUIPlugin:80 - create IPUIPlugin
2025-06-30 14:23:26,782 [INFO] PluginManager:220 - loadIPPluginJar : add i2c
2025-06-30 14:23:26,784 [INFO] IPUIPlugin:80 - create IPUIPlugin
2025-06-30 14:23:26,784 [INFO] PluginManager:220 - loadIPPluginJar : add i2s
2025-06-30 14:23:26,786 [INFO] IPUIPlugin:80 - create IPUIPlugin
2025-06-30 14:23:26,786 [INFO] PluginManager:220 - loadIPPluginJar : add i3c
2025-06-30 14:23:26,789 [INFO] IPUIPlugin:80 - create IPUIPlugin
2025-06-30 14:23:26,789 [INFO] PluginManager:220 - loadIPPluginJar : add ipddr
2025-06-30 14:23:26,794 [INFO] IPUIPlugin:80 - create IPUIPlugin
2025-06-30 14:23:26,794 [INFO] PluginManager:220 - loadIPPluginJar : add linkedlist
2025-06-30 14:23:26,797 [INFO] IPUIPlugin:80 - create IPUIPlugin
2025-06-30 14:23:26,797 [INFO] PluginManager:220 - loadIPPluginJar : add lorawan
2025-06-30 14:23:26,798 [INFO] IPUIPlugin:80 - create IPUIPlugin
2025-06-30 14:23:26,798 [INFO] PluginManager:220 - loadIPPluginJar : add ltdc
2025-06-30 14:23:26,801 [INFO] IPUIPlugin:80 - create IPUIPlugin
2025-06-30 14:23:26,801 [INFO] PluginManager:220 - loadIPPluginJar : add mdma
2025-06-30 14:23:26,804 [INFO] IPUIPlugin:80 - create IPUIPlugin
2025-06-30 14:23:26,804 [INFO] PluginManager:220 - loadIPPluginJar : add nvic
2025-06-30 14:23:26,806 [INFO] IPUIPlugin:80 - create IPUIPlugin
2025-06-30 14:23:26,806 [INFO] PluginManager:220 - loadIPPluginJar : add opamp
2025-06-30 14:23:26,808 [INFO] IPUIPlugin:80 - create IPUIPlugin
2025-06-30 14:23:26,808 [INFO] PluginManager:220 - loadIPPluginJar : add openamp
2025-06-30 14:23:26,811 [INFO] IPUIPlugin:80 - create IPUIPlugin
2025-06-30 14:23:26,811 [INFO] PluginManager:220 - loadIPPluginJar : add pdm2pcm
2025-06-30 14:23:26,815 [INFO] IPUIPlugin:80 - create IPUIPlugin
2025-06-30 14:23:26,817 [INFO] PluginManager:220 - loadIPPluginJar : add plateformsettings
2025-06-30 14:23:26,818 [INFO] IPUIPlugin:80 - create IPUIPlugin
2025-06-30 14:23:26,818 [INFO] PluginManager:220 - loadIPPluginJar : add quadspi
2025-06-30 14:23:26,819 [INFO] IPUIPlugin:80 - create IPUIPlugin
2025-06-30 14:23:26,819 [INFO] PluginManager:220 - loadIPPluginJar : add radio
2025-06-30 14:23:26,822 [INFO] IPUIPlugin:80 - create IPUIPlugin
2025-06-30 14:23:26,822 [INFO] PluginManager:220 - loadIPPluginJar : add resmgrutility
2025-06-30 14:23:26,824 [INFO] IPUIPlugin:80 - create IPUIPlugin
2025-06-30 14:23:26,824 [INFO] PluginManager:220 - loadIPPluginJar : add sai
2025-06-30 14:23:26,826 [INFO] IPUIPlugin:80 - create IPUIPlugin
2025-06-30 14:23:26,826 [INFO] PluginManager:220 - loadIPPluginJar : add spi
2025-06-30 14:23:26,830 [INFO] IPUIPlugin:80 - create IPUIPlugin
2025-06-30 14:23:26,830 [INFO] PluginManager:220 - loadIPPluginJar : add stm32_wpan
2025-06-30 14:23:26,832 [INFO] IPUIPlugin:80 - create IPUIPlugin
2025-06-30 14:23:26,832 [INFO] PluginManager:220 - loadIPPluginJar : add tim
2025-06-30 14:23:26,834 [INFO] IPUIPlugin:80 - create IPUIPlugin
2025-06-30 14:23:26,834 [INFO] PluginManager:220 - loadIPPluginJar : add touchsensing
2025-06-30 14:23:26,836 [INFO] IPUIPlugin:80 - create IPUIPlugin
2025-06-30 14:23:26,836 [INFO] PluginManager:220 - loadIPPluginJar : add tracer_emb
2025-06-30 14:23:26,837 [INFO] IPUIPlugin:80 - create IPUIPlugin
2025-06-30 14:23:26,837 [INFO] PluginManager:220 - loadIPPluginJar : add ts
2025-06-30 14:23:26,839 [INFO] IPUIPlugin:80 - create IPUIPlugin
2025-06-30 14:23:26,839 [INFO] PluginManager:220 - loadIPPluginJar : add tsc
2025-06-30 14:23:26,840 [INFO] IPUIPlugin:80 - create IPUIPlugin
2025-06-30 14:23:26,840 [INFO] PluginManager:220 - loadIPPluginJar : add ucpd
2025-06-30 14:23:26,842 [INFO] IPUIPlugin:80 - create IPUIPlugin
2025-06-30 14:23:26,842 [INFO] PluginManager:220 - loadIPPluginJar : add usart
2025-06-30 14:23:26,844 [INFO] IPUIPlugin:80 - create IPUIPlugin
2025-06-30 14:23:26,844 [INFO] PluginManager:220 - loadIPPluginJar : add usbx
2025-06-30 14:23:26,957 [FATAL] Updater:351 - Updater called before beeing initialized
2025-06-30 14:23:26,988 [INFO] RulesReader:64 - Compatibility file has been processed (302 Rules)
2025-06-30 14:23:26,998 [INFO] RulesReader:64 - Compatibility file has been processed (302 Rules)
2025-06-30 14:23:27,003 [INFO] CADModel:165 - CPN selected for project level
2025-06-30 14:23:27,003 [INFO] CADModel:114 - Register for checkConnection events
2025-06-30 14:23:27,003 [FATAL] Updater:351 - Updater called before beeing initialized
2025-06-30 14:23:27,003 [ERROR] CADModel:125 - Updater not yet initialized, retry later 
2025-06-30 14:23:27,135 [FATAL] Updater:351 - Updater called before beeing initialized
2025-06-30 14:23:27,137 [INFO] CADModel:165 - CPN selected for project level
2025-06-30 14:23:27,137 [INFO] CADModel:114 - Register for checkConnection events
2025-06-30 14:23:27,137 [FATAL] Updater:351 - Updater called before beeing initialized
2025-06-30 14:23:27,137 [ERROR] CADModel:125 - Updater not yet initialized, retry later 
2025-06-30 14:23:27,140 [FATAL] Updater:351 - Updater called before beeing initialized
2025-06-30 14:23:27,233 [FATAL] Updater:351 - Updater called before beeing initialized
2025-06-30 14:23:27,236 [INFO] DbMcusAds:53 - JSON generation date=Wed May 07 18:07:55 KST 2025 (1746608875638)
2025-06-30 14:23:27,236 [FATAL] Updater:351 - Updater called before beeing initialized
2025-06-30 14:23:27,266 [WARN] DetailPanel:346 - Failed to get advertising image, set to default
2025-06-30 14:23:27,461 [FATAL] Updater:351 - Updater called before beeing initialized
2025-06-30 14:23:27,463 [FATAL] Updater:351 - Updater called before beeing initialized
2025-06-30 14:23:27,463 [FATAL] Updater:351 - Updater called before beeing initialized
2025-06-30 14:23:27,463 [WARN] DetailPanel:346 - Failed to get advertising image, set to default
2025-06-30 14:23:27,464 [FATAL] Updater:351 - Updater called before beeing initialized
2025-06-30 14:23:27,497 [ERROR] Updater:1198 - MainUpdater not yet initialized. External WinMGr cannot be set.
2025-06-30 14:23:27,499 [INFO] Updater:1134 - Updater Version found : 6.14.1
2025-06-30 14:23:27,514 [INFO] ApplicationProperties:184 - Using Application install path: C:\ST\STM32CubeIDE_1.18.1\STM32CubeIDE\plugins\com.st.stm32cube.common.mx_6.14.1.202504091515
2025-06-30 14:23:29,082 [ERROR] LogOutputStream:75 - [STDERR_REDIRECT] Jun 30, 2025 2:23:29 PM java.util.prefs.WindowsPreferences <init>
2025-06-30 14:23:29,083 [ERROR] LogOutputStream:75 - [STDERR_REDIRECT] WARNING: Could not open/create prefs root node Software\JavaSoft\Prefs at root 0xffffffff80000002. Windows RegCreateKeyEx(...) returned error code 5.
2025-06-30 14:23:29,083 [ERROR] LogOutputStream:75 - [STDERR_REDIRECT] 
2025-06-30 14:23:29,277 [INFO] ThirdPartyUpdaterWithRetryManager:70 - Updater plugin not ready yet. [2/15]
2025-06-30 14:23:29,633 [INFO] MainUpdater:2872 - connection check result : 10
2025-06-30 14:23:29,634 [INFO] MainUpdater:289 - Updater Check For Update Now.
2025-06-30 14:23:29,634 [INFO] MicroXplorer:498 - Change Database Version : DB.6.0.141
2025-06-30 14:23:29,637 [INFO] McuFinderGlobals:63 - Set McuFinder mode to 2 (CubeIDE integrated)
2025-06-30 14:23:29,637 [INFO] UserAuth:484 - Internet connection configuration mode: 1
2025-06-30 14:23:29,651 [INFO] JxBrowserEngine:152 - Initiate JxBrowser Engine with user profile folder
2025-06-30 14:23:29,786 [INFO] CheckServerUpdateThread:120 - End of CheckServer Thread
2025-06-30 14:23:31,132 [INFO] WebApp:169 - Instantiating new browser for Auth
2025-06-30 14:23:31,664 [INFO] WebApp:463 - Apply proxy settings
2025-06-30 14:23:31,664 [INFO] WebApp:548 - Chromium requires no authentication
2025-06-30 14:23:31,671 [INFO] WebApp:491 - Direct internet connection detected
2025-06-30 14:23:31,688 [INFO] WebApp:894 - Register for checkConnection events
2025-06-30 14:23:31,688 [INFO] WebApp:463 - Apply proxy settings
2025-06-30 14:23:31,688 [INFO] WebApp:548 - Chromium requires no authentication
2025-06-30 14:23:31,689 [INFO] WebApp:491 - Direct internet connection detected
2025-06-30 14:23:31,803 [INFO] WebApp:225 - Starting web application
2025-06-30 14:23:31,803 [INFO] WebApp:593 - Web application path used C:\ST\STM32CubeIDE_1.18.1\STM32CubeIDE\plugins\com.st.stm32cube.common.mx_6.14.1.202504091515\db\plugins\mcufinder\reactClient1\index.html
2025-06-30 14:23:31,905 [INFO] UserAuth:484 - Internet connection configuration mode: 1
2025-06-30 14:23:31,991 [INFO] WebApp:191 - Connection restablished
2025-06-30 14:23:32,505 [WARN] PackLoader:240 - Cannot read IP mode file for STMicroelectronics.FP-SNS-MOTENVWB1.1.4.0
2025-06-30 14:23:32,512 [WARN] PackLoader:240 - Cannot read IP mode file for STMicroelectronics.FP-ATR-ASTRA1.2.0.2
2025-06-30 14:23:32,519 [WARN] PackLoader:240 - Cannot read IP mode file for STMicroelectronics.X-CUBE-SMBUS.2.1.0
2025-06-30 14:23:32,523 [WARN] PackLoader:240 - Cannot read IP mode file for STMicroelectronics.X-CUBE-ST60.1.0.0
2025-06-30 14:23:32,546 [WARN] PackLoader:240 - Cannot read IP mode file for STMicroelectronics.X-CUBE-AZRTOS-F7.1.1.0
2025-06-30 14:23:32,572 [WARN] PackLoader:240 - Cannot read IP mode file for Infineon.AIROC-Wi-Fi-Bluetooth-STM32.1.7.0
2025-06-30 14:23:32,589 [WARN] PackLoader:240 - Cannot read IP mode file for STMicroelectronics.X-CUBE-DISPLAY.3.0.0
2025-06-30 14:23:32,598 [WARN] PackLoader:240 - Cannot read IP mode file for STMicroelectronics.X-CUBE-NFC10.1.0.0
2025-06-30 14:23:32,606 [WARN] PackLoader:240 - Cannot read IP mode file for STMicroelectronics.X-CUBE-BLEMGR.4.0.0
2025-06-30 14:23:32,612 [WARN] PackLoader:240 - Cannot read IP mode file for emotas.I-CUBE-CANOPEN.1.3.0
2025-06-30 14:23:32,618 [WARN] ConditionMgr:438 - getConditionDescription Invalid condition id : Cortex-A Device cause : null
2025-06-30 14:23:32,628 [WARN] ConditionMgr:1044 - genDependencies : Invalid condition id : Cortex-A Device cause : null
2025-06-30 14:23:32,629 [WARN] ConditionMgr:1044 - genDependencies : Invalid condition id : Cortex-A Device cause : null
2025-06-30 14:23:32,629 [WARN] ConditionMgr:1044 - genDependencies : Invalid condition id : Cortex-A Device cause : null
2025-06-30 14:23:32,633 [WARN] PackLoader:240 - Cannot read IP mode file for STMicroelectronics.X-CUBE-AI.10.0.0
2025-06-30 14:23:32,636 [WARN] PackLoader:240 - Cannot read IP mode file for STMicroelectronics.FP-SNS-SMARTAG2.1.2.0
2025-06-30 14:23:32,640 [WARN] PackLoader:240 - Cannot read IP mode file for STMicroelectronics.FP-SNS-FLIGHT1.5.1.0
2025-06-30 14:23:32,649 [INFO] LogOutputStream:77 - [STDOUT_REDIRECT] 1 : Invalid condition id : UX_CORESTACK_Condition cause : null
2025-06-30 14:23:32,649 [INFO] LogOutputStream:77 - [STDOUT_REDIRECT] 1 : Invalid condition id : UX_CORESTACK_Condition cause : null
2025-06-30 14:23:32,650 [INFO] LogOutputStream:77 - [STDOUT_REDIRECT] 1 : Invalid condition id : UX_CORESTACK_Condition cause : null
2025-06-30 14:23:32,651 [INFO] LogOutputStream:77 - [STDOUT_REDIRECT] 1 : Invalid condition id : UX_CORESTACK_Condition cause : null
2025-06-30 14:23:32,653 [INFO] LogOutputStream:77 - [STDOUT_REDIRECT] 1 : Invalid condition id : UX_CORESTACK_Condition cause : null
2025-06-30 14:23:32,654 [WARN] PackLoader:240 - Cannot read IP mode file for STMicroelectronics.X-CUBE-AZRTOS-WL.2.0.0
2025-06-30 14:23:32,658 [WARN] PackLoader:240 - Cannot read IP mode file for STMicroelectronics.FP-SNS-MOTENV1.5.0.0
2025-06-30 14:23:32,664 [WARN] PackLoader:240 - Cannot read IP mode file for WES.I-CUBE-Cesium.1.3.0
2025-06-30 14:23:32,668 [WARN] PackLoader:240 - Cannot read IP mode file for STMicroelectronics.X-CUBE-BLE2.3.3.0
2025-06-30 14:23:32,674 [WARN] PackLoader:240 - Cannot read IP mode file for STMicroelectronics.X-CUBE-NFC9.1.0.0
2025-06-30 14:23:32,678 [WARN] PackLoader:240 - Cannot read IP mode file for STMicroelectronics.X-CUBE-BLE1.7.1.0
2025-06-30 14:23:32,681 [WARN] PackLoader:240 - Cannot read IP mode file for wolfSSL.I-CUBE-wolfMQTT.1.19.2
2025-06-30 14:23:32,683 [WARN] PackLoader:240 - Cannot read IP mode file for STMicroelectronics.X-CUBE-AI.10.1.0
2025-06-30 14:23:32,715 [WARN] PackLoader:240 - Cannot read IP mode file for STMicroelectronics.X-CUBE-MEMS1.11.2.0
2025-06-30 14:23:32,808 [WARN] PackLoader:240 - Cannot read IP mode file for STMicroelectronics.X-CUBE-AZRTOS-G0.1.1.0
2025-06-30 14:23:32,814 [WARN] PackLoader:240 - Cannot read IP mode file for STMicroelectronics.X-CUBE-SAFEA1.1.2.2
2025-06-30 14:23:32,819 [WARN] PackLoader:240 - Cannot read IP mode file for STMicroelectronics.X-CUBE-NFC4.3.0.0
2025-06-30 14:23:32,839 [WARN] PackLoader:240 - Cannot read IP mode file for EmbeddedOffice.I-CUBE-FS-RTOS.1.0.1
2025-06-30 14:23:32,844 [WARN] PackLoader:240 - Cannot read IP mode file for STMicroelectronics.X-CUBE-WB05N.2.0.0
2025-06-30 14:23:32,848 [WARN] PackLoader:240 - Cannot read IP mode file for wolfSSL.I-CUBE-wolfTPM.3.8.0
2025-06-30 14:23:32,853 [WARN] PackLoader:240 - Cannot read IP mode file for STMicroelectronics.X-CUBE-TCPP.4.2.0
2025-06-30 14:23:32,859 [WARN] PackLoader:240 - Cannot read IP mode file for RealThread.X-CUBE-RT-Thread_Nano.4.1.1
2025-06-30 14:23:32,862 [WARN] PackLoader:240 - Cannot read IP mode file for STMicroelectronics.FP-ATR-SIGFOX1.3.2.0
2025-06-30 14:23:32,867 [WARN] PackLoader:240 - Cannot read IP mode file for STMicroelectronics.X-CUBE-EEPRMA1.5.1.0
2025-06-30 14:23:32,871 [WARN] PackLoader:240 - Cannot read IP mode file for wolfSSL.I-CUBE-wolfSSL.5.7.6
2025-06-30 14:23:32,875 [WARN] PackLoader:240 - Cannot read IP mode file for ITTIA_DB.I-CUBE-ITTIADB.8.9.0
2025-06-30 14:23:32,881 [WARN] PackLoader:240 - Cannot read IP mode file for STMicroelectronics.X-CUBE-ST67W61.1.0.0
2025-06-30 14:23:32,901 [WARN] PackLoader:240 - Cannot read IP mode file for SEGGER.I-CUBE-embOS.1.3.1
2025-06-30 14:23:32,924 [WARN] PackLoader:240 - Cannot read IP mode file for STMicroelectronics.X-CUBE-ALGOBUILD.1.4.0
2025-06-30 14:23:32,949 [WARN] PackLoader:240 - Cannot read IP mode file for STMicroelectronics.X-CUBE-MEMS1.11.3.0
2025-06-30 14:23:33,004 [WARN] PackLoader:240 - Cannot read IP mode file for STMicroelectronics.X-CUBE-PM33A1.1.0.0
2025-06-30 14:23:33,012 [WARN] PackLoader:240 - Cannot read IP mode file for STMicroelectronics.X-CUBE-AZRTOS-F4.1.1.0
2025-06-30 14:23:33,016 [WARN] PackLoader:240 - Cannot read IP mode file for Avnet-IotConnect.X-CUBE-IoTC-DA16k-PMOD.1.0.0
2025-06-30 14:23:33,019 [WARN] PackLoader:240 - Cannot read IP mode file for STMicroelectronics.X-CUBE-ISPU.2.1.0
2025-06-30 14:23:33,027 [WARN] PackLoader:240 - Cannot read IP mode file for STMicroelectronics.X-CUBE-AZRTOS-L5.2.0.0
2025-06-30 14:23:33,033 [WARN] PackLoader:240 - Cannot read IP mode file for STMicroelectronics.X-CUBE-NFC6.3.1.0
2025-06-30 14:23:33,037 [WARN] PackLoader:240 - Cannot read IP mode file for STMicroelectronics.X-CUBE-FREERTOS.1.3.1
2025-06-30 14:23:33,043 [WARN] PackLoader:240 - Cannot read IP mode file for STMicroelectronics.X-CUBE-FREERTOS.1.3.0
2025-06-30 14:23:33,046 [WARN] PackLoader:240 - Cannot read IP mode file for STMicroelectronics.FP-SNS-STAIOTCFT.1.0.0
2025-06-30 14:23:33,050 [WARN] PackLoader:240 - Cannot read IP mode file for STMicroelectronics.X-CUBE-DPower.1.3.0
2025-06-30 14:23:33,058 [WARN] ConditionMgr:438 - getConditionDescription Invalid condition id : LAN8742 Phy interface Condition cause : null
2025-06-30 14:23:33,059 [WARN] PackLoader:240 - Cannot read IP mode file for STMicroelectronics.X-CUBE-AZRTOS-L4.2.0.0
2025-06-30 14:23:33,059 [WARN] ConditionMgr:1044 - genDependencies : Invalid condition id : LAN8742 Phy interface Condition cause : null
2025-06-30 14:23:33,059 [WARN] ConditionMgr:1044 - genDependencies : Invalid condition id : LAN8742 Phy interface Condition cause : null
2025-06-30 14:23:33,060 [WARN] ConditionMgr:1044 - genDependencies : Invalid condition id : LAN8742 Phy interface Condition cause : null
2025-06-30 14:23:33,065 [WARN] PackLoader:240 - Cannot read IP mode file for STMicroelectronics.X-CUBE-SFXS2LP1.4.0.0
2025-06-30 14:23:33,075 [WARN] PackLoader:240 - Cannot read IP mode file for STMicroelectronics.X-CUBE-AZRTOS-H7.3.3.0
2025-06-30 14:23:33,082 [WARN] ConditionMgr:438 - getConditionDescription Invalid condition id : UX DEVICE CLASS RTOS Condition cause : null
2025-06-30 14:23:33,083 [WARN] ConditionMgr:438 - getConditionDescription Invalid condition id : UX DEVICE CLASS RTOS Condition cause : null
2025-06-30 14:23:33,083 [WARN] PackLoader:240 - Cannot read IP mode file for STMicroelectronics.X-CUBE-AZRTOS-WB.2.0.0
2025-06-30 14:23:33,083 [WARN] ConditionMgr:1044 - genDependencies : Invalid condition id : UX DEVICE CLASS RTOS Condition cause : null
2025-06-30 14:23:33,085 [WARN] ConditionMgr:1044 - genDependencies : Invalid condition id : UX DEVICE CLASS RTOS Condition cause : null
2025-06-30 14:23:33,085 [WARN] ConditionMgr:1044 - genDependencies : Invalid condition id : UX DEVICE CLASS RTOS Condition cause : null
2025-06-30 14:23:33,085 [WARN] ConditionMgr:1044 - genDependencies : Invalid condition id : UX DEVICE CLASS RTOS Condition cause : null
2025-06-30 14:23:33,085 [WARN] ConditionMgr:1044 - genDependencies : Invalid condition id : UX DEVICE CLASS RTOS Condition cause : null
2025-06-30 14:23:33,088 [WARN] PackLoader:240 - Cannot read IP mode file for STMicroelectronics.X-CUBE-GNSS1.7.0.1
2025-06-30 14:23:33,092 [WARN] PackLoader:240 - Cannot read IP mode file for STMicroelectronics.X-CUBE-TOUCHGFX.4.25.0
2025-06-30 14:23:33,095 [WARN] PackLoader:240 - Cannot read IP mode file for STMicroelectronics.FP-SNS-STBOX1.2.0.0
2025-06-30 14:23:33,101 [WARN] PackLoader:240 - Cannot read IP mode file for STMicroelectronics.X-CUBE-SUBG2.5.0.0
2025-06-30 14:23:33,112 [WARN] PackLoader:240 - Cannot read IP mode file for STMicroelectronics.X-CUBE-AZRTOS-H7RS.1.1.0
2025-06-30 14:23:33,116 [WARN] PackLoader:240 - Cannot read IP mode file for Cesanta.I-CUBE-Mongoose.7.13.0
2025-06-30 14:23:33,123 [WARN] PackLoader:240 - Cannot read IP mode file for STMicroelectronics.X-CUBE-AZRTOS-G4.2.0.0
2025-06-30 14:23:33,127 [WARN] PackLoader:240 - Cannot read IP mode file for wolfSSL.I-CUBE-wolfSSH.1.4.20
2025-06-30 14:23:33,131 [WARN] PackLoader:240 - Cannot read IP mode file for STMicroelectronics.X-CUBE-NFC7.2.0.0
2025-06-30 14:23:33,138 [WARN] PackLoader:240 - Cannot read IP mode file for STMicroelectronics.X-CUBE-IPS.3.1.0
2025-06-30 14:23:33,143 [WARN] PackLoader:240 - Cannot read IP mode file for STMicroelectronics.X-CUBE-ALS.1.0.2
2025-06-30 14:23:33,147 [WARN] PackLoader:240 - Cannot read IP mode file for portGmbH.I-Cube-SoM-uGOAL.1.1.0
2025-06-30 14:23:33,153 [WARN] PackLoader:240 - Cannot read IP mode file for STMicroelectronics.X-CUBE-TOF1.3.4.3
2025-06-30 14:23:33,157 [INFO] ThirdParty:978 - Integrity check success = true
2025-06-30 14:23:33,157 [INFO] IntegrityCheckThread:100 - exiting critical section [integrity check]
2025-06-30 14:23:33,157 [INFO] IntegrityCheckThread:103 - End integrity checks thread
2025-06-30 19:46:31,756 [ERROR] LogOutputStream:75 - [STDERR_REDIRECT] 
