2025-05-13 20:08:31,398 [INFO] Activator:176 - 


2025-05-13 20:08:31,403 [INFO] Activator:177 - !SESSION log4j initialized
2025-05-13 20:08:35,343 [INFO] LogOutputStream:77 - [STDOUT_REDIRECT] 
2025-05-13 20:08:36,447 [INFO] ApplicationProperties:184 - Using Application install path: C:\ST\STM32CubeIDE_1.18.1\STM32CubeIDE\plugins\com.st.stm32cube.common.mx_6.14.1.202504091515
2025-05-13 20:08:36,460 [INFO] DbMcusXml:78 - Set database path to: C:\ST\STM32CubeIDE_1.18.1\STM32CubeIDE\plugins\com.st.stm32cube.common.mx_6.14.1.202504091515\\db\/mcu/
2025-05-13 20:08:36,461 [INFO] ApiDb:274 - Set plugin database path to: C:\ST\STM32CubeIDE_1.18.1\STM32CubeIDE\plugins\com.st.stm32cube.common.mx_6.14.1.202504091515\\db\/plugins/boardmanager/
2025-05-13 20:08:36,461 [WARN] ApiDb:259 - Overriding images path with different value:  => C:\ST\STM32CubeIDE_1.18.1\STM32CubeIDE\plugins\com.st.stm32cube.common.mx_6.14.1.202504091515\\db\/plugins/mcufinder/images/
2025-05-13 20:08:36,467 [INFO] ApiDb:250 - Set database path to: C:\Users\wh310\.stmcufinder\plugins\mcufinder//mcu/
2025-05-13 20:08:36,467 [INFO] DbMcusAds:125 - Set database path to: C:\Users\wh310\.stmcufinder\plugins\mcufinder//mcu/
2025-05-13 20:08:36,468 [INFO] CrossReferenceDbSqlite:203 - Set database path to: C:\Users\wh310\.stmcufinder\plugins\mcufinder//mcu/cs/
2025-05-13 20:08:36,554 [INFO] RulesReader:64 - Compatibility file has been processed (302 Rules)
2025-05-13 20:08:36,620 [INFO] DbMcusXml:78 - Set database path to: C:\ST\STM32CubeIDE_1.18.1\STM32CubeIDE\plugins\com.st.stm32cube.common.mx_6.14.1.202504091515\\db\/mcu/
2025-05-13 20:08:36,620 [INFO] ApiDb:274 - Set plugin database path to: C:\ST\STM32CubeIDE_1.18.1\STM32CubeIDE\plugins\com.st.stm32cube.common.mx_6.14.1.202504091515\\db\/plugins/boardmanager/
2025-05-13 20:08:36,620 [INFO] ApiDb:261 - Set plugin images path to: C:\ST\STM32CubeIDE_1.18.1\STM32CubeIDE\plugins\com.st.stm32cube.common.mx_6.14.1.202504091515\\db\/plugins/mcufinder/images/
2025-05-13 20:08:36,620 [WARN] DbFile:41 - Overriding database path with different value: C:\Users\wh310\.stmcufinder\plugins\mcufinder/ => C:\Users\wh310\.stmcufinder\plugins\mcufinder
2025-05-13 20:08:36,620 [INFO] ApiDb:250 - Set database path to: C:\Users\wh310\.stmcufinder\plugins\mcufinder//mcu/
2025-05-13 20:08:36,620 [WARN] DbFile:41 - Overriding database path with different value: C:\Users\wh310\.stmcufinder\plugins\mcufinder/ => C:\Users\wh310\.stmcufinder\plugins\mcufinder
2025-05-13 20:08:36,620 [INFO] DbMcusAds:125 - Set database path to: C:\Users\wh310\.stmcufinder\plugins\mcufinder//mcu/
2025-05-13 20:08:36,620 [WARN] DbFile:41 - Overriding database path with different value: C:\Users\wh310\.stmcufinder\plugins\mcufinder/ => C:\Users\wh310\.stmcufinder\plugins\mcufinder
2025-05-13 20:08:36,620 [WARN] DbFile:41 - Overriding database path with different value: C:\Users\wh310\.stmcufinder\plugins\mcufinder/ => C:\Users\wh310\.stmcufinder\plugins\mcufinder
2025-05-13 20:08:36,620 [INFO] CrossReferenceDbSqlite:203 - Set database path to: C:\Users\wh310\.stmcufinder\plugins\mcufinder//mcu/cs/
2025-05-13 20:08:36,675 [INFO] MainPanel:272 - HeapMemory: 268435456
2025-05-13 20:08:36,751 [INFO] DbMcusXml:78 - Set database path to: C:\ST\STM32CubeIDE_1.18.1\STM32CubeIDE\plugins\com.st.stm32cube.common.mx_6.14.1.202504091515\\db\/mcu/
2025-05-13 20:08:36,751 [INFO] ApiDb:274 - Set plugin database path to: C:\ST\STM32CubeIDE_1.18.1\STM32CubeIDE\plugins\com.st.stm32cube.common.mx_6.14.1.202504091515\\db\/plugins/boardmanager/
2025-05-13 20:08:36,751 [INFO] ApiDb:261 - Set plugin images path to: C:\ST\STM32CubeIDE_1.18.1\STM32CubeIDE\plugins\com.st.stm32cube.common.mx_6.14.1.202504091515\\db\/plugins/mcufinder/images/
2025-05-13 20:08:36,751 [WARN] DbFile:41 - Overriding database path with different value: C:\Users\wh310\.stmcufinder\plugins\mcufinder/ => C:\Users\wh310\.stmcufinder\plugins\mcufinder
2025-05-13 20:08:36,751 [INFO] ApiDb:250 - Set database path to: C:\Users\wh310\.stmcufinder\plugins\mcufinder//mcu/
2025-05-13 20:08:36,751 [WARN] DbFile:41 - Overriding database path with different value: C:\Users\wh310\.stmcufinder\plugins\mcufinder/ => C:\Users\wh310\.stmcufinder\plugins\mcufinder
2025-05-13 20:08:36,752 [INFO] DbMcusAds:125 - Set database path to: C:\Users\wh310\.stmcufinder\plugins\mcufinder//mcu/
2025-05-13 20:08:36,752 [WARN] DbFile:41 - Overriding database path with different value: C:\Users\wh310\.stmcufinder\plugins\mcufinder/ => C:\Users\wh310\.stmcufinder\plugins\mcufinder
2025-05-13 20:08:36,752 [WARN] DbFile:41 - Overriding database path with different value: C:\Users\wh310\.stmcufinder\plugins\mcufinder/ => C:\Users\wh310\.stmcufinder\plugins\mcufinder
2025-05-13 20:08:36,752 [INFO] CrossReferenceDbSqlite:203 - Set database path to: C:\Users\wh310\.stmcufinder\plugins\mcufinder//mcu/cs/
2025-05-13 20:08:36,766 [INFO] ApplicationProperties:184 - Using Application install path: C:\ST\STM32CubeIDE_1.18.1\STM32CubeIDE\plugins\com.st.stm32cube.common.mx_6.14.1.202504091515
2025-05-13 20:08:36,767 [INFO] PluginManage:196 - Search for loadable plugins [exclusion list=, ]
2025-05-13 20:08:36,767 [INFO] PluginManage:310 - Check plugin analytics
2025-05-13 20:08:36,901 [INFO] AnalyticsPlugin:253 - Accepted Software Licenses: STM32CubeMX.6.14.1
2025-05-13 20:08:36,901 [INFO] AnalyticsPlugin:255 - Accepted CMSIS Pack Licenses: 
2025-05-13 20:08:36,902 [INFO] AnalyticsPlugin:257 - Accepted Firmware Licenses: 
2025-05-13 20:08:36,903 [INFO] PluginManage:359 - Loaded plugin analytics (category:tool,tabindex:-1)
2025-05-13 20:08:36,904 [INFO] PluginManage:310 - Check plugin cadmodel
2025-05-13 20:08:36,907 [INFO] CADModel:105 - Init CAD model plugin
2025-05-13 20:08:36,907 [INFO] PluginManage:359 - Loaded plugin cadmodel (category:power,tabindex:5)
2025-05-13 20:08:36,908 [INFO] PluginManage:310 - Check plugin clock
2025-05-13 20:08:36,917 [INFO] PluginManage:359 - Loaded plugin clock (category:base,tabindex:2)
2025-05-13 20:08:36,918 [INFO] PluginManage:310 - Check plugin ddr
2025-05-13 20:08:36,920 [INFO] PluginManage:359 - Loaded plugin ddr (category:tool,tabindex:6)
2025-05-13 20:08:36,920 [INFO] PluginManage:310 - Check plugin filemanager
2025-05-13 20:08:37,039 [INFO] PluginManage:359 - Loaded plugin filemanager (category:base,tabindex:10)
2025-05-13 20:08:37,039 [INFO] PluginManage:310 - Check plugin ipmanager
2025-05-13 20:08:37,045 [INFO] PluginManage:359 - Loaded plugin ipmanager (category:base,tabindex:5)
2025-05-13 20:08:37,045 [INFO] PluginManage:310 - Check plugin lpbam
2025-05-13 20:08:37,051 [INFO] PluginManage:359 - Loaded plugin lpbam (category:base,tabindex:0)
2025-05-13 20:08:37,051 [INFO] PluginManage:310 - Check plugin memorymap
2025-05-13 20:08:37,061 [INFO] PluginManage:359 - Loaded plugin memorymap (category:base,tabindex:4)
2025-05-13 20:08:37,061 [INFO] PluginManage:310 - Check plugin pinoutandconfiguration
2025-05-13 20:08:37,067 [INFO] PluginManage:359 - Loaded plugin pinoutandconfiguration (category:base,tabindex:1)
2025-05-13 20:08:37,067 [INFO] PluginManage:310 - Check plugin pinoutconfig
2025-05-13 20:08:37,143 [WARN] SupportedApi:132 - Cannot load RTOS API schema: s4s-elt-must-match.1: The content of 'definitions' must match (annotation?, (simpleType | complexType)?, (unique | key | keyref)*)). A problem was found starting at: attribute.
2025-05-13 20:08:37,247 [INFO] PluginManage:359 - Loaded plugin pinoutconfig (category:base,tabindex:0)
2025-05-13 20:08:37,247 [INFO] PluginManage:310 - Check plugin power
2025-05-13 20:08:37,254 [INFO] PluginManage:359 - Loaded plugin power (category:power,tabindex:4)
2025-05-13 20:08:37,254 [INFO] PluginManage:310 - Check plugin projectmanager
2025-05-13 20:08:37,266 [INFO] PluginManage:359 - Loaded plugin projectmanager (category:projectmanager,tabindex:4)
2025-05-13 20:08:37,266 [INFO] PluginManage:310 - Check plugin rif
2025-05-13 20:08:37,273 [INFO] PluginManage:359 - Loaded plugin rif (category:base,tabindex:3)
2025-05-13 20:08:37,273 [INFO] PluginManage:310 - Check plugin thirdparty
2025-05-13 20:08:37,360 [INFO] PluginManage:359 - Loaded plugin thirdparty (category:base,tabindex:-1)
2025-05-13 20:08:37,360 [WARN] IntegrityCheckThread:84 - waiting for thirdparty lock release [integrity check]
2025-05-13 20:08:37,360 [INFO] PluginManage:310 - Check plugin tools
2025-05-13 20:08:37,360 [INFO] IntegrityCheckThread:86 - entering critical section [integrity check]
2025-05-13 20:08:37,361 [INFO] ThirdPartyUpdaterWithRetryManager:70 - Updater plugin not ready yet. [1/15]
2025-05-13 20:08:37,362 [INFO] PluginManage:359 - Loaded plugin tools (category:base,tabindex:7)
2025-05-13 20:08:37,362 [INFO] PluginManage:310 - Check plugin tutovideos
2025-05-13 20:08:37,484 [INFO] PluginManage:359 - Loaded plugin tutovideos (category:base,tabindex:-1)
2025-05-13 20:08:37,484 [INFO] PluginManage:310 - Check plugin updater
2025-05-13 20:08:37,499 [INFO] PluginManage:359 - Loaded plugin updater (category:base,tabindex:12)
2025-05-13 20:08:37,499 [INFO] PluginManage:310 - Check plugin userauth
2025-05-13 20:08:37,502 [INFO] UserAuth:118 - Init User Auth plugin
2025-05-13 20:08:37,502 [INFO] PluginManage:359 - Loaded plugin userauth (category:base,tabindex:14)
2025-05-13 20:08:37,504 [INFO] PluginManage:283 - PluginManage : Loaded plugins [18]
2025-05-13 20:08:37,649 [INFO] PinOutPanel:1589 - setPackage(No Configuration,No Configuration)
2025-05-13 20:08:37,712 [INFO] CADModel:165 - CPN selected for project level
2025-05-13 20:08:37,712 [INFO] CADModel:114 - Register for checkConnection events
2025-05-13 20:08:37,725 [INFO] IPUIPlugin:80 - create IPUIPlugin
2025-05-13 20:08:37,725 [INFO] PluginManager:220 - loadIPPluginJar : add adc
2025-05-13 20:08:37,727 [INFO] IPUIPlugin:80 - create IPUIPlugin
2025-05-13 20:08:37,727 [INFO] PluginManager:220 - loadIPPluginJar : add aes
2025-05-13 20:08:37,728 [INFO] IPUIPlugin:80 - create IPUIPlugin
2025-05-13 20:08:37,728 [INFO] PluginManager:220 - loadIPPluginJar : add can
2025-05-13 20:08:37,729 [INFO] IPUIPlugin:80 - create IPUIPlugin
2025-05-13 20:08:37,730 [INFO] PluginManager:220 - loadIPPluginJar : add comp
2025-05-13 20:08:37,732 [INFO] IPUIPlugin:80 - create IPUIPlugin
2025-05-13 20:08:37,732 [INFO] PluginManager:220 - loadIPPluginJar : add cryp
2025-05-13 20:08:37,733 [INFO] IPUIPlugin:80 - create IPUIPlugin
2025-05-13 20:08:37,733 [INFO] PluginManager:220 - loadIPPluginJar : add ddr_ctrl_phy
2025-05-13 20:08:37,735 [INFO] IPUIPlugin:80 - create IPUIPlugin
2025-05-13 20:08:37,735 [INFO] PluginManager:220 - loadIPPluginJar : add dfsdm
2025-05-13 20:08:37,739 [INFO] IPUIPlugin:80 - create IPUIPlugin
2025-05-13 20:08:37,739 [INFO] PluginManager:220 - loadIPPluginJar : add dma
2025-05-13 20:08:37,741 [INFO] IPUIPlugin:80 - create IPUIPlugin
2025-05-13 20:08:37,741 [INFO] PluginManager:220 - loadIPPluginJar : add dma3
2025-05-13 20:08:37,742 [INFO] IPUIPlugin:80 - create IPUIPlugin
2025-05-13 20:08:37,743 [INFO] PluginManager:220 - loadIPPluginJar : add extmemmanager
2025-05-13 20:08:37,743 [INFO] IPUIPlugin:80 - create IPUIPlugin
2025-05-13 20:08:37,744 [INFO] PluginManager:220 - loadIPPluginJar : add fatfs
2025-05-13 20:08:37,746 [INFO] IPUIPlugin:80 - create IPUIPlugin
2025-05-13 20:08:37,746 [INFO] PluginManager:220 - loadIPPluginJar : add fmc
2025-05-13 20:08:37,750 [INFO] IPUIPlugin:80 - create IPUIPlugin
2025-05-13 20:08:37,750 [INFO] PluginManager:220 - loadIPPluginJar : add freertos
2025-05-13 20:08:37,751 [INFO] IPUIPlugin:80 - create IPUIPlugin
2025-05-13 20:08:37,751 [INFO] PluginManager:220 - loadIPPluginJar : add genericplugin
2025-05-13 20:08:37,752 [INFO] IPUIPlugin:80 - create IPUIPlugin
2025-05-13 20:08:37,752 [INFO] PluginManager:220 - loadIPPluginJar : add gfxmmu
2025-05-13 20:08:37,756 [INFO] IPUIPlugin:80 - create IPUIPlugin
2025-05-13 20:08:37,756 [INFO] PluginManager:220 - loadIPPluginJar : add gic
2025-05-13 20:08:37,759 [INFO] IPUIPlugin:80 - create IPUIPlugin
2025-05-13 20:08:37,759 [INFO] PluginManager:220 - loadIPPluginJar : add gpio
2025-05-13 20:08:37,761 [INFO] IPUIPlugin:80 - create IPUIPlugin
2025-05-13 20:08:37,761 [INFO] PluginManager:220 - loadIPPluginJar : add gtzc
2025-05-13 20:08:37,762 [INFO] IPUIPlugin:80 - create IPUIPlugin
2025-05-13 20:08:37,762 [INFO] PluginManager:220 - loadIPPluginJar : add hash
2025-05-13 20:08:37,763 [INFO] IPUIPlugin:80 - create IPUIPlugin
2025-05-13 20:08:37,763 [INFO] PluginManager:220 - loadIPPluginJar : add i2c
2025-05-13 20:08:37,765 [INFO] IPUIPlugin:80 - create IPUIPlugin
2025-05-13 20:08:37,765 [INFO] PluginManager:220 - loadIPPluginJar : add i2s
2025-05-13 20:08:37,767 [INFO] IPUIPlugin:80 - create IPUIPlugin
2025-05-13 20:08:37,767 [INFO] PluginManager:220 - loadIPPluginJar : add i3c
2025-05-13 20:08:37,771 [INFO] IPUIPlugin:80 - create IPUIPlugin
2025-05-13 20:08:37,771 [INFO] PluginManager:220 - loadIPPluginJar : add ipddr
2025-05-13 20:08:37,775 [INFO] IPUIPlugin:80 - create IPUIPlugin
2025-05-13 20:08:37,775 [INFO] PluginManager:220 - loadIPPluginJar : add linkedlist
2025-05-13 20:08:37,777 [INFO] IPUIPlugin:80 - create IPUIPlugin
2025-05-13 20:08:37,777 [INFO] PluginManager:220 - loadIPPluginJar : add lorawan
2025-05-13 20:08:37,778 [INFO] IPUIPlugin:80 - create IPUIPlugin
2025-05-13 20:08:37,778 [INFO] PluginManager:220 - loadIPPluginJar : add ltdc
2025-05-13 20:08:37,782 [INFO] IPUIPlugin:80 - create IPUIPlugin
2025-05-13 20:08:37,782 [INFO] PluginManager:220 - loadIPPluginJar : add mdma
2025-05-13 20:08:37,783 [INFO] IPUIPlugin:80 - create IPUIPlugin
2025-05-13 20:08:37,783 [INFO] PluginManager:220 - loadIPPluginJar : add nvic
2025-05-13 20:08:37,785 [INFO] IPUIPlugin:80 - create IPUIPlugin
2025-05-13 20:08:37,785 [INFO] PluginManager:220 - loadIPPluginJar : add opamp
2025-05-13 20:08:37,787 [INFO] IPUIPlugin:80 - create IPUIPlugin
2025-05-13 20:08:37,787 [INFO] PluginManager:220 - loadIPPluginJar : add openamp
2025-05-13 20:08:37,789 [INFO] IPUIPlugin:80 - create IPUIPlugin
2025-05-13 20:08:37,790 [INFO] PluginManager:220 - loadIPPluginJar : add pdm2pcm
2025-05-13 20:08:37,793 [INFO] IPUIPlugin:80 - create IPUIPlugin
2025-05-13 20:08:37,795 [INFO] PluginManager:220 - loadIPPluginJar : add plateformsettings
2025-05-13 20:08:37,796 [INFO] IPUIPlugin:80 - create IPUIPlugin
2025-05-13 20:08:37,796 [INFO] PluginManager:220 - loadIPPluginJar : add quadspi
2025-05-13 20:08:37,797 [INFO] IPUIPlugin:80 - create IPUIPlugin
2025-05-13 20:08:37,798 [INFO] PluginManager:220 - loadIPPluginJar : add radio
2025-05-13 20:08:37,800 [INFO] IPUIPlugin:80 - create IPUIPlugin
2025-05-13 20:08:37,800 [INFO] PluginManager:220 - loadIPPluginJar : add resmgrutility
2025-05-13 20:08:37,802 [INFO] IPUIPlugin:80 - create IPUIPlugin
2025-05-13 20:08:37,802 [INFO] PluginManager:220 - loadIPPluginJar : add sai
2025-05-13 20:08:37,803 [INFO] IPUIPlugin:80 - create IPUIPlugin
2025-05-13 20:08:37,803 [INFO] PluginManager:220 - loadIPPluginJar : add spi
2025-05-13 20:08:37,808 [INFO] IPUIPlugin:80 - create IPUIPlugin
2025-05-13 20:08:37,808 [INFO] PluginManager:220 - loadIPPluginJar : add stm32_wpan
2025-05-13 20:08:37,809 [INFO] IPUIPlugin:80 - create IPUIPlugin
2025-05-13 20:08:37,809 [INFO] PluginManager:220 - loadIPPluginJar : add tim
2025-05-13 20:08:37,811 [INFO] IPUIPlugin:80 - create IPUIPlugin
2025-05-13 20:08:37,811 [INFO] PluginManager:220 - loadIPPluginJar : add touchsensing
2025-05-13 20:08:37,812 [INFO] IPUIPlugin:80 - create IPUIPlugin
2025-05-13 20:08:37,813 [INFO] PluginManager:220 - loadIPPluginJar : add tracer_emb
2025-05-13 20:08:37,814 [INFO] IPUIPlugin:80 - create IPUIPlugin
2025-05-13 20:08:37,814 [INFO] PluginManager:220 - loadIPPluginJar : add ts
2025-05-13 20:08:37,814 [INFO] IPUIPlugin:80 - create IPUIPlugin
2025-05-13 20:08:37,814 [INFO] PluginManager:220 - loadIPPluginJar : add tsc
2025-05-13 20:08:37,815 [INFO] IPUIPlugin:80 - create IPUIPlugin
2025-05-13 20:08:37,816 [INFO] PluginManager:220 - loadIPPluginJar : add ucpd
2025-05-13 20:08:37,818 [INFO] IPUIPlugin:80 - create IPUIPlugin
2025-05-13 20:08:37,818 [INFO] PluginManager:220 - loadIPPluginJar : add usart
2025-05-13 20:08:37,820 [INFO] IPUIPlugin:80 - create IPUIPlugin
2025-05-13 20:08:37,820 [INFO] PluginManager:220 - loadIPPluginJar : add usbx
2025-05-13 20:08:37,929 [FATAL] Updater:351 - Updater called before beeing initialized
2025-05-13 20:08:37,946 [INFO] RulesReader:64 - Compatibility file has been processed (302 Rules)
2025-05-13 20:08:37,952 [INFO] RulesReader:64 - Compatibility file has been processed (302 Rules)
2025-05-13 20:08:37,957 [INFO] CADModel:165 - CPN selected for project level
2025-05-13 20:08:37,957 [INFO] CADModel:114 - Register for checkConnection events
2025-05-13 20:08:37,957 [FATAL] Updater:351 - Updater called before beeing initialized
2025-05-13 20:08:37,957 [ERROR] CADModel:125 - Updater not yet initialized, retry later 
2025-05-13 20:08:38,050 [FATAL] Updater:351 - Updater called before beeing initialized
2025-05-13 20:08:38,051 [INFO] CADModel:165 - CPN selected for project level
2025-05-13 20:08:38,052 [INFO] CADModel:114 - Register for checkConnection events
2025-05-13 20:08:38,052 [FATAL] Updater:351 - Updater called before beeing initialized
2025-05-13 20:08:38,052 [ERROR] CADModel:125 - Updater not yet initialized, retry later 
2025-05-13 20:08:38,054 [FATAL] Updater:351 - Updater called before beeing initialized
2025-05-13 20:08:38,126 [FATAL] Updater:351 - Updater called before beeing initialized
2025-05-13 20:08:38,128 [INFO] DbMcusAds:53 - JSON generation date=Wed May 07 18:07:55 KST 2025 (1746608875638)
2025-05-13 20:08:38,129 [FATAL] Updater:351 - Updater called before beeing initialized
2025-05-13 20:08:38,157 [WARN] DetailPanel:346 - Failed to get advertising image, set to default
2025-05-13 20:08:38,357 [FATAL] Updater:351 - Updater called before beeing initialized
2025-05-13 20:08:38,359 [FATAL] Updater:351 - Updater called before beeing initialized
2025-05-13 20:08:38,359 [FATAL] Updater:351 - Updater called before beeing initialized
2025-05-13 20:08:38,359 [WARN] DetailPanel:346 - Failed to get advertising image, set to default
2025-05-13 20:08:38,360 [FATAL] Updater:351 - Updater called before beeing initialized
2025-05-13 20:08:38,390 [ERROR] Updater:1198 - MainUpdater not yet initialized. External WinMGr cannot be set.
2025-05-13 20:08:38,392 [INFO] Updater:1134 - Updater Version found : 6.14.1
2025-05-13 20:08:38,406 [INFO] ApplicationProperties:184 - Using Application install path: C:\ST\STM32CubeIDE_1.18.1\STM32CubeIDE\plugins\com.st.stm32cube.common.mx_6.14.1.202504091515
2025-05-13 20:08:39,972 [ERROR] LogOutputStream:75 - [STDERR_REDIRECT] May 13, 2025 8:08:39 PM java.util.prefs.WindowsPreferences <init>
2025-05-13 20:08:39,973 [ERROR] LogOutputStream:75 - [STDERR_REDIRECT] WARNING: Could not open/create prefs root node Software\JavaSoft\Prefs at root 0xffffffff80000002. Windows RegCreateKeyEx(...) returned error code 5.
2025-05-13 20:08:39,973 [ERROR] LogOutputStream:75 - [STDERR_REDIRECT] 
2025-05-13 20:08:40,362 [INFO] ThirdPartyUpdaterWithRetryManager:70 - Updater plugin not ready yet. [2/15]
2025-05-13 20:08:40,556 [INFO] MainUpdater:2872 - connection check result : 10
2025-05-13 20:08:40,557 [INFO] MainUpdater:289 - Updater Check For Update Now.
2025-05-13 20:08:40,557 [INFO] MicroXplorer:498 - Change Database Version : DB.6.0.141
2025-05-13 20:08:40,560 [INFO] McuFinderGlobals:63 - Set McuFinder mode to 2 (CubeIDE integrated)
2025-05-13 20:08:40,561 [INFO] UserAuth:484 - Internet connection configuration mode: 1
2025-05-13 20:08:40,574 [INFO] JxBrowserEngine:152 - Initiate JxBrowser Engine with user profile folder
2025-05-13 20:08:40,711 [INFO] CheckServerUpdateThread:120 - End of CheckServer Thread
2025-05-13 20:08:41,603 [INFO] WebApp:169 - Instantiating new browser for Auth
2025-05-13 20:08:42,089 [INFO] WebApp:463 - Apply proxy settings
2025-05-13 20:08:42,089 [INFO] WebApp:548 - Chromium requires no authentication
2025-05-13 20:08:42,096 [INFO] WebApp:491 - Direct internet connection detected
2025-05-13 20:08:42,110 [INFO] WebApp:894 - Register for checkConnection events
2025-05-13 20:08:42,110 [INFO] WebApp:463 - Apply proxy settings
2025-05-13 20:08:42,111 [INFO] WebApp:548 - Chromium requires no authentication
2025-05-13 20:08:42,111 [INFO] WebApp:491 - Direct internet connection detected
2025-05-13 20:08:42,227 [INFO] WebApp:225 - Starting web application
2025-05-13 20:08:42,228 [INFO] WebApp:593 - Web application path used C:\ST\STM32CubeIDE_1.18.1\STM32CubeIDE\plugins\com.st.stm32cube.common.mx_6.14.1.202504091515\db\plugins\mcufinder\reactClient1\index.html
2025-05-13 20:08:42,337 [INFO] UserAuth:484 - Internet connection configuration mode: 1
2025-05-13 20:08:42,417 [INFO] WebApp:191 - Connection restablished
2025-05-13 20:08:43,561 [WARN] PackLoader:240 - Cannot read IP mode file for STMicroelectronics.FP-SNS-MOTENVWB1.1.4.0
2025-05-13 20:08:43,567 [WARN] PackLoader:240 - Cannot read IP mode file for STMicroelectronics.FP-ATR-ASTRA1.2.0.2
2025-05-13 20:08:43,576 [WARN] PackLoader:240 - Cannot read IP mode file for STMicroelectronics.X-CUBE-SMBUS.2.1.0
2025-05-13 20:08:43,599 [WARN] PackLoader:240 - Cannot read IP mode file for STMicroelectronics.X-CUBE-AZRTOS-F7.1.1.0
2025-05-13 20:08:43,623 [WARN] PackLoader:240 - Cannot read IP mode file for Infineon.AIROC-Wi-Fi-Bluetooth-STM32.1.7.0
2025-05-13 20:08:43,636 [WARN] PackLoader:240 - Cannot read IP mode file for STMicroelectronics.X-CUBE-DISPLAY.3.0.0
2025-05-13 20:08:43,648 [WARN] PackLoader:240 - Cannot read IP mode file for STMicroelectronics.X-CUBE-NFC10.1.0.0
2025-05-13 20:08:43,657 [WARN] PackLoader:240 - Cannot read IP mode file for STMicroelectronics.X-CUBE-BLEMGR.4.0.0
2025-05-13 20:08:43,667 [WARN] PackLoader:240 - Cannot read IP mode file for emotas.I-CUBE-CANOPEN.1.3.0
2025-05-13 20:08:43,673 [WARN] ConditionMgr:438 - getConditionDescription Invalid condition id : Cortex-A Device cause : null
2025-05-13 20:08:43,684 [WARN] ConditionMgr:1044 - genDependencies : Invalid condition id : Cortex-A Device cause : null
2025-05-13 20:08:43,684 [WARN] ConditionMgr:1044 - genDependencies : Invalid condition id : Cortex-A Device cause : null
2025-05-13 20:08:43,684 [WARN] ConditionMgr:1044 - genDependencies : Invalid condition id : Cortex-A Device cause : null
2025-05-13 20:08:43,688 [WARN] PackLoader:240 - Cannot read IP mode file for STMicroelectronics.X-CUBE-AI.10.0.0
2025-05-13 20:08:43,692 [WARN] PackLoader:240 - Cannot read IP mode file for STMicroelectronics.FP-SNS-SMARTAG2.1.2.0
2025-05-13 20:08:43,696 [WARN] PackLoader:240 - Cannot read IP mode file for STMicroelectronics.FP-SNS-FLIGHT1.5.1.0
2025-05-13 20:08:43,708 [INFO] LogOutputStream:77 - [STDOUT_REDIRECT] 1 : Invalid condition id : UX_CORESTACK_Condition cause : null
2025-05-13 20:08:43,709 [INFO] LogOutputStream:77 - [STDOUT_REDIRECT] 1 : Invalid condition id : UX_CORESTACK_Condition cause : null
2025-05-13 20:08:43,710 [INFO] LogOutputStream:77 - [STDOUT_REDIRECT] 1 : Invalid condition id : UX_CORESTACK_Condition cause : null
2025-05-13 20:08:43,710 [INFO] LogOutputStream:77 - [STDOUT_REDIRECT] 1 : Invalid condition id : UX_CORESTACK_Condition cause : null
2025-05-13 20:08:43,712 [INFO] LogOutputStream:77 - [STDOUT_REDIRECT] 1 : Invalid condition id : UX_CORESTACK_Condition cause : null
2025-05-13 20:08:43,714 [WARN] PackLoader:240 - Cannot read IP mode file for STMicroelectronics.X-CUBE-AZRTOS-WL.2.0.0
2025-05-13 20:08:43,720 [WARN] PackLoader:240 - Cannot read IP mode file for STMicroelectronics.FP-SNS-MOTENV1.5.0.0
2025-05-13 20:08:43,727 [WARN] PackLoader:240 - Cannot read IP mode file for WES.I-CUBE-Cesium.1.3.0
2025-05-13 20:08:43,738 [WARN] PackLoader:240 - Cannot read IP mode file for STMicroelectronics.X-CUBE-BLE2.3.3.0
2025-05-13 20:08:43,743 [WARN] PackLoader:240 - Cannot read IP mode file for STMicroelectronics.X-CUBE-NFC9.1.0.0
2025-05-13 20:08:43,750 [WARN] PackLoader:240 - Cannot read IP mode file for STMicroelectronics.X-CUBE-BLE1.7.1.0
2025-05-13 20:08:43,754 [WARN] PackLoader:240 - Cannot read IP mode file for wolfSSL.I-CUBE-wolfMQTT.1.19.2
2025-05-13 20:08:43,782 [WARN] PackLoader:240 - Cannot read IP mode file for STMicroelectronics.X-CUBE-MEMS1.11.2.0
2025-05-13 20:08:43,882 [WARN] PackLoader:240 - Cannot read IP mode file for STMicroelectronics.X-CUBE-AZRTOS-G0.1.1.0
2025-05-13 20:08:43,890 [WARN] PackLoader:240 - Cannot read IP mode file for STMicroelectronics.X-CUBE-SAFEA1.1.2.2
2025-05-13 20:08:43,896 [WARN] PackLoader:240 - Cannot read IP mode file for STMicroelectronics.X-CUBE-NFC4.3.0.0
2025-05-13 20:08:43,905 [WARN] PackLoader:240 - Cannot read IP mode file for EmbeddedOffice.I-CUBE-FS-RTOS.1.0.1
2025-05-13 20:08:43,911 [WARN] PackLoader:240 - Cannot read IP mode file for STMicroelectronics.X-CUBE-WB05N.2.0.0
2025-05-13 20:08:43,933 [WARN] PackLoader:240 - Cannot read IP mode file for wolfSSL.I-CUBE-wolfTPM.3.8.0
2025-05-13 20:08:43,941 [WARN] PackLoader:240 - Cannot read IP mode file for STMicroelectronics.X-CUBE-TCPP.4.2.0
2025-05-13 20:08:43,947 [WARN] PackLoader:240 - Cannot read IP mode file for RealThread.X-CUBE-RT-Thread_Nano.4.1.1
2025-05-13 20:08:43,952 [WARN] PackLoader:240 - Cannot read IP mode file for STMicroelectronics.FP-ATR-SIGFOX1.3.2.0
2025-05-13 20:08:43,957 [WARN] PackLoader:240 - Cannot read IP mode file for STMicroelectronics.X-CUBE-EEPRMA1.5.1.0
2025-05-13 20:08:43,962 [WARN] PackLoader:240 - Cannot read IP mode file for wolfSSL.I-CUBE-wolfSSL.5.7.6
2025-05-13 20:08:43,967 [WARN] PackLoader:240 - Cannot read IP mode file for ITTIA_DB.I-CUBE-ITTIADB.8.9.0
2025-05-13 20:08:43,985 [WARN] PackLoader:240 - Cannot read IP mode file for SEGGER.I-CUBE-embOS.1.3.1
2025-05-13 20:08:44,024 [WARN] PackLoader:240 - Cannot read IP mode file for STMicroelectronics.X-CUBE-ALGOBUILD.1.4.0
2025-05-13 20:08:44,037 [WARN] PackLoader:240 - Cannot read IP mode file for STMicroelectronics.X-CUBE-AZRTOS-F4.1.1.0
2025-05-13 20:08:44,042 [WARN] PackLoader:240 - Cannot read IP mode file for Avnet-IotConnect.X-CUBE-IoTC-DA16k-PMOD.1.0.0
2025-05-13 20:08:44,046 [WARN] PackLoader:240 - Cannot read IP mode file for STMicroelectronics.X-CUBE-ISPU.2.1.0
2025-05-13 20:08:44,057 [WARN] PackLoader:240 - Cannot read IP mode file for STMicroelectronics.X-CUBE-AZRTOS-L5.2.0.0
2025-05-13 20:08:44,063 [WARN] PackLoader:240 - Cannot read IP mode file for STMicroelectronics.X-CUBE-NFC6.3.1.0
2025-05-13 20:08:44,069 [WARN] PackLoader:240 - Cannot read IP mode file for STMicroelectronics.X-CUBE-FREERTOS.1.3.1
2025-05-13 20:08:44,072 [WARN] PackLoader:240 - Cannot read IP mode file for STMicroelectronics.X-CUBE-FREERTOS.1.3.0
2025-05-13 20:08:44,077 [WARN] PackLoader:240 - Cannot read IP mode file for STMicroelectronics.X-CUBE-DPower.1.3.0
2025-05-13 20:08:44,088 [WARN] ConditionMgr:438 - getConditionDescription Invalid condition id : LAN8742 Phy interface Condition cause : null
2025-05-13 20:08:44,089 [WARN] PackLoader:240 - Cannot read IP mode file for STMicroelectronics.X-CUBE-AZRTOS-L4.2.0.0
2025-05-13 20:08:44,090 [WARN] ConditionMgr:1044 - genDependencies : Invalid condition id : LAN8742 Phy interface Condition cause : null
2025-05-13 20:08:44,090 [WARN] ConditionMgr:1044 - genDependencies : Invalid condition id : LAN8742 Phy interface Condition cause : null
2025-05-13 20:08:44,091 [WARN] ConditionMgr:1044 - genDependencies : Invalid condition id : LAN8742 Phy interface Condition cause : null
2025-05-13 20:08:44,098 [WARN] PackLoader:240 - Cannot read IP mode file for STMicroelectronics.X-CUBE-SFXS2LP1.4.0.0
2025-05-13 20:08:44,111 [WARN] PackLoader:240 - Cannot read IP mode file for STMicroelectronics.X-CUBE-AZRTOS-H7.3.3.0
2025-05-13 20:08:44,121 [WARN] ConditionMgr:438 - getConditionDescription Invalid condition id : UX DEVICE CLASS RTOS Condition cause : null
2025-05-13 20:08:44,121 [WARN] ConditionMgr:438 - getConditionDescription Invalid condition id : UX DEVICE CLASS RTOS Condition cause : null
2025-05-13 20:08:44,122 [WARN] PackLoader:240 - Cannot read IP mode file for STMicroelectronics.X-CUBE-AZRTOS-WB.2.0.0
2025-05-13 20:08:44,122 [WARN] ConditionMgr:1044 - genDependencies : Invalid condition id : UX DEVICE CLASS RTOS Condition cause : null
2025-05-13 20:08:44,122 [WARN] ConditionMgr:1044 - genDependencies : Invalid condition id : UX DEVICE CLASS RTOS Condition cause : null
2025-05-13 20:08:44,122 [WARN] ConditionMgr:1044 - genDependencies : Invalid condition id : UX DEVICE CLASS RTOS Condition cause : null
2025-05-13 20:08:44,122 [WARN] ConditionMgr:1044 - genDependencies : Invalid condition id : UX DEVICE CLASS RTOS Condition cause : null
2025-05-13 20:08:44,122 [WARN] ConditionMgr:1044 - genDependencies : Invalid condition id : UX DEVICE CLASS RTOS Condition cause : null
2025-05-13 20:08:44,127 [WARN] PackLoader:240 - Cannot read IP mode file for STMicroelectronics.X-CUBE-GNSS1.7.0.1
2025-05-13 20:08:44,132 [WARN] PackLoader:240 - Cannot read IP mode file for STMicroelectronics.X-CUBE-TOUCHGFX.4.25.0
2025-05-13 20:08:44,137 [WARN] PackLoader:240 - Cannot read IP mode file for STMicroelectronics.FP-SNS-STBOX1.2.0.0
2025-05-13 20:08:44,146 [WARN] PackLoader:240 - Cannot read IP mode file for STMicroelectronics.X-CUBE-SUBG2.5.0.0
2025-05-13 20:08:44,157 [WARN] PackLoader:240 - Cannot read IP mode file for STMicroelectronics.X-CUBE-AZRTOS-H7RS.1.1.0
2025-05-13 20:08:44,163 [WARN] PackLoader:240 - Cannot read IP mode file for Cesanta.I-CUBE-Mongoose.7.13.0
2025-05-13 20:08:44,172 [WARN] PackLoader:240 - Cannot read IP mode file for STMicroelectronics.X-CUBE-AZRTOS-G4.2.0.0
2025-05-13 20:08:44,176 [WARN] PackLoader:240 - Cannot read IP mode file for wolfSSL.I-CUBE-wolfSSH.1.4.20
2025-05-13 20:08:44,179 [WARN] PackLoader:240 - Cannot read IP mode file for STMicroelectronics.X-CUBE-NFC7.2.0.0
2025-05-13 20:08:44,187 [WARN] PackLoader:240 - Cannot read IP mode file for STMicroelectronics.X-CUBE-IPS.3.1.0
2025-05-13 20:08:44,192 [WARN] PackLoader:240 - Cannot read IP mode file for STMicroelectronics.X-CUBE-ALS.1.0.2
2025-05-13 20:08:44,197 [WARN] PackLoader:240 - Cannot read IP mode file for portGmbH.I-Cube-SoM-uGOAL.1.1.0
2025-05-13 20:08:44,207 [WARN] PackLoader:240 - Cannot read IP mode file for STMicroelectronics.X-CUBE-TOF1.3.4.3
2025-05-13 20:08:44,212 [INFO] ThirdParty:978 - Integrity check success = true
2025-05-13 20:08:44,212 [INFO] IntegrityCheckThread:100 - exiting critical section [integrity check]
2025-05-13 20:08:44,212 [INFO] IntegrityCheckThread:103 - End integrity checks thread
2025-05-13 20:17:04,699 [ERROR] LogOutputStream:75 - [STDERR_REDIRECT] 
2025-05-13 20:17:12,095 [INFO] Activator:176 - 


2025-05-13 20:17:12,098 [INFO] Activator:177 - !SESSION log4j initialized
2025-05-13 20:17:15,813 [INFO] LogOutputStream:77 - [STDOUT_REDIRECT] 
2025-05-13 20:17:16,805 [INFO] ApplicationProperties:184 - Using Application install path: C:\ST\STM32CubeIDE_1.18.1\STM32CubeIDE\plugins\com.st.stm32cube.common.mx_6.14.1.202504091515
2025-05-13 20:17:16,815 [INFO] DbMcusXml:78 - Set database path to: C:\ST\STM32CubeIDE_1.18.1\STM32CubeIDE\plugins\com.st.stm32cube.common.mx_6.14.1.202504091515\\db\/mcu/
2025-05-13 20:17:16,815 [INFO] ApiDb:274 - Set plugin database path to: C:\ST\STM32CubeIDE_1.18.1\STM32CubeIDE\plugins\com.st.stm32cube.common.mx_6.14.1.202504091515\\db\/plugins/boardmanager/
2025-05-13 20:17:16,815 [WARN] ApiDb:259 - Overriding images path with different value:  => C:\ST\STM32CubeIDE_1.18.1\STM32CubeIDE\plugins\com.st.stm32cube.common.mx_6.14.1.202504091515\\db\/plugins/mcufinder/images/
2025-05-13 20:17:16,819 [INFO] ApiDb:250 - Set database path to: C:\Users\wh310\.stmcufinder\plugins\mcufinder//mcu/
2025-05-13 20:17:16,820 [INFO] DbMcusAds:125 - Set database path to: C:\Users\wh310\.stmcufinder\plugins\mcufinder//mcu/
2025-05-13 20:17:16,821 [INFO] CrossReferenceDbSqlite:203 - Set database path to: C:\Users\wh310\.stmcufinder\plugins\mcufinder//mcu/cs/
2025-05-13 20:17:16,897 [INFO] RulesReader:64 - Compatibility file has been processed (302 Rules)
2025-05-13 20:17:16,957 [INFO] DbMcusXml:78 - Set database path to: C:\ST\STM32CubeIDE_1.18.1\STM32CubeIDE\plugins\com.st.stm32cube.common.mx_6.14.1.202504091515\\db\/mcu/
2025-05-13 20:17:16,957 [INFO] ApiDb:274 - Set plugin database path to: C:\ST\STM32CubeIDE_1.18.1\STM32CubeIDE\plugins\com.st.stm32cube.common.mx_6.14.1.202504091515\\db\/plugins/boardmanager/
2025-05-13 20:17:16,957 [INFO] ApiDb:261 - Set plugin images path to: C:\ST\STM32CubeIDE_1.18.1\STM32CubeIDE\plugins\com.st.stm32cube.common.mx_6.14.1.202504091515\\db\/plugins/mcufinder/images/
2025-05-13 20:17:16,957 [WARN] DbFile:41 - Overriding database path with different value: C:\Users\wh310\.stmcufinder\plugins\mcufinder/ => C:\Users\wh310\.stmcufinder\plugins\mcufinder
2025-05-13 20:17:16,957 [INFO] ApiDb:250 - Set database path to: C:\Users\wh310\.stmcufinder\plugins\mcufinder//mcu/
2025-05-13 20:17:16,957 [WARN] DbFile:41 - Overriding database path with different value: C:\Users\wh310\.stmcufinder\plugins\mcufinder/ => C:\Users\wh310\.stmcufinder\plugins\mcufinder
2025-05-13 20:17:16,957 [INFO] DbMcusAds:125 - Set database path to: C:\Users\wh310\.stmcufinder\plugins\mcufinder//mcu/
2025-05-13 20:17:16,957 [WARN] DbFile:41 - Overriding database path with different value: C:\Users\wh310\.stmcufinder\plugins\mcufinder/ => C:\Users\wh310\.stmcufinder\plugins\mcufinder
2025-05-13 20:17:16,957 [WARN] DbFile:41 - Overriding database path with different value: C:\Users\wh310\.stmcufinder\plugins\mcufinder/ => C:\Users\wh310\.stmcufinder\plugins\mcufinder
2025-05-13 20:17:16,957 [INFO] CrossReferenceDbSqlite:203 - Set database path to: C:\Users\wh310\.stmcufinder\plugins\mcufinder//mcu/cs/
2025-05-13 20:17:17,004 [INFO] MainPanel:272 - HeapMemory: 268435456
2025-05-13 20:17:17,056 [INFO] DbMcusXml:78 - Set database path to: C:\ST\STM32CubeIDE_1.18.1\STM32CubeIDE\plugins\com.st.stm32cube.common.mx_6.14.1.202504091515\\db\/mcu/
2025-05-13 20:17:17,056 [INFO] ApiDb:274 - Set plugin database path to: C:\ST\STM32CubeIDE_1.18.1\STM32CubeIDE\plugins\com.st.stm32cube.common.mx_6.14.1.202504091515\\db\/plugins/boardmanager/
2025-05-13 20:17:17,056 [INFO] ApiDb:261 - Set plugin images path to: C:\ST\STM32CubeIDE_1.18.1\STM32CubeIDE\plugins\com.st.stm32cube.common.mx_6.14.1.202504091515\\db\/plugins/mcufinder/images/
2025-05-13 20:17:17,057 [WARN] DbFile:41 - Overriding database path with different value: C:\Users\wh310\.stmcufinder\plugins\mcufinder/ => C:\Users\wh310\.stmcufinder\plugins\mcufinder
2025-05-13 20:17:17,057 [INFO] ApiDb:250 - Set database path to: C:\Users\wh310\.stmcufinder\plugins\mcufinder//mcu/
2025-05-13 20:17:17,057 [WARN] DbFile:41 - Overriding database path with different value: C:\Users\wh310\.stmcufinder\plugins\mcufinder/ => C:\Users\wh310\.stmcufinder\plugins\mcufinder
2025-05-13 20:17:17,057 [INFO] DbMcusAds:125 - Set database path to: C:\Users\wh310\.stmcufinder\plugins\mcufinder//mcu/
2025-05-13 20:17:17,057 [WARN] DbFile:41 - Overriding database path with different value: C:\Users\wh310\.stmcufinder\plugins\mcufinder/ => C:\Users\wh310\.stmcufinder\plugins\mcufinder
2025-05-13 20:17:17,057 [WARN] DbFile:41 - Overriding database path with different value: C:\Users\wh310\.stmcufinder\plugins\mcufinder/ => C:\Users\wh310\.stmcufinder\plugins\mcufinder
2025-05-13 20:17:17,057 [INFO] CrossReferenceDbSqlite:203 - Set database path to: C:\Users\wh310\.stmcufinder\plugins\mcufinder//mcu/cs/
2025-05-13 20:17:17,069 [INFO] ApplicationProperties:184 - Using Application install path: C:\ST\STM32CubeIDE_1.18.1\STM32CubeIDE\plugins\com.st.stm32cube.common.mx_6.14.1.202504091515
2025-05-13 20:17:17,069 [INFO] PluginManage:196 - Search for loadable plugins [exclusion list=, ]
2025-05-13 20:17:17,070 [INFO] PluginManage:310 - Check plugin analytics
2025-05-13 20:17:17,184 [INFO] AnalyticsPlugin:253 - Accepted Software Licenses: STM32CubeMX.6.14.1
2025-05-13 20:17:17,184 [INFO] AnalyticsPlugin:255 - Accepted CMSIS Pack Licenses: 
2025-05-13 20:17:17,184 [INFO] AnalyticsPlugin:257 - Accepted Firmware Licenses: 
2025-05-13 20:17:17,186 [INFO] PluginManage:359 - Loaded plugin analytics (category:tool,tabindex:-1)
2025-05-13 20:17:17,186 [INFO] PluginManage:310 - Check plugin cadmodel
2025-05-13 20:17:17,188 [INFO] CADModel:105 - Init CAD model plugin
2025-05-13 20:17:17,188 [INFO] PluginManage:359 - Loaded plugin cadmodel (category:power,tabindex:5)
2025-05-13 20:17:17,189 [INFO] PluginManage:310 - Check plugin clock
2025-05-13 20:17:17,194 [INFO] PluginManage:359 - Loaded plugin clock (category:base,tabindex:2)
2025-05-13 20:17:17,195 [INFO] PluginManage:310 - Check plugin ddr
2025-05-13 20:17:17,196 [INFO] PluginManage:359 - Loaded plugin ddr (category:tool,tabindex:6)
2025-05-13 20:17:17,196 [INFO] PluginManage:310 - Check plugin filemanager
2025-05-13 20:17:17,288 [INFO] PluginManage:359 - Loaded plugin filemanager (category:base,tabindex:10)
2025-05-13 20:17:17,288 [INFO] PluginManage:310 - Check plugin ipmanager
2025-05-13 20:17:17,293 [INFO] PluginManage:359 - Loaded plugin ipmanager (category:base,tabindex:5)
2025-05-13 20:17:17,293 [INFO] PluginManage:310 - Check plugin lpbam
2025-05-13 20:17:17,297 [INFO] PluginManage:359 - Loaded plugin lpbam (category:base,tabindex:0)
2025-05-13 20:17:17,298 [INFO] PluginManage:310 - Check plugin memorymap
2025-05-13 20:17:17,305 [INFO] PluginManage:359 - Loaded plugin memorymap (category:base,tabindex:4)
2025-05-13 20:17:17,305 [INFO] PluginManage:310 - Check plugin pinoutandconfiguration
2025-05-13 20:17:17,310 [INFO] PluginManage:359 - Loaded plugin pinoutandconfiguration (category:base,tabindex:1)
2025-05-13 20:17:17,310 [INFO] PluginManage:310 - Check plugin pinoutconfig
2025-05-13 20:17:17,365 [WARN] SupportedApi:132 - Cannot load RTOS API schema: s4s-elt-must-match.1: The content of 'definitions' must match (annotation?, (simpleType | complexType)?, (unique | key | keyref)*)). A problem was found starting at: attribute.
2025-05-13 20:17:17,447 [INFO] PluginManage:359 - Loaded plugin pinoutconfig (category:base,tabindex:0)
2025-05-13 20:17:17,447 [INFO] PluginManage:310 - Check plugin power
2025-05-13 20:17:17,452 [INFO] PluginManage:359 - Loaded plugin power (category:power,tabindex:4)
2025-05-13 20:17:17,452 [INFO] PluginManage:310 - Check plugin projectmanager
2025-05-13 20:17:17,461 [INFO] PluginManage:359 - Loaded plugin projectmanager (category:projectmanager,tabindex:4)
2025-05-13 20:17:17,461 [INFO] PluginManage:310 - Check plugin rif
2025-05-13 20:17:17,468 [INFO] PluginManage:359 - Loaded plugin rif (category:base,tabindex:3)
2025-05-13 20:17:17,468 [INFO] PluginManage:310 - Check plugin thirdparty
2025-05-13 20:17:17,555 [INFO] PluginManage:359 - Loaded plugin thirdparty (category:base,tabindex:-1)
2025-05-13 20:17:17,556 [INFO] PluginManage:310 - Check plugin tools
2025-05-13 20:17:17,555 [WARN] IntegrityCheckThread:84 - waiting for thirdparty lock release [integrity check]
2025-05-13 20:17:17,556 [INFO] IntegrityCheckThread:86 - entering critical section [integrity check]
2025-05-13 20:17:17,556 [INFO] ThirdPartyUpdaterWithRetryManager:70 - Updater plugin not ready yet. [1/15]
2025-05-13 20:17:17,557 [INFO] PluginManage:359 - Loaded plugin tools (category:base,tabindex:7)
2025-05-13 20:17:17,557 [INFO] PluginManage:310 - Check plugin tutovideos
2025-05-13 20:17:17,671 [INFO] PluginManage:359 - Loaded plugin tutovideos (category:base,tabindex:-1)
2025-05-13 20:17:17,671 [INFO] PluginManage:310 - Check plugin updater
2025-05-13 20:17:17,685 [INFO] PluginManage:359 - Loaded plugin updater (category:base,tabindex:12)
2025-05-13 20:17:17,685 [INFO] PluginManage:310 - Check plugin userauth
2025-05-13 20:17:17,687 [INFO] UserAuth:118 - Init User Auth plugin
2025-05-13 20:17:17,688 [INFO] PluginManage:359 - Loaded plugin userauth (category:base,tabindex:14)
2025-05-13 20:17:17,688 [INFO] PluginManage:283 - PluginManage : Loaded plugins [18]
2025-05-13 20:17:17,812 [INFO] PinOutPanel:1589 - setPackage(No Configuration,No Configuration)
2025-05-13 20:17:17,866 [INFO] CADModel:165 - CPN selected for project level
2025-05-13 20:17:17,867 [INFO] CADModel:114 - Register for checkConnection events
2025-05-13 20:17:17,877 [INFO] IPUIPlugin:80 - create IPUIPlugin
2025-05-13 20:17:17,877 [INFO] PluginManager:220 - loadIPPluginJar : add adc
2025-05-13 20:17:17,878 [INFO] IPUIPlugin:80 - create IPUIPlugin
2025-05-13 20:17:17,878 [INFO] PluginManager:220 - loadIPPluginJar : add aes
2025-05-13 20:17:17,880 [INFO] IPUIPlugin:80 - create IPUIPlugin
2025-05-13 20:17:17,880 [INFO] PluginManager:220 - loadIPPluginJar : add can
2025-05-13 20:17:17,880 [INFO] IPUIPlugin:80 - create IPUIPlugin
2025-05-13 20:17:17,880 [INFO] PluginManager:220 - loadIPPluginJar : add comp
2025-05-13 20:17:17,881 [INFO] IPUIPlugin:80 - create IPUIPlugin
2025-05-13 20:17:17,882 [INFO] PluginManager:220 - loadIPPluginJar : add cryp
2025-05-13 20:17:17,884 [INFO] IPUIPlugin:80 - create IPUIPlugin
2025-05-13 20:17:17,884 [INFO] PluginManager:220 - loadIPPluginJar : add ddr_ctrl_phy
2025-05-13 20:17:17,885 [INFO] IPUIPlugin:80 - create IPUIPlugin
2025-05-13 20:17:17,885 [INFO] PluginManager:220 - loadIPPluginJar : add dfsdm
2025-05-13 20:17:17,888 [INFO] IPUIPlugin:80 - create IPUIPlugin
2025-05-13 20:17:17,889 [INFO] PluginManager:220 - loadIPPluginJar : add dma
2025-05-13 20:17:17,890 [INFO] IPUIPlugin:80 - create IPUIPlugin
2025-05-13 20:17:17,890 [INFO] PluginManager:220 - loadIPPluginJar : add dma3
2025-05-13 20:17:17,892 [INFO] IPUIPlugin:80 - create IPUIPlugin
2025-05-13 20:17:17,892 [INFO] PluginManager:220 - loadIPPluginJar : add extmemmanager
2025-05-13 20:17:17,892 [INFO] IPUIPlugin:80 - create IPUIPlugin
2025-05-13 20:17:17,892 [INFO] PluginManager:220 - loadIPPluginJar : add fatfs
2025-05-13 20:17:17,895 [INFO] IPUIPlugin:80 - create IPUIPlugin
2025-05-13 20:17:17,896 [INFO] PluginManager:220 - loadIPPluginJar : add fmc
2025-05-13 20:17:17,898 [INFO] IPUIPlugin:80 - create IPUIPlugin
2025-05-13 20:17:17,898 [INFO] PluginManager:220 - loadIPPluginJar : add freertos
2025-05-13 20:17:17,899 [INFO] IPUIPlugin:80 - create IPUIPlugin
2025-05-13 20:17:17,899 [INFO] PluginManager:220 - loadIPPluginJar : add genericplugin
2025-05-13 20:17:17,900 [INFO] IPUIPlugin:80 - create IPUIPlugin
2025-05-13 20:17:17,900 [INFO] PluginManager:220 - loadIPPluginJar : add gfxmmu
2025-05-13 20:17:17,903 [INFO] IPUIPlugin:80 - create IPUIPlugin
2025-05-13 20:17:17,903 [INFO] PluginManager:220 - loadIPPluginJar : add gic
2025-05-13 20:17:17,906 [INFO] IPUIPlugin:80 - create IPUIPlugin
2025-05-13 20:17:17,906 [INFO] PluginManager:220 - loadIPPluginJar : add gpio
2025-05-13 20:17:17,908 [INFO] IPUIPlugin:80 - create IPUIPlugin
2025-05-13 20:17:17,908 [INFO] PluginManager:220 - loadIPPluginJar : add gtzc
2025-05-13 20:17:17,909 [INFO] IPUIPlugin:80 - create IPUIPlugin
2025-05-13 20:17:17,909 [INFO] PluginManager:220 - loadIPPluginJar : add hash
2025-05-13 20:17:17,910 [INFO] IPUIPlugin:80 - create IPUIPlugin
2025-05-13 20:17:17,911 [INFO] PluginManager:220 - loadIPPluginJar : add i2c
2025-05-13 20:17:17,912 [INFO] IPUIPlugin:80 - create IPUIPlugin
2025-05-13 20:17:17,912 [INFO] PluginManager:220 - loadIPPluginJar : add i2s
2025-05-13 20:17:17,913 [INFO] IPUIPlugin:80 - create IPUIPlugin
2025-05-13 20:17:17,913 [INFO] PluginManager:220 - loadIPPluginJar : add i3c
2025-05-13 20:17:17,915 [INFO] IPUIPlugin:80 - create IPUIPlugin
2025-05-13 20:17:17,915 [INFO] PluginManager:220 - loadIPPluginJar : add ipddr
2025-05-13 20:17:17,921 [INFO] IPUIPlugin:80 - create IPUIPlugin
2025-05-13 20:17:17,921 [INFO] PluginManager:220 - loadIPPluginJar : add linkedlist
2025-05-13 20:17:17,923 [INFO] IPUIPlugin:80 - create IPUIPlugin
2025-05-13 20:17:17,923 [INFO] PluginManager:220 - loadIPPluginJar : add lorawan
2025-05-13 20:17:17,923 [INFO] IPUIPlugin:80 - create IPUIPlugin
2025-05-13 20:17:17,924 [INFO] PluginManager:220 - loadIPPluginJar : add ltdc
2025-05-13 20:17:17,927 [INFO] IPUIPlugin:80 - create IPUIPlugin
2025-05-13 20:17:17,927 [INFO] PluginManager:220 - loadIPPluginJar : add mdma
2025-05-13 20:17:17,929 [INFO] IPUIPlugin:80 - create IPUIPlugin
2025-05-13 20:17:17,929 [INFO] PluginManager:220 - loadIPPluginJar : add nvic
2025-05-13 20:17:17,931 [INFO] IPUIPlugin:80 - create IPUIPlugin
2025-05-13 20:17:17,931 [INFO] PluginManager:220 - loadIPPluginJar : add opamp
2025-05-13 20:17:17,932 [INFO] IPUIPlugin:80 - create IPUIPlugin
2025-05-13 20:17:17,932 [INFO] PluginManager:220 - loadIPPluginJar : add openamp
2025-05-13 20:17:17,934 [INFO] IPUIPlugin:80 - create IPUIPlugin
2025-05-13 20:17:17,934 [INFO] PluginManager:220 - loadIPPluginJar : add pdm2pcm
2025-05-13 20:17:17,938 [INFO] IPUIPlugin:80 - create IPUIPlugin
2025-05-13 20:17:17,940 [INFO] PluginManager:220 - loadIPPluginJar : add plateformsettings
2025-05-13 20:17:17,941 [INFO] IPUIPlugin:80 - create IPUIPlugin
2025-05-13 20:17:17,941 [INFO] PluginManager:220 - loadIPPluginJar : add quadspi
2025-05-13 20:17:17,942 [INFO] IPUIPlugin:80 - create IPUIPlugin
2025-05-13 20:17:17,942 [INFO] PluginManager:220 - loadIPPluginJar : add radio
2025-05-13 20:17:17,944 [INFO] IPUIPlugin:80 - create IPUIPlugin
2025-05-13 20:17:17,944 [INFO] PluginManager:220 - loadIPPluginJar : add resmgrutility
2025-05-13 20:17:17,946 [INFO] IPUIPlugin:80 - create IPUIPlugin
2025-05-13 20:17:17,946 [INFO] PluginManager:220 - loadIPPluginJar : add sai
2025-05-13 20:17:17,947 [INFO] IPUIPlugin:80 - create IPUIPlugin
2025-05-13 20:17:17,947 [INFO] PluginManager:220 - loadIPPluginJar : add spi
2025-05-13 20:17:17,951 [INFO] IPUIPlugin:80 - create IPUIPlugin
2025-05-13 20:17:17,951 [INFO] PluginManager:220 - loadIPPluginJar : add stm32_wpan
2025-05-13 20:17:17,952 [INFO] IPUIPlugin:80 - create IPUIPlugin
2025-05-13 20:17:17,952 [INFO] PluginManager:220 - loadIPPluginJar : add tim
2025-05-13 20:17:17,954 [INFO] IPUIPlugin:80 - create IPUIPlugin
2025-05-13 20:17:17,954 [INFO] PluginManager:220 - loadIPPluginJar : add touchsensing
2025-05-13 20:17:17,955 [INFO] IPUIPlugin:80 - create IPUIPlugin
2025-05-13 20:17:17,956 [INFO] PluginManager:220 - loadIPPluginJar : add tracer_emb
2025-05-13 20:17:17,957 [INFO] IPUIPlugin:80 - create IPUIPlugin
2025-05-13 20:17:17,957 [INFO] PluginManager:220 - loadIPPluginJar : add ts
2025-05-13 20:17:17,958 [INFO] IPUIPlugin:80 - create IPUIPlugin
2025-05-13 20:17:17,958 [INFO] PluginManager:220 - loadIPPluginJar : add tsc
2025-05-13 20:17:17,959 [INFO] IPUIPlugin:80 - create IPUIPlugin
2025-05-13 20:17:17,959 [INFO] PluginManager:220 - loadIPPluginJar : add ucpd
2025-05-13 20:17:17,961 [INFO] IPUIPlugin:80 - create IPUIPlugin
2025-05-13 20:17:17,961 [INFO] PluginManager:220 - loadIPPluginJar : add usart
2025-05-13 20:17:17,963 [INFO] IPUIPlugin:80 - create IPUIPlugin
2025-05-13 20:17:17,963 [INFO] PluginManager:220 - loadIPPluginJar : add usbx
2025-05-13 20:17:18,068 [FATAL] Updater:351 - Updater called before beeing initialized
2025-05-13 20:17:18,084 [INFO] RulesReader:64 - Compatibility file has been processed (302 Rules)
2025-05-13 20:17:18,090 [INFO] RulesReader:64 - Compatibility file has been processed (302 Rules)
2025-05-13 20:17:18,095 [INFO] CADModel:165 - CPN selected for project level
2025-05-13 20:17:18,095 [INFO] CADModel:114 - Register for checkConnection events
2025-05-13 20:17:18,095 [FATAL] Updater:351 - Updater called before beeing initialized
2025-05-13 20:17:18,095 [ERROR] CADModel:125 - Updater not yet initialized, retry later 
2025-05-13 20:17:18,177 [FATAL] Updater:351 - Updater called before beeing initialized
2025-05-13 20:17:18,178 [INFO] CADModel:165 - CPN selected for project level
2025-05-13 20:17:18,178 [INFO] CADModel:114 - Register for checkConnection events
2025-05-13 20:17:18,178 [FATAL] Updater:351 - Updater called before beeing initialized
2025-05-13 20:17:18,178 [ERROR] CADModel:125 - Updater not yet initialized, retry later 
2025-05-13 20:17:18,180 [FATAL] Updater:351 - Updater called before beeing initialized
2025-05-13 20:17:18,244 [FATAL] Updater:351 - Updater called before beeing initialized
2025-05-13 20:17:18,247 [INFO] DbMcusAds:53 - JSON generation date=Wed May 07 18:07:55 KST 2025 (1746608875638)
2025-05-13 20:17:18,247 [FATAL] Updater:351 - Updater called before beeing initialized
2025-05-13 20:17:18,271 [WARN] DetailPanel:346 - Failed to get advertising image, set to default
2025-05-13 20:17:18,472 [FATAL] Updater:351 - Updater called before beeing initialized
2025-05-13 20:17:18,473 [FATAL] Updater:351 - Updater called before beeing initialized
2025-05-13 20:17:18,473 [FATAL] Updater:351 - Updater called before beeing initialized
2025-05-13 20:17:18,473 [WARN] DetailPanel:346 - Failed to get advertising image, set to default
2025-05-13 20:17:18,474 [FATAL] Updater:351 - Updater called before beeing initialized
2025-05-13 20:17:18,503 [ERROR] Updater:1198 - MainUpdater not yet initialized. External WinMGr cannot be set.
2025-05-13 20:17:18,504 [INFO] Updater:1134 - Updater Version found : 6.14.1
2025-05-13 20:17:18,515 [INFO] ApplicationProperties:184 - Using Application install path: C:\ST\STM32CubeIDE_1.18.1\STM32CubeIDE\plugins\com.st.stm32cube.common.mx_6.14.1.202504091515
2025-05-13 20:17:20,081 [ERROR] LogOutputStream:75 - [STDERR_REDIRECT] May 13, 2025 8:17:20 PM java.util.prefs.WindowsPreferences <init>
2025-05-13 20:17:20,081 [ERROR] LogOutputStream:75 - [STDERR_REDIRECT] WARNING: Could not open/create prefs root node Software\JavaSoft\Prefs at root 0xffffffff80000002. Windows RegCreateKeyEx(...) returned error code 5.
2025-05-13 20:17:20,082 [ERROR] LogOutputStream:75 - [STDERR_REDIRECT] 
2025-05-13 20:17:20,531 [INFO] MainUpdater:2872 - connection check result : 10
2025-05-13 20:17:20,531 [INFO] MainUpdater:289 - Updater Check For Update Now.
2025-05-13 20:17:20,531 [INFO] MicroXplorer:498 - Change Database Version : DB.6.0.141
2025-05-13 20:17:20,535 [INFO] McuFinderGlobals:63 - Set McuFinder mode to 2 (CubeIDE integrated)
2025-05-13 20:17:20,535 [INFO] UserAuth:484 - Internet connection configuration mode: 1
2025-05-13 20:17:20,545 [INFO] JxBrowserEngine:152 - Initiate JxBrowser Engine with user profile folder
2025-05-13 20:17:20,557 [WARN] MainUpdater:1193 - Updater busy. Cannot search thirdparties
2025-05-13 20:17:20,557 [INFO] ThirdPartyUpdaterWithRetryManager:96 - Updater plugin is busy. [1/15]
2025-05-13 20:17:20,678 [INFO] CheckServerUpdateThread:120 - End of CheckServer Thread
2025-05-13 20:17:20,954 [INFO] WebApp:169 - Instantiating new browser for Auth
2025-05-13 20:17:21,422 [INFO] WebApp:463 - Apply proxy settings
2025-05-13 20:17:21,423 [INFO] WebApp:548 - Chromium requires no authentication
2025-05-13 20:17:21,428 [INFO] WebApp:491 - Direct internet connection detected
2025-05-13 20:17:21,443 [INFO] WebApp:894 - Register for checkConnection events
2025-05-13 20:17:21,444 [INFO] WebApp:463 - Apply proxy settings
2025-05-13 20:17:21,444 [INFO] WebApp:548 - Chromium requires no authentication
2025-05-13 20:17:21,444 [INFO] WebApp:491 - Direct internet connection detected
2025-05-13 20:17:21,539 [INFO] WebApp:225 - Starting web application
2025-05-13 20:17:21,539 [INFO] WebApp:593 - Web application path used C:\ST\STM32CubeIDE_1.18.1\STM32CubeIDE\plugins\com.st.stm32cube.common.mx_6.14.1.202504091515\db\plugins\mcufinder\reactClient1\index.html
2025-05-13 20:17:21,597 [INFO] UserAuth:484 - Internet connection configuration mode: 1
2025-05-13 20:17:21,746 [INFO] WebApp:191 - Connection restablished
2025-05-13 20:17:23,742 [WARN] PackLoader:240 - Cannot read IP mode file for STMicroelectronics.FP-SNS-MOTENVWB1.1.4.0
2025-05-13 20:17:23,748 [WARN] PackLoader:240 - Cannot read IP mode file for STMicroelectronics.FP-ATR-ASTRA1.2.0.2
2025-05-13 20:17:23,756 [WARN] PackLoader:240 - Cannot read IP mode file for STMicroelectronics.X-CUBE-SMBUS.2.1.0
2025-05-13 20:17:23,776 [WARN] PackLoader:240 - Cannot read IP mode file for STMicroelectronics.X-CUBE-AZRTOS-F7.1.1.0
2025-05-13 20:17:23,796 [WARN] PackLoader:240 - Cannot read IP mode file for Infineon.AIROC-Wi-Fi-Bluetooth-STM32.1.7.0
2025-05-13 20:17:23,807 [WARN] PackLoader:240 - Cannot read IP mode file for STMicroelectronics.X-CUBE-DISPLAY.3.0.0
2025-05-13 20:17:23,815 [WARN] PackLoader:240 - Cannot read IP mode file for STMicroelectronics.X-CUBE-NFC10.1.0.0
2025-05-13 20:17:23,821 [WARN] PackLoader:240 - Cannot read IP mode file for STMicroelectronics.X-CUBE-BLEMGR.4.0.0
2025-05-13 20:17:23,827 [WARN] PackLoader:240 - Cannot read IP mode file for emotas.I-CUBE-CANOPEN.1.3.0
2025-05-13 20:17:23,830 [WARN] ConditionMgr:438 - getConditionDescription Invalid condition id : Cortex-A Device cause : null
2025-05-13 20:17:23,838 [WARN] ConditionMgr:1044 - genDependencies : Invalid condition id : Cortex-A Device cause : null
2025-05-13 20:17:23,838 [WARN] ConditionMgr:1044 - genDependencies : Invalid condition id : Cortex-A Device cause : null
2025-05-13 20:17:23,838 [WARN] ConditionMgr:1044 - genDependencies : Invalid condition id : Cortex-A Device cause : null
2025-05-13 20:17:23,841 [WARN] PackLoader:240 - Cannot read IP mode file for STMicroelectronics.X-CUBE-AI.10.0.0
2025-05-13 20:17:23,843 [WARN] PackLoader:240 - Cannot read IP mode file for STMicroelectronics.FP-SNS-SMARTAG2.1.2.0
2025-05-13 20:17:23,846 [WARN] PackLoader:240 - Cannot read IP mode file for STMicroelectronics.FP-SNS-FLIGHT1.5.1.0
2025-05-13 20:17:23,852 [INFO] LogOutputStream:77 - [STDOUT_REDIRECT] 1 : Invalid condition id : UX_CORESTACK_Condition cause : null
2025-05-13 20:17:23,852 [INFO] LogOutputStream:77 - [STDOUT_REDIRECT] 1 : Invalid condition id : UX_CORESTACK_Condition cause : null
2025-05-13 20:17:23,853 [INFO] LogOutputStream:77 - [STDOUT_REDIRECT] 1 : Invalid condition id : UX_CORESTACK_Condition cause : null
2025-05-13 20:17:23,853 [INFO] LogOutputStream:77 - [STDOUT_REDIRECT] 1 : Invalid condition id : UX_CORESTACK_Condition cause : null
2025-05-13 20:17:23,855 [INFO] LogOutputStream:77 - [STDOUT_REDIRECT] 1 : Invalid condition id : UX_CORESTACK_Condition cause : null
2025-05-13 20:17:23,856 [WARN] PackLoader:240 - Cannot read IP mode file for STMicroelectronics.X-CUBE-AZRTOS-WL.2.0.0
2025-05-13 20:17:23,860 [WARN] PackLoader:240 - Cannot read IP mode file for STMicroelectronics.FP-SNS-MOTENV1.5.0.0
2025-05-13 20:17:23,865 [WARN] PackLoader:240 - Cannot read IP mode file for WES.I-CUBE-Cesium.1.3.0
2025-05-13 20:17:23,868 [WARN] PackLoader:240 - Cannot read IP mode file for STMicroelectronics.X-CUBE-BLE2.3.3.0
2025-05-13 20:17:23,872 [WARN] PackLoader:240 - Cannot read IP mode file for STMicroelectronics.X-CUBE-NFC9.1.0.0
2025-05-13 20:17:23,876 [WARN] PackLoader:240 - Cannot read IP mode file for STMicroelectronics.X-CUBE-BLE1.7.1.0
2025-05-13 20:17:23,879 [WARN] PackLoader:240 - Cannot read IP mode file for wolfSSL.I-CUBE-wolfMQTT.1.19.2
2025-05-13 20:17:23,910 [WARN] PackLoader:240 - Cannot read IP mode file for STMicroelectronics.X-CUBE-MEMS1.11.2.0
2025-05-13 20:17:24,001 [WARN] PackLoader:240 - Cannot read IP mode file for STMicroelectronics.X-CUBE-AZRTOS-G0.1.1.0
2025-05-13 20:17:24,007 [WARN] PackLoader:240 - Cannot read IP mode file for STMicroelectronics.X-CUBE-SAFEA1.1.2.2
2025-05-13 20:17:24,013 [WARN] PackLoader:240 - Cannot read IP mode file for STMicroelectronics.X-CUBE-NFC4.3.0.0
2025-05-13 20:17:24,019 [WARN] PackLoader:240 - Cannot read IP mode file for EmbeddedOffice.I-CUBE-FS-RTOS.1.0.1
2025-05-13 20:17:24,023 [WARN] PackLoader:240 - Cannot read IP mode file for STMicroelectronics.X-CUBE-WB05N.2.0.0
2025-05-13 20:17:24,026 [WARN] PackLoader:240 - Cannot read IP mode file for wolfSSL.I-CUBE-wolfTPM.3.8.0
2025-05-13 20:17:24,030 [WARN] PackLoader:240 - Cannot read IP mode file for STMicroelectronics.X-CUBE-TCPP.4.2.0
2025-05-13 20:17:24,035 [WARN] PackLoader:240 - Cannot read IP mode file for RealThread.X-CUBE-RT-Thread_Nano.4.1.1
2025-05-13 20:17:24,038 [WARN] PackLoader:240 - Cannot read IP mode file for STMicroelectronics.FP-ATR-SIGFOX1.3.2.0
2025-05-13 20:17:24,042 [WARN] PackLoader:240 - Cannot read IP mode file for STMicroelectronics.X-CUBE-EEPRMA1.5.1.0
2025-05-13 20:17:24,047 [WARN] PackLoader:240 - Cannot read IP mode file for wolfSSL.I-CUBE-wolfSSL.5.7.6
2025-05-13 20:17:24,051 [WARN] PackLoader:240 - Cannot read IP mode file for ITTIA_DB.I-CUBE-ITTIADB.8.9.0
2025-05-13 20:17:24,067 [WARN] PackLoader:240 - Cannot read IP mode file for SEGGER.I-CUBE-embOS.1.3.1
2025-05-13 20:17:24,088 [WARN] PackLoader:240 - Cannot read IP mode file for STMicroelectronics.X-CUBE-ALGOBUILD.1.4.0
2025-05-13 20:17:24,096 [WARN] PackLoader:240 - Cannot read IP mode file for STMicroelectronics.X-CUBE-AZRTOS-F4.1.1.0
2025-05-13 20:17:24,101 [WARN] PackLoader:240 - Cannot read IP mode file for Avnet-IotConnect.X-CUBE-IoTC-DA16k-PMOD.1.0.0
2025-05-13 20:17:24,103 [WARN] PackLoader:240 - Cannot read IP mode file for STMicroelectronics.X-CUBE-ISPU.2.1.0
2025-05-13 20:17:24,113 [WARN] PackLoader:240 - Cannot read IP mode file for STMicroelectronics.X-CUBE-AZRTOS-L5.2.0.0
2025-05-13 20:17:24,118 [WARN] PackLoader:240 - Cannot read IP mode file for STMicroelectronics.X-CUBE-NFC6.3.1.0
2025-05-13 20:17:24,122 [WARN] PackLoader:240 - Cannot read IP mode file for STMicroelectronics.X-CUBE-FREERTOS.1.3.1
2025-05-13 20:17:24,124 [WARN] PackLoader:240 - Cannot read IP mode file for STMicroelectronics.X-CUBE-FREERTOS.1.3.0
2025-05-13 20:17:24,127 [WARN] PackLoader:240 - Cannot read IP mode file for STMicroelectronics.X-CUBE-DPower.1.3.0
2025-05-13 20:17:24,138 [WARN] ConditionMgr:438 - getConditionDescription Invalid condition id : LAN8742 Phy interface Condition cause : null
2025-05-13 20:17:24,139 [WARN] PackLoader:240 - Cannot read IP mode file for STMicroelectronics.X-CUBE-AZRTOS-L4.2.0.0
2025-05-13 20:17:24,139 [WARN] ConditionMgr:1044 - genDependencies : Invalid condition id : LAN8742 Phy interface Condition cause : null
2025-05-13 20:17:24,139 [WARN] ConditionMgr:1044 - genDependencies : Invalid condition id : LAN8742 Phy interface Condition cause : null
2025-05-13 20:17:24,140 [WARN] ConditionMgr:1044 - genDependencies : Invalid condition id : LAN8742 Phy interface Condition cause : null
2025-05-13 20:17:24,146 [WARN] PackLoader:240 - Cannot read IP mode file for STMicroelectronics.X-CUBE-SFXS2LP1.4.0.0
2025-05-13 20:17:24,157 [WARN] PackLoader:240 - Cannot read IP mode file for STMicroelectronics.X-CUBE-AZRTOS-H7.3.3.0
2025-05-13 20:17:24,168 [WARN] ConditionMgr:438 - getConditionDescription Invalid condition id : UX DEVICE CLASS RTOS Condition cause : null
2025-05-13 20:17:24,168 [WARN] ConditionMgr:438 - getConditionDescription Invalid condition id : UX DEVICE CLASS RTOS Condition cause : null
2025-05-13 20:17:24,169 [WARN] PackLoader:240 - Cannot read IP mode file for STMicroelectronics.X-CUBE-AZRTOS-WB.2.0.0
2025-05-13 20:17:24,170 [WARN] ConditionMgr:1044 - genDependencies : Invalid condition id : UX DEVICE CLASS RTOS Condition cause : null
2025-05-13 20:17:24,170 [WARN] ConditionMgr:1044 - genDependencies : Invalid condition id : UX DEVICE CLASS RTOS Condition cause : null
2025-05-13 20:17:24,170 [WARN] ConditionMgr:1044 - genDependencies : Invalid condition id : UX DEVICE CLASS RTOS Condition cause : null
2025-05-13 20:17:24,170 [WARN] ConditionMgr:1044 - genDependencies : Invalid condition id : UX DEVICE CLASS RTOS Condition cause : null
2025-05-13 20:17:24,170 [WARN] ConditionMgr:1044 - genDependencies : Invalid condition id : UX DEVICE CLASS RTOS Condition cause : null
2025-05-13 20:17:24,174 [WARN] PackLoader:240 - Cannot read IP mode file for STMicroelectronics.X-CUBE-GNSS1.7.0.1
2025-05-13 20:17:24,177 [WARN] PackLoader:240 - Cannot read IP mode file for STMicroelectronics.X-CUBE-TOUCHGFX.4.25.0
2025-05-13 20:17:24,180 [WARN] PackLoader:240 - Cannot read IP mode file for STMicroelectronics.FP-SNS-STBOX1.2.0.0
2025-05-13 20:17:24,204 [WARN] PackLoader:240 - Cannot read IP mode file for STMicroelectronics.X-CUBE-SUBG2.5.0.0
2025-05-13 20:17:24,218 [WARN] PackLoader:240 - Cannot read IP mode file for STMicroelectronics.X-CUBE-AZRTOS-H7RS.1.1.0
2025-05-13 20:17:24,223 [WARN] PackLoader:240 - Cannot read IP mode file for Cesanta.I-CUBE-Mongoose.7.13.0
2025-05-13 20:17:24,229 [WARN] PackLoader:240 - Cannot read IP mode file for STMicroelectronics.X-CUBE-AZRTOS-G4.2.0.0
2025-05-13 20:17:24,233 [WARN] PackLoader:240 - Cannot read IP mode file for wolfSSL.I-CUBE-wolfSSH.1.4.20
2025-05-13 20:17:24,236 [WARN] PackLoader:240 - Cannot read IP mode file for STMicroelectronics.X-CUBE-NFC7.2.0.0
2025-05-13 20:17:24,242 [WARN] PackLoader:240 - Cannot read IP mode file for STMicroelectronics.X-CUBE-IPS.3.1.0
2025-05-13 20:17:24,246 [WARN] PackLoader:240 - Cannot read IP mode file for STMicroelectronics.X-CUBE-ALS.1.0.2
2025-05-13 20:17:24,249 [WARN] PackLoader:240 - Cannot read IP mode file for portGmbH.I-Cube-SoM-uGOAL.1.1.0
2025-05-13 20:17:24,254 [WARN] PackLoader:240 - Cannot read IP mode file for STMicroelectronics.X-CUBE-TOF1.3.4.3
2025-05-13 20:17:24,259 [INFO] ThirdParty:978 - Integrity check success = true
2025-05-13 20:17:24,259 [INFO] IntegrityCheckThread:100 - exiting critical section [integrity check]
2025-05-13 20:17:24,259 [INFO] IntegrityCheckThread:103 - End integrity checks thread
2025-05-13 20:56:19,794 [ERROR] LogOutputStream:75 - [STDERR_REDIRECT] 
