2025-07-03 09:29:28,342 [INFO] Activator:176 - 


2025-07-03 09:29:28,349 [INFO] Activator:177 - !SESSION log4j initialized
2025-07-03 09:29:32,861 [INFO] LogOutputStream:77 - [STDOUT_REDIRECT] 
2025-07-03 09:29:34,628 [INFO] ApplicationProperties:184 - Using Application install path: C:\ST\STM32CubeIDE_1.18.1\STM32CubeIDE\plugins\com.st.stm32cube.common.mx_6.14.1.202504091515
2025-07-03 09:29:34,641 [INFO] DbMcusXml:78 - Set database path to: C:\ST\STM32CubeIDE_1.18.1\STM32CubeIDE\plugins\com.st.stm32cube.common.mx_6.14.1.202504091515\\db\/mcu/
2025-07-03 09:29:34,642 [INFO] ApiDb:274 - Set plugin database path to: C:\ST\STM32CubeIDE_1.18.1\STM32CubeIDE\plugins\com.st.stm32cube.common.mx_6.14.1.202504091515\\db\/plugins/boardmanager/
2025-07-03 09:29:34,642 [WARN] ApiDb:259 - Overriding images path with different value:  => C:\ST\STM32CubeIDE_1.18.1\STM32CubeIDE\plugins\com.st.stm32cube.common.mx_6.14.1.202504091515\\db\/plugins/mcufinder/images/
2025-07-03 09:29:34,648 [INFO] ApiDb:250 - Set database path to: C:\Users\wh310\.stmcufinder\plugins\mcufinder//mcu/
2025-07-03 09:29:34,649 [INFO] DbMcusAds:125 - Set database path to: C:\Users\wh310\.stmcufinder\plugins\mcufinder//mcu/
2025-07-03 09:29:34,650 [INFO] CrossReferenceDbSqlite:203 - Set database path to: C:\Users\wh310\.stmcufinder\plugins\mcufinder//mcu/cs/
2025-07-03 09:29:34,732 [INFO] RulesReader:64 - Compatibility file has been processed (302 Rules)
2025-07-03 09:29:34,798 [INFO] DbMcusXml:78 - Set database path to: C:\ST\STM32CubeIDE_1.18.1\STM32CubeIDE\plugins\com.st.stm32cube.common.mx_6.14.1.202504091515\\db\/mcu/
2025-07-03 09:29:34,798 [INFO] ApiDb:274 - Set plugin database path to: C:\ST\STM32CubeIDE_1.18.1\STM32CubeIDE\plugins\com.st.stm32cube.common.mx_6.14.1.202504091515\\db\/plugins/boardmanager/
2025-07-03 09:29:34,798 [INFO] ApiDb:261 - Set plugin images path to: C:\ST\STM32CubeIDE_1.18.1\STM32CubeIDE\plugins\com.st.stm32cube.common.mx_6.14.1.202504091515\\db\/plugins/mcufinder/images/
2025-07-03 09:29:34,798 [WARN] DbFile:41 - Overriding database path with different value: C:\Users\wh310\.stmcufinder\plugins\mcufinder/ => C:\Users\wh310\.stmcufinder\plugins\mcufinder
2025-07-03 09:29:34,799 [INFO] ApiDb:250 - Set database path to: C:\Users\wh310\.stmcufinder\plugins\mcufinder//mcu/
2025-07-03 09:29:34,799 [WARN] DbFile:41 - Overriding database path with different value: C:\Users\wh310\.stmcufinder\plugins\mcufinder/ => C:\Users\wh310\.stmcufinder\plugins\mcufinder
2025-07-03 09:29:34,799 [INFO] DbMcusAds:125 - Set database path to: C:\Users\wh310\.stmcufinder\plugins\mcufinder//mcu/
2025-07-03 09:29:34,799 [WARN] DbFile:41 - Overriding database path with different value: C:\Users\wh310\.stmcufinder\plugins\mcufinder/ => C:\Users\wh310\.stmcufinder\plugins\mcufinder
2025-07-03 09:29:34,799 [WARN] DbFile:41 - Overriding database path with different value: C:\Users\wh310\.stmcufinder\plugins\mcufinder/ => C:\Users\wh310\.stmcufinder\plugins\mcufinder
2025-07-03 09:29:34,799 [INFO] CrossReferenceDbSqlite:203 - Set database path to: C:\Users\wh310\.stmcufinder\plugins\mcufinder//mcu/cs/
2025-07-03 09:29:34,854 [INFO] MainPanel:272 - HeapMemory: 268435456
2025-07-03 09:29:34,934 [INFO] DbMcusXml:78 - Set database path to: C:\ST\STM32CubeIDE_1.18.1\STM32CubeIDE\plugins\com.st.stm32cube.common.mx_6.14.1.202504091515\\db\/mcu/
2025-07-03 09:29:34,934 [INFO] ApiDb:274 - Set plugin database path to: C:\ST\STM32CubeIDE_1.18.1\STM32CubeIDE\plugins\com.st.stm32cube.common.mx_6.14.1.202504091515\\db\/plugins/boardmanager/
2025-07-03 09:29:34,934 [INFO] ApiDb:261 - Set plugin images path to: C:\ST\STM32CubeIDE_1.18.1\STM32CubeIDE\plugins\com.st.stm32cube.common.mx_6.14.1.202504091515\\db\/plugins/mcufinder/images/
2025-07-03 09:29:34,934 [WARN] DbFile:41 - Overriding database path with different value: C:\Users\wh310\.stmcufinder\plugins\mcufinder/ => C:\Users\wh310\.stmcufinder\plugins\mcufinder
2025-07-03 09:29:34,934 [INFO] ApiDb:250 - Set database path to: C:\Users\wh310\.stmcufinder\plugins\mcufinder//mcu/
2025-07-03 09:29:34,935 [WARN] DbFile:41 - Overriding database path with different value: C:\Users\wh310\.stmcufinder\plugins\mcufinder/ => C:\Users\wh310\.stmcufinder\plugins\mcufinder
2025-07-03 09:29:34,935 [INFO] DbMcusAds:125 - Set database path to: C:\Users\wh310\.stmcufinder\plugins\mcufinder//mcu/
2025-07-03 09:29:34,935 [WARN] DbFile:41 - Overriding database path with different value: C:\Users\wh310\.stmcufinder\plugins\mcufinder/ => C:\Users\wh310\.stmcufinder\plugins\mcufinder
2025-07-03 09:29:34,935 [WARN] DbFile:41 - Overriding database path with different value: C:\Users\wh310\.stmcufinder\plugins\mcufinder/ => C:\Users\wh310\.stmcufinder\plugins\mcufinder
2025-07-03 09:29:34,935 [INFO] CrossReferenceDbSqlite:203 - Set database path to: C:\Users\wh310\.stmcufinder\plugins\mcufinder//mcu/cs/
2025-07-03 09:29:34,948 [INFO] ApplicationProperties:184 - Using Application install path: C:\ST\STM32CubeIDE_1.18.1\STM32CubeIDE\plugins\com.st.stm32cube.common.mx_6.14.1.202504091515
2025-07-03 09:29:34,949 [INFO] PluginManage:196 - Search for loadable plugins [exclusion list=, ]
2025-07-03 09:29:34,950 [INFO] PluginManage:310 - Check plugin analytics
2025-07-03 09:29:35,075 [INFO] AnalyticsPlugin:253 - Accepted Software Licenses: STM32CubeMX.6.14.1
2025-07-03 09:29:35,075 [INFO] AnalyticsPlugin:255 - Accepted CMSIS Pack Licenses: 
2025-07-03 09:29:35,075 [INFO] AnalyticsPlugin:257 - Accepted Firmware Licenses: 
2025-07-03 09:29:35,077 [INFO] PluginManage:359 - Loaded plugin analytics (category:tool,tabindex:-1)
2025-07-03 09:29:35,077 [INFO] PluginManage:310 - Check plugin cadmodel
2025-07-03 09:29:35,082 [INFO] CADModel:105 - Init CAD model plugin
2025-07-03 09:29:35,082 [INFO] PluginManage:359 - Loaded plugin cadmodel (category:power,tabindex:5)
2025-07-03 09:29:35,082 [INFO] PluginManage:310 - Check plugin clock
2025-07-03 09:29:35,089 [INFO] PluginManage:359 - Loaded plugin clock (category:base,tabindex:2)
2025-07-03 09:29:35,089 [INFO] PluginManage:310 - Check plugin ddr
2025-07-03 09:29:35,092 [INFO] PluginManage:359 - Loaded plugin ddr (category:tool,tabindex:6)
2025-07-03 09:29:35,092 [INFO] PluginManage:310 - Check plugin filemanager
2025-07-03 09:29:35,192 [INFO] PluginManage:359 - Loaded plugin filemanager (category:base,tabindex:10)
2025-07-03 09:29:35,192 [INFO] PluginManage:310 - Check plugin ipmanager
2025-07-03 09:29:35,197 [INFO] PluginManage:359 - Loaded plugin ipmanager (category:base,tabindex:5)
2025-07-03 09:29:35,197 [INFO] PluginManage:310 - Check plugin lpbam
2025-07-03 09:29:35,204 [INFO] PluginManage:359 - Loaded plugin lpbam (category:base,tabindex:0)
2025-07-03 09:29:35,204 [INFO] PluginManage:310 - Check plugin memorymap
2025-07-03 09:29:35,213 [INFO] PluginManage:359 - Loaded plugin memorymap (category:base,tabindex:4)
2025-07-03 09:29:35,213 [INFO] PluginManage:310 - Check plugin pinoutandconfiguration
2025-07-03 09:29:35,220 [INFO] PluginManage:359 - Loaded plugin pinoutandconfiguration (category:base,tabindex:1)
2025-07-03 09:29:35,220 [INFO] PluginManage:310 - Check plugin pinoutconfig
2025-07-03 09:29:35,285 [WARN] SupportedApi:132 - Cannot load RTOS API schema: s4s-elt-must-match.1: The content of 'definitions' must match (annotation?, (simpleType | complexType)?, (unique | key | keyref)*)). A problem was found starting at: attribute.
2025-07-03 09:29:35,377 [INFO] PluginManage:359 - Loaded plugin pinoutconfig (category:base,tabindex:0)
2025-07-03 09:29:35,377 [INFO] PluginManage:310 - Check plugin power
2025-07-03 09:29:35,386 [INFO] PluginManage:359 - Loaded plugin power (category:power,tabindex:4)
2025-07-03 09:29:35,386 [INFO] PluginManage:310 - Check plugin projectmanager
2025-07-03 09:29:35,404 [INFO] PluginManage:359 - Loaded plugin projectmanager (category:projectmanager,tabindex:4)
2025-07-03 09:29:35,404 [INFO] PluginManage:310 - Check plugin rif
2025-07-03 09:29:35,410 [INFO] PluginManage:359 - Loaded plugin rif (category:base,tabindex:3)
2025-07-03 09:29:35,410 [INFO] PluginManage:310 - Check plugin thirdparty
2025-07-03 09:29:35,503 [INFO] PluginManage:359 - Loaded plugin thirdparty (category:base,tabindex:-1)
2025-07-03 09:29:35,503 [WARN] IntegrityCheckThread:84 - waiting for thirdparty lock release [integrity check]
2025-07-03 09:29:35,503 [INFO] PluginManage:310 - Check plugin tools
2025-07-03 09:29:35,503 [INFO] IntegrityCheckThread:86 - entering critical section [integrity check]
2025-07-03 09:29:35,503 [INFO] ThirdPartyUpdaterWithRetryManager:70 - Updater plugin not ready yet. [1/15]
2025-07-03 09:29:35,506 [INFO] PluginManage:359 - Loaded plugin tools (category:base,tabindex:7)
2025-07-03 09:29:35,506 [INFO] PluginManage:310 - Check plugin tutovideos
2025-07-03 09:29:35,629 [INFO] PluginManage:359 - Loaded plugin tutovideos (category:base,tabindex:-1)
2025-07-03 09:29:35,629 [INFO] PluginManage:310 - Check plugin updater
2025-07-03 09:29:35,645 [INFO] PluginManage:359 - Loaded plugin updater (category:base,tabindex:12)
2025-07-03 09:29:35,645 [INFO] PluginManage:310 - Check plugin userauth
2025-07-03 09:29:35,648 [INFO] UserAuth:118 - Init User Auth plugin
2025-07-03 09:29:35,648 [INFO] PluginManage:359 - Loaded plugin userauth (category:base,tabindex:14)
2025-07-03 09:29:35,648 [INFO] PluginManage:283 - PluginManage : Loaded plugins [18]
2025-07-03 09:29:35,797 [INFO] PinOutPanel:1589 - setPackage(No Configuration,No Configuration)
2025-07-03 09:29:35,857 [INFO] CADModel:165 - CPN selected for project level
2025-07-03 09:29:35,858 [INFO] CADModel:114 - Register for checkConnection events
2025-07-03 09:29:35,870 [INFO] IPUIPlugin:80 - create IPUIPlugin
2025-07-03 09:29:35,870 [INFO] PluginManager:220 - loadIPPluginJar : add adc
2025-07-03 09:29:35,872 [INFO] IPUIPlugin:80 - create IPUIPlugin
2025-07-03 09:29:35,872 [INFO] PluginManager:220 - loadIPPluginJar : add aes
2025-07-03 09:29:35,874 [INFO] IPUIPlugin:80 - create IPUIPlugin
2025-07-03 09:29:35,874 [INFO] PluginManager:220 - loadIPPluginJar : add can
2025-07-03 09:29:35,875 [INFO] IPUIPlugin:80 - create IPUIPlugin
2025-07-03 09:29:35,875 [INFO] PluginManager:220 - loadIPPluginJar : add comp
2025-07-03 09:29:35,877 [INFO] IPUIPlugin:80 - create IPUIPlugin
2025-07-03 09:29:35,877 [INFO] PluginManager:220 - loadIPPluginJar : add cryp
2025-07-03 09:29:35,878 [INFO] IPUIPlugin:80 - create IPUIPlugin
2025-07-03 09:29:35,878 [INFO] PluginManager:220 - loadIPPluginJar : add ddr_ctrl_phy
2025-07-03 09:29:35,880 [INFO] IPUIPlugin:80 - create IPUIPlugin
2025-07-03 09:29:35,880 [INFO] PluginManager:220 - loadIPPluginJar : add dfsdm
2025-07-03 09:29:35,883 [INFO] IPUIPlugin:80 - create IPUIPlugin
2025-07-03 09:29:35,883 [INFO] PluginManager:220 - loadIPPluginJar : add dma
2025-07-03 09:29:35,885 [INFO] IPUIPlugin:80 - create IPUIPlugin
2025-07-03 09:29:35,885 [INFO] PluginManager:220 - loadIPPluginJar : add dma3
2025-07-03 09:29:35,887 [INFO] IPUIPlugin:80 - create IPUIPlugin
2025-07-03 09:29:35,887 [INFO] PluginManager:220 - loadIPPluginJar : add extmemmanager
2025-07-03 09:29:35,888 [INFO] IPUIPlugin:80 - create IPUIPlugin
2025-07-03 09:29:35,888 [INFO] PluginManager:220 - loadIPPluginJar : add fatfs
2025-07-03 09:29:35,891 [INFO] IPUIPlugin:80 - create IPUIPlugin
2025-07-03 09:29:35,891 [INFO] PluginManager:220 - loadIPPluginJar : add fmc
2025-07-03 09:29:35,895 [INFO] IPUIPlugin:80 - create IPUIPlugin
2025-07-03 09:29:35,895 [INFO] PluginManager:220 - loadIPPluginJar : add freertos
2025-07-03 09:29:35,896 [INFO] IPUIPlugin:80 - create IPUIPlugin
2025-07-03 09:29:35,896 [INFO] PluginManager:220 - loadIPPluginJar : add genericplugin
2025-07-03 09:29:35,898 [INFO] IPUIPlugin:80 - create IPUIPlugin
2025-07-03 09:29:35,898 [INFO] PluginManager:220 - loadIPPluginJar : add gfxmmu
2025-07-03 09:29:35,901 [INFO] IPUIPlugin:80 - create IPUIPlugin
2025-07-03 09:29:35,901 [INFO] PluginManager:220 - loadIPPluginJar : add gic
2025-07-03 09:29:35,903 [INFO] IPUIPlugin:80 - create IPUIPlugin
2025-07-03 09:29:35,903 [INFO] PluginManager:220 - loadIPPluginJar : add gpio
2025-07-03 09:29:35,905 [INFO] IPUIPlugin:80 - create IPUIPlugin
2025-07-03 09:29:35,905 [INFO] PluginManager:220 - loadIPPluginJar : add gtzc
2025-07-03 09:29:35,906 [INFO] IPUIPlugin:80 - create IPUIPlugin
2025-07-03 09:29:35,906 [INFO] PluginManager:220 - loadIPPluginJar : add hash
2025-07-03 09:29:35,908 [INFO] IPUIPlugin:80 - create IPUIPlugin
2025-07-03 09:29:35,908 [INFO] PluginManager:220 - loadIPPluginJar : add i2c
2025-07-03 09:29:35,909 [INFO] IPUIPlugin:80 - create IPUIPlugin
2025-07-03 09:29:35,909 [INFO] PluginManager:220 - loadIPPluginJar : add i2s
2025-07-03 09:29:35,911 [INFO] IPUIPlugin:80 - create IPUIPlugin
2025-07-03 09:29:35,911 [INFO] PluginManager:220 - loadIPPluginJar : add i3c
2025-07-03 09:29:35,913 [INFO] IPUIPlugin:80 - create IPUIPlugin
2025-07-03 09:29:35,913 [INFO] PluginManager:220 - loadIPPluginJar : add ipddr
2025-07-03 09:29:35,918 [INFO] IPUIPlugin:80 - create IPUIPlugin
2025-07-03 09:29:35,918 [INFO] PluginManager:220 - loadIPPluginJar : add linkedlist
2025-07-03 09:29:35,920 [INFO] IPUIPlugin:80 - create IPUIPlugin
2025-07-03 09:29:35,920 [INFO] PluginManager:220 - loadIPPluginJar : add lorawan
2025-07-03 09:29:35,921 [INFO] IPUIPlugin:80 - create IPUIPlugin
2025-07-03 09:29:35,921 [INFO] PluginManager:220 - loadIPPluginJar : add ltdc
2025-07-03 09:29:35,924 [INFO] IPUIPlugin:80 - create IPUIPlugin
2025-07-03 09:29:35,925 [INFO] PluginManager:220 - loadIPPluginJar : add mdma
2025-07-03 09:29:35,926 [INFO] IPUIPlugin:80 - create IPUIPlugin
2025-07-03 09:29:35,926 [INFO] PluginManager:220 - loadIPPluginJar : add nvic
2025-07-03 09:29:35,928 [INFO] IPUIPlugin:80 - create IPUIPlugin
2025-07-03 09:29:35,928 [INFO] PluginManager:220 - loadIPPluginJar : add opamp
2025-07-03 09:29:35,930 [INFO] IPUIPlugin:80 - create IPUIPlugin
2025-07-03 09:29:35,930 [INFO] PluginManager:220 - loadIPPluginJar : add openamp
2025-07-03 09:29:35,932 [INFO] IPUIPlugin:80 - create IPUIPlugin
2025-07-03 09:29:35,933 [INFO] PluginManager:220 - loadIPPluginJar : add pdm2pcm
2025-07-03 09:29:35,936 [INFO] IPUIPlugin:80 - create IPUIPlugin
2025-07-03 09:29:35,939 [INFO] PluginManager:220 - loadIPPluginJar : add plateformsettings
2025-07-03 09:29:35,939 [INFO] IPUIPlugin:80 - create IPUIPlugin
2025-07-03 09:29:35,939 [INFO] PluginManager:220 - loadIPPluginJar : add quadspi
2025-07-03 09:29:35,941 [INFO] IPUIPlugin:80 - create IPUIPlugin
2025-07-03 09:29:35,941 [INFO] PluginManager:220 - loadIPPluginJar : add radio
2025-07-03 09:29:35,944 [INFO] IPUIPlugin:80 - create IPUIPlugin
2025-07-03 09:29:35,944 [INFO] PluginManager:220 - loadIPPluginJar : add resmgrutility
2025-07-03 09:29:35,946 [INFO] IPUIPlugin:80 - create IPUIPlugin
2025-07-03 09:29:35,946 [INFO] PluginManager:220 - loadIPPluginJar : add sai
2025-07-03 09:29:35,947 [INFO] IPUIPlugin:80 - create IPUIPlugin
2025-07-03 09:29:35,947 [INFO] PluginManager:220 - loadIPPluginJar : add spi
2025-07-03 09:29:35,951 [INFO] IPUIPlugin:80 - create IPUIPlugin
2025-07-03 09:29:35,951 [INFO] PluginManager:220 - loadIPPluginJar : add stm32_wpan
2025-07-03 09:29:35,952 [INFO] IPUIPlugin:80 - create IPUIPlugin
2025-07-03 09:29:35,952 [INFO] PluginManager:220 - loadIPPluginJar : add tim
2025-07-03 09:29:35,954 [INFO] IPUIPlugin:80 - create IPUIPlugin
2025-07-03 09:29:35,954 [INFO] PluginManager:220 - loadIPPluginJar : add touchsensing
2025-07-03 09:29:35,956 [INFO] IPUIPlugin:80 - create IPUIPlugin
2025-07-03 09:29:35,956 [INFO] PluginManager:220 - loadIPPluginJar : add tracer_emb
2025-07-03 09:29:35,956 [INFO] IPUIPlugin:80 - create IPUIPlugin
2025-07-03 09:29:35,957 [INFO] PluginManager:220 - loadIPPluginJar : add ts
2025-07-03 09:29:35,957 [INFO] IPUIPlugin:80 - create IPUIPlugin
2025-07-03 09:29:35,957 [INFO] PluginManager:220 - loadIPPluginJar : add tsc
2025-07-03 09:29:35,960 [INFO] IPUIPlugin:80 - create IPUIPlugin
2025-07-03 09:29:35,960 [INFO] PluginManager:220 - loadIPPluginJar : add ucpd
2025-07-03 09:29:35,961 [INFO] IPUIPlugin:80 - create IPUIPlugin
2025-07-03 09:29:35,962 [INFO] PluginManager:220 - loadIPPluginJar : add usart
2025-07-03 09:29:35,963 [INFO] IPUIPlugin:80 - create IPUIPlugin
2025-07-03 09:29:35,963 [INFO] PluginManager:220 - loadIPPluginJar : add usbx
2025-07-03 09:29:36,073 [FATAL] Updater:351 - Updater called before beeing initialized
2025-07-03 09:29:36,089 [INFO] RulesReader:64 - Compatibility file has been processed (302 Rules)
2025-07-03 09:29:36,095 [INFO] RulesReader:64 - Compatibility file has been processed (302 Rules)
2025-07-03 09:29:36,100 [INFO] CADModel:165 - CPN selected for project level
2025-07-03 09:29:36,100 [INFO] CADModel:114 - Register for checkConnection events
2025-07-03 09:29:36,100 [FATAL] Updater:351 - Updater called before beeing initialized
2025-07-03 09:29:36,100 [ERROR] CADModel:125 - Updater not yet initialized, retry later 
2025-07-03 09:29:36,225 [FATAL] Updater:351 - Updater called before beeing initialized
2025-07-03 09:29:36,227 [INFO] CADModel:165 - CPN selected for project level
2025-07-03 09:29:36,227 [INFO] CADModel:114 - Register for checkConnection events
2025-07-03 09:29:36,227 [FATAL] Updater:351 - Updater called before beeing initialized
2025-07-03 09:29:36,227 [ERROR] CADModel:125 - Updater not yet initialized, retry later 
2025-07-03 09:29:36,230 [FATAL] Updater:351 - Updater called before beeing initialized
2025-07-03 09:29:36,328 [FATAL] Updater:351 - Updater called before beeing initialized
2025-07-03 09:29:36,332 [INFO] DbMcusAds:53 - JSON generation date=Thu Jun 19 17:32:37 KST 2025 (1750321957418)
2025-07-03 09:29:36,333 [FATAL] Updater:351 - Updater called before beeing initialized
2025-07-03 09:29:36,362 [WARN] DetailPanel:346 - Failed to get advertising image, set to default
2025-07-03 09:29:36,572 [FATAL] Updater:351 - Updater called before beeing initialized
2025-07-03 09:29:36,574 [FATAL] Updater:351 - Updater called before beeing initialized
2025-07-03 09:29:36,574 [FATAL] Updater:351 - Updater called before beeing initialized
2025-07-03 09:29:36,574 [WARN] DetailPanel:346 - Failed to get advertising image, set to default
2025-07-03 09:29:36,575 [FATAL] Updater:351 - Updater called before beeing initialized
2025-07-03 09:29:36,606 [ERROR] Updater:1198 - MainUpdater not yet initialized. External WinMGr cannot be set.
2025-07-03 09:29:36,607 [INFO] Updater:1134 - Updater Version found : 6.14.1
2025-07-03 09:29:36,623 [INFO] ApplicationProperties:184 - Using Application install path: C:\ST\STM32CubeIDE_1.18.1\STM32CubeIDE\plugins\com.st.stm32cube.common.mx_6.14.1.202504091515
2025-07-03 09:29:38,194 [ERROR] LogOutputStream:75 - [STDERR_REDIRECT] Jul 03, 2025 9:29:38 AM java.util.prefs.WindowsPreferences <init>
2025-07-03 09:29:38,195 [ERROR] LogOutputStream:75 - [STDERR_REDIRECT] WARNING: Could not open/create prefs root node Software\JavaSoft\Prefs at root 0xffffffff80000002. Windows RegCreateKeyEx(...) returned error code 5.
2025-07-03 09:29:38,195 [ERROR] LogOutputStream:75 - [STDERR_REDIRECT] 
2025-07-03 09:29:38,504 [INFO] ThirdPartyUpdaterWithRetryManager:70 - Updater plugin not ready yet. [2/15]
2025-07-03 09:29:38,698 [INFO] MainUpdater:2872 - connection check result : 10
2025-07-03 09:29:38,698 [INFO] MainUpdater:289 - Updater Check For Update Now.
2025-07-03 09:29:38,698 [INFO] MicroXplorer:498 - Change Database Version : DB.6.0.141
2025-07-03 09:29:38,702 [INFO] McuFinderGlobals:63 - Set McuFinder mode to 2 (CubeIDE integrated)
2025-07-03 09:29:38,702 [INFO] UserAuth:484 - Internet connection configuration mode: 1
2025-07-03 09:29:38,716 [INFO] JxBrowserEngine:152 - Initiate JxBrowser Engine with user profile folder
2025-07-03 09:29:38,851 [INFO] CheckServerUpdateThread:120 - End of CheckServer Thread
2025-07-03 09:29:39,566 [INFO] WebApp:169 - Instantiating new browser for Auth
2025-07-03 09:29:40,095 [INFO] WebApp:463 - Apply proxy settings
2025-07-03 09:29:40,095 [INFO] WebApp:548 - Chromium requires no authentication
2025-07-03 09:29:40,101 [INFO] WebApp:491 - Direct internet connection detected
2025-07-03 09:29:40,119 [INFO] WebApp:894 - Register for checkConnection events
2025-07-03 09:29:40,119 [INFO] WebApp:463 - Apply proxy settings
2025-07-03 09:29:40,119 [INFO] WebApp:548 - Chromium requires no authentication
2025-07-03 09:29:40,119 [INFO] WebApp:491 - Direct internet connection detected
2025-07-03 09:29:40,243 [INFO] WebApp:225 - Starting web application
2025-07-03 09:29:40,243 [INFO] WebApp:593 - Web application path used C:\ST\STM32CubeIDE_1.18.1\STM32CubeIDE\plugins\com.st.stm32cube.common.mx_6.14.1.202504091515\db\plugins\mcufinder\reactClient1\index.html
2025-07-03 09:29:40,345 [INFO] UserAuth:484 - Internet connection configuration mode: 1
2025-07-03 09:29:40,416 [INFO] WebApp:191 - Connection restablished
2025-07-03 09:29:41,709 [WARN] PackLoader:240 - Cannot read IP mode file for STMicroelectronics.FP-SNS-MOTENVWB1.1.4.0
2025-07-03 09:29:41,717 [WARN] PackLoader:240 - Cannot read IP mode file for STMicroelectronics.FP-ATR-ASTRA1.2.0.2
2025-07-03 09:29:41,722 [WARN] PackLoader:240 - Cannot read IP mode file for STMicroelectronics.X-CUBE-SMBUS.2.1.0
2025-07-03 09:29:41,726 [WARN] PackLoader:240 - Cannot read IP mode file for STMicroelectronics.X-CUBE-ST60.1.0.0
2025-07-03 09:29:41,747 [WARN] PackLoader:240 - Cannot read IP mode file for STMicroelectronics.X-CUBE-AZRTOS-F7.1.1.0
2025-07-03 09:29:41,771 [WARN] PackLoader:240 - Cannot read IP mode file for Infineon.AIROC-Wi-Fi-Bluetooth-STM32.1.7.0
2025-07-03 09:29:41,780 [WARN] PackLoader:240 - Cannot read IP mode file for STMicroelectronics.X-CUBE-DISPLAY.3.0.0
2025-07-03 09:29:41,789 [WARN] PackLoader:240 - Cannot read IP mode file for STMicroelectronics.X-CUBE-NFC10.1.0.0
2025-07-03 09:29:41,797 [WARN] PackLoader:240 - Cannot read IP mode file for STMicroelectronics.X-CUBE-BLEMGR.4.0.0
2025-07-03 09:29:41,803 [WARN] PackLoader:240 - Cannot read IP mode file for emotas.I-CUBE-CANOPEN.1.3.0
2025-07-03 09:29:41,808 [WARN] ConditionMgr:438 - getConditionDescription Invalid condition id : Cortex-A Device cause : null
2025-07-03 09:29:41,816 [WARN] ConditionMgr:1044 - genDependencies : Invalid condition id : Cortex-A Device cause : null
2025-07-03 09:29:41,816 [WARN] ConditionMgr:1044 - genDependencies : Invalid condition id : Cortex-A Device cause : null
2025-07-03 09:29:41,816 [WARN] ConditionMgr:1044 - genDependencies : Invalid condition id : Cortex-A Device cause : null
2025-07-03 09:29:41,820 [WARN] PackLoader:240 - Cannot read IP mode file for STMicroelectronics.X-CUBE-AI.10.0.0
2025-07-03 09:29:41,823 [WARN] PackLoader:240 - Cannot read IP mode file for STMicroelectronics.FP-SNS-SMARTAG2.1.2.0
2025-07-03 09:29:41,828 [WARN] PackLoader:240 - Cannot read IP mode file for STMicroelectronics.FP-SNS-FLIGHT1.5.1.0
2025-07-03 09:29:41,835 [INFO] LogOutputStream:77 - [STDOUT_REDIRECT] 1 : Invalid condition id : UX_CORESTACK_Condition cause : null
2025-07-03 09:29:41,835 [INFO] LogOutputStream:77 - [STDOUT_REDIRECT] 1 : Invalid condition id : UX_CORESTACK_Condition cause : null
2025-07-03 09:29:41,836 [INFO] LogOutputStream:77 - [STDOUT_REDIRECT] 1 : Invalid condition id : UX_CORESTACK_Condition cause : null
2025-07-03 09:29:41,837 [INFO] LogOutputStream:77 - [STDOUT_REDIRECT] 1 : Invalid condition id : UX_CORESTACK_Condition cause : null
2025-07-03 09:29:41,838 [INFO] LogOutputStream:77 - [STDOUT_REDIRECT] 1 : Invalid condition id : UX_CORESTACK_Condition cause : null
2025-07-03 09:29:41,839 [WARN] PackLoader:240 - Cannot read IP mode file for STMicroelectronics.X-CUBE-AZRTOS-WL.2.0.0
2025-07-03 09:29:41,843 [WARN] PackLoader:240 - Cannot read IP mode file for STMicroelectronics.FP-SNS-MOTENV1.5.0.0
2025-07-03 09:29:41,850 [WARN] PackLoader:240 - Cannot read IP mode file for WES.I-CUBE-Cesium.1.3.0
2025-07-03 09:29:41,855 [WARN] PackLoader:240 - Cannot read IP mode file for STMicroelectronics.X-CUBE-BLE2.3.3.0
2025-07-03 09:29:41,860 [WARN] PackLoader:240 - Cannot read IP mode file for STMicroelectronics.X-CUBE-NFC9.1.0.0
2025-07-03 09:29:41,865 [WARN] PackLoader:240 - Cannot read IP mode file for STMicroelectronics.X-CUBE-BLE1.7.1.0
2025-07-03 09:29:41,868 [WARN] PackLoader:240 - Cannot read IP mode file for wolfSSL.I-CUBE-wolfMQTT.1.19.2
2025-07-03 09:29:41,870 [WARN] PackLoader:240 - Cannot read IP mode file for STMicroelectronics.X-CUBE-AI.10.1.0
2025-07-03 09:29:41,909 [WARN] PackLoader:240 - Cannot read IP mode file for STMicroelectronics.X-CUBE-MEMS1.11.2.0
2025-07-03 09:29:42,027 [WARN] PackLoader:240 - Cannot read IP mode file for STMicroelectronics.X-CUBE-AZRTOS-G0.1.1.0
2025-07-03 09:29:42,033 [WARN] PackLoader:240 - Cannot read IP mode file for STMicroelectronics.X-CUBE-SAFEA1.1.2.2
2025-07-03 09:29:42,072 [WARN] PackLoader:240 - Cannot read IP mode file for STMicroelectronics.X-CUBE-NFC4.3.0.0
2025-07-03 09:29:42,079 [WARN] PackLoader:240 - Cannot read IP mode file for EmbeddedOffice.I-CUBE-FS-RTOS.1.0.1
2025-07-03 09:29:42,083 [WARN] PackLoader:240 - Cannot read IP mode file for STMicroelectronics.X-CUBE-WB05N.2.0.0
2025-07-03 09:29:42,087 [WARN] PackLoader:240 - Cannot read IP mode file for wolfSSL.I-CUBE-wolfTPM.3.8.0
2025-07-03 09:29:42,091 [WARN] PackLoader:240 - Cannot read IP mode file for STMicroelectronics.X-CUBE-TCPP.4.2.0
2025-07-03 09:29:42,096 [WARN] PackLoader:240 - Cannot read IP mode file for RealThread.X-CUBE-RT-Thread_Nano.4.1.1
2025-07-03 09:29:42,100 [WARN] PackLoader:240 - Cannot read IP mode file for STMicroelectronics.FP-ATR-SIGFOX1.3.2.0
2025-07-03 09:29:42,103 [WARN] PackLoader:240 - Cannot read IP mode file for STMicroelectronics.X-CUBE-EEPRMA1.5.1.0
2025-07-03 09:29:42,107 [WARN] PackLoader:240 - Cannot read IP mode file for wolfSSL.I-CUBE-wolfSSL.5.7.6
2025-07-03 09:29:42,111 [WARN] PackLoader:240 - Cannot read IP mode file for ITTIA_DB.I-CUBE-ITTIADB.8.9.0
2025-07-03 09:29:42,115 [WARN] PackLoader:240 - Cannot read IP mode file for STMicroelectronics.X-CUBE-ST67W61.1.0.0
2025-07-03 09:29:42,130 [WARN] PackLoader:240 - Cannot read IP mode file for SEGGER.I-CUBE-embOS.1.3.1
2025-07-03 09:29:42,151 [WARN] PackLoader:240 - Cannot read IP mode file for STMicroelectronics.X-CUBE-ALGOBUILD.1.4.0
2025-07-03 09:29:42,188 [WARN] PackLoader:240 - Cannot read IP mode file for STMicroelectronics.X-CUBE-MEMS1.11.3.0
2025-07-03 09:29:42,287 [WARN] PackLoader:240 - Cannot read IP mode file for STMicroelectronics.X-CUBE-PM33A1.1.0.0
2025-07-03 09:29:42,295 [WARN] PackLoader:240 - Cannot read IP mode file for STMicroelectronics.X-CUBE-AZRTOS-F4.1.1.0
2025-07-03 09:29:42,300 [WARN] PackLoader:240 - Cannot read IP mode file for Avnet-IotConnect.X-CUBE-IoTC-DA16k-PMOD.1.0.0
2025-07-03 09:29:42,303 [WARN] PackLoader:240 - Cannot read IP mode file for STMicroelectronics.X-CUBE-ISPU.2.1.0
2025-07-03 09:29:42,313 [WARN] PackLoader:240 - Cannot read IP mode file for STMicroelectronics.X-CUBE-AZRTOS-L5.2.0.0
2025-07-03 09:29:42,319 [WARN] PackLoader:240 - Cannot read IP mode file for STMicroelectronics.X-CUBE-NFC6.3.1.0
2025-07-03 09:29:42,325 [WARN] PackLoader:240 - Cannot read IP mode file for STMicroelectronics.X-CUBE-FREERTOS.1.3.1
2025-07-03 09:29:42,327 [WARN] PackLoader:240 - Cannot read IP mode file for STMicroelectronics.X-CUBE-FREERTOS.1.3.0
2025-07-03 09:29:42,331 [WARN] PackLoader:240 - Cannot read IP mode file for STMicroelectronics.FP-SNS-STAIOTCFT.1.0.0
2025-07-03 09:29:42,335 [WARN] PackLoader:240 - Cannot read IP mode file for STMicroelectronics.X-CUBE-DPower.1.3.0
2025-07-03 09:29:42,346 [WARN] ConditionMgr:438 - getConditionDescription Invalid condition id : LAN8742 Phy interface Condition cause : null
2025-07-03 09:29:42,347 [WARN] PackLoader:240 - Cannot read IP mode file for STMicroelectronics.X-CUBE-AZRTOS-L4.2.0.0
2025-07-03 09:29:42,347 [WARN] ConditionMgr:1044 - genDependencies : Invalid condition id : LAN8742 Phy interface Condition cause : null
2025-07-03 09:29:42,348 [WARN] ConditionMgr:1044 - genDependencies : Invalid condition id : LAN8742 Phy interface Condition cause : null
2025-07-03 09:29:42,348 [WARN] ConditionMgr:1044 - genDependencies : Invalid condition id : LAN8742 Phy interface Condition cause : null
2025-07-03 09:29:42,352 [WARN] PackLoader:240 - Cannot read IP mode file for STMicroelectronics.X-CUBE-SFXS2LP1.4.0.0
2025-07-03 09:29:42,363 [WARN] PackLoader:240 - Cannot read IP mode file for STMicroelectronics.X-CUBE-AZRTOS-H7.3.3.0
2025-07-03 09:29:42,372 [WARN] ConditionMgr:438 - getConditionDescription Invalid condition id : UX DEVICE CLASS RTOS Condition cause : null
2025-07-03 09:29:42,372 [WARN] ConditionMgr:438 - getConditionDescription Invalid condition id : UX DEVICE CLASS RTOS Condition cause : null
2025-07-03 09:29:42,373 [WARN] PackLoader:240 - Cannot read IP mode file for STMicroelectronics.X-CUBE-AZRTOS-WB.2.0.0
2025-07-03 09:29:42,373 [WARN] ConditionMgr:1044 - genDependencies : Invalid condition id : UX DEVICE CLASS RTOS Condition cause : null
2025-07-03 09:29:42,373 [WARN] ConditionMgr:1044 - genDependencies : Invalid condition id : UX DEVICE CLASS RTOS Condition cause : null
2025-07-03 09:29:42,374 [WARN] ConditionMgr:1044 - genDependencies : Invalid condition id : UX DEVICE CLASS RTOS Condition cause : null
2025-07-03 09:29:42,374 [WARN] ConditionMgr:1044 - genDependencies : Invalid condition id : UX DEVICE CLASS RTOS Condition cause : null
2025-07-03 09:29:42,374 [WARN] ConditionMgr:1044 - genDependencies : Invalid condition id : UX DEVICE CLASS RTOS Condition cause : null
2025-07-03 09:29:42,378 [WARN] PackLoader:240 - Cannot read IP mode file for STMicroelectronics.X-CUBE-GNSS1.7.0.1
2025-07-03 09:29:42,381 [WARN] PackLoader:240 - Cannot read IP mode file for STMicroelectronics.X-CUBE-TOUCHGFX.4.25.0
2025-07-03 09:29:42,385 [WARN] PackLoader:240 - Cannot read IP mode file for STMicroelectronics.FP-SNS-STBOX1.2.0.0
2025-07-03 09:29:42,392 [WARN] PackLoader:240 - Cannot read IP mode file for STMicroelectronics.X-CUBE-SUBG2.5.0.0
2025-07-03 09:29:42,404 [WARN] PackLoader:240 - Cannot read IP mode file for STMicroelectronics.X-CUBE-AZRTOS-H7RS.1.1.0
2025-07-03 09:29:42,409 [WARN] PackLoader:240 - Cannot read IP mode file for Cesanta.I-CUBE-Mongoose.7.13.0
2025-07-03 09:29:42,416 [WARN] PackLoader:240 - Cannot read IP mode file for STMicroelectronics.X-CUBE-AZRTOS-G4.2.0.0
2025-07-03 09:29:42,419 [WARN] PackLoader:240 - Cannot read IP mode file for wolfSSL.I-CUBE-wolfSSH.1.4.20
2025-07-03 09:29:42,423 [WARN] PackLoader:240 - Cannot read IP mode file for STMicroelectronics.X-CUBE-NFC7.2.0.0
2025-07-03 09:29:42,429 [WARN] PackLoader:240 - Cannot read IP mode file for STMicroelectronics.X-CUBE-IPS.3.1.0
2025-07-03 09:29:42,434 [WARN] PackLoader:240 - Cannot read IP mode file for STMicroelectronics.X-CUBE-ALS.1.0.2
2025-07-03 09:29:42,442 [WARN] PackLoader:240 - Cannot read IP mode file for portGmbH.I-Cube-SoM-uGOAL.1.1.0
2025-07-03 09:29:42,447 [WARN] PackLoader:240 - Cannot read IP mode file for STMicroelectronics.X-CUBE-TOF1.3.4.3
2025-07-03 09:29:42,452 [INFO] ThirdParty:978 - Integrity check success = true
2025-07-03 09:29:42,452 [INFO] IntegrityCheckThread:100 - exiting critical section [integrity check]
2025-07-03 09:29:42,452 [INFO] IntegrityCheckThread:103 - End integrity checks thread
2025-07-03 14:31:12,735 [INFO] WebApp:194 - Connection lost
2025-07-03 14:31:19,799 [INFO] WebApp:191 - Connection restablished
2025-07-03 14:31:21,745 [INFO] WebApp:194 - Connection lost
2025-07-03 14:31:21,893 [INFO] WebApp:191 - Connection restablished
2025-07-03 15:11:39,121 [ERROR] LogOutputStream:75 - [STDERR_REDIRECT] 
2025-07-03 15:11:39,122 [ERROR] LogOutputStream:75 - [STDERR_REDIRECT] 
