2025-05-11 12:35:45,318 [INFO] Activator:176 - 


2025-05-11 12:35:45,323 [INFO] Activator:177 - !SESSION log4j initialized
2025-05-11 12:35:49,161 [INFO] LogOutputStream:77 - [STDOUT_REDIRECT] 
2025-05-11 12:35:50,653 [INFO] ApplicationProperties:184 - Using Application install path: C:\ST\STM32CubeIDE_1.18.1\STM32CubeIDE\plugins\com.st.stm32cube.common.mx_6.14.1.202504091515
2025-05-11 12:35:50,665 [INFO] DbMcusXml:78 - Set database path to: C:\ST\STM32CubeIDE_1.18.1\STM32CubeIDE\plugins\com.st.stm32cube.common.mx_6.14.1.202504091515\\db\/mcu/
2025-05-11 12:35:50,666 [INFO] ApiDb:274 - Set plugin database path to: C:\ST\STM32CubeIDE_1.18.1\STM32CubeIDE\plugins\com.st.stm32cube.common.mx_6.14.1.202504091515\\db\/plugins/boardmanager/
2025-05-11 12:35:50,666 [WARN] ApiDb:259 - Overriding images path with different value:  => C:\ST\STM32CubeIDE_1.18.1\STM32CubeIDE\plugins\com.st.stm32cube.common.mx_6.14.1.202504091515\\db\/plugins/mcufinder/images/
2025-05-11 12:35:50,672 [INFO] ApiDb:250 - Set database path to: C:\Users\wh310\.stmcufinder\plugins\mcufinder//mcu/
2025-05-11 12:35:50,673 [INFO] DbMcusAds:125 - Set database path to: C:\Users\wh310\.stmcufinder\plugins\mcufinder//mcu/
2025-05-11 12:35:50,674 [INFO] CrossReferenceDbSqlite:203 - Set database path to: C:\Users\wh310\.stmcufinder\plugins\mcufinder//mcu/cs/
2025-05-11 12:35:50,753 [INFO] RulesReader:64 - Compatibility file has been processed (302 Rules)
2025-05-11 12:35:50,814 [INFO] DbMcusXml:78 - Set database path to: C:\ST\STM32CubeIDE_1.18.1\STM32CubeIDE\plugins\com.st.stm32cube.common.mx_6.14.1.202504091515\\db\/mcu/
2025-05-11 12:35:50,814 [INFO] ApiDb:274 - Set plugin database path to: C:\ST\STM32CubeIDE_1.18.1\STM32CubeIDE\plugins\com.st.stm32cube.common.mx_6.14.1.202504091515\\db\/plugins/boardmanager/
2025-05-11 12:35:50,814 [INFO] ApiDb:261 - Set plugin images path to: C:\ST\STM32CubeIDE_1.18.1\STM32CubeIDE\plugins\com.st.stm32cube.common.mx_6.14.1.202504091515\\db\/plugins/mcufinder/images/
2025-05-11 12:35:50,814 [WARN] DbFile:41 - Overriding database path with different value: C:\Users\wh310\.stmcufinder\plugins\mcufinder/ => C:\Users\wh310\.stmcufinder\plugins\mcufinder
2025-05-11 12:35:50,815 [INFO] ApiDb:250 - Set database path to: C:\Users\wh310\.stmcufinder\plugins\mcufinder//mcu/
2025-05-11 12:35:50,815 [WARN] DbFile:41 - Overriding database path with different value: C:\Users\wh310\.stmcufinder\plugins\mcufinder/ => C:\Users\wh310\.stmcufinder\plugins\mcufinder
2025-05-11 12:35:50,815 [INFO] DbMcusAds:125 - Set database path to: C:\Users\wh310\.stmcufinder\plugins\mcufinder//mcu/
2025-05-11 12:35:50,815 [WARN] DbFile:41 - Overriding database path with different value: C:\Users\wh310\.stmcufinder\plugins\mcufinder/ => C:\Users\wh310\.stmcufinder\plugins\mcufinder
2025-05-11 12:35:50,815 [WARN] DbFile:41 - Overriding database path with different value: C:\Users\wh310\.stmcufinder\plugins\mcufinder/ => C:\Users\wh310\.stmcufinder\plugins\mcufinder
2025-05-11 12:35:50,815 [INFO] CrossReferenceDbSqlite:203 - Set database path to: C:\Users\wh310\.stmcufinder\plugins\mcufinder//mcu/cs/
2025-05-11 12:35:50,868 [INFO] MainPanel:272 - HeapMemory: 268435456
2025-05-11 12:35:50,939 [INFO] DbMcusXml:78 - Set database path to: C:\ST\STM32CubeIDE_1.18.1\STM32CubeIDE\plugins\com.st.stm32cube.common.mx_6.14.1.202504091515\\db\/mcu/
2025-05-11 12:35:50,939 [INFO] ApiDb:274 - Set plugin database path to: C:\ST\STM32CubeIDE_1.18.1\STM32CubeIDE\plugins\com.st.stm32cube.common.mx_6.14.1.202504091515\\db\/plugins/boardmanager/
2025-05-11 12:35:50,940 [INFO] ApiDb:261 - Set plugin images path to: C:\ST\STM32CubeIDE_1.18.1\STM32CubeIDE\plugins\com.st.stm32cube.common.mx_6.14.1.202504091515\\db\/plugins/mcufinder/images/
2025-05-11 12:35:50,940 [WARN] DbFile:41 - Overriding database path with different value: C:\Users\wh310\.stmcufinder\plugins\mcufinder/ => C:\Users\wh310\.stmcufinder\plugins\mcufinder
2025-05-11 12:35:50,940 [INFO] ApiDb:250 - Set database path to: C:\Users\wh310\.stmcufinder\plugins\mcufinder//mcu/
2025-05-11 12:35:50,940 [WARN] DbFile:41 - Overriding database path with different value: C:\Users\wh310\.stmcufinder\plugins\mcufinder/ => C:\Users\wh310\.stmcufinder\plugins\mcufinder
2025-05-11 12:35:50,940 [INFO] DbMcusAds:125 - Set database path to: C:\Users\wh310\.stmcufinder\plugins\mcufinder//mcu/
2025-05-11 12:35:50,940 [WARN] DbFile:41 - Overriding database path with different value: C:\Users\wh310\.stmcufinder\plugins\mcufinder/ => C:\Users\wh310\.stmcufinder\plugins\mcufinder
2025-05-11 12:35:50,940 [WARN] DbFile:41 - Overriding database path with different value: C:\Users\wh310\.stmcufinder\plugins\mcufinder/ => C:\Users\wh310\.stmcufinder\plugins\mcufinder
2025-05-11 12:35:50,940 [INFO] CrossReferenceDbSqlite:203 - Set database path to: C:\Users\wh310\.stmcufinder\plugins\mcufinder//mcu/cs/
2025-05-11 12:35:50,954 [INFO] ApplicationProperties:184 - Using Application install path: C:\ST\STM32CubeIDE_1.18.1\STM32CubeIDE\plugins\com.st.stm32cube.common.mx_6.14.1.202504091515
2025-05-11 12:35:50,954 [INFO] PluginManage:196 - Search for loadable plugins [exclusion list=, ]
2025-05-11 12:35:50,955 [INFO] PluginManage:310 - Check plugin analytics
2025-05-11 12:35:51,077 [INFO] AnalyticsPlugin:253 - Accepted Software Licenses: STM32CubeMX.6.14.1
2025-05-11 12:35:51,077 [INFO] AnalyticsPlugin:255 - Accepted CMSIS Pack Licenses: 
2025-05-11 12:35:51,077 [INFO] AnalyticsPlugin:257 - Accepted Firmware Licenses: 
2025-05-11 12:35:51,079 [INFO] PluginManage:359 - Loaded plugin analytics (category:tool,tabindex:-1)
2025-05-11 12:35:51,079 [INFO] PluginManage:310 - Check plugin cadmodel
2025-05-11 12:35:51,083 [INFO] CADModel:105 - Init CAD model plugin
2025-05-11 12:35:51,083 [INFO] PluginManage:359 - Loaded plugin cadmodel (category:power,tabindex:5)
2025-05-11 12:35:51,083 [INFO] PluginManage:310 - Check plugin clock
2025-05-11 12:35:51,090 [INFO] PluginManage:359 - Loaded plugin clock (category:base,tabindex:2)
2025-05-11 12:35:51,090 [INFO] PluginManage:310 - Check plugin ddr
2025-05-11 12:35:51,091 [INFO] PluginManage:359 - Loaded plugin ddr (category:tool,tabindex:6)
2025-05-11 12:35:51,092 [INFO] PluginManage:310 - Check plugin filemanager
2025-05-11 12:35:51,187 [INFO] PluginManage:359 - Loaded plugin filemanager (category:base,tabindex:10)
2025-05-11 12:35:51,187 [INFO] PluginManage:310 - Check plugin ipmanager
2025-05-11 12:35:51,193 [INFO] PluginManage:359 - Loaded plugin ipmanager (category:base,tabindex:5)
2025-05-11 12:35:51,193 [INFO] PluginManage:310 - Check plugin lpbam
2025-05-11 12:35:51,198 [INFO] PluginManage:359 - Loaded plugin lpbam (category:base,tabindex:0)
2025-05-11 12:35:51,198 [INFO] PluginManage:310 - Check plugin memorymap
2025-05-11 12:35:51,207 [INFO] PluginManage:359 - Loaded plugin memorymap (category:base,tabindex:4)
2025-05-11 12:35:51,207 [INFO] PluginManage:310 - Check plugin pinoutandconfiguration
2025-05-11 12:35:51,213 [INFO] PluginManage:359 - Loaded plugin pinoutandconfiguration (category:base,tabindex:1)
2025-05-11 12:35:51,213 [INFO] PluginManage:310 - Check plugin pinoutconfig
2025-05-11 12:35:51,277 [WARN] SupportedApi:132 - Cannot load RTOS API schema: s4s-elt-must-match.1: The content of 'definitions' must match (annotation?, (simpleType | complexType)?, (unique | key | keyref)*)). A problem was found starting at: attribute.
2025-05-11 12:35:51,367 [INFO] PluginManage:359 - Loaded plugin pinoutconfig (category:base,tabindex:0)
2025-05-11 12:35:51,367 [INFO] PluginManage:310 - Check plugin power
2025-05-11 12:35:51,374 [INFO] PluginManage:359 - Loaded plugin power (category:power,tabindex:4)
2025-05-11 12:35:51,375 [INFO] PluginManage:310 - Check plugin projectmanager
2025-05-11 12:35:51,385 [INFO] PluginManage:359 - Loaded plugin projectmanager (category:projectmanager,tabindex:4)
2025-05-11 12:35:51,385 [INFO] PluginManage:310 - Check plugin rif
2025-05-11 12:35:51,390 [INFO] PluginManage:359 - Loaded plugin rif (category:base,tabindex:3)
2025-05-11 12:35:51,390 [INFO] PluginManage:310 - Check plugin thirdparty
2025-05-11 12:35:51,486 [INFO] PluginManage:359 - Loaded plugin thirdparty (category:base,tabindex:-1)
2025-05-11 12:35:51,486 [WARN] IntegrityCheckThread:84 - waiting for thirdparty lock release [integrity check]
2025-05-11 12:35:51,486 [INFO] PluginManage:310 - Check plugin tools
2025-05-11 12:35:51,486 [INFO] IntegrityCheckThread:86 - entering critical section [integrity check]
2025-05-11 12:35:51,487 [INFO] ThirdPartyUpdaterWithRetryManager:70 - Updater plugin not ready yet. [1/15]
2025-05-11 12:35:51,488 [INFO] PluginManage:359 - Loaded plugin tools (category:base,tabindex:7)
2025-05-11 12:35:51,488 [INFO] PluginManage:310 - Check plugin tutovideos
2025-05-11 12:35:51,609 [INFO] PluginManage:359 - Loaded plugin tutovideos (category:base,tabindex:-1)
2025-05-11 12:35:51,609 [INFO] PluginManage:310 - Check plugin updater
2025-05-11 12:35:51,624 [INFO] PluginManage:359 - Loaded plugin updater (category:base,tabindex:12)
2025-05-11 12:35:51,624 [INFO] PluginManage:310 - Check plugin userauth
2025-05-11 12:35:51,627 [INFO] UserAuth:118 - Init User Auth plugin
2025-05-11 12:35:51,628 [INFO] PluginManage:359 - Loaded plugin userauth (category:base,tabindex:14)
2025-05-11 12:35:51,628 [INFO] PluginManage:283 - PluginManage : Loaded plugins [18]
2025-05-11 12:35:51,775 [INFO] PinOutPanel:1589 - setPackage(No Configuration,No Configuration)
2025-05-11 12:35:51,842 [INFO] CADModel:165 - CPN selected for project level
2025-05-11 12:35:51,842 [INFO] CADModel:114 - Register for checkConnection events
2025-05-11 12:35:51,854 [INFO] IPUIPlugin:80 - create IPUIPlugin
2025-05-11 12:35:51,854 [INFO] PluginManager:220 - loadIPPluginJar : add adc
2025-05-11 12:35:51,856 [INFO] IPUIPlugin:80 - create IPUIPlugin
2025-05-11 12:35:51,856 [INFO] PluginManager:220 - loadIPPluginJar : add aes
2025-05-11 12:35:51,858 [INFO] IPUIPlugin:80 - create IPUIPlugin
2025-05-11 12:35:51,858 [INFO] PluginManager:220 - loadIPPluginJar : add can
2025-05-11 12:35:51,859 [INFO] IPUIPlugin:80 - create IPUIPlugin
2025-05-11 12:35:51,859 [INFO] PluginManager:220 - loadIPPluginJar : add comp
2025-05-11 12:35:51,861 [INFO] IPUIPlugin:80 - create IPUIPlugin
2025-05-11 12:35:51,861 [INFO] PluginManager:220 - loadIPPluginJar : add cryp
2025-05-11 12:35:51,863 [INFO] IPUIPlugin:80 - create IPUIPlugin
2025-05-11 12:35:51,863 [INFO] PluginManager:220 - loadIPPluginJar : add ddr_ctrl_phy
2025-05-11 12:35:51,864 [INFO] IPUIPlugin:80 - create IPUIPlugin
2025-05-11 12:35:51,864 [INFO] PluginManager:220 - loadIPPluginJar : add dfsdm
2025-05-11 12:35:51,869 [INFO] IPUIPlugin:80 - create IPUIPlugin
2025-05-11 12:35:51,869 [INFO] PluginManager:220 - loadIPPluginJar : add dma
2025-05-11 12:35:51,871 [INFO] IPUIPlugin:80 - create IPUIPlugin
2025-05-11 12:35:51,871 [INFO] PluginManager:220 - loadIPPluginJar : add dma3
2025-05-11 12:35:51,873 [INFO] IPUIPlugin:80 - create IPUIPlugin
2025-05-11 12:35:51,873 [INFO] PluginManager:220 - loadIPPluginJar : add extmemmanager
2025-05-11 12:35:51,874 [INFO] IPUIPlugin:80 - create IPUIPlugin
2025-05-11 12:35:51,874 [INFO] PluginManager:220 - loadIPPluginJar : add fatfs
2025-05-11 12:35:51,877 [INFO] IPUIPlugin:80 - create IPUIPlugin
2025-05-11 12:35:51,877 [INFO] PluginManager:220 - loadIPPluginJar : add fmc
2025-05-11 12:35:51,881 [INFO] IPUIPlugin:80 - create IPUIPlugin
2025-05-11 12:35:51,881 [INFO] PluginManager:220 - loadIPPluginJar : add freertos
2025-05-11 12:35:51,882 [INFO] IPUIPlugin:80 - create IPUIPlugin
2025-05-11 12:35:51,882 [INFO] PluginManager:220 - loadIPPluginJar : add genericplugin
2025-05-11 12:35:51,883 [INFO] IPUIPlugin:80 - create IPUIPlugin
2025-05-11 12:35:51,883 [INFO] PluginManager:220 - loadIPPluginJar : add gfxmmu
2025-05-11 12:35:51,886 [INFO] IPUIPlugin:80 - create IPUIPlugin
2025-05-11 12:35:51,886 [INFO] PluginManager:220 - loadIPPluginJar : add gic
2025-05-11 12:35:51,888 [INFO] IPUIPlugin:80 - create IPUIPlugin
2025-05-11 12:35:51,888 [INFO] PluginManager:220 - loadIPPluginJar : add gpio
2025-05-11 12:35:51,890 [INFO] IPUIPlugin:80 - create IPUIPlugin
2025-05-11 12:35:51,890 [INFO] PluginManager:220 - loadIPPluginJar : add gtzc
2025-05-11 12:35:51,892 [INFO] IPUIPlugin:80 - create IPUIPlugin
2025-05-11 12:35:51,892 [INFO] PluginManager:220 - loadIPPluginJar : add hash
2025-05-11 12:35:51,893 [INFO] IPUIPlugin:80 - create IPUIPlugin
2025-05-11 12:35:51,893 [INFO] PluginManager:220 - loadIPPluginJar : add i2c
2025-05-11 12:35:51,895 [INFO] IPUIPlugin:80 - create IPUIPlugin
2025-05-11 12:35:51,895 [INFO] PluginManager:220 - loadIPPluginJar : add i2s
2025-05-11 12:35:51,897 [INFO] IPUIPlugin:80 - create IPUIPlugin
2025-05-11 12:35:51,897 [INFO] PluginManager:220 - loadIPPluginJar : add i3c
2025-05-11 12:35:51,899 [INFO] IPUIPlugin:80 - create IPUIPlugin
2025-05-11 12:35:51,899 [INFO] PluginManager:220 - loadIPPluginJar : add ipddr
2025-05-11 12:35:51,904 [INFO] IPUIPlugin:80 - create IPUIPlugin
2025-05-11 12:35:51,904 [INFO] PluginManager:220 - loadIPPluginJar : add linkedlist
2025-05-11 12:35:51,906 [INFO] IPUIPlugin:80 - create IPUIPlugin
2025-05-11 12:35:51,906 [INFO] PluginManager:220 - loadIPPluginJar : add lorawan
2025-05-11 12:35:51,907 [INFO] IPUIPlugin:80 - create IPUIPlugin
2025-05-11 12:35:51,907 [INFO] PluginManager:220 - loadIPPluginJar : add ltdc
2025-05-11 12:35:51,910 [INFO] IPUIPlugin:80 - create IPUIPlugin
2025-05-11 12:35:51,910 [INFO] PluginManager:220 - loadIPPluginJar : add mdma
2025-05-11 12:35:51,912 [INFO] IPUIPlugin:80 - create IPUIPlugin
2025-05-11 12:35:51,912 [INFO] PluginManager:220 - loadIPPluginJar : add nvic
2025-05-11 12:35:51,915 [INFO] IPUIPlugin:80 - create IPUIPlugin
2025-05-11 12:35:51,915 [INFO] PluginManager:220 - loadIPPluginJar : add opamp
2025-05-11 12:35:51,917 [INFO] IPUIPlugin:80 - create IPUIPlugin
2025-05-11 12:35:51,917 [INFO] PluginManager:220 - loadIPPluginJar : add openamp
2025-05-11 12:35:51,920 [INFO] IPUIPlugin:80 - create IPUIPlugin
2025-05-11 12:35:51,920 [INFO] PluginManager:220 - loadIPPluginJar : add pdm2pcm
2025-05-11 12:35:51,924 [INFO] IPUIPlugin:80 - create IPUIPlugin
2025-05-11 12:35:51,926 [INFO] PluginManager:220 - loadIPPluginJar : add plateformsettings
2025-05-11 12:35:51,927 [INFO] IPUIPlugin:80 - create IPUIPlugin
2025-05-11 12:35:51,927 [INFO] PluginManager:220 - loadIPPluginJar : add quadspi
2025-05-11 12:35:51,928 [INFO] IPUIPlugin:80 - create IPUIPlugin
2025-05-11 12:35:51,929 [INFO] PluginManager:220 - loadIPPluginJar : add radio
2025-05-11 12:35:51,931 [INFO] IPUIPlugin:80 - create IPUIPlugin
2025-05-11 12:35:51,931 [INFO] PluginManager:220 - loadIPPluginJar : add resmgrutility
2025-05-11 12:35:51,933 [INFO] IPUIPlugin:80 - create IPUIPlugin
2025-05-11 12:35:51,933 [INFO] PluginManager:220 - loadIPPluginJar : add sai
2025-05-11 12:35:51,935 [INFO] IPUIPlugin:80 - create IPUIPlugin
2025-05-11 12:35:51,935 [INFO] PluginManager:220 - loadIPPluginJar : add spi
2025-05-11 12:35:51,938 [INFO] IPUIPlugin:80 - create IPUIPlugin
2025-05-11 12:35:51,938 [INFO] PluginManager:220 - loadIPPluginJar : add stm32_wpan
2025-05-11 12:35:51,939 [INFO] IPUIPlugin:80 - create IPUIPlugin
2025-05-11 12:35:51,939 [INFO] PluginManager:220 - loadIPPluginJar : add tim
2025-05-11 12:35:51,942 [INFO] IPUIPlugin:80 - create IPUIPlugin
2025-05-11 12:35:51,942 [INFO] PluginManager:220 - loadIPPluginJar : add touchsensing
2025-05-11 12:35:51,943 [INFO] IPUIPlugin:80 - create IPUIPlugin
2025-05-11 12:35:51,943 [INFO] PluginManager:220 - loadIPPluginJar : add tracer_emb
2025-05-11 12:35:51,945 [INFO] IPUIPlugin:80 - create IPUIPlugin
2025-05-11 12:35:51,945 [INFO] PluginManager:220 - loadIPPluginJar : add ts
2025-05-11 12:35:51,946 [INFO] IPUIPlugin:80 - create IPUIPlugin
2025-05-11 12:35:51,946 [INFO] PluginManager:220 - loadIPPluginJar : add tsc
2025-05-11 12:35:51,947 [INFO] IPUIPlugin:80 - create IPUIPlugin
2025-05-11 12:35:51,947 [INFO] PluginManager:220 - loadIPPluginJar : add ucpd
2025-05-11 12:35:51,949 [INFO] IPUIPlugin:80 - create IPUIPlugin
2025-05-11 12:35:51,949 [INFO] PluginManager:220 - loadIPPluginJar : add usart
2025-05-11 12:35:51,951 [INFO] IPUIPlugin:80 - create IPUIPlugin
2025-05-11 12:35:51,951 [INFO] PluginManager:220 - loadIPPluginJar : add usbx
2025-05-11 12:35:52,059 [FATAL] Updater:351 - Updater called before beeing initialized
2025-05-11 12:35:52,077 [INFO] RulesReader:64 - Compatibility file has been processed (302 Rules)
2025-05-11 12:35:52,083 [INFO] RulesReader:64 - Compatibility file has been processed (302 Rules)
2025-05-11 12:35:52,088 [INFO] CADModel:165 - CPN selected for project level
2025-05-11 12:35:52,088 [INFO] CADModel:114 - Register for checkConnection events
2025-05-11 12:35:52,088 [FATAL] Updater:351 - Updater called before beeing initialized
2025-05-11 12:35:52,088 [ERROR] CADModel:125 - Updater not yet initialized, retry later 
2025-05-11 12:35:52,182 [FATAL] Updater:351 - Updater called before beeing initialized
2025-05-11 12:35:52,184 [INFO] CADModel:165 - CPN selected for project level
2025-05-11 12:35:52,184 [INFO] CADModel:114 - Register for checkConnection events
2025-05-11 12:35:52,184 [FATAL] Updater:351 - Updater called before beeing initialized
2025-05-11 12:35:52,184 [ERROR] CADModel:125 - Updater not yet initialized, retry later 
2025-05-11 12:35:52,187 [FATAL] Updater:351 - Updater called before beeing initialized
2025-05-11 12:35:52,256 [FATAL] Updater:351 - Updater called before beeing initialized
2025-05-11 12:35:52,259 [INFO] DbMcusAds:53 - JSON generation date=Wed Dec 18 01:01:25 KST 2024 (1734451285682)
2025-05-11 12:35:52,259 [FATAL] Updater:351 - Updater called before beeing initialized
2025-05-11 12:35:52,287 [WARN] DetailPanel:346 - Failed to get advertising image, set to default
2025-05-11 12:35:52,487 [FATAL] Updater:351 - Updater called before beeing initialized
2025-05-11 12:35:52,488 [FATAL] Updater:351 - Updater called before beeing initialized
2025-05-11 12:35:52,488 [FATAL] Updater:351 - Updater called before beeing initialized
2025-05-11 12:35:52,488 [WARN] DetailPanel:346 - Failed to get advertising image, set to default
2025-05-11 12:35:52,489 [FATAL] Updater:351 - Updater called before beeing initialized
2025-05-11 12:35:52,520 [ERROR] Updater:1198 - MainUpdater not yet initialized. External WinMGr cannot be set.
2025-05-11 12:35:52,522 [INFO] Updater:1134 - Updater Version found : 6.14.1
2025-05-11 12:35:52,536 [INFO] ApplicationProperties:184 - Using Application install path: C:\ST\STM32CubeIDE_1.18.1\STM32CubeIDE\plugins\com.st.stm32cube.common.mx_6.14.1.202504091515
2025-05-11 12:35:54,101 [ERROR] LogOutputStream:75 - [STDERR_REDIRECT] May 11, 2025 12:35:54 PM java.util.prefs.WindowsPreferences <init>
2025-05-11 12:35:54,102 [ERROR] LogOutputStream:75 - [STDERR_REDIRECT] WARNING: Could not open/create prefs root node Software\JavaSoft\Prefs at root 0xffffffff80000002. Windows RegCreateKeyEx(...) returned error code 5.
2025-05-11 12:35:54,102 [ERROR] LogOutputStream:75 - [STDERR_REDIRECT] 
2025-05-11 12:35:54,488 [INFO] ThirdPartyUpdaterWithRetryManager:70 - Updater plugin not ready yet. [2/15]
2025-05-11 12:35:54,614 [INFO] MainUpdater:2872 - connection check result : 10
2025-05-11 12:35:54,614 [INFO] MainUpdater:289 - Updater Check For Update Now.
2025-05-11 12:35:54,614 [INFO] MicroXplorer:498 - Change Database Version : DB.6.0.141
2025-05-11 12:35:54,618 [INFO] McuFinderGlobals:63 - Set McuFinder mode to 2 (CubeIDE integrated)
2025-05-11 12:35:54,619 [INFO] UserAuth:484 - Internet connection configuration mode: 1
2025-05-11 12:35:54,631 [INFO] JxBrowserEngine:152 - Initiate JxBrowser Engine with user profile folder
2025-05-11 12:35:54,768 [INFO] CheckServerUpdateThread:120 - End of CheckServer Thread
2025-05-11 12:35:55,629 [INFO] WebApp:169 - Instantiating new browser for Auth
2025-05-11 12:35:56,149 [INFO] WebApp:463 - Apply proxy settings
2025-05-11 12:35:56,149 [INFO] WebApp:548 - Chromium requires no authentication
2025-05-11 12:35:56,156 [INFO] WebApp:491 - Direct internet connection detected
2025-05-11 12:35:56,173 [INFO] WebApp:894 - Register for checkConnection events
2025-05-11 12:35:56,173 [INFO] WebApp:463 - Apply proxy settings
2025-05-11 12:35:56,173 [INFO] WebApp:548 - Chromium requires no authentication
2025-05-11 12:35:56,174 [INFO] WebApp:491 - Direct internet connection detected
2025-05-11 12:35:56,292 [INFO] WebApp:225 - Starting web application
2025-05-11 12:35:56,292 [INFO] WebApp:593 - Web application path used C:\ST\STM32CubeIDE_1.18.1\STM32CubeIDE\plugins\com.st.stm32cube.common.mx_6.14.1.202504091515\db\plugins\mcufinder\reactClient1\index.html
2025-05-11 12:35:56,398 [INFO] UserAuth:484 - Internet connection configuration mode: 1
2025-05-11 12:35:56,488 [INFO] WebApp:191 - Connection restablished
2025-05-11 12:35:57,675 [WARN] PackLoader:240 - Cannot read IP mode file for STMicroelectronics.FP-SNS-MOTENVWB1.1.4.0
2025-05-11 12:35:57,681 [WARN] PackLoader:240 - Cannot read IP mode file for STMicroelectronics.FP-ATR-ASTRA1.2.0.2
2025-05-11 12:35:57,688 [WARN] PackLoader:240 - Cannot read IP mode file for STMicroelectronics.X-CUBE-SMBUS.2.1.0
2025-05-11 12:35:57,714 [WARN] PackLoader:240 - Cannot read IP mode file for STMicroelectronics.X-CUBE-AZRTOS-F7.1.1.0
2025-05-11 12:35:57,737 [WARN] PackLoader:240 - Cannot read IP mode file for Infineon.AIROC-Wi-Fi-Bluetooth-STM32.1.7.0
2025-05-11 12:35:57,747 [WARN] PackLoader:240 - Cannot read IP mode file for STMicroelectronics.X-CUBE-DISPLAY.3.0.0
2025-05-11 12:35:57,754 [WARN] PackLoader:240 - Cannot read IP mode file for STMicroelectronics.X-CUBE-NFC10.1.0.0
2025-05-11 12:35:57,762 [WARN] PackLoader:240 - Cannot read IP mode file for STMicroelectronics.X-CUBE-BLEMGR.4.0.0
2025-05-11 12:35:57,768 [WARN] PackLoader:240 - Cannot read IP mode file for emotas.I-CUBE-CANOPEN.1.3.0
2025-05-11 12:35:57,771 [WARN] ConditionMgr:438 - getConditionDescription Invalid condition id : Cortex-A Device cause : null
2025-05-11 12:35:57,778 [WARN] ConditionMgr:1044 - genDependencies : Invalid condition id : Cortex-A Device cause : null
2025-05-11 12:35:57,778 [WARN] ConditionMgr:1044 - genDependencies : Invalid condition id : Cortex-A Device cause : null
2025-05-11 12:35:57,779 [WARN] ConditionMgr:1044 - genDependencies : Invalid condition id : Cortex-A Device cause : null
2025-05-11 12:35:57,782 [WARN] PackLoader:240 - Cannot read IP mode file for STMicroelectronics.X-CUBE-AI.10.0.0
2025-05-11 12:35:57,785 [WARN] PackLoader:240 - Cannot read IP mode file for STMicroelectronics.FP-SNS-SMARTAG2.1.2.0
2025-05-11 12:35:57,787 [WARN] PackLoader:240 - Cannot read IP mode file for STMicroelectronics.FP-SNS-FLIGHT1.5.1.0
2025-05-11 12:35:57,793 [INFO] LogOutputStream:77 - [STDOUT_REDIRECT] 1 : Invalid condition id : UX_CORESTACK_Condition cause : null
2025-05-11 12:35:57,793 [INFO] LogOutputStream:77 - [STDOUT_REDIRECT] 1 : Invalid condition id : UX_CORESTACK_Condition cause : null
2025-05-11 12:35:57,794 [INFO] LogOutputStream:77 - [STDOUT_REDIRECT] 1 : Invalid condition id : UX_CORESTACK_Condition cause : null
2025-05-11 12:35:57,796 [INFO] LogOutputStream:77 - [STDOUT_REDIRECT] 1 : Invalid condition id : UX_CORESTACK_Condition cause : null
2025-05-11 12:35:57,796 [INFO] LogOutputStream:77 - [STDOUT_REDIRECT] 1 : Invalid condition id : UX_CORESTACK_Condition cause : null
2025-05-11 12:35:57,798 [WARN] PackLoader:240 - Cannot read IP mode file for STMicroelectronics.X-CUBE-AZRTOS-WL.2.0.0
2025-05-11 12:35:57,802 [WARN] PackLoader:240 - Cannot read IP mode file for STMicroelectronics.FP-SNS-MOTENV1.5.0.0
2025-05-11 12:35:57,808 [WARN] PackLoader:240 - Cannot read IP mode file for WES.I-CUBE-Cesium.1.3.0
2025-05-11 12:35:57,812 [WARN] PackLoader:240 - Cannot read IP mode file for STMicroelectronics.X-CUBE-BLE2.3.3.0
2025-05-11 12:35:57,815 [WARN] PackLoader:240 - Cannot read IP mode file for STMicroelectronics.X-CUBE-NFC9.1.0.0
2025-05-11 12:35:57,819 [WARN] PackLoader:240 - Cannot read IP mode file for STMicroelectronics.X-CUBE-BLE1.7.1.0
2025-05-11 12:35:57,822 [WARN] PackLoader:240 - Cannot read IP mode file for wolfSSL.I-CUBE-wolfMQTT.1.19.2
2025-05-11 12:35:57,857 [WARN] PackLoader:240 - Cannot read IP mode file for STMicroelectronics.X-CUBE-MEMS1.11.2.0
2025-05-11 12:35:57,943 [WARN] PackLoader:240 - Cannot read IP mode file for STMicroelectronics.X-CUBE-AZRTOS-G0.1.1.0
2025-05-11 12:35:57,948 [WARN] PackLoader:240 - Cannot read IP mode file for STMicroelectronics.X-CUBE-SAFEA1.1.2.2
2025-05-11 12:35:57,952 [WARN] PackLoader:240 - Cannot read IP mode file for STMicroelectronics.X-CUBE-NFC4.3.0.0
2025-05-11 12:35:57,960 [WARN] PackLoader:240 - Cannot read IP mode file for EmbeddedOffice.I-CUBE-FS-RTOS.1.0.1
2025-05-11 12:35:57,965 [WARN] PackLoader:240 - Cannot read IP mode file for STMicroelectronics.X-CUBE-WB05N.2.0.0
2025-05-11 12:35:57,971 [WARN] PackLoader:240 - Cannot read IP mode file for wolfSSL.I-CUBE-wolfTPM.3.8.0
2025-05-11 12:35:57,975 [WARN] PackLoader:240 - Cannot read IP mode file for STMicroelectronics.X-CUBE-TCPP.4.2.0
2025-05-11 12:35:57,980 [WARN] PackLoader:240 - Cannot read IP mode file for RealThread.X-CUBE-RT-Thread_Nano.4.1.1
2025-05-11 12:35:57,985 [WARN] PackLoader:240 - Cannot read IP mode file for STMicroelectronics.FP-ATR-SIGFOX1.3.2.0
2025-05-11 12:35:57,990 [WARN] PackLoader:240 - Cannot read IP mode file for STMicroelectronics.X-CUBE-EEPRMA1.5.1.0
2025-05-11 12:35:57,994 [WARN] PackLoader:240 - Cannot read IP mode file for wolfSSL.I-CUBE-wolfSSL.5.7.6
2025-05-11 12:35:58,000 [WARN] PackLoader:240 - Cannot read IP mode file for ITTIA_DB.I-CUBE-ITTIADB.8.9.0
2025-05-11 12:35:58,023 [WARN] PackLoader:240 - Cannot read IP mode file for SEGGER.I-CUBE-embOS.1.3.1
2025-05-11 12:35:58,055 [WARN] PackLoader:240 - Cannot read IP mode file for STMicroelectronics.X-CUBE-ALGOBUILD.1.4.0
2025-05-11 12:35:58,067 [WARN] PackLoader:240 - Cannot read IP mode file for STMicroelectronics.X-CUBE-AZRTOS-F4.1.1.0
2025-05-11 12:35:58,074 [WARN] PackLoader:240 - Cannot read IP mode file for Avnet-IotConnect.X-CUBE-IoTC-DA16k-PMOD.1.0.0
2025-05-11 12:35:58,078 [WARN] PackLoader:240 - Cannot read IP mode file for STMicroelectronics.X-CUBE-ISPU.2.1.0
2025-05-11 12:35:58,090 [WARN] PackLoader:240 - Cannot read IP mode file for STMicroelectronics.X-CUBE-AZRTOS-L5.2.0.0
2025-05-11 12:35:58,098 [WARN] PackLoader:240 - Cannot read IP mode file for STMicroelectronics.X-CUBE-NFC6.3.1.0
2025-05-11 12:35:58,103 [WARN] PackLoader:240 - Cannot read IP mode file for STMicroelectronics.X-CUBE-FREERTOS.1.3.1
2025-05-11 12:35:58,107 [WARN] PackLoader:240 - Cannot read IP mode file for STMicroelectronics.X-CUBE-FREERTOS.1.3.0
2025-05-11 12:35:58,110 [WARN] PackLoader:240 - Cannot read IP mode file for STMicroelectronics.X-CUBE-DPower.1.3.0
2025-05-11 12:35:58,129 [WARN] ConditionMgr:438 - getConditionDescription Invalid condition id : LAN8742 Phy interface Condition cause : null
2025-05-11 12:35:58,129 [WARN] PackLoader:240 - Cannot read IP mode file for STMicroelectronics.X-CUBE-AZRTOS-L4.2.0.0
2025-05-11 12:35:58,130 [WARN] ConditionMgr:1044 - genDependencies : Invalid condition id : LAN8742 Phy interface Condition cause : null
2025-05-11 12:35:58,130 [WARN] ConditionMgr:1044 - genDependencies : Invalid condition id : LAN8742 Phy interface Condition cause : null
2025-05-11 12:35:58,131 [WARN] ConditionMgr:1044 - genDependencies : Invalid condition id : LAN8742 Phy interface Condition cause : null
2025-05-11 12:35:58,140 [WARN] PackLoader:240 - Cannot read IP mode file for STMicroelectronics.X-CUBE-SFXS2LP1.4.0.0
2025-05-11 12:35:58,155 [WARN] PackLoader:240 - Cannot read IP mode file for STMicroelectronics.X-CUBE-AZRTOS-H7.3.3.0
2025-05-11 12:35:58,166 [WARN] ConditionMgr:438 - getConditionDescription Invalid condition id : UX DEVICE CLASS RTOS Condition cause : null
2025-05-11 12:35:58,166 [WARN] ConditionMgr:438 - getConditionDescription Invalid condition id : UX DEVICE CLASS RTOS Condition cause : null
2025-05-11 12:35:58,167 [WARN] PackLoader:240 - Cannot read IP mode file for STMicroelectronics.X-CUBE-AZRTOS-WB.2.0.0
2025-05-11 12:35:58,167 [WARN] ConditionMgr:1044 - genDependencies : Invalid condition id : UX DEVICE CLASS RTOS Condition cause : null
2025-05-11 12:35:58,168 [WARN] ConditionMgr:1044 - genDependencies : Invalid condition id : UX DEVICE CLASS RTOS Condition cause : null
2025-05-11 12:35:58,168 [WARN] ConditionMgr:1044 - genDependencies : Invalid condition id : UX DEVICE CLASS RTOS Condition cause : null
2025-05-11 12:35:58,168 [WARN] ConditionMgr:1044 - genDependencies : Invalid condition id : UX DEVICE CLASS RTOS Condition cause : null
2025-05-11 12:35:58,168 [WARN] ConditionMgr:1044 - genDependencies : Invalid condition id : UX DEVICE CLASS RTOS Condition cause : null
2025-05-11 12:35:58,189 [WARN] PackLoader:240 - Cannot read IP mode file for STMicroelectronics.X-CUBE-GNSS1.7.0.1
2025-05-11 12:35:58,194 [WARN] PackLoader:240 - Cannot read IP mode file for STMicroelectronics.X-CUBE-TOUCHGFX.4.25.0
2025-05-11 12:35:58,199 [WARN] PackLoader:240 - Cannot read IP mode file for STMicroelectronics.FP-SNS-STBOX1.2.0.0
2025-05-11 12:35:58,208 [WARN] PackLoader:240 - Cannot read IP mode file for STMicroelectronics.X-CUBE-SUBG2.5.0.0
2025-05-11 12:35:58,222 [WARN] PackLoader:240 - Cannot read IP mode file for STMicroelectronics.X-CUBE-AZRTOS-H7RS.1.1.0
2025-05-11 12:35:58,227 [WARN] PackLoader:240 - Cannot read IP mode file for Cesanta.I-CUBE-Mongoose.7.13.0
2025-05-11 12:35:58,235 [WARN] PackLoader:240 - Cannot read IP mode file for STMicroelectronics.X-CUBE-AZRTOS-G4.2.0.0
2025-05-11 12:35:58,239 [WARN] PackLoader:240 - Cannot read IP mode file for wolfSSL.I-CUBE-wolfSSH.1.4.20
2025-05-11 12:35:58,243 [WARN] PackLoader:240 - Cannot read IP mode file for STMicroelectronics.X-CUBE-NFC7.2.0.0
2025-05-11 12:35:58,251 [WARN] PackLoader:240 - Cannot read IP mode file for STMicroelectronics.X-CUBE-IPS.3.1.0
2025-05-11 12:35:58,255 [WARN] PackLoader:240 - Cannot read IP mode file for STMicroelectronics.X-CUBE-ALS.1.0.2
2025-05-11 12:35:58,260 [WARN] PackLoader:240 - Cannot read IP mode file for portGmbH.I-Cube-SoM-uGOAL.1.1.0
2025-05-11 12:35:58,265 [WARN] PackLoader:240 - Cannot read IP mode file for STMicroelectronics.X-CUBE-TOF1.3.4.3
2025-05-11 12:35:58,271 [INFO] ThirdParty:978 - Integrity check success = true
2025-05-11 12:35:58,271 [INFO] IntegrityCheckThread:100 - exiting critical section [integrity check]
2025-05-11 12:35:58,271 [INFO] IntegrityCheckThread:103 - End integrity checks thread
2025-05-11 14:00:03,495 [ERROR] LogOutputStream:75 - [STDERR_REDIRECT] 
2025-05-11 15:14:10,365 [INFO] Activator:176 - 


2025-05-11 15:14:10,367 [INFO] Activator:177 - !SESSION log4j initialized
2025-05-11 15:14:14,044 [INFO] LogOutputStream:77 - [STDOUT_REDIRECT] 
2025-05-11 15:14:15,167 [INFO] ApplicationProperties:184 - Using Application install path: C:\ST\STM32CubeIDE_1.18.1\STM32CubeIDE\plugins\com.st.stm32cube.common.mx_6.14.1.202504091515
2025-05-11 15:14:15,179 [INFO] DbMcusXml:78 - Set database path to: C:\ST\STM32CubeIDE_1.18.1\STM32CubeIDE\plugins\com.st.stm32cube.common.mx_6.14.1.202504091515\\db\/mcu/
2025-05-11 15:14:15,180 [INFO] ApiDb:274 - Set plugin database path to: C:\ST\STM32CubeIDE_1.18.1\STM32CubeIDE\plugins\com.st.stm32cube.common.mx_6.14.1.202504091515\\db\/plugins/boardmanager/
2025-05-11 15:14:15,180 [WARN] ApiDb:259 - Overriding images path with different value:  => C:\ST\STM32CubeIDE_1.18.1\STM32CubeIDE\plugins\com.st.stm32cube.common.mx_6.14.1.202504091515\\db\/plugins/mcufinder/images/
2025-05-11 15:14:15,183 [INFO] ApiDb:250 - Set database path to: C:\Users\wh310\.stmcufinder\plugins\mcufinder//mcu/
2025-05-11 15:14:15,184 [INFO] DbMcusAds:125 - Set database path to: C:\Users\wh310\.stmcufinder\plugins\mcufinder//mcu/
2025-05-11 15:14:15,186 [INFO] CrossReferenceDbSqlite:203 - Set database path to: C:\Users\wh310\.stmcufinder\plugins\mcufinder//mcu/cs/
2025-05-11 15:14:15,272 [INFO] RulesReader:64 - Compatibility file has been processed (302 Rules)
2025-05-11 15:14:15,330 [INFO] DbMcusXml:78 - Set database path to: C:\ST\STM32CubeIDE_1.18.1\STM32CubeIDE\plugins\com.st.stm32cube.common.mx_6.14.1.202504091515\\db\/mcu/
2025-05-11 15:14:15,330 [INFO] ApiDb:274 - Set plugin database path to: C:\ST\STM32CubeIDE_1.18.1\STM32CubeIDE\plugins\com.st.stm32cube.common.mx_6.14.1.202504091515\\db\/plugins/boardmanager/
2025-05-11 15:14:15,330 [INFO] ApiDb:261 - Set plugin images path to: C:\ST\STM32CubeIDE_1.18.1\STM32CubeIDE\plugins\com.st.stm32cube.common.mx_6.14.1.202504091515\\db\/plugins/mcufinder/images/
2025-05-11 15:14:15,331 [WARN] DbFile:41 - Overriding database path with different value: C:\Users\wh310\.stmcufinder\plugins\mcufinder/ => C:\Users\wh310\.stmcufinder\plugins\mcufinder
2025-05-11 15:14:15,331 [INFO] ApiDb:250 - Set database path to: C:\Users\wh310\.stmcufinder\plugins\mcufinder//mcu/
2025-05-11 15:14:15,331 [WARN] DbFile:41 - Overriding database path with different value: C:\Users\wh310\.stmcufinder\plugins\mcufinder/ => C:\Users\wh310\.stmcufinder\plugins\mcufinder
2025-05-11 15:14:15,331 [INFO] DbMcusAds:125 - Set database path to: C:\Users\wh310\.stmcufinder\plugins\mcufinder//mcu/
2025-05-11 15:14:15,331 [WARN] DbFile:41 - Overriding database path with different value: C:\Users\wh310\.stmcufinder\plugins\mcufinder/ => C:\Users\wh310\.stmcufinder\plugins\mcufinder
2025-05-11 15:14:15,331 [WARN] DbFile:41 - Overriding database path with different value: C:\Users\wh310\.stmcufinder\plugins\mcufinder/ => C:\Users\wh310\.stmcufinder\plugins\mcufinder
2025-05-11 15:14:15,331 [INFO] CrossReferenceDbSqlite:203 - Set database path to: C:\Users\wh310\.stmcufinder\plugins\mcufinder//mcu/cs/
2025-05-11 15:14:15,377 [INFO] MainPanel:272 - HeapMemory: 268435456
2025-05-11 15:14:15,428 [INFO] DbMcusXml:78 - Set database path to: C:\ST\STM32CubeIDE_1.18.1\STM32CubeIDE\plugins\com.st.stm32cube.common.mx_6.14.1.202504091515\\db\/mcu/
2025-05-11 15:14:15,428 [INFO] ApiDb:274 - Set plugin database path to: C:\ST\STM32CubeIDE_1.18.1\STM32CubeIDE\plugins\com.st.stm32cube.common.mx_6.14.1.202504091515\\db\/plugins/boardmanager/
2025-05-11 15:14:15,428 [INFO] ApiDb:261 - Set plugin images path to: C:\ST\STM32CubeIDE_1.18.1\STM32CubeIDE\plugins\com.st.stm32cube.common.mx_6.14.1.202504091515\\db\/plugins/mcufinder/images/
2025-05-11 15:14:15,428 [WARN] DbFile:41 - Overriding database path with different value: C:\Users\wh310\.stmcufinder\plugins\mcufinder/ => C:\Users\wh310\.stmcufinder\plugins\mcufinder
2025-05-11 15:14:15,428 [INFO] ApiDb:250 - Set database path to: C:\Users\wh310\.stmcufinder\plugins\mcufinder//mcu/
2025-05-11 15:14:15,428 [WARN] DbFile:41 - Overriding database path with different value: C:\Users\wh310\.stmcufinder\plugins\mcufinder/ => C:\Users\wh310\.stmcufinder\plugins\mcufinder
2025-05-11 15:14:15,428 [INFO] DbMcusAds:125 - Set database path to: C:\Users\wh310\.stmcufinder\plugins\mcufinder//mcu/
2025-05-11 15:14:15,429 [WARN] DbFile:41 - Overriding database path with different value: C:\Users\wh310\.stmcufinder\plugins\mcufinder/ => C:\Users\wh310\.stmcufinder\plugins\mcufinder
2025-05-11 15:14:15,429 [WARN] DbFile:41 - Overriding database path with different value: C:\Users\wh310\.stmcufinder\plugins\mcufinder/ => C:\Users\wh310\.stmcufinder\plugins\mcufinder
2025-05-11 15:14:15,429 [INFO] CrossReferenceDbSqlite:203 - Set database path to: C:\Users\wh310\.stmcufinder\plugins\mcufinder//mcu/cs/
2025-05-11 15:14:15,441 [INFO] ApplicationProperties:184 - Using Application install path: C:\ST\STM32CubeIDE_1.18.1\STM32CubeIDE\plugins\com.st.stm32cube.common.mx_6.14.1.202504091515
2025-05-11 15:14:15,442 [INFO] PluginManage:196 - Search for loadable plugins [exclusion list=, ]
2025-05-11 15:14:15,443 [INFO] PluginManage:310 - Check plugin analytics
2025-05-11 15:14:15,578 [INFO] AnalyticsPlugin:253 - Accepted Software Licenses: STM32CubeMX.6.14.1
2025-05-11 15:14:15,578 [INFO] AnalyticsPlugin:255 - Accepted CMSIS Pack Licenses: 
2025-05-11 15:14:15,579 [INFO] AnalyticsPlugin:257 - Accepted Firmware Licenses: 
2025-05-11 15:14:15,581 [INFO] PluginManage:359 - Loaded plugin analytics (category:tool,tabindex:-1)
2025-05-11 15:14:15,581 [INFO] PluginManage:310 - Check plugin cadmodel
2025-05-11 15:14:15,584 [INFO] CADModel:105 - Init CAD model plugin
2025-05-11 15:14:15,584 [INFO] PluginManage:359 - Loaded plugin cadmodel (category:power,tabindex:5)
2025-05-11 15:14:15,584 [INFO] PluginManage:310 - Check plugin clock
2025-05-11 15:14:15,590 [INFO] PluginManage:359 - Loaded plugin clock (category:base,tabindex:2)
2025-05-11 15:14:15,592 [INFO] PluginManage:310 - Check plugin ddr
2025-05-11 15:14:15,593 [INFO] PluginManage:359 - Loaded plugin ddr (category:tool,tabindex:6)
2025-05-11 15:14:15,593 [INFO] PluginManage:310 - Check plugin filemanager
2025-05-11 15:14:15,703 [INFO] PluginManage:359 - Loaded plugin filemanager (category:base,tabindex:10)
2025-05-11 15:14:15,703 [INFO] PluginManage:310 - Check plugin ipmanager
2025-05-11 15:14:15,710 [INFO] PluginManage:359 - Loaded plugin ipmanager (category:base,tabindex:5)
2025-05-11 15:14:15,710 [INFO] PluginManage:310 - Check plugin lpbam
2025-05-11 15:14:15,717 [INFO] PluginManage:359 - Loaded plugin lpbam (category:base,tabindex:0)
2025-05-11 15:14:15,717 [INFO] PluginManage:310 - Check plugin memorymap
2025-05-11 15:14:15,728 [INFO] PluginManage:359 - Loaded plugin memorymap (category:base,tabindex:4)
2025-05-11 15:14:15,729 [INFO] PluginManage:310 - Check plugin pinoutandconfiguration
2025-05-11 15:14:15,736 [INFO] PluginManage:359 - Loaded plugin pinoutandconfiguration (category:base,tabindex:1)
2025-05-11 15:14:15,736 [INFO] PluginManage:310 - Check plugin pinoutconfig
2025-05-11 15:14:15,812 [WARN] SupportedApi:132 - Cannot load RTOS API schema: s4s-elt-must-match.1: The content of 'definitions' must match (annotation?, (simpleType | complexType)?, (unique | key | keyref)*)). A problem was found starting at: attribute.
2025-05-11 15:14:15,922 [INFO] PluginManage:359 - Loaded plugin pinoutconfig (category:base,tabindex:0)
2025-05-11 15:14:15,922 [INFO] PluginManage:310 - Check plugin power
2025-05-11 15:14:15,929 [INFO] PluginManage:359 - Loaded plugin power (category:power,tabindex:4)
2025-05-11 15:14:15,929 [INFO] PluginManage:310 - Check plugin projectmanager
2025-05-11 15:14:15,951 [INFO] PluginManage:359 - Loaded plugin projectmanager (category:projectmanager,tabindex:4)
2025-05-11 15:14:15,952 [INFO] PluginManage:310 - Check plugin rif
2025-05-11 15:14:15,957 [INFO] PluginManage:359 - Loaded plugin rif (category:base,tabindex:3)
2025-05-11 15:14:15,957 [INFO] PluginManage:310 - Check plugin thirdparty
2025-05-11 15:14:16,051 [INFO] PluginManage:359 - Loaded plugin thirdparty (category:base,tabindex:-1)
2025-05-11 15:14:16,051 [WARN] IntegrityCheckThread:84 - waiting for thirdparty lock release [integrity check]
2025-05-11 15:14:16,051 [INFO] IntegrityCheckThread:86 - entering critical section [integrity check]
2025-05-11 15:14:16,051 [INFO] PluginManage:310 - Check plugin tools
2025-05-11 15:14:16,052 [INFO] ThirdPartyUpdaterWithRetryManager:70 - Updater plugin not ready yet. [1/15]
2025-05-11 15:14:16,053 [INFO] PluginManage:359 - Loaded plugin tools (category:base,tabindex:7)
2025-05-11 15:14:16,054 [INFO] PluginManage:310 - Check plugin tutovideos
2025-05-11 15:14:16,172 [INFO] PluginManage:359 - Loaded plugin tutovideos (category:base,tabindex:-1)
2025-05-11 15:14:16,172 [INFO] PluginManage:310 - Check plugin updater
2025-05-11 15:14:16,190 [INFO] PluginManage:359 - Loaded plugin updater (category:base,tabindex:12)
2025-05-11 15:14:16,190 [INFO] PluginManage:310 - Check plugin userauth
2025-05-11 15:14:16,192 [INFO] UserAuth:118 - Init User Auth plugin
2025-05-11 15:14:16,193 [INFO] PluginManage:359 - Loaded plugin userauth (category:base,tabindex:14)
2025-05-11 15:14:16,193 [INFO] PluginManage:283 - PluginManage : Loaded plugins [18]
2025-05-11 15:14:16,364 [INFO] PinOutPanel:1589 - setPackage(No Configuration,No Configuration)
2025-05-11 15:14:16,436 [INFO] CADModel:165 - CPN selected for project level
2025-05-11 15:14:16,437 [INFO] CADModel:114 - Register for checkConnection events
2025-05-11 15:14:16,449 [INFO] IPUIPlugin:80 - create IPUIPlugin
2025-05-11 15:14:16,449 [INFO] PluginManager:220 - loadIPPluginJar : add adc
2025-05-11 15:14:16,451 [INFO] IPUIPlugin:80 - create IPUIPlugin
2025-05-11 15:14:16,451 [INFO] PluginManager:220 - loadIPPluginJar : add aes
2025-05-11 15:14:16,453 [INFO] IPUIPlugin:80 - create IPUIPlugin
2025-05-11 15:14:16,454 [INFO] PluginManager:220 - loadIPPluginJar : add can
2025-05-11 15:14:16,455 [INFO] IPUIPlugin:80 - create IPUIPlugin
2025-05-11 15:14:16,455 [INFO] PluginManager:220 - loadIPPluginJar : add comp
2025-05-11 15:14:16,457 [INFO] IPUIPlugin:80 - create IPUIPlugin
2025-05-11 15:14:16,457 [INFO] PluginManager:220 - loadIPPluginJar : add cryp
2025-05-11 15:14:16,459 [INFO] IPUIPlugin:80 - create IPUIPlugin
2025-05-11 15:14:16,459 [INFO] PluginManager:220 - loadIPPluginJar : add ddr_ctrl_phy
2025-05-11 15:14:16,461 [INFO] IPUIPlugin:80 - create IPUIPlugin
2025-05-11 15:14:16,461 [INFO] PluginManager:220 - loadIPPluginJar : add dfsdm
2025-05-11 15:14:16,466 [INFO] IPUIPlugin:80 - create IPUIPlugin
2025-05-11 15:14:16,466 [INFO] PluginManager:220 - loadIPPluginJar : add dma
2025-05-11 15:14:16,468 [INFO] IPUIPlugin:80 - create IPUIPlugin
2025-05-11 15:14:16,468 [INFO] PluginManager:220 - loadIPPluginJar : add dma3
2025-05-11 15:14:16,470 [INFO] IPUIPlugin:80 - create IPUIPlugin
2025-05-11 15:14:16,470 [INFO] PluginManager:220 - loadIPPluginJar : add extmemmanager
2025-05-11 15:14:16,471 [INFO] IPUIPlugin:80 - create IPUIPlugin
2025-05-11 15:14:16,472 [INFO] PluginManager:220 - loadIPPluginJar : add fatfs
2025-05-11 15:14:16,475 [INFO] IPUIPlugin:80 - create IPUIPlugin
2025-05-11 15:14:16,475 [INFO] PluginManager:220 - loadIPPluginJar : add fmc
2025-05-11 15:14:16,478 [INFO] IPUIPlugin:80 - create IPUIPlugin
2025-05-11 15:14:16,479 [INFO] PluginManager:220 - loadIPPluginJar : add freertos
2025-05-11 15:14:16,479 [INFO] IPUIPlugin:80 - create IPUIPlugin
2025-05-11 15:14:16,480 [INFO] PluginManager:220 - loadIPPluginJar : add genericplugin
2025-05-11 15:14:16,481 [INFO] IPUIPlugin:80 - create IPUIPlugin
2025-05-11 15:14:16,481 [INFO] PluginManager:220 - loadIPPluginJar : add gfxmmu
2025-05-11 15:14:16,485 [INFO] IPUIPlugin:80 - create IPUIPlugin
2025-05-11 15:14:16,485 [INFO] PluginManager:220 - loadIPPluginJar : add gic
2025-05-11 15:14:16,488 [INFO] IPUIPlugin:80 - create IPUIPlugin
2025-05-11 15:14:16,488 [INFO] PluginManager:220 - loadIPPluginJar : add gpio
2025-05-11 15:14:16,490 [INFO] IPUIPlugin:80 - create IPUIPlugin
2025-05-11 15:14:16,490 [INFO] PluginManager:220 - loadIPPluginJar : add gtzc
2025-05-11 15:14:16,492 [INFO] IPUIPlugin:80 - create IPUIPlugin
2025-05-11 15:14:16,492 [INFO] PluginManager:220 - loadIPPluginJar : add hash
2025-05-11 15:14:16,494 [INFO] IPUIPlugin:80 - create IPUIPlugin
2025-05-11 15:14:16,494 [INFO] PluginManager:220 - loadIPPluginJar : add i2c
2025-05-11 15:14:16,496 [INFO] IPUIPlugin:80 - create IPUIPlugin
2025-05-11 15:14:16,496 [INFO] PluginManager:220 - loadIPPluginJar : add i2s
2025-05-11 15:14:16,498 [INFO] IPUIPlugin:80 - create IPUIPlugin
2025-05-11 15:14:16,498 [INFO] PluginManager:220 - loadIPPluginJar : add i3c
2025-05-11 15:14:16,501 [INFO] IPUIPlugin:80 - create IPUIPlugin
2025-05-11 15:14:16,501 [INFO] PluginManager:220 - loadIPPluginJar : add ipddr
2025-05-11 15:14:16,506 [INFO] IPUIPlugin:80 - create IPUIPlugin
2025-05-11 15:14:16,506 [INFO] PluginManager:220 - loadIPPluginJar : add linkedlist
2025-05-11 15:14:16,509 [INFO] IPUIPlugin:80 - create IPUIPlugin
2025-05-11 15:14:16,509 [INFO] PluginManager:220 - loadIPPluginJar : add lorawan
2025-05-11 15:14:16,510 [INFO] IPUIPlugin:80 - create IPUIPlugin
2025-05-11 15:14:16,510 [INFO] PluginManager:220 - loadIPPluginJar : add ltdc
2025-05-11 15:14:16,514 [INFO] IPUIPlugin:80 - create IPUIPlugin
2025-05-11 15:14:16,514 [INFO] PluginManager:220 - loadIPPluginJar : add mdma
2025-05-11 15:14:16,516 [INFO] IPUIPlugin:80 - create IPUIPlugin
2025-05-11 15:14:16,516 [INFO] PluginManager:220 - loadIPPluginJar : add nvic
2025-05-11 15:14:16,519 [INFO] IPUIPlugin:80 - create IPUIPlugin
2025-05-11 15:14:16,519 [INFO] PluginManager:220 - loadIPPluginJar : add opamp
2025-05-11 15:14:16,521 [INFO] IPUIPlugin:80 - create IPUIPlugin
2025-05-11 15:14:16,521 [INFO] PluginManager:220 - loadIPPluginJar : add openamp
2025-05-11 15:14:16,523 [INFO] IPUIPlugin:80 - create IPUIPlugin
2025-05-11 15:14:16,523 [INFO] PluginManager:220 - loadIPPluginJar : add pdm2pcm
2025-05-11 15:14:16,527 [INFO] IPUIPlugin:80 - create IPUIPlugin
2025-05-11 15:14:16,529 [INFO] PluginManager:220 - loadIPPluginJar : add plateformsettings
2025-05-11 15:14:16,530 [INFO] IPUIPlugin:80 - create IPUIPlugin
2025-05-11 15:14:16,530 [INFO] PluginManager:220 - loadIPPluginJar : add quadspi
2025-05-11 15:14:16,531 [INFO] IPUIPlugin:80 - create IPUIPlugin
2025-05-11 15:14:16,532 [INFO] PluginManager:220 - loadIPPluginJar : add radio
2025-05-11 15:14:16,534 [INFO] IPUIPlugin:80 - create IPUIPlugin
2025-05-11 15:14:16,534 [INFO] PluginManager:220 - loadIPPluginJar : add resmgrutility
2025-05-11 15:14:16,536 [INFO] IPUIPlugin:80 - create IPUIPlugin
2025-05-11 15:14:16,536 [INFO] PluginManager:220 - loadIPPluginJar : add sai
2025-05-11 15:14:16,538 [INFO] IPUIPlugin:80 - create IPUIPlugin
2025-05-11 15:14:16,538 [INFO] PluginManager:220 - loadIPPluginJar : add spi
2025-05-11 15:14:16,542 [INFO] IPUIPlugin:80 - create IPUIPlugin
2025-05-11 15:14:16,542 [INFO] PluginManager:220 - loadIPPluginJar : add stm32_wpan
2025-05-11 15:14:16,544 [INFO] IPUIPlugin:80 - create IPUIPlugin
2025-05-11 15:14:16,544 [INFO] PluginManager:220 - loadIPPluginJar : add tim
2025-05-11 15:14:16,546 [INFO] IPUIPlugin:80 - create IPUIPlugin
2025-05-11 15:14:16,546 [INFO] PluginManager:220 - loadIPPluginJar : add touchsensing
2025-05-11 15:14:16,547 [INFO] IPUIPlugin:80 - create IPUIPlugin
2025-05-11 15:14:16,547 [INFO] PluginManager:220 - loadIPPluginJar : add tracer_emb
2025-05-11 15:14:16,549 [INFO] IPUIPlugin:80 - create IPUIPlugin
2025-05-11 15:14:16,549 [INFO] PluginManager:220 - loadIPPluginJar : add ts
2025-05-11 15:14:16,550 [INFO] IPUIPlugin:80 - create IPUIPlugin
2025-05-11 15:14:16,550 [INFO] PluginManager:220 - loadIPPluginJar : add tsc
2025-05-11 15:14:16,551 [INFO] IPUIPlugin:80 - create IPUIPlugin
2025-05-11 15:14:16,551 [INFO] PluginManager:220 - loadIPPluginJar : add ucpd
2025-05-11 15:14:16,553 [INFO] IPUIPlugin:80 - create IPUIPlugin
2025-05-11 15:14:16,553 [INFO] PluginManager:220 - loadIPPluginJar : add usart
2025-05-11 15:14:16,554 [INFO] IPUIPlugin:80 - create IPUIPlugin
2025-05-11 15:14:16,554 [INFO] PluginManager:220 - loadIPPluginJar : add usbx
2025-05-11 15:14:16,670 [FATAL] Updater:351 - Updater called before beeing initialized
2025-05-11 15:14:16,692 [INFO] RulesReader:64 - Compatibility file has been processed (302 Rules)
2025-05-11 15:14:16,703 [INFO] RulesReader:64 - Compatibility file has been processed (302 Rules)
2025-05-11 15:14:16,709 [INFO] CADModel:165 - CPN selected for project level
2025-05-11 15:14:16,709 [INFO] CADModel:114 - Register for checkConnection events
2025-05-11 15:14:16,709 [FATAL] Updater:351 - Updater called before beeing initialized
2025-05-11 15:14:16,709 [ERROR] CADModel:125 - Updater not yet initialized, retry later 
2025-05-11 15:14:16,821 [FATAL] Updater:351 - Updater called before beeing initialized
2025-05-11 15:14:16,822 [INFO] CADModel:165 - CPN selected for project level
2025-05-11 15:14:16,822 [INFO] CADModel:114 - Register for checkConnection events
2025-05-11 15:14:16,822 [FATAL] Updater:351 - Updater called before beeing initialized
2025-05-11 15:14:16,822 [ERROR] CADModel:125 - Updater not yet initialized, retry later 
2025-05-11 15:14:16,826 [FATAL] Updater:351 - Updater called before beeing initialized
2025-05-11 15:14:16,910 [FATAL] Updater:351 - Updater called before beeing initialized
2025-05-11 15:14:16,913 [INFO] DbMcusAds:53 - JSON generation date=Wed Dec 18 01:01:25 KST 2024 (1734451285682)
2025-05-11 15:14:16,913 [FATAL] Updater:351 - Updater called before beeing initialized
2025-05-11 15:14:16,940 [WARN] DetailPanel:346 - Failed to get advertising image, set to default
2025-05-11 15:14:17,157 [FATAL] Updater:351 - Updater called before beeing initialized
2025-05-11 15:14:17,159 [FATAL] Updater:351 - Updater called before beeing initialized
2025-05-11 15:14:17,159 [FATAL] Updater:351 - Updater called before beeing initialized
2025-05-11 15:14:17,159 [WARN] DetailPanel:346 - Failed to get advertising image, set to default
2025-05-11 15:14:17,160 [FATAL] Updater:351 - Updater called before beeing initialized
2025-05-11 15:14:17,198 [ERROR] Updater:1198 - MainUpdater not yet initialized. External WinMGr cannot be set.
2025-05-11 15:14:17,199 [INFO] Updater:1134 - Updater Version found : 6.14.1
2025-05-11 15:14:17,213 [INFO] ApplicationProperties:184 - Using Application install path: C:\ST\STM32CubeIDE_1.18.1\STM32CubeIDE\plugins\com.st.stm32cube.common.mx_6.14.1.202504091515
2025-05-11 15:14:18,780 [ERROR] LogOutputStream:75 - [STDERR_REDIRECT] May 11, 2025 3:14:18 PM java.util.prefs.WindowsPreferences <init>
2025-05-11 15:14:18,781 [ERROR] LogOutputStream:75 - [STDERR_REDIRECT] WARNING: Could not open/create prefs root node Software\JavaSoft\Prefs at root 0xffffffff80000002. Windows RegCreateKeyEx(...) returned error code 5.
2025-05-11 15:14:18,782 [ERROR] LogOutputStream:75 - [STDERR_REDIRECT] 
2025-05-11 15:14:19,053 [INFO] ThirdPartyUpdaterWithRetryManager:70 - Updater plugin not ready yet. [2/15]
2025-05-11 15:14:19,371 [INFO] MainUpdater:2872 - connection check result : 10
2025-05-11 15:14:19,371 [INFO] MainUpdater:289 - Updater Check For Update Now.
2025-05-11 15:14:19,371 [INFO] MicroXplorer:498 - Change Database Version : DB.6.0.141
2025-05-11 15:14:19,375 [INFO] McuFinderGlobals:63 - Set McuFinder mode to 2 (CubeIDE integrated)
2025-05-11 15:14:19,376 [INFO] UserAuth:484 - Internet connection configuration mode: 1
2025-05-11 15:14:19,388 [INFO] JxBrowserEngine:152 - Initiate JxBrowser Engine with user profile folder
2025-05-11 15:14:19,540 [INFO] CheckServerUpdateThread:120 - End of CheckServer Thread
2025-05-11 15:14:19,851 [INFO] WebApp:169 - Instantiating new browser for Auth
2025-05-11 15:14:20,352 [INFO] WebApp:463 - Apply proxy settings
2025-05-11 15:14:20,353 [INFO] WebApp:548 - Chromium requires no authentication
2025-05-11 15:14:20,358 [INFO] WebApp:491 - Direct internet connection detected
2025-05-11 15:14:20,373 [INFO] WebApp:894 - Register for checkConnection events
2025-05-11 15:14:20,373 [INFO] WebApp:463 - Apply proxy settings
2025-05-11 15:14:20,374 [INFO] WebApp:548 - Chromium requires no authentication
2025-05-11 15:14:20,374 [INFO] WebApp:491 - Direct internet connection detected
2025-05-11 15:14:20,484 [INFO] WebApp:225 - Starting web application
2025-05-11 15:14:20,485 [INFO] WebApp:593 - Web application path used C:\ST\STM32CubeIDE_1.18.1\STM32CubeIDE\plugins\com.st.stm32cube.common.mx_6.14.1.202504091515\db\plugins\mcufinder\reactClient1\index.html
2025-05-11 15:14:20,553 [INFO] UserAuth:484 - Internet connection configuration mode: 1
2025-05-11 15:14:20,636 [INFO] WebApp:191 - Connection restablished
2025-05-11 15:14:22,339 [WARN] PackLoader:240 - Cannot read IP mode file for STMicroelectronics.FP-SNS-MOTENVWB1.1.4.0
2025-05-11 15:14:22,346 [WARN] PackLoader:240 - Cannot read IP mode file for STMicroelectronics.FP-ATR-ASTRA1.2.0.2
2025-05-11 15:14:22,353 [WARN] PackLoader:240 - Cannot read IP mode file for STMicroelectronics.X-CUBE-SMBUS.2.1.0
2025-05-11 15:14:22,380 [WARN] PackLoader:240 - Cannot read IP mode file for STMicroelectronics.X-CUBE-AZRTOS-F7.1.1.0
2025-05-11 15:14:22,412 [WARN] PackLoader:240 - Cannot read IP mode file for Infineon.AIROC-Wi-Fi-Bluetooth-STM32.1.7.0
2025-05-11 15:14:22,426 [WARN] PackLoader:240 - Cannot read IP mode file for STMicroelectronics.X-CUBE-DISPLAY.3.0.0
2025-05-11 15:14:22,437 [WARN] PackLoader:240 - Cannot read IP mode file for STMicroelectronics.X-CUBE-NFC10.1.0.0
2025-05-11 15:14:22,447 [WARN] PackLoader:240 - Cannot read IP mode file for STMicroelectronics.X-CUBE-BLEMGR.4.0.0
2025-05-11 15:14:22,456 [WARN] PackLoader:240 - Cannot read IP mode file for emotas.I-CUBE-CANOPEN.1.3.0
2025-05-11 15:14:22,461 [WARN] ConditionMgr:438 - getConditionDescription Invalid condition id : Cortex-A Device cause : null
2025-05-11 15:14:22,469 [WARN] ConditionMgr:1044 - genDependencies : Invalid condition id : Cortex-A Device cause : null
2025-05-11 15:14:22,469 [WARN] ConditionMgr:1044 - genDependencies : Invalid condition id : Cortex-A Device cause : null
2025-05-11 15:14:22,471 [WARN] ConditionMgr:1044 - genDependencies : Invalid condition id : Cortex-A Device cause : null
2025-05-11 15:14:22,474 [WARN] PackLoader:240 - Cannot read IP mode file for STMicroelectronics.X-CUBE-AI.10.0.0
2025-05-11 15:14:22,478 [WARN] PackLoader:240 - Cannot read IP mode file for STMicroelectronics.FP-SNS-SMARTAG2.1.2.0
2025-05-11 15:14:22,483 [WARN] PackLoader:240 - Cannot read IP mode file for STMicroelectronics.FP-SNS-FLIGHT1.5.1.0
2025-05-11 15:14:22,491 [INFO] LogOutputStream:77 - [STDOUT_REDIRECT] 1 : Invalid condition id : UX_CORESTACK_Condition cause : null
2025-05-11 15:14:22,492 [INFO] LogOutputStream:77 - [STDOUT_REDIRECT] 1 : Invalid condition id : UX_CORESTACK_Condition cause : null
2025-05-11 15:14:22,492 [INFO] LogOutputStream:77 - [STDOUT_REDIRECT] 1 : Invalid condition id : UX_CORESTACK_Condition cause : null
2025-05-11 15:14:22,494 [INFO] LogOutputStream:77 - [STDOUT_REDIRECT] 1 : Invalid condition id : UX_CORESTACK_Condition cause : null
2025-05-11 15:14:22,495 [INFO] LogOutputStream:77 - [STDOUT_REDIRECT] 1 : Invalid condition id : UX_CORESTACK_Condition cause : null
2025-05-11 15:14:22,498 [WARN] PackLoader:240 - Cannot read IP mode file for STMicroelectronics.X-CUBE-AZRTOS-WL.2.0.0
2025-05-11 15:14:22,503 [WARN] PackLoader:240 - Cannot read IP mode file for STMicroelectronics.FP-SNS-MOTENV1.5.0.0
2025-05-11 15:14:22,511 [WARN] PackLoader:240 - Cannot read IP mode file for WES.I-CUBE-Cesium.1.3.0
2025-05-11 15:14:22,516 [WARN] PackLoader:240 - Cannot read IP mode file for STMicroelectronics.X-CUBE-BLE2.3.3.0
2025-05-11 15:14:22,522 [WARN] PackLoader:240 - Cannot read IP mode file for STMicroelectronics.X-CUBE-NFC9.1.0.0
2025-05-11 15:14:22,527 [WARN] PackLoader:240 - Cannot read IP mode file for STMicroelectronics.X-CUBE-BLE1.7.1.0
2025-05-11 15:14:22,531 [WARN] PackLoader:240 - Cannot read IP mode file for wolfSSL.I-CUBE-wolfMQTT.1.19.2
2025-05-11 15:14:22,574 [WARN] PackLoader:240 - Cannot read IP mode file for STMicroelectronics.X-CUBE-MEMS1.11.2.0
2025-05-11 15:14:22,690 [WARN] PackLoader:240 - Cannot read IP mode file for STMicroelectronics.X-CUBE-AZRTOS-G0.1.1.0
2025-05-11 15:14:22,696 [WARN] PackLoader:240 - Cannot read IP mode file for STMicroelectronics.X-CUBE-SAFEA1.1.2.2
2025-05-11 15:14:22,702 [WARN] PackLoader:240 - Cannot read IP mode file for STMicroelectronics.X-CUBE-NFC4.3.0.0
2025-05-11 15:14:22,709 [WARN] PackLoader:240 - Cannot read IP mode file for EmbeddedOffice.I-CUBE-FS-RTOS.1.0.1
2025-05-11 15:14:22,713 [WARN] PackLoader:240 - Cannot read IP mode file for STMicroelectronics.X-CUBE-WB05N.2.0.0
2025-05-11 15:14:22,718 [WARN] PackLoader:240 - Cannot read IP mode file for wolfSSL.I-CUBE-wolfTPM.3.8.0
2025-05-11 15:14:22,722 [WARN] PackLoader:240 - Cannot read IP mode file for STMicroelectronics.X-CUBE-TCPP.4.2.0
2025-05-11 15:14:22,727 [WARN] PackLoader:240 - Cannot read IP mode file for RealThread.X-CUBE-RT-Thread_Nano.4.1.1
2025-05-11 15:14:22,732 [WARN] PackLoader:240 - Cannot read IP mode file for STMicroelectronics.FP-ATR-SIGFOX1.3.2.0
2025-05-11 15:14:22,740 [WARN] PackLoader:240 - Cannot read IP mode file for STMicroelectronics.X-CUBE-EEPRMA1.5.1.0
2025-05-11 15:14:22,744 [WARN] PackLoader:240 - Cannot read IP mode file for wolfSSL.I-CUBE-wolfSSL.5.7.6
2025-05-11 15:14:22,751 [WARN] PackLoader:240 - Cannot read IP mode file for ITTIA_DB.I-CUBE-ITTIADB.8.9.0
2025-05-11 15:14:22,772 [WARN] PackLoader:240 - Cannot read IP mode file for SEGGER.I-CUBE-embOS.1.3.1
2025-05-11 15:14:22,803 [WARN] PackLoader:240 - Cannot read IP mode file for STMicroelectronics.X-CUBE-ALGOBUILD.1.4.0
2025-05-11 15:14:22,814 [WARN] PackLoader:240 - Cannot read IP mode file for STMicroelectronics.X-CUBE-AZRTOS-F4.1.1.0
2025-05-11 15:14:22,821 [WARN] PackLoader:240 - Cannot read IP mode file for Avnet-IotConnect.X-CUBE-IoTC-DA16k-PMOD.1.0.0
2025-05-11 15:14:22,823 [WARN] PackLoader:240 - Cannot read IP mode file for STMicroelectronics.X-CUBE-ISPU.2.1.0
2025-05-11 15:14:22,836 [WARN] PackLoader:240 - Cannot read IP mode file for STMicroelectronics.X-CUBE-AZRTOS-L5.2.0.0
2025-05-11 15:14:22,844 [WARN] PackLoader:240 - Cannot read IP mode file for STMicroelectronics.X-CUBE-NFC6.3.1.0
2025-05-11 15:14:22,849 [WARN] PackLoader:240 - Cannot read IP mode file for STMicroelectronics.X-CUBE-FREERTOS.1.3.1
2025-05-11 15:14:22,852 [WARN] PackLoader:240 - Cannot read IP mode file for STMicroelectronics.X-CUBE-FREERTOS.1.3.0
2025-05-11 15:14:22,856 [WARN] PackLoader:240 - Cannot read IP mode file for STMicroelectronics.X-CUBE-DPower.1.3.0
2025-05-11 15:14:22,868 [WARN] ConditionMgr:438 - getConditionDescription Invalid condition id : LAN8742 Phy interface Condition cause : null
2025-05-11 15:14:22,868 [WARN] PackLoader:240 - Cannot read IP mode file for STMicroelectronics.X-CUBE-AZRTOS-L4.2.0.0
2025-05-11 15:14:22,868 [WARN] ConditionMgr:1044 - genDependencies : Invalid condition id : LAN8742 Phy interface Condition cause : null
2025-05-11 15:14:22,869 [WARN] ConditionMgr:1044 - genDependencies : Invalid condition id : LAN8742 Phy interface Condition cause : null
2025-05-11 15:14:22,869 [WARN] ConditionMgr:1044 - genDependencies : Invalid condition id : LAN8742 Phy interface Condition cause : null
2025-05-11 15:14:22,876 [WARN] PackLoader:240 - Cannot read IP mode file for STMicroelectronics.X-CUBE-SFXS2LP1.4.0.0
2025-05-11 15:14:22,894 [WARN] PackLoader:240 - Cannot read IP mode file for STMicroelectronics.X-CUBE-AZRTOS-H7.3.3.0
2025-05-11 15:14:22,905 [WARN] ConditionMgr:438 - getConditionDescription Invalid condition id : UX DEVICE CLASS RTOS Condition cause : null
2025-05-11 15:14:22,905 [WARN] ConditionMgr:438 - getConditionDescription Invalid condition id : UX DEVICE CLASS RTOS Condition cause : null
2025-05-11 15:14:22,907 [WARN] PackLoader:240 - Cannot read IP mode file for STMicroelectronics.X-CUBE-AZRTOS-WB.2.0.0
2025-05-11 15:14:22,907 [WARN] ConditionMgr:1044 - genDependencies : Invalid condition id : UX DEVICE CLASS RTOS Condition cause : null
2025-05-11 15:14:22,907 [WARN] ConditionMgr:1044 - genDependencies : Invalid condition id : UX DEVICE CLASS RTOS Condition cause : null
2025-05-11 15:14:22,907 [WARN] ConditionMgr:1044 - genDependencies : Invalid condition id : UX DEVICE CLASS RTOS Condition cause : null
2025-05-11 15:14:22,908 [WARN] ConditionMgr:1044 - genDependencies : Invalid condition id : UX DEVICE CLASS RTOS Condition cause : null
2025-05-11 15:14:22,908 [WARN] ConditionMgr:1044 - genDependencies : Invalid condition id : UX DEVICE CLASS RTOS Condition cause : null
2025-05-11 15:14:22,912 [WARN] PackLoader:240 - Cannot read IP mode file for STMicroelectronics.X-CUBE-GNSS1.7.0.1
2025-05-11 15:14:22,917 [WARN] PackLoader:240 - Cannot read IP mode file for STMicroelectronics.X-CUBE-TOUCHGFX.4.25.0
2025-05-11 15:14:22,923 [WARN] PackLoader:240 - Cannot read IP mode file for STMicroelectronics.FP-SNS-STBOX1.2.0.0
2025-05-11 15:14:22,931 [WARN] PackLoader:240 - Cannot read IP mode file for STMicroelectronics.X-CUBE-SUBG2.5.0.0
2025-05-11 15:14:22,961 [WARN] PackLoader:240 - Cannot read IP mode file for STMicroelectronics.X-CUBE-AZRTOS-H7RS.1.1.0
2025-05-11 15:14:22,968 [WARN] PackLoader:240 - Cannot read IP mode file for Cesanta.I-CUBE-Mongoose.7.13.0
2025-05-11 15:14:22,978 [WARN] PackLoader:240 - Cannot read IP mode file for STMicroelectronics.X-CUBE-AZRTOS-G4.2.0.0
2025-05-11 15:14:22,984 [WARN] PackLoader:240 - Cannot read IP mode file for wolfSSL.I-CUBE-wolfSSH.1.4.20
2025-05-11 15:14:22,987 [WARN] PackLoader:240 - Cannot read IP mode file for STMicroelectronics.X-CUBE-NFC7.2.0.0
2025-05-11 15:14:22,996 [WARN] PackLoader:240 - Cannot read IP mode file for STMicroelectronics.X-CUBE-IPS.3.1.0
2025-05-11 15:14:23,002 [WARN] PackLoader:240 - Cannot read IP mode file for STMicroelectronics.X-CUBE-ALS.1.0.2
2025-05-11 15:14:23,008 [WARN] PackLoader:240 - Cannot read IP mode file for portGmbH.I-Cube-SoM-uGOAL.1.1.0
2025-05-11 15:14:23,015 [WARN] PackLoader:240 - Cannot read IP mode file for STMicroelectronics.X-CUBE-TOF1.3.4.3
2025-05-11 15:14:23,022 [INFO] ThirdParty:978 - Integrity check success = true
2025-05-11 15:14:23,022 [INFO] IntegrityCheckThread:100 - exiting critical section [integrity check]
2025-05-11 15:14:23,022 [INFO] IntegrityCheckThread:103 - End integrity checks thread
2025-05-11 16:16:41,341 [ERROR] LogOutputStream:75 - [STDERR_REDIRECT] 
2025-05-11 16:16:41,341 [ERROR] LogOutputStream:75 - [STDERR_REDIRECT] 
