2025-06-29 12:09:17,979 [INFO] Activator:176 - 


2025-06-29 12:09:17,983 [INFO] Activator:177 - !SESSION log4j initialized
2025-06-29 12:09:22,160 [INFO] LogOutputStream:77 - [STDOUT_REDIRECT] 
2025-06-29 12:09:23,397 [INFO] ApplicationProperties:184 - Using Application install path: C:\ST\STM32CubeIDE_1.18.1\STM32CubeIDE\plugins\com.st.stm32cube.common.mx_6.14.1.202504091515
2025-06-29 12:09:23,410 [INFO] DbMcusXml:78 - Set database path to: C:\ST\STM32CubeIDE_1.18.1\STM32CubeIDE\plugins\com.st.stm32cube.common.mx_6.14.1.202504091515\\db\/mcu/
2025-06-29 12:09:23,411 [INFO] ApiDb:274 - Set plugin database path to: C:\ST\STM32CubeIDE_1.18.1\STM32CubeIDE\plugins\com.st.stm32cube.common.mx_6.14.1.202504091515\\db\/plugins/boardmanager/
2025-06-29 12:09:23,411 [WARN] ApiDb:259 - Overriding images path with different value:  => C:\ST\STM32CubeIDE_1.18.1\STM32CubeIDE\plugins\com.st.stm32cube.common.mx_6.14.1.202504091515\\db\/plugins/mcufinder/images/
2025-06-29 12:09:23,418 [INFO] ApiDb:250 - Set database path to: C:\Users\wh310\.stmcufinder\plugins\mcufinder//mcu/
2025-06-29 12:09:23,419 [INFO] DbMcusAds:125 - Set database path to: C:\Users\wh310\.stmcufinder\plugins\mcufinder//mcu/
2025-06-29 12:09:23,420 [INFO] CrossReferenceDbSqlite:203 - Set database path to: C:\Users\wh310\.stmcufinder\plugins\mcufinder//mcu/cs/
2025-06-29 12:09:23,510 [INFO] RulesReader:64 - Compatibility file has been processed (302 Rules)
2025-06-29 12:09:23,579 [INFO] DbMcusXml:78 - Set database path to: C:\ST\STM32CubeIDE_1.18.1\STM32CubeIDE\plugins\com.st.stm32cube.common.mx_6.14.1.202504091515\\db\/mcu/
2025-06-29 12:09:23,579 [INFO] ApiDb:274 - Set plugin database path to: C:\ST\STM32CubeIDE_1.18.1\STM32CubeIDE\plugins\com.st.stm32cube.common.mx_6.14.1.202504091515\\db\/plugins/boardmanager/
2025-06-29 12:09:23,579 [INFO] ApiDb:261 - Set plugin images path to: C:\ST\STM32CubeIDE_1.18.1\STM32CubeIDE\plugins\com.st.stm32cube.common.mx_6.14.1.202504091515\\db\/plugins/mcufinder/images/
2025-06-29 12:09:23,580 [WARN] DbFile:41 - Overriding database path with different value: C:\Users\wh310\.stmcufinder\plugins\mcufinder/ => C:\Users\wh310\.stmcufinder\plugins\mcufinder
2025-06-29 12:09:23,580 [INFO] ApiDb:250 - Set database path to: C:\Users\wh310\.stmcufinder\plugins\mcufinder//mcu/
2025-06-29 12:09:23,580 [WARN] DbFile:41 - Overriding database path with different value: C:\Users\wh310\.stmcufinder\plugins\mcufinder/ => C:\Users\wh310\.stmcufinder\plugins\mcufinder
2025-06-29 12:09:23,580 [INFO] DbMcusAds:125 - Set database path to: C:\Users\wh310\.stmcufinder\plugins\mcufinder//mcu/
2025-06-29 12:09:23,580 [WARN] DbFile:41 - Overriding database path with different value: C:\Users\wh310\.stmcufinder\plugins\mcufinder/ => C:\Users\wh310\.stmcufinder\plugins\mcufinder
2025-06-29 12:09:23,580 [WARN] DbFile:41 - Overriding database path with different value: C:\Users\wh310\.stmcufinder\plugins\mcufinder/ => C:\Users\wh310\.stmcufinder\plugins\mcufinder
2025-06-29 12:09:23,580 [INFO] CrossReferenceDbSqlite:203 - Set database path to: C:\Users\wh310\.stmcufinder\plugins\mcufinder//mcu/cs/
2025-06-29 12:09:23,639 [INFO] MainPanel:272 - HeapMemory: 268435456
2025-06-29 12:09:23,722 [INFO] DbMcusXml:78 - Set database path to: C:\ST\STM32CubeIDE_1.18.1\STM32CubeIDE\plugins\com.st.stm32cube.common.mx_6.14.1.202504091515\\db\/mcu/
2025-06-29 12:09:23,722 [INFO] ApiDb:274 - Set plugin database path to: C:\ST\STM32CubeIDE_1.18.1\STM32CubeIDE\plugins\com.st.stm32cube.common.mx_6.14.1.202504091515\\db\/plugins/boardmanager/
2025-06-29 12:09:23,723 [INFO] ApiDb:261 - Set plugin images path to: C:\ST\STM32CubeIDE_1.18.1\STM32CubeIDE\plugins\com.st.stm32cube.common.mx_6.14.1.202504091515\\db\/plugins/mcufinder/images/
2025-06-29 12:09:23,723 [WARN] DbFile:41 - Overriding database path with different value: C:\Users\wh310\.stmcufinder\plugins\mcufinder/ => C:\Users\wh310\.stmcufinder\plugins\mcufinder
2025-06-29 12:09:23,723 [INFO] ApiDb:250 - Set database path to: C:\Users\wh310\.stmcufinder\plugins\mcufinder//mcu/
2025-06-29 12:09:23,723 [WARN] DbFile:41 - Overriding database path with different value: C:\Users\wh310\.stmcufinder\plugins\mcufinder/ => C:\Users\wh310\.stmcufinder\plugins\mcufinder
2025-06-29 12:09:23,723 [INFO] DbMcusAds:125 - Set database path to: C:\Users\wh310\.stmcufinder\plugins\mcufinder//mcu/
2025-06-29 12:09:23,723 [WARN] DbFile:41 - Overriding database path with different value: C:\Users\wh310\.stmcufinder\plugins\mcufinder/ => C:\Users\wh310\.stmcufinder\plugins\mcufinder
2025-06-29 12:09:23,723 [WARN] DbFile:41 - Overriding database path with different value: C:\Users\wh310\.stmcufinder\plugins\mcufinder/ => C:\Users\wh310\.stmcufinder\plugins\mcufinder
2025-06-29 12:09:23,723 [INFO] CrossReferenceDbSqlite:203 - Set database path to: C:\Users\wh310\.stmcufinder\plugins\mcufinder//mcu/cs/
2025-06-29 12:09:23,737 [INFO] ApplicationProperties:184 - Using Application install path: C:\ST\STM32CubeIDE_1.18.1\STM32CubeIDE\plugins\com.st.stm32cube.common.mx_6.14.1.202504091515
2025-06-29 12:09:23,738 [INFO] PluginManage:196 - Search for loadable plugins [exclusion list=, ]
2025-06-29 12:09:23,739 [INFO] PluginManage:310 - Check plugin analytics
2025-06-29 12:09:23,871 [INFO] AnalyticsPlugin:253 - Accepted Software Licenses: STM32CubeMX.6.14.1
2025-06-29 12:09:23,872 [INFO] AnalyticsPlugin:255 - Accepted CMSIS Pack Licenses: 
2025-06-29 12:09:23,872 [INFO] AnalyticsPlugin:257 - Accepted Firmware Licenses: 
2025-06-29 12:09:23,874 [INFO] PluginManage:359 - Loaded plugin analytics (category:tool,tabindex:-1)
2025-06-29 12:09:23,874 [INFO] PluginManage:310 - Check plugin cadmodel
2025-06-29 12:09:23,878 [INFO] CADModel:105 - Init CAD model plugin
2025-06-29 12:09:23,879 [INFO] PluginManage:359 - Loaded plugin cadmodel (category:power,tabindex:5)
2025-06-29 12:09:23,879 [INFO] PluginManage:310 - Check plugin clock
2025-06-29 12:09:23,886 [INFO] PluginManage:359 - Loaded plugin clock (category:base,tabindex:2)
2025-06-29 12:09:23,886 [INFO] PluginManage:310 - Check plugin ddr
2025-06-29 12:09:23,888 [INFO] PluginManage:359 - Loaded plugin ddr (category:tool,tabindex:6)
2025-06-29 12:09:23,888 [INFO] PluginManage:310 - Check plugin filemanager
2025-06-29 12:09:23,992 [INFO] PluginManage:359 - Loaded plugin filemanager (category:base,tabindex:10)
2025-06-29 12:09:23,992 [INFO] PluginManage:310 - Check plugin ipmanager
2025-06-29 12:09:23,998 [INFO] PluginManage:359 - Loaded plugin ipmanager (category:base,tabindex:5)
2025-06-29 12:09:23,998 [INFO] PluginManage:310 - Check plugin lpbam
2025-06-29 12:09:24,003 [INFO] PluginManage:359 - Loaded plugin lpbam (category:base,tabindex:0)
2025-06-29 12:09:24,003 [INFO] PluginManage:310 - Check plugin memorymap
2025-06-29 12:09:24,014 [INFO] PluginManage:359 - Loaded plugin memorymap (category:base,tabindex:4)
2025-06-29 12:09:24,014 [INFO] PluginManage:310 - Check plugin pinoutandconfiguration
2025-06-29 12:09:24,021 [INFO] PluginManage:359 - Loaded plugin pinoutandconfiguration (category:base,tabindex:1)
2025-06-29 12:09:24,021 [INFO] PluginManage:310 - Check plugin pinoutconfig
2025-06-29 12:09:24,083 [WARN] SupportedApi:132 - Cannot load RTOS API schema: s4s-elt-must-match.1: The content of 'definitions' must match (annotation?, (simpleType | complexType)?, (unique | key | keyref)*)). A problem was found starting at: attribute.
2025-06-29 12:09:24,180 [INFO] PluginManage:359 - Loaded plugin pinoutconfig (category:base,tabindex:0)
2025-06-29 12:09:24,180 [INFO] PluginManage:310 - Check plugin power
2025-06-29 12:09:24,188 [INFO] PluginManage:359 - Loaded plugin power (category:power,tabindex:4)
2025-06-29 12:09:24,188 [INFO] PluginManage:310 - Check plugin projectmanager
2025-06-29 12:09:24,199 [INFO] PluginManage:359 - Loaded plugin projectmanager (category:projectmanager,tabindex:4)
2025-06-29 12:09:24,199 [INFO] PluginManage:310 - Check plugin rif
2025-06-29 12:09:24,207 [INFO] PluginManage:359 - Loaded plugin rif (category:base,tabindex:3)
2025-06-29 12:09:24,207 [INFO] PluginManage:310 - Check plugin thirdparty
2025-06-29 12:09:24,313 [INFO] PluginManage:359 - Loaded plugin thirdparty (category:base,tabindex:-1)
2025-06-29 12:09:24,313 [WARN] IntegrityCheckThread:84 - waiting for thirdparty lock release [integrity check]
2025-06-29 12:09:24,313 [INFO] IntegrityCheckThread:86 - entering critical section [integrity check]
2025-06-29 12:09:24,313 [INFO] PluginManage:310 - Check plugin tools
2025-06-29 12:09:24,313 [INFO] ThirdPartyUpdaterWithRetryManager:70 - Updater plugin not ready yet. [1/15]
2025-06-29 12:09:24,315 [INFO] PluginManage:359 - Loaded plugin tools (category:base,tabindex:7)
2025-06-29 12:09:24,315 [INFO] PluginManage:310 - Check plugin tutovideos
2025-06-29 12:09:24,436 [INFO] PluginManage:359 - Loaded plugin tutovideos (category:base,tabindex:-1)
2025-06-29 12:09:24,437 [INFO] PluginManage:310 - Check plugin updater
2025-06-29 12:09:24,453 [INFO] PluginManage:359 - Loaded plugin updater (category:base,tabindex:12)
2025-06-29 12:09:24,453 [INFO] PluginManage:310 - Check plugin userauth
2025-06-29 12:09:24,456 [INFO] UserAuth:118 - Init User Auth plugin
2025-06-29 12:09:24,457 [INFO] PluginManage:359 - Loaded plugin userauth (category:base,tabindex:14)
2025-06-29 12:09:24,457 [INFO] PluginManage:283 - PluginManage : Loaded plugins [18]
2025-06-29 12:09:24,608 [INFO] PinOutPanel:1589 - setPackage(No Configuration,No Configuration)
2025-06-29 12:09:24,676 [INFO] CADModel:165 - CPN selected for project level
2025-06-29 12:09:24,676 [INFO] CADModel:114 - Register for checkConnection events
2025-06-29 12:09:24,692 [INFO] IPUIPlugin:80 - create IPUIPlugin
2025-06-29 12:09:24,692 [INFO] PluginManager:220 - loadIPPluginJar : add adc
2025-06-29 12:09:24,694 [INFO] IPUIPlugin:80 - create IPUIPlugin
2025-06-29 12:09:24,694 [INFO] PluginManager:220 - loadIPPluginJar : add aes
2025-06-29 12:09:24,696 [INFO] IPUIPlugin:80 - create IPUIPlugin
2025-06-29 12:09:24,696 [INFO] PluginManager:220 - loadIPPluginJar : add can
2025-06-29 12:09:24,697 [INFO] IPUIPlugin:80 - create IPUIPlugin
2025-06-29 12:09:24,697 [INFO] PluginManager:220 - loadIPPluginJar : add comp
2025-06-29 12:09:24,699 [INFO] IPUIPlugin:80 - create IPUIPlugin
2025-06-29 12:09:24,699 [INFO] PluginManager:220 - loadIPPluginJar : add cryp
2025-06-29 12:09:24,701 [INFO] IPUIPlugin:80 - create IPUIPlugin
2025-06-29 12:09:24,701 [INFO] PluginManager:220 - loadIPPluginJar : add ddr_ctrl_phy
2025-06-29 12:09:24,703 [INFO] IPUIPlugin:80 - create IPUIPlugin
2025-06-29 12:09:24,703 [INFO] PluginManager:220 - loadIPPluginJar : add dfsdm
2025-06-29 12:09:24,707 [INFO] IPUIPlugin:80 - create IPUIPlugin
2025-06-29 12:09:24,707 [INFO] PluginManager:220 - loadIPPluginJar : add dma
2025-06-29 12:09:24,709 [INFO] IPUIPlugin:80 - create IPUIPlugin
2025-06-29 12:09:24,709 [INFO] PluginManager:220 - loadIPPluginJar : add dma3
2025-06-29 12:09:24,711 [INFO] IPUIPlugin:80 - create IPUIPlugin
2025-06-29 12:09:24,711 [INFO] PluginManager:220 - loadIPPluginJar : add extmemmanager
2025-06-29 12:09:24,713 [INFO] IPUIPlugin:80 - create IPUIPlugin
2025-06-29 12:09:24,713 [INFO] PluginManager:220 - loadIPPluginJar : add fatfs
2025-06-29 12:09:24,716 [INFO] IPUIPlugin:80 - create IPUIPlugin
2025-06-29 12:09:24,716 [INFO] PluginManager:220 - loadIPPluginJar : add fmc
2025-06-29 12:09:24,720 [INFO] IPUIPlugin:80 - create IPUIPlugin
2025-06-29 12:09:24,720 [INFO] PluginManager:220 - loadIPPluginJar : add freertos
2025-06-29 12:09:24,722 [INFO] IPUIPlugin:80 - create IPUIPlugin
2025-06-29 12:09:24,722 [INFO] PluginManager:220 - loadIPPluginJar : add genericplugin
2025-06-29 12:09:24,723 [INFO] IPUIPlugin:80 - create IPUIPlugin
2025-06-29 12:09:24,723 [INFO] PluginManager:220 - loadIPPluginJar : add gfxmmu
2025-06-29 12:09:24,727 [INFO] IPUIPlugin:80 - create IPUIPlugin
2025-06-29 12:09:24,727 [INFO] PluginManager:220 - loadIPPluginJar : add gic
2025-06-29 12:09:24,729 [INFO] IPUIPlugin:80 - create IPUIPlugin
2025-06-29 12:09:24,729 [INFO] PluginManager:220 - loadIPPluginJar : add gpio
2025-06-29 12:09:24,731 [INFO] IPUIPlugin:80 - create IPUIPlugin
2025-06-29 12:09:24,731 [INFO] PluginManager:220 - loadIPPluginJar : add gtzc
2025-06-29 12:09:24,734 [INFO] IPUIPlugin:80 - create IPUIPlugin
2025-06-29 12:09:24,734 [INFO] PluginManager:220 - loadIPPluginJar : add hash
2025-06-29 12:09:24,736 [INFO] IPUIPlugin:80 - create IPUIPlugin
2025-06-29 12:09:24,736 [INFO] PluginManager:220 - loadIPPluginJar : add i2c
2025-06-29 12:09:24,737 [INFO] IPUIPlugin:80 - create IPUIPlugin
2025-06-29 12:09:24,737 [INFO] PluginManager:220 - loadIPPluginJar : add i2s
2025-06-29 12:09:24,739 [INFO] IPUIPlugin:80 - create IPUIPlugin
2025-06-29 12:09:24,740 [INFO] PluginManager:220 - loadIPPluginJar : add i3c
2025-06-29 12:09:24,743 [INFO] IPUIPlugin:80 - create IPUIPlugin
2025-06-29 12:09:24,743 [INFO] PluginManager:220 - loadIPPluginJar : add ipddr
2025-06-29 12:09:24,747 [INFO] IPUIPlugin:80 - create IPUIPlugin
2025-06-29 12:09:24,748 [INFO] PluginManager:220 - loadIPPluginJar : add linkedlist
2025-06-29 12:09:24,749 [INFO] IPUIPlugin:80 - create IPUIPlugin
2025-06-29 12:09:24,749 [INFO] PluginManager:220 - loadIPPluginJar : add lorawan
2025-06-29 12:09:24,750 [INFO] IPUIPlugin:80 - create IPUIPlugin
2025-06-29 12:09:24,750 [INFO] PluginManager:220 - loadIPPluginJar : add ltdc
2025-06-29 12:09:24,754 [INFO] IPUIPlugin:80 - create IPUIPlugin
2025-06-29 12:09:24,754 [INFO] PluginManager:220 - loadIPPluginJar : add mdma
2025-06-29 12:09:24,757 [INFO] IPUIPlugin:80 - create IPUIPlugin
2025-06-29 12:09:24,757 [INFO] PluginManager:220 - loadIPPluginJar : add nvic
2025-06-29 12:09:24,759 [INFO] IPUIPlugin:80 - create IPUIPlugin
2025-06-29 12:09:24,759 [INFO] PluginManager:220 - loadIPPluginJar : add opamp
2025-06-29 12:09:24,761 [INFO] IPUIPlugin:80 - create IPUIPlugin
2025-06-29 12:09:24,761 [INFO] PluginManager:220 - loadIPPluginJar : add openamp
2025-06-29 12:09:24,764 [INFO] IPUIPlugin:80 - create IPUIPlugin
2025-06-29 12:09:24,764 [INFO] PluginManager:220 - loadIPPluginJar : add pdm2pcm
2025-06-29 12:09:24,769 [INFO] IPUIPlugin:80 - create IPUIPlugin
2025-06-29 12:09:24,771 [INFO] PluginManager:220 - loadIPPluginJar : add plateformsettings
2025-06-29 12:09:24,772 [INFO] IPUIPlugin:80 - create IPUIPlugin
2025-06-29 12:09:24,772 [INFO] PluginManager:220 - loadIPPluginJar : add quadspi
2025-06-29 12:09:24,773 [INFO] IPUIPlugin:80 - create IPUIPlugin
2025-06-29 12:09:24,773 [INFO] PluginManager:220 - loadIPPluginJar : add radio
2025-06-29 12:09:24,776 [INFO] IPUIPlugin:80 - create IPUIPlugin
2025-06-29 12:09:24,776 [INFO] PluginManager:220 - loadIPPluginJar : add resmgrutility
2025-06-29 12:09:24,778 [INFO] IPUIPlugin:80 - create IPUIPlugin
2025-06-29 12:09:24,778 [INFO] PluginManager:220 - loadIPPluginJar : add sai
2025-06-29 12:09:24,779 [INFO] IPUIPlugin:80 - create IPUIPlugin
2025-06-29 12:09:24,779 [INFO] PluginManager:220 - loadIPPluginJar : add spi
2025-06-29 12:09:24,784 [INFO] IPUIPlugin:80 - create IPUIPlugin
2025-06-29 12:09:24,784 [INFO] PluginManager:220 - loadIPPluginJar : add stm32_wpan
2025-06-29 12:09:24,785 [INFO] IPUIPlugin:80 - create IPUIPlugin
2025-06-29 12:09:24,786 [INFO] PluginManager:220 - loadIPPluginJar : add tim
2025-06-29 12:09:24,787 [INFO] IPUIPlugin:80 - create IPUIPlugin
2025-06-29 12:09:24,787 [INFO] PluginManager:220 - loadIPPluginJar : add touchsensing
2025-06-29 12:09:24,789 [INFO] IPUIPlugin:80 - create IPUIPlugin
2025-06-29 12:09:24,789 [INFO] PluginManager:220 - loadIPPluginJar : add tracer_emb
2025-06-29 12:09:24,791 [INFO] IPUIPlugin:80 - create IPUIPlugin
2025-06-29 12:09:24,791 [INFO] PluginManager:220 - loadIPPluginJar : add ts
2025-06-29 12:09:24,793 [INFO] IPUIPlugin:80 - create IPUIPlugin
2025-06-29 12:09:24,793 [INFO] PluginManager:220 - loadIPPluginJar : add tsc
2025-06-29 12:09:24,794 [INFO] IPUIPlugin:80 - create IPUIPlugin
2025-06-29 12:09:24,795 [INFO] PluginManager:220 - loadIPPluginJar : add ucpd
2025-06-29 12:09:24,796 [INFO] IPUIPlugin:80 - create IPUIPlugin
2025-06-29 12:09:24,796 [INFO] PluginManager:220 - loadIPPluginJar : add usart
2025-06-29 12:09:24,799 [INFO] IPUIPlugin:80 - create IPUIPlugin
2025-06-29 12:09:24,799 [INFO] PluginManager:220 - loadIPPluginJar : add usbx
2025-06-29 12:09:24,908 [FATAL] Updater:351 - Updater called before beeing initialized
2025-06-29 12:09:24,926 [INFO] RulesReader:64 - Compatibility file has been processed (302 Rules)
2025-06-29 12:09:24,932 [INFO] RulesReader:64 - Compatibility file has been processed (302 Rules)
2025-06-29 12:09:24,937 [INFO] CADModel:165 - CPN selected for project level
2025-06-29 12:09:24,937 [INFO] CADModel:114 - Register for checkConnection events
2025-06-29 12:09:24,938 [FATAL] Updater:351 - Updater called before beeing initialized
2025-06-29 12:09:24,938 [ERROR] CADModel:125 - Updater not yet initialized, retry later 
2025-06-29 12:09:25,033 [FATAL] Updater:351 - Updater called before beeing initialized
2025-06-29 12:09:25,035 [INFO] CADModel:165 - CPN selected for project level
2025-06-29 12:09:25,035 [INFO] CADModel:114 - Register for checkConnection events
2025-06-29 12:09:25,035 [FATAL] Updater:351 - Updater called before beeing initialized
2025-06-29 12:09:25,035 [ERROR] CADModel:125 - Updater not yet initialized, retry later 
2025-06-29 12:09:25,038 [FATAL] Updater:351 - Updater called before beeing initialized
2025-06-29 12:09:25,111 [FATAL] Updater:351 - Updater called before beeing initialized
2025-06-29 12:09:25,114 [INFO] DbMcusAds:53 - JSON generation date=Wed May 07 18:07:55 KST 2025 (1746608875638)
2025-06-29 12:09:25,114 [FATAL] Updater:351 - Updater called before beeing initialized
2025-06-29 12:09:25,144 [WARN] DetailPanel:346 - Failed to get advertising image, set to default
2025-06-29 12:09:25,341 [FATAL] Updater:351 - Updater called before beeing initialized
2025-06-29 12:09:25,343 [FATAL] Updater:351 - Updater called before beeing initialized
2025-06-29 12:09:25,343 [FATAL] Updater:351 - Updater called before beeing initialized
2025-06-29 12:09:25,343 [WARN] DetailPanel:346 - Failed to get advertising image, set to default
2025-06-29 12:09:25,343 [FATAL] Updater:351 - Updater called before beeing initialized
2025-06-29 12:09:25,374 [ERROR] Updater:1198 - MainUpdater not yet initialized. External WinMGr cannot be set.
2025-06-29 12:09:25,375 [INFO] Updater:1134 - Updater Version found : 6.14.1
2025-06-29 12:09:25,390 [INFO] ApplicationProperties:184 - Using Application install path: C:\ST\STM32CubeIDE_1.18.1\STM32CubeIDE\plugins\com.st.stm32cube.common.mx_6.14.1.202504091515
2025-06-29 12:09:26,964 [ERROR] LogOutputStream:75 - [STDERR_REDIRECT] Jun 29, 2025 12:09:26 PM java.util.prefs.WindowsPreferences <init>
2025-06-29 12:09:26,965 [ERROR] LogOutputStream:75 - [STDERR_REDIRECT] WARNING: Could not open/create prefs root node Software\JavaSoft\Prefs at root 0xffffffff80000002. Windows RegCreateKeyEx(...) returned error code 5.
2025-06-29 12:09:26,965 [ERROR] LogOutputStream:75 - [STDERR_REDIRECT] 
2025-06-29 12:09:27,314 [INFO] ThirdPartyUpdaterWithRetryManager:70 - Updater plugin not ready yet. [2/15]
2025-06-29 12:09:27,566 [INFO] MainUpdater:2872 - connection check result : 10
2025-06-29 12:09:27,567 [INFO] MainUpdater:3566 - Updater definition file requires update
2025-06-29 12:09:27,567 [INFO] MainUpdater:289 - Updater Check For Update Now.
2025-06-29 12:09:27,567 [INFO] MicroXplorer:498 - Change Database Version : DB.6.0.141
2025-06-29 12:09:27,571 [INFO] McuFinderGlobals:63 - Set McuFinder mode to 2 (CubeIDE integrated)
2025-06-29 12:09:27,572 [INFO] UserAuth:484 - Internet connection configuration mode: 1
2025-06-29 12:09:27,585 [INFO] JxBrowserEngine:152 - Initiate JxBrowser Engine with user profile folder
2025-06-29 12:09:27,808 [INFO] ServerAccessManage:473 - Download File updaters.zip
2025-06-29 12:09:28,242 [INFO] FileExtend:242 - Unzip File : updaters.zip
2025-06-29 12:09:28,242 [INFO] FileExtend:257 - Standard Zip Deflate
2025-06-29 12:09:28,693 [INFO] WebApp:169 - Instantiating new browser for Auth
2025-06-29 12:09:29,133 [INFO] ServerAccessManage:473 - Download File PacksControlFlags.xml
2025-06-29 12:09:29,267 [INFO] WebApp:463 - Apply proxy settings
2025-06-29 12:09:29,268 [INFO] WebApp:548 - Chromium requires no authentication
2025-06-29 12:09:29,275 [INFO] WebApp:491 - Direct internet connection detected
2025-06-29 12:09:29,291 [INFO] WebApp:894 - Register for checkConnection events
2025-06-29 12:09:29,291 [INFO] WebApp:463 - Apply proxy settings
2025-06-29 12:09:29,291 [INFO] WebApp:548 - Chromium requires no authentication
2025-06-29 12:09:29,292 [INFO] WebApp:491 - Direct internet connection detected
2025-06-29 12:09:29,348 [INFO] ServerAccessManage:473 - Download File cubemx.pidx
2025-06-29 12:09:29,435 [INFO] WebApp:225 - Starting web application
2025-06-29 12:09:29,435 [INFO] WebApp:593 - Web application path used C:\ST\STM32CubeIDE_1.18.1\STM32CubeIDE\plugins\com.st.stm32cube.common.mx_6.14.1.202504091515\db\plugins\mcufinder\reactClient1\index.html
2025-06-29 12:09:29,583 [INFO] UserAuth:484 - Internet connection configuration mode: 1
2025-06-29 12:09:29,602 [INFO] WebApp:191 - Connection restablished
2025-06-29 12:09:29,984 [INFO] ServerAccessManage:473 - Download File STMicroelectronics.FP-SNS-STAIOTCFT.pdsc
2025-06-29 12:09:30,315 [WARN] MainUpdater:1193 - Updater busy. Cannot search thirdparties
2025-06-29 12:09:30,315 [INFO] ThirdPartyUpdaterWithRetryManager:96 - Updater plugin is busy. [1/15]
2025-06-29 12:09:30,578 [INFO] ServerAccessManage:473 - Download File STMicroelectronics.X-CUBE-AI.pdsc
2025-06-29 12:09:33,316 [WARN] MainUpdater:1193 - Updater busy. Cannot search thirdparties
2025-06-29 12:09:33,316 [INFO] ThirdPartyUpdaterWithRetryManager:96 - Updater plugin is busy. [2/15]
2025-06-29 12:09:36,317 [WARN] MainUpdater:1193 - Updater busy. Cannot search thirdparties
2025-06-29 12:09:36,317 [INFO] ThirdPartyUpdaterWithRetryManager:96 - Updater plugin is busy. [3/15]
2025-06-29 12:09:36,460 [INFO] ServerAccessManage:473 - Download File STMicroelectronics.X-CUBE-MEMS1.pdsc
2025-06-29 12:09:39,318 [WARN] MainUpdater:1193 - Updater busy. Cannot search thirdparties
2025-06-29 12:09:39,318 [INFO] ThirdPartyUpdaterWithRetryManager:96 - Updater plugin is busy. [4/15]
2025-06-29 12:09:42,319 [WARN] MainUpdater:1193 - Updater busy. Cannot search thirdparties
2025-06-29 12:09:42,319 [INFO] ThirdPartyUpdaterWithRetryManager:96 - Updater plugin is busy. [5/15]
2025-06-29 12:09:44,502 [INFO] ServerAccessManage:473 - Download File STMicroelectronics.X-CUBE-ST60.pdsc
2025-06-29 12:09:45,050 [INFO] ServerAccessManage:473 - Download File STMicroelectronics.X-CUBE-ST67W61.pdsc
2025-06-29 12:09:45,320 [WARN] MainUpdater:1193 - Updater busy. Cannot search thirdparties
2025-06-29 12:09:45,320 [INFO] ThirdPartyUpdaterWithRetryManager:96 - Updater plugin is busy. [6/15]
2025-06-29 12:09:45,619 [INFO] ServerAccessManage:473 - Download File STMicroelectronics.X-CUBE-PM33A1.pdsc
2025-06-29 12:09:46,217 [WARN] PackLoader:240 - Cannot read IP mode file for STMicroelectronics.FP-SNS-STAIOTCFT.1.0.0
2025-06-29 12:09:46,222 [WARN] PackLoader:240 - Cannot read IP mode file for STMicroelectronics.X-CUBE-AI.10.1.0
2025-06-29 12:09:46,265 [WARN] PackLoader:240 - Cannot read IP mode file for STMicroelectronics.X-CUBE-MEMS1.11.3.0
2025-06-29 12:09:46,329 [INFO] CheckServerUpdateThread:120 - End of CheckServer Thread
2025-06-29 12:09:46,356 [WARN] PackLoader:240 - Cannot read IP mode file for STMicroelectronics.X-CUBE-ST60.1.0.0
2025-06-29 12:09:46,360 [WARN] PackLoader:240 - Cannot read IP mode file for STMicroelectronics.X-CUBE-ST67W61.1.0.0
2025-06-29 12:09:46,363 [WARN] PackLoader:240 - Cannot read IP mode file for STMicroelectronics.X-CUBE-PM33A1.1.0.0
2025-06-29 12:09:46,364 [INFO] PopulateThirdPartyThread:66 - Ending populate Thread
2025-06-29 12:09:46,365 [INFO] ThirdParty:1030 - CMSIS Pack Vendor :STMicroelectronics X-CUBE-AI 10.1.0
2025-06-29 12:09:46,365 [INFO] ThirdParty:1030 - CMSIS Pack Vendor :STMicroelectronics X-CUBE-ST67W61 1.0.0
2025-06-29 12:09:46,365 [INFO] ThirdParty:1030 - CMSIS Pack Vendor :STMicroelectronics X-CUBE-PM33A1 1.0.0
2025-06-29 12:09:46,365 [INFO] ThirdParty:1030 - CMSIS Pack Vendor :STMicroelectronics FP-SNS-STAIOTCFT 1.0.0
2025-06-29 12:09:46,365 [INFO] ThirdParty:1030 - CMSIS Pack Vendor :STMicroelectronics X-CUBE-ST60 1.0.0
2025-06-29 12:09:46,365 [INFO] ThirdParty:1030 - CMSIS Pack Vendor :STMicroelectronics X-CUBE-MEMS1 11.3.0
2025-06-29 12:09:46,365 [INFO] LoadServerUpdatesThread:375 - End of LoadServerUpdate Thread
2025-06-29 12:09:48,511 [WARN] PackLoader:240 - Cannot read IP mode file for STMicroelectronics.FP-SNS-MOTENVWB1.1.4.0
2025-06-29 12:09:48,514 [WARN] PackLoader:240 - Cannot read IP mode file for STMicroelectronics.FP-ATR-ASTRA1.2.0.2
2025-06-29 12:09:48,519 [WARN] PackLoader:240 - Cannot read IP mode file for STMicroelectronics.X-CUBE-SMBUS.2.1.0
2025-06-29 12:09:48,522 [WARN] PackLoader:240 - Cannot read IP mode file for STMicroelectronics.X-CUBE-ST60.1.0.0
2025-06-29 12:09:48,531 [WARN] PackLoader:240 - Cannot read IP mode file for STMicroelectronics.X-CUBE-AZRTOS-F7.1.1.0
2025-06-29 12:09:48,543 [WARN] PackLoader:240 - Cannot read IP mode file for Infineon.AIROC-Wi-Fi-Bluetooth-STM32.1.7.0
2025-06-29 12:09:48,549 [WARN] PackLoader:240 - Cannot read IP mode file for STMicroelectronics.X-CUBE-DISPLAY.3.0.0
2025-06-29 12:09:48,554 [WARN] PackLoader:240 - Cannot read IP mode file for STMicroelectronics.X-CUBE-NFC10.1.0.0
2025-06-29 12:09:48,560 [WARN] PackLoader:240 - Cannot read IP mode file for STMicroelectronics.X-CUBE-BLEMGR.4.0.0
2025-06-29 12:09:48,566 [WARN] PackLoader:240 - Cannot read IP mode file for emotas.I-CUBE-CANOPEN.1.3.0
2025-06-29 12:09:48,568 [WARN] ConditionMgr:438 - getConditionDescription Invalid condition id : Cortex-A Device cause : null
2025-06-29 12:09:48,577 [WARN] ConditionMgr:1044 - genDependencies : Invalid condition id : Cortex-A Device cause : null
2025-06-29 12:09:48,577 [WARN] ConditionMgr:1044 - genDependencies : Invalid condition id : Cortex-A Device cause : null
2025-06-29 12:09:48,577 [WARN] ConditionMgr:1044 - genDependencies : Invalid condition id : Cortex-A Device cause : null
2025-06-29 12:09:48,579 [WARN] PackLoader:240 - Cannot read IP mode file for STMicroelectronics.X-CUBE-AI.10.0.0
2025-06-29 12:09:48,583 [WARN] PackLoader:240 - Cannot read IP mode file for STMicroelectronics.FP-SNS-SMARTAG2.1.2.0
2025-06-29 12:09:48,585 [WARN] PackLoader:240 - Cannot read IP mode file for STMicroelectronics.FP-SNS-FLIGHT1.5.1.0
2025-06-29 12:09:48,590 [INFO] LogOutputStream:77 - [STDOUT_REDIRECT] 1 : Invalid condition id : UX_CORESTACK_Condition cause : null
2025-06-29 12:09:48,590 [INFO] LogOutputStream:77 - [STDOUT_REDIRECT] 1 : Invalid condition id : UX_CORESTACK_Condition cause : null
2025-06-29 12:09:48,592 [INFO] LogOutputStream:77 - [STDOUT_REDIRECT] 1 : Invalid condition id : UX_CORESTACK_Condition cause : null
2025-06-29 12:09:48,592 [INFO] LogOutputStream:77 - [STDOUT_REDIRECT] 1 : Invalid condition id : UX_CORESTACK_Condition cause : null
2025-06-29 12:09:48,593 [INFO] LogOutputStream:77 - [STDOUT_REDIRECT] 1 : Invalid condition id : UX_CORESTACK_Condition cause : null
2025-06-29 12:09:48,594 [WARN] PackLoader:240 - Cannot read IP mode file for STMicroelectronics.X-CUBE-AZRTOS-WL.2.0.0
2025-06-29 12:09:48,598 [WARN] PackLoader:240 - Cannot read IP mode file for STMicroelectronics.FP-SNS-MOTENV1.5.0.0
2025-06-29 12:09:48,602 [WARN] PackLoader:240 - Cannot read IP mode file for WES.I-CUBE-Cesium.1.3.0
2025-06-29 12:09:48,605 [WARN] PackLoader:240 - Cannot read IP mode file for STMicroelectronics.X-CUBE-BLE2.3.3.0
2025-06-29 12:09:48,609 [WARN] PackLoader:240 - Cannot read IP mode file for STMicroelectronics.X-CUBE-NFC9.1.0.0
2025-06-29 12:09:48,612 [WARN] PackLoader:240 - Cannot read IP mode file for STMicroelectronics.X-CUBE-BLE1.7.1.0
2025-06-29 12:09:48,615 [WARN] PackLoader:240 - Cannot read IP mode file for wolfSSL.I-CUBE-wolfMQTT.1.19.2
2025-06-29 12:09:48,617 [WARN] PackLoader:240 - Cannot read IP mode file for STMicroelectronics.X-CUBE-AI.10.1.0
2025-06-29 12:09:48,646 [WARN] PackLoader:240 - Cannot read IP mode file for STMicroelectronics.X-CUBE-MEMS1.11.2.0
2025-06-29 12:09:48,712 [WARN] PackLoader:240 - Cannot read IP mode file for STMicroelectronics.X-CUBE-AZRTOS-G0.1.1.0
2025-06-29 12:09:48,717 [WARN] PackLoader:240 - Cannot read IP mode file for STMicroelectronics.X-CUBE-SAFEA1.1.2.2
2025-06-29 12:09:48,721 [WARN] PackLoader:240 - Cannot read IP mode file for STMicroelectronics.X-CUBE-NFC4.3.0.0
2025-06-29 12:09:48,726 [WARN] PackLoader:240 - Cannot read IP mode file for EmbeddedOffice.I-CUBE-FS-RTOS.1.0.1
2025-06-29 12:09:48,729 [WARN] PackLoader:240 - Cannot read IP mode file for STMicroelectronics.X-CUBE-WB05N.2.0.0
2025-06-29 12:09:48,732 [WARN] PackLoader:240 - Cannot read IP mode file for wolfSSL.I-CUBE-wolfTPM.3.8.0
2025-06-29 12:09:48,736 [WARN] PackLoader:240 - Cannot read IP mode file for STMicroelectronics.X-CUBE-TCPP.4.2.0
2025-06-29 12:09:48,740 [WARN] PackLoader:240 - Cannot read IP mode file for RealThread.X-CUBE-RT-Thread_Nano.4.1.1
2025-06-29 12:09:48,743 [WARN] PackLoader:240 - Cannot read IP mode file for STMicroelectronics.FP-ATR-SIGFOX1.3.2.0
2025-06-29 12:09:48,747 [WARN] PackLoader:240 - Cannot read IP mode file for STMicroelectronics.X-CUBE-EEPRMA1.5.1.0
2025-06-29 12:09:48,750 [WARN] PackLoader:240 - Cannot read IP mode file for wolfSSL.I-CUBE-wolfSSL.5.7.6
2025-06-29 12:09:48,753 [WARN] PackLoader:240 - Cannot read IP mode file for ITTIA_DB.I-CUBE-ITTIADB.8.9.0
2025-06-29 12:09:48,756 [WARN] PackLoader:240 - Cannot read IP mode file for STMicroelectronics.X-CUBE-ST67W61.1.0.0
2025-06-29 12:09:48,772 [WARN] PackLoader:240 - Cannot read IP mode file for SEGGER.I-CUBE-embOS.1.3.1
2025-06-29 12:09:48,791 [WARN] PackLoader:240 - Cannot read IP mode file for STMicroelectronics.X-CUBE-ALGOBUILD.1.4.0
2025-06-29 12:09:48,812 [WARN] PackLoader:240 - Cannot read IP mode file for STMicroelectronics.X-CUBE-MEMS1.11.3.0
2025-06-29 12:09:48,884 [WARN] PackLoader:240 - Cannot read IP mode file for STMicroelectronics.X-CUBE-PM33A1.1.0.0
2025-06-29 12:09:48,896 [WARN] PackLoader:240 - Cannot read IP mode file for STMicroelectronics.X-CUBE-AZRTOS-F4.1.1.0
2025-06-29 12:09:48,901 [WARN] PackLoader:240 - Cannot read IP mode file for Avnet-IotConnect.X-CUBE-IoTC-DA16k-PMOD.1.0.0
2025-06-29 12:09:48,904 [WARN] PackLoader:240 - Cannot read IP mode file for STMicroelectronics.X-CUBE-ISPU.2.1.0
2025-06-29 12:09:48,920 [WARN] PackLoader:240 - Cannot read IP mode file for STMicroelectronics.X-CUBE-AZRTOS-L5.2.0.0
2025-06-29 12:09:48,929 [WARN] PackLoader:240 - Cannot read IP mode file for STMicroelectronics.X-CUBE-NFC6.3.1.0
2025-06-29 12:09:48,935 [WARN] PackLoader:240 - Cannot read IP mode file for STMicroelectronics.X-CUBE-FREERTOS.1.3.1
2025-06-29 12:09:48,938 [WARN] PackLoader:240 - Cannot read IP mode file for STMicroelectronics.X-CUBE-FREERTOS.1.3.0
2025-06-29 12:09:48,942 [WARN] PackLoader:240 - Cannot read IP mode file for STMicroelectronics.FP-SNS-STAIOTCFT.1.0.0
2025-06-29 12:09:48,946 [WARN] PackLoader:240 - Cannot read IP mode file for STMicroelectronics.X-CUBE-DPower.1.3.0
2025-06-29 12:09:48,954 [WARN] ConditionMgr:438 - getConditionDescription Invalid condition id : LAN8742 Phy interface Condition cause : null
2025-06-29 12:09:48,955 [WARN] PackLoader:240 - Cannot read IP mode file for STMicroelectronics.X-CUBE-AZRTOS-L4.2.0.0
2025-06-29 12:09:48,955 [WARN] ConditionMgr:1044 - genDependencies : Invalid condition id : LAN8742 Phy interface Condition cause : null
2025-06-29 12:09:48,955 [WARN] ConditionMgr:1044 - genDependencies : Invalid condition id : LAN8742 Phy interface Condition cause : null
2025-06-29 12:09:48,956 [WARN] ConditionMgr:1044 - genDependencies : Invalid condition id : LAN8742 Phy interface Condition cause : null
2025-06-29 12:09:48,960 [WARN] PackLoader:240 - Cannot read IP mode file for STMicroelectronics.X-CUBE-SFXS2LP1.4.0.0
2025-06-29 12:09:48,970 [WARN] PackLoader:240 - Cannot read IP mode file for STMicroelectronics.X-CUBE-AZRTOS-H7.3.3.0
2025-06-29 12:09:48,978 [WARN] ConditionMgr:438 - getConditionDescription Invalid condition id : UX DEVICE CLASS RTOS Condition cause : null
2025-06-29 12:09:48,978 [WARN] ConditionMgr:438 - getConditionDescription Invalid condition id : UX DEVICE CLASS RTOS Condition cause : null
2025-06-29 12:09:48,978 [WARN] PackLoader:240 - Cannot read IP mode file for STMicroelectronics.X-CUBE-AZRTOS-WB.2.0.0
2025-06-29 12:09:48,979 [WARN] ConditionMgr:1044 - genDependencies : Invalid condition id : UX DEVICE CLASS RTOS Condition cause : null
2025-06-29 12:09:48,979 [WARN] ConditionMgr:1044 - genDependencies : Invalid condition id : UX DEVICE CLASS RTOS Condition cause : null
2025-06-29 12:09:48,979 [WARN] ConditionMgr:1044 - genDependencies : Invalid condition id : UX DEVICE CLASS RTOS Condition cause : null
2025-06-29 12:09:48,979 [WARN] ConditionMgr:1044 - genDependencies : Invalid condition id : UX DEVICE CLASS RTOS Condition cause : null
2025-06-29 12:09:48,979 [WARN] ConditionMgr:1044 - genDependencies : Invalid condition id : UX DEVICE CLASS RTOS Condition cause : null
2025-06-29 12:09:48,983 [WARN] PackLoader:240 - Cannot read IP mode file for STMicroelectronics.X-CUBE-GNSS1.7.0.1
2025-06-29 12:09:48,986 [WARN] PackLoader:240 - Cannot read IP mode file for STMicroelectronics.X-CUBE-TOUCHGFX.4.25.0
2025-06-29 12:09:48,989 [WARN] PackLoader:240 - Cannot read IP mode file for STMicroelectronics.FP-SNS-STBOX1.2.0.0
2025-06-29 12:09:48,995 [WARN] PackLoader:240 - Cannot read IP mode file for STMicroelectronics.X-CUBE-SUBG2.5.0.0
2025-06-29 12:09:49,004 [WARN] PackLoader:240 - Cannot read IP mode file for STMicroelectronics.X-CUBE-AZRTOS-H7RS.1.1.0
2025-06-29 12:09:49,010 [WARN] PackLoader:240 - Cannot read IP mode file for Cesanta.I-CUBE-Mongoose.7.13.0
2025-06-29 12:09:49,016 [WARN] PackLoader:240 - Cannot read IP mode file for STMicroelectronics.X-CUBE-AZRTOS-G4.2.0.0
2025-06-29 12:09:49,019 [WARN] PackLoader:240 - Cannot read IP mode file for wolfSSL.I-CUBE-wolfSSH.1.4.20
2025-06-29 12:09:49,022 [WARN] PackLoader:240 - Cannot read IP mode file for STMicroelectronics.X-CUBE-NFC7.2.0.0
2025-06-29 12:09:49,030 [WARN] PackLoader:240 - Cannot read IP mode file for STMicroelectronics.X-CUBE-IPS.3.1.0
2025-06-29 12:09:49,036 [WARN] PackLoader:240 - Cannot read IP mode file for STMicroelectronics.X-CUBE-ALS.1.0.2
2025-06-29 12:09:49,041 [WARN] PackLoader:240 - Cannot read IP mode file for portGmbH.I-Cube-SoM-uGOAL.1.1.0
2025-06-29 12:09:49,046 [WARN] PackLoader:240 - Cannot read IP mode file for STMicroelectronics.X-CUBE-TOF1.3.4.3
2025-06-29 12:09:49,051 [INFO] ThirdParty:978 - Integrity check success = true
2025-06-29 12:09:49,051 [INFO] IntegrityCheckThread:100 - exiting critical section [integrity check]
2025-06-29 12:09:49,051 [INFO] IntegrityCheckThread:103 - End integrity checks thread
2025-06-29 14:40:52,863 [INFO] WebApp:194 - Connection lost
2025-06-29 14:40:56,344 [INFO] WebApp:191 - Connection restablished
2025-06-29 14:40:58,666 [INFO] WebApp:194 - Connection lost
2025-06-29 14:40:58,821 [INFO] WebApp:191 - Connection restablished
2025-06-29 20:24:16,043 [ERROR] LogOutputStream:75 - [STDERR_REDIRECT] 
