2025-08-26 12:58:10,350 [INFO] Activator:176 - 


2025-08-26 12:58:10,356 [INFO] Activator:177 - !SESSION log4j initialized
2025-08-26 12:58:14,451 [INFO] LogOutputStream:77 - [STDOUT_REDIRECT] 
2025-08-26 12:58:16,322 [INFO] ApplicationProperties:184 - Using Application install path: C:\ST\STM32CubeIDE_1.18.1\STM32CubeIDE\plugins\com.st.stm32cube.common.mx_6.15.0.202507011659
2025-08-26 12:58:16,337 [INFO] DbMcusXml:78 - Set database path to: C:\ST\STM32CubeIDE_1.18.1\STM32CubeIDE\plugins\com.st.stm32cube.common.mx_6.15.0.202507011659\\db\/mcu/
2025-08-26 12:58:16,337 [INFO] ApiDb:274 - Set plugin database path to: C:\ST\STM32CubeIDE_1.18.1\STM32CubeIDE\plugins\com.st.stm32cube.common.mx_6.15.0.202507011659\\db\/plugins/boardmanager/
2025-08-26 12:58:16,338 [WARN] ApiDb:259 - Overriding images path with different value:  => C:\ST\STM32CubeIDE_1.18.1\STM32CubeIDE\plugins\com.st.stm32cube.common.mx_6.15.0.202507011659\\db\/plugins/mcufinder/images/
2025-08-26 12:58:16,344 [INFO] ApiDb:250 - Set database path to: C:\Users\wh310\.stmcufinder\plugins\mcufinder//mcu/
2025-08-26 12:58:16,344 [INFO] DbMcusAds:125 - Set database path to: C:\Users\wh310\.stmcufinder\plugins\mcufinder//mcu/
2025-08-26 12:58:16,347 [INFO] CrossReferenceDbSqlite:203 - Set database path to: C:\Users\wh310\.stmcufinder\plugins\mcufinder//mcu/cs/
2025-08-26 12:58:16,436 [INFO] RulesReader:64 - Compatibility file has been processed (317 Rules)
2025-08-26 12:58:16,509 [INFO] DbMcusXml:78 - Set database path to: C:\ST\STM32CubeIDE_1.18.1\STM32CubeIDE\plugins\com.st.stm32cube.common.mx_6.15.0.202507011659\\db\/mcu/
2025-08-26 12:58:16,510 [INFO] ApiDb:274 - Set plugin database path to: C:\ST\STM32CubeIDE_1.18.1\STM32CubeIDE\plugins\com.st.stm32cube.common.mx_6.15.0.202507011659\\db\/plugins/boardmanager/
2025-08-26 12:58:16,510 [INFO] ApiDb:261 - Set plugin images path to: C:\ST\STM32CubeIDE_1.18.1\STM32CubeIDE\plugins\com.st.stm32cube.common.mx_6.15.0.202507011659\\db\/plugins/mcufinder/images/
2025-08-26 12:58:16,510 [WARN] DbFile:41 - Overriding database path with different value: C:\Users\wh310\.stmcufinder\plugins\mcufinder/ => C:\Users\wh310\.stmcufinder\plugins\mcufinder
2025-08-26 12:58:16,510 [INFO] ApiDb:250 - Set database path to: C:\Users\wh310\.stmcufinder\plugins\mcufinder//mcu/
2025-08-26 12:58:16,510 [WARN] DbFile:41 - Overriding database path with different value: C:\Users\wh310\.stmcufinder\plugins\mcufinder/ => C:\Users\wh310\.stmcufinder\plugins\mcufinder
2025-08-26 12:58:16,510 [INFO] DbMcusAds:125 - Set database path to: C:\Users\wh310\.stmcufinder\plugins\mcufinder//mcu/
2025-08-26 12:58:16,510 [WARN] DbFile:41 - Overriding database path with different value: C:\Users\wh310\.stmcufinder\plugins\mcufinder/ => C:\Users\wh310\.stmcufinder\plugins\mcufinder
2025-08-26 12:58:16,510 [WARN] DbFile:41 - Overriding database path with different value: C:\Users\wh310\.stmcufinder\plugins\mcufinder/ => C:\Users\wh310\.stmcufinder\plugins\mcufinder
2025-08-26 12:58:16,510 [INFO] CrossReferenceDbSqlite:203 - Set database path to: C:\Users\wh310\.stmcufinder\plugins\mcufinder//mcu/cs/
2025-08-26 12:58:16,571 [INFO] MainPanel:274 - HeapMemory: 268435456
2025-08-26 12:58:16,656 [INFO] DbMcusXml:78 - Set database path to: C:\ST\STM32CubeIDE_1.18.1\STM32CubeIDE\plugins\com.st.stm32cube.common.mx_6.15.0.202507011659\\db\/mcu/
2025-08-26 12:58:16,657 [INFO] ApiDb:274 - Set plugin database path to: C:\ST\STM32CubeIDE_1.18.1\STM32CubeIDE\plugins\com.st.stm32cube.common.mx_6.15.0.202507011659\\db\/plugins/boardmanager/
2025-08-26 12:58:16,657 [INFO] ApiDb:261 - Set plugin images path to: C:\ST\STM32CubeIDE_1.18.1\STM32CubeIDE\plugins\com.st.stm32cube.common.mx_6.15.0.202507011659\\db\/plugins/mcufinder/images/
2025-08-26 12:58:16,657 [WARN] DbFile:41 - Overriding database path with different value: C:\Users\wh310\.stmcufinder\plugins\mcufinder/ => C:\Users\wh310\.stmcufinder\plugins\mcufinder
2025-08-26 12:58:16,657 [INFO] ApiDb:250 - Set database path to: C:\Users\wh310\.stmcufinder\plugins\mcufinder//mcu/
2025-08-26 12:58:16,657 [WARN] DbFile:41 - Overriding database path with different value: C:\Users\wh310\.stmcufinder\plugins\mcufinder/ => C:\Users\wh310\.stmcufinder\plugins\mcufinder
2025-08-26 12:58:16,657 [INFO] DbMcusAds:125 - Set database path to: C:\Users\wh310\.stmcufinder\plugins\mcufinder//mcu/
2025-08-26 12:58:16,657 [WARN] DbFile:41 - Overriding database path with different value: C:\Users\wh310\.stmcufinder\plugins\mcufinder/ => C:\Users\wh310\.stmcufinder\plugins\mcufinder
2025-08-26 12:58:16,658 [WARN] DbFile:41 - Overriding database path with different value: C:\Users\wh310\.stmcufinder\plugins\mcufinder/ => C:\Users\wh310\.stmcufinder\plugins\mcufinder
2025-08-26 12:58:16,658 [INFO] CrossReferenceDbSqlite:203 - Set database path to: C:\Users\wh310\.stmcufinder\plugins\mcufinder//mcu/cs/
2025-08-26 12:58:16,674 [INFO] ApplicationProperties:184 - Using Application install path: C:\ST\STM32CubeIDE_1.18.1\STM32CubeIDE\plugins\com.st.stm32cube.common.mx_6.15.0.202507011659
2025-08-26 12:58:16,675 [INFO] PluginManage:196 - Search for loadable plugins [exclusion list=, ]
2025-08-26 12:58:16,676 [INFO] PluginManage:310 - Check plugin analytics
2025-08-26 12:58:16,803 [INFO] AnalyticsPlugin:253 - Accepted Software Licenses: STM32CubeMX.6.14.1,STM32CubeMX.6.15.0
2025-08-26 12:58:16,804 [INFO] AnalyticsPlugin:255 - Accepted CMSIS Pack Licenses: 
2025-08-26 12:58:16,804 [INFO] AnalyticsPlugin:257 - Accepted Firmware Licenses: FW.C0.1.0.0
2025-08-26 12:58:16,806 [INFO] PluginManage:359 - Loaded plugin analytics (category:tool,tabindex:-1)
2025-08-26 12:58:16,806 [INFO] PluginManage:310 - Check plugin cadmodel
2025-08-26 12:58:16,809 [INFO] CADModel:105 - Init CAD model plugin
2025-08-26 12:58:16,810 [INFO] PluginManage:359 - Loaded plugin cadmodel (category:power,tabindex:5)
2025-08-26 12:58:16,810 [INFO] PluginManage:310 - Check plugin clock
2025-08-26 12:58:16,817 [INFO] PluginManage:359 - Loaded plugin clock (category:base,tabindex:2)
2025-08-26 12:58:16,817 [INFO] PluginManage:310 - Check plugin ddr
2025-08-26 12:58:16,818 [INFO] PluginManage:359 - Loaded plugin ddr (category:tool,tabindex:6)
2025-08-26 12:58:16,819 [INFO] PluginManage:310 - Check plugin filemanager
2025-08-26 12:58:16,927 [INFO] PluginManage:359 - Loaded plugin filemanager (category:base,tabindex:10)
2025-08-26 12:58:16,928 [INFO] PluginManage:310 - Check plugin ipmanager
2025-08-26 12:58:16,933 [INFO] PluginManage:359 - Loaded plugin ipmanager (category:base,tabindex:5)
2025-08-26 12:58:16,933 [INFO] PluginManage:310 - Check plugin lpbam
2025-08-26 12:58:16,940 [INFO] PluginManage:359 - Loaded plugin lpbam (category:base,tabindex:0)
2025-08-26 12:58:16,940 [INFO] PluginManage:310 - Check plugin memorymap
2025-08-26 12:58:16,950 [INFO] PluginManage:359 - Loaded plugin memorymap (category:base,tabindex:4)
2025-08-26 12:58:16,950 [INFO] PluginManage:310 - Check plugin pinoutandconfiguration
2025-08-26 12:58:16,956 [INFO] PluginManage:359 - Loaded plugin pinoutandconfiguration (category:base,tabindex:1)
2025-08-26 12:58:16,956 [INFO] PluginManage:310 - Check plugin pinoutconfig
2025-08-26 12:58:17,027 [WARN] SupportedApi:132 - Cannot load RTOS API schema: s4s-elt-must-match.1: The content of 'definitions' must match (annotation?, (simpleType | complexType)?, (unique | key | keyref)*)). A problem was found starting at: attribute.
2025-08-26 12:58:17,124 [INFO] PluginManage:359 - Loaded plugin pinoutconfig (category:base,tabindex:0)
2025-08-26 12:58:17,124 [INFO] PluginManage:310 - Check plugin power
2025-08-26 12:58:17,132 [INFO] PluginManage:359 - Loaded plugin power (category:power,tabindex:4)
2025-08-26 12:58:17,132 [INFO] PluginManage:310 - Check plugin projectmanager
2025-08-26 12:58:17,143 [INFO] PluginManage:359 - Loaded plugin projectmanager (category:projectmanager,tabindex:4)
2025-08-26 12:58:17,143 [INFO] PluginManage:310 - Check plugin rif
2025-08-26 12:58:17,149 [INFO] PluginManage:359 - Loaded plugin rif (category:base,tabindex:3)
2025-08-26 12:58:17,149 [INFO] PluginManage:310 - Check plugin thirdparty
2025-08-26 12:58:17,254 [INFO] PluginManage:359 - Loaded plugin thirdparty (category:base,tabindex:-1)
2025-08-26 12:58:17,254 [WARN] IntegrityCheckThread:84 - waiting for thirdparty lock release [integrity check]
2025-08-26 12:58:17,255 [INFO] IntegrityCheckThread:86 - entering critical section [integrity check]
2025-08-26 12:58:17,255 [INFO] PluginManage:310 - Check plugin tools
2025-08-26 12:58:17,255 [INFO] ThirdPartyUpdaterWithRetryManager:70 - Updater plugin not ready yet. [1/15]
2025-08-26 12:58:17,256 [INFO] PluginManage:359 - Loaded plugin tools (category:base,tabindex:7)
2025-08-26 12:58:17,256 [INFO] PluginManage:310 - Check plugin tutovideos
2025-08-26 12:58:17,405 [INFO] PluginManage:359 - Loaded plugin tutovideos (category:base,tabindex:-1)
2025-08-26 12:58:17,405 [INFO] PluginManage:310 - Check plugin updater
2025-08-26 12:58:17,423 [INFO] PluginManage:359 - Loaded plugin updater (category:base,tabindex:12)
2025-08-26 12:58:17,423 [INFO] PluginManage:310 - Check plugin userauth
2025-08-26 12:58:17,426 [INFO] UserAuth:118 - Init User Auth plugin
2025-08-26 12:58:17,426 [INFO] PluginManage:359 - Loaded plugin userauth (category:base,tabindex:14)
2025-08-26 12:58:17,426 [INFO] PluginManage:283 - PluginManage : Loaded plugins [18]
2025-08-26 12:58:17,578 [INFO] PinOutPanel:1589 - setPackage(No Configuration,No Configuration)
2025-08-26 12:58:17,645 [INFO] CADModel:165 - CPN selected for project level
2025-08-26 12:58:17,645 [INFO] CADModel:114 - Register for checkConnection events
2025-08-26 12:58:17,658 [INFO] IPUIPlugin:80 - create IPUIPlugin
2025-08-26 12:58:17,659 [INFO] PluginManager:220 - loadIPPluginJar : add adc
2025-08-26 12:58:17,661 [INFO] IPUIPlugin:80 - create IPUIPlugin
2025-08-26 12:58:17,661 [INFO] PluginManager:220 - loadIPPluginJar : add aes
2025-08-26 12:58:17,663 [INFO] IPUIPlugin:80 - create IPUIPlugin
2025-08-26 12:58:17,663 [INFO] PluginManager:220 - loadIPPluginJar : add can
2025-08-26 12:58:17,664 [INFO] IPUIPlugin:80 - create IPUIPlugin
2025-08-26 12:58:17,664 [INFO] PluginManager:220 - loadIPPluginJar : add comp
2025-08-26 12:58:17,665 [INFO] IPUIPlugin:80 - create IPUIPlugin
2025-08-26 12:58:17,666 [INFO] PluginManager:220 - loadIPPluginJar : add cryp
2025-08-26 12:58:17,668 [INFO] IPUIPlugin:80 - create IPUIPlugin
2025-08-26 12:58:17,668 [INFO] PluginManager:220 - loadIPPluginJar : add ddr_ctrl_phy
2025-08-26 12:58:17,670 [INFO] IPUIPlugin:80 - create IPUIPlugin
2025-08-26 12:58:17,670 [INFO] PluginManager:220 - loadIPPluginJar : add dfsdm
2025-08-26 12:58:17,674 [INFO] IPUIPlugin:80 - create IPUIPlugin
2025-08-26 12:58:17,674 [INFO] PluginManager:220 - loadIPPluginJar : add dma
2025-08-26 12:58:17,676 [INFO] IPUIPlugin:80 - create IPUIPlugin
2025-08-26 12:58:17,676 [INFO] PluginManager:220 - loadIPPluginJar : add dma3
2025-08-26 12:58:17,678 [INFO] IPUIPlugin:80 - create IPUIPlugin
2025-08-26 12:58:17,678 [INFO] PluginManager:220 - loadIPPluginJar : add extmemmanager
2025-08-26 12:58:17,679 [INFO] IPUIPlugin:80 - create IPUIPlugin
2025-08-26 12:58:17,679 [INFO] PluginManager:220 - loadIPPluginJar : add fatfs
2025-08-26 12:58:17,683 [INFO] IPUIPlugin:80 - create IPUIPlugin
2025-08-26 12:58:17,683 [INFO] PluginManager:220 - loadIPPluginJar : add fmc
2025-08-26 12:58:17,687 [INFO] IPUIPlugin:80 - create IPUIPlugin
2025-08-26 12:58:17,687 [INFO] PluginManager:220 - loadIPPluginJar : add freertos
2025-08-26 12:58:17,688 [INFO] IPUIPlugin:80 - create IPUIPlugin
2025-08-26 12:58:17,688 [INFO] PluginManager:220 - loadIPPluginJar : add genericplugin
2025-08-26 12:58:17,689 [INFO] IPUIPlugin:80 - create IPUIPlugin
2025-08-26 12:58:17,690 [INFO] PluginManager:220 - loadIPPluginJar : add gfxmmu
2025-08-26 12:58:17,693 [INFO] IPUIPlugin:80 - create IPUIPlugin
2025-08-26 12:58:17,693 [INFO] PluginManager:220 - loadIPPluginJar : add gic
2025-08-26 12:58:17,697 [INFO] IPUIPlugin:80 - create IPUIPlugin
2025-08-26 12:58:17,697 [INFO] PluginManager:220 - loadIPPluginJar : add gpio
2025-08-26 12:58:17,698 [INFO] IPUIPlugin:80 - create IPUIPlugin
2025-08-26 12:58:17,698 [INFO] PluginManager:220 - loadIPPluginJar : add gtzc
2025-08-26 12:58:17,700 [INFO] IPUIPlugin:80 - create IPUIPlugin
2025-08-26 12:58:17,700 [INFO] PluginManager:220 - loadIPPluginJar : add hash
2025-08-26 12:58:17,703 [INFO] IPUIPlugin:80 - create IPUIPlugin
2025-08-26 12:58:17,703 [INFO] PluginManager:220 - loadIPPluginJar : add i2c
2025-08-26 12:58:17,705 [INFO] IPUIPlugin:80 - create IPUIPlugin
2025-08-26 12:58:17,705 [INFO] PluginManager:220 - loadIPPluginJar : add i2s
2025-08-26 12:58:17,708 [INFO] IPUIPlugin:80 - create IPUIPlugin
2025-08-26 12:58:17,708 [INFO] PluginManager:220 - loadIPPluginJar : add i3c
2025-08-26 12:58:17,710 [INFO] IPUIPlugin:80 - create IPUIPlugin
2025-08-26 12:58:17,710 [INFO] PluginManager:220 - loadIPPluginJar : add ipddr
2025-08-26 12:58:17,715 [INFO] IPUIPlugin:80 - create IPUIPlugin
2025-08-26 12:58:17,715 [INFO] PluginManager:220 - loadIPPluginJar : add linkedlist
2025-08-26 12:58:17,717 [INFO] IPUIPlugin:80 - create IPUIPlugin
2025-08-26 12:58:17,717 [INFO] PluginManager:220 - loadIPPluginJar : add lorawan
2025-08-26 12:58:17,719 [INFO] IPUIPlugin:80 - create IPUIPlugin
2025-08-26 12:58:17,719 [INFO] PluginManager:220 - loadIPPluginJar : add ltdc
2025-08-26 12:58:17,723 [INFO] IPUIPlugin:80 - create IPUIPlugin
2025-08-26 12:58:17,723 [INFO] PluginManager:220 - loadIPPluginJar : add mdma
2025-08-26 12:58:17,726 [INFO] IPUIPlugin:80 - create IPUIPlugin
2025-08-26 12:58:17,726 [INFO] PluginManager:220 - loadIPPluginJar : add nvic
2025-08-26 12:58:17,727 [INFO] IPUIPlugin:80 - create IPUIPlugin
2025-08-26 12:58:17,727 [INFO] PluginManager:220 - loadIPPluginJar : add opamp
2025-08-26 12:58:17,730 [INFO] IPUIPlugin:80 - create IPUIPlugin
2025-08-26 12:58:17,730 [INFO] PluginManager:220 - loadIPPluginJar : add openamp
2025-08-26 12:58:17,732 [INFO] IPUIPlugin:80 - create IPUIPlugin
2025-08-26 12:58:17,732 [INFO] PluginManager:220 - loadIPPluginJar : add pdm2pcm
2025-08-26 12:58:17,737 [INFO] IPUIPlugin:80 - create IPUIPlugin
2025-08-26 12:58:17,739 [INFO] PluginManager:220 - loadIPPluginJar : add plateformsettings
2025-08-26 12:58:17,740 [INFO] IPUIPlugin:80 - create IPUIPlugin
2025-08-26 12:58:17,740 [INFO] PluginManager:220 - loadIPPluginJar : add quadspi
2025-08-26 12:58:17,742 [INFO] IPUIPlugin:80 - create IPUIPlugin
2025-08-26 12:58:17,743 [INFO] PluginManager:220 - loadIPPluginJar : add radio
2025-08-26 12:58:17,745 [INFO] IPUIPlugin:80 - create IPUIPlugin
2025-08-26 12:58:17,745 [INFO] PluginManager:220 - loadIPPluginJar : add resmgrutility
2025-08-26 12:58:17,747 [INFO] IPUIPlugin:80 - create IPUIPlugin
2025-08-26 12:58:17,747 [INFO] PluginManager:220 - loadIPPluginJar : add sai
2025-08-26 12:58:17,749 [INFO] IPUIPlugin:80 - create IPUIPlugin
2025-08-26 12:58:17,749 [INFO] PluginManager:220 - loadIPPluginJar : add spi
2025-08-26 12:58:17,753 [INFO] IPUIPlugin:80 - create IPUIPlugin
2025-08-26 12:58:17,753 [INFO] PluginManager:220 - loadIPPluginJar : add stm32_wpan
2025-08-26 12:58:17,754 [INFO] IPUIPlugin:80 - create IPUIPlugin
2025-08-26 12:58:17,754 [INFO] PluginManager:220 - loadIPPluginJar : add tim
2025-08-26 12:58:17,757 [INFO] IPUIPlugin:80 - create IPUIPlugin
2025-08-26 12:58:17,757 [INFO] PluginManager:220 - loadIPPluginJar : add touchsensing
2025-08-26 12:58:17,758 [INFO] IPUIPlugin:80 - create IPUIPlugin
2025-08-26 12:58:17,759 [INFO] PluginManager:220 - loadIPPluginJar : add tracer_emb
2025-08-26 12:58:17,760 [INFO] IPUIPlugin:80 - create IPUIPlugin
2025-08-26 12:58:17,760 [INFO] PluginManager:220 - loadIPPluginJar : add ts
2025-08-26 12:58:17,762 [INFO] IPUIPlugin:80 - create IPUIPlugin
2025-08-26 12:58:17,762 [INFO] PluginManager:220 - loadIPPluginJar : add tsc
2025-08-26 12:58:17,763 [INFO] IPUIPlugin:80 - create IPUIPlugin
2025-08-26 12:58:17,763 [INFO] PluginManager:220 - loadIPPluginJar : add ucpd
2025-08-26 12:58:17,765 [INFO] IPUIPlugin:80 - create IPUIPlugin
2025-08-26 12:58:17,765 [INFO] PluginManager:220 - loadIPPluginJar : add usart
2025-08-26 12:58:17,767 [INFO] IPUIPlugin:80 - create IPUIPlugin
2025-08-26 12:58:17,767 [INFO] PluginManager:220 - loadIPPluginJar : add usbx
2025-08-26 12:58:17,881 [FATAL] Updater:351 - Updater called before beeing initialized
2025-08-26 12:58:17,902 [INFO] RulesReader:64 - Compatibility file has been processed (317 Rules)
2025-08-26 12:58:17,909 [INFO] RulesReader:64 - Compatibility file has been processed (317 Rules)
2025-08-26 12:58:17,914 [INFO] CADModel:165 - CPN selected for project level
2025-08-26 12:58:17,914 [INFO] CADModel:114 - Register for checkConnection events
2025-08-26 12:58:17,914 [FATAL] Updater:351 - Updater called before beeing initialized
2025-08-26 12:58:17,914 [ERROR] CADModel:125 - Updater not yet initialized, retry later 
2025-08-26 12:58:18,022 [FATAL] Updater:351 - Updater called before beeing initialized
2025-08-26 12:58:18,023 [INFO] CADModel:165 - CPN selected for project level
2025-08-26 12:58:18,023 [INFO] CADModel:114 - Register for checkConnection events
2025-08-26 12:58:18,023 [FATAL] Updater:351 - Updater called before beeing initialized
2025-08-26 12:58:18,023 [ERROR] CADModel:125 - Updater not yet initialized, retry later 
2025-08-26 12:58:18,025 [FATAL] Updater:351 - Updater called before beeing initialized
2025-08-26 12:58:18,104 [FATAL] Updater:351 - Updater called before beeing initialized
2025-08-26 12:58:18,107 [INFO] DbMcusAds:53 - JSON generation date=Tue Jul 08 17:14:23 KST 2025 (1751962463593)
2025-08-26 12:58:18,107 [FATAL] Updater:351 - Updater called before beeing initialized
2025-08-26 12:58:18,139 [WARN] DetailPanel:346 - Failed to get advertising image, set to default
2025-08-26 12:58:18,218 [FATAL] Updater:351 - Updater called before beeing initialized
2025-08-26 12:58:18,220 [FATAL] Updater:351 - Updater called before beeing initialized
2025-08-26 12:58:18,220 [FATAL] Updater:351 - Updater called before beeing initialized
2025-08-26 12:58:18,220 [WARN] DetailPanel:346 - Failed to get advertising image, set to default
2025-08-26 12:58:18,220 [FATAL] Updater:351 - Updater called before beeing initialized
2025-08-26 12:58:18,255 [ERROR] Updater:1198 - MainUpdater not yet initialized. External WinMGr cannot be set.
2025-08-26 12:58:18,256 [INFO] Updater:1134 - Updater Version found : 6.15.0
2025-08-26 12:58:18,270 [INFO] ApplicationProperties:184 - Using Application install path: C:\ST\STM32CubeIDE_1.18.1\STM32CubeIDE\plugins\com.st.stm32cube.common.mx_6.15.0.202507011659
2025-08-26 12:58:19,843 [ERROR] LogOutputStream:75 - [STDERR_REDIRECT] Aug 26, 2025 12:58:19 PM java.util.prefs.WindowsPreferences <init>
2025-08-26 12:58:19,844 [ERROR] LogOutputStream:75 - [STDERR_REDIRECT] WARNING: Could not open/create prefs root node Software\JavaSoft\Prefs at root 0xffffffff80000002. Windows RegCreateKeyEx(...) returned error code 5.
2025-08-26 12:58:19,844 [ERROR] LogOutputStream:75 - [STDERR_REDIRECT] 
2025-08-26 12:58:20,256 [INFO] ThirdPartyUpdaterWithRetryManager:70 - Updater plugin not ready yet. [2/15]
2025-08-26 12:58:20,376 [INFO] MainUpdater:2872 - connection check result : 10
2025-08-26 12:58:20,376 [INFO] MainUpdater:289 - Updater Check For Update Now.
2025-08-26 12:58:20,376 [INFO] MicroXplorer:498 - Change Database Version : DB.6.0.150
2025-08-26 12:58:20,381 [INFO] McuFinderGlobals:63 - Set McuFinder mode to 2 (CubeIDE integrated)
2025-08-26 12:58:20,381 [INFO] UserAuth:487 - Internet connection configuration mode: 1
2025-08-26 12:58:20,396 [INFO] JxBrowserEngine:152 - Initiate JxBrowser Engine with user profile folder
2025-08-26 12:58:20,539 [INFO] CheckServerUpdateThread:120 - End of CheckServer Thread
2025-08-26 12:58:21,312 [INFO] WebApp:169 - Instantiating new browser for Auth
2025-08-26 12:58:21,944 [INFO] WebApp:463 - Apply proxy settings
2025-08-26 12:58:21,944 [INFO] WebApp:548 - Chromium requires no authentication
2025-08-26 12:58:21,951 [INFO] WebApp:491 - Direct internet connection detected
2025-08-26 12:58:21,971 [INFO] WebApp:900 - Register for checkConnection events
2025-08-26 12:58:21,971 [INFO] WebApp:463 - Apply proxy settings
2025-08-26 12:58:21,971 [INFO] WebApp:548 - Chromium requires no authentication
2025-08-26 12:58:21,972 [INFO] WebApp:491 - Direct internet connection detected
2025-08-26 12:58:22,109 [INFO] WebApp:225 - Starting web application
2025-08-26 12:58:22,109 [INFO] WebApp:593 - Web application path used C:\ST\STM32CubeIDE_1.18.1\STM32CubeIDE\plugins\com.st.stm32cube.common.mx_6.15.0.202507011659\db\plugins\mcufinder\reactClient1\index.html
2025-08-26 12:58:22,242 [INFO] UserAuth:487 - Internet connection configuration mode: 1
2025-08-26 12:58:22,282 [INFO] WebApp:191 - Connection restablished
2025-08-26 12:58:23,517 [WARN] PackLoader:240 - Cannot read IP mode file for STMicroelectronics.FP-SNS-MOTENVWB1.1.4.0
2025-08-26 12:58:23,525 [WARN] PackLoader:240 - Cannot read IP mode file for STMicroelectronics.FP-ATR-ASTRA1.2.0.2
2025-08-26 12:58:23,532 [WARN] PackLoader:240 - Cannot read IP mode file for STMicroelectronics.X-CUBE-SMBUS.2.1.0
2025-08-26 12:58:23,536 [WARN] PackLoader:240 - Cannot read IP mode file for STMicroelectronics.X-CUBE-ST60.1.0.0
2025-08-26 12:58:23,574 [WARN] PackLoader:240 - Cannot read IP mode file for STMicroelectronics.X-CUBE-AZRTOS-F7.1.1.0
2025-08-26 12:58:23,603 [WARN] PackLoader:240 - Cannot read IP mode file for Infineon.AIROC-Wi-Fi-Bluetooth-STM32.1.7.0
2025-08-26 12:58:23,652 [WARN] PackLoader:240 - Cannot read IP mode file for STMicroelectronics.X-CUBE-AZRTOS-H7.3.4.0
2025-08-26 12:58:23,669 [WARN] PackLoader:240 - Cannot read IP mode file for STMicroelectronics.X-CUBE-DISPLAY.3.0.0
2025-08-26 12:58:23,682 [WARN] PackLoader:240 - Cannot read IP mode file for STMicroelectronics.X-CUBE-NFC10.1.0.0
2025-08-26 12:58:23,691 [WARN] PackLoader:240 - Cannot read IP mode file for STMicroelectronics.X-CUBE-BLEMGR.4.0.0
2025-08-26 12:58:23,698 [WARN] PackLoader:240 - Cannot read IP mode file for emotas.I-CUBE-CANOPEN.1.3.0
2025-08-26 12:58:23,705 [WARN] ConditionMgr:438 - getConditionDescription Invalid condition id : Cortex-A Device cause : null
2025-08-26 12:58:23,736 [WARN] ConditionMgr:1044 - genDependencies : Invalid condition id : Cortex-A Device cause : null
2025-08-26 12:58:23,737 [WARN] ConditionMgr:1044 - genDependencies : Invalid condition id : Cortex-A Device cause : null
2025-08-26 12:58:23,737 [WARN] ConditionMgr:1044 - genDependencies : Invalid condition id : Cortex-A Device cause : null
2025-08-26 12:58:23,742 [WARN] PackLoader:240 - Cannot read IP mode file for STMicroelectronics.X-CUBE-AI.10.0.0
2025-08-26 12:58:23,750 [WARN] PackLoader:240 - Cannot read IP mode file for STMicroelectronics.FP-SNS-STBOX1.2.1.0
2025-08-26 12:58:23,759 [WARN] PackLoader:240 - Cannot read IP mode file for STMicroelectronics.FP-SNS-SMARTAG2.1.2.0
2025-08-26 12:58:23,764 [WARN] PackLoader:240 - Cannot read IP mode file for STMicroelectronics.FP-SNS-FLIGHT1.5.1.0
2025-08-26 12:58:23,773 [INFO] LogOutputStream:77 - [STDOUT_REDIRECT] 1 : Invalid condition id : UX_CORESTACK_Condition cause : null
2025-08-26 12:58:23,774 [INFO] LogOutputStream:77 - [STDOUT_REDIRECT] 1 : Invalid condition id : UX_CORESTACK_Condition cause : null
2025-08-26 12:58:23,776 [INFO] LogOutputStream:77 - [STDOUT_REDIRECT] 1 : Invalid condition id : UX_CORESTACK_Condition cause : null
2025-08-26 12:58:23,779 [INFO] LogOutputStream:77 - [STDOUT_REDIRECT] 1 : Invalid condition id : UX_CORESTACK_Condition cause : null
2025-08-26 12:58:23,780 [INFO] LogOutputStream:77 - [STDOUT_REDIRECT] 1 : Invalid condition id : UX_CORESTACK_Condition cause : null
2025-08-26 12:58:23,783 [WARN] PackLoader:240 - Cannot read IP mode file for STMicroelectronics.X-CUBE-AZRTOS-WL.2.0.0
2025-08-26 12:58:23,789 [WARN] PackLoader:240 - Cannot read IP mode file for STMicroelectronics.FP-SNS-MOTENV1.5.0.0
2025-08-26 12:58:23,796 [WARN] PackLoader:240 - Cannot read IP mode file for WES.I-CUBE-Cesium.1.3.0
2025-08-26 12:58:23,803 [WARN] PackLoader:240 - Cannot read IP mode file for STMicroelectronics.X-CUBE-BLE2.3.3.0
2025-08-26 12:58:23,810 [WARN] PackLoader:240 - Cannot read IP mode file for STMicroelectronics.X-CUBE-NFC9.1.0.0
2025-08-26 12:58:23,817 [WARN] PackLoader:240 - Cannot read IP mode file for STMicroelectronics.X-CUBE-BLE1.7.1.0
2025-08-26 12:58:23,824 [WARN] PackLoader:240 - Cannot read IP mode file for wolfSSL.I-CUBE-wolfMQTT.1.19.2
2025-08-26 12:58:23,831 [WARN] PackLoader:240 - Cannot read IP mode file for STMicroelectronics.X-CUBE-EEPRMA1.5.2.0
2025-08-26 12:58:23,836 [WARN] PackLoader:240 - Cannot read IP mode file for STMicroelectronics.X-CUBE-AI.10.1.0
2025-08-26 12:58:23,888 [WARN] PackLoader:240 - Cannot read IP mode file for STMicroelectronics.X-CUBE-MEMS1.11.2.0
2025-08-26 12:58:24,137 [WARN] PackLoader:240 - Cannot read IP mode file for STMicroelectronics.X-CUBE-AZRTOS-G0.1.1.0
2025-08-26 12:58:24,147 [WARN] PackLoader:240 - Cannot read IP mode file for STMicroelectronics.X-CUBE-SAFEA1.1.2.2
2025-08-26 12:58:24,155 [WARN] PackLoader:240 - Cannot read IP mode file for STMicroelectronics.X-CUBE-NFC4.3.0.0
2025-08-26 12:58:24,165 [WARN] PackLoader:240 - Cannot read IP mode file for EmbeddedOffice.I-CUBE-FS-RTOS.1.0.1
2025-08-26 12:58:24,170 [WARN] PackLoader:240 - Cannot read IP mode file for STMicroelectronics.X-CUBE-WB05N.2.0.0
2025-08-26 12:58:24,178 [WARN] PackLoader:240 - Cannot read IP mode file for wolfSSL.I-CUBE-wolfTPM.3.8.0
2025-08-26 12:58:24,187 [WARN] PackLoader:240 - Cannot read IP mode file for STMicroelectronics.X-CUBE-TCPP.4.2.0
2025-08-26 12:58:24,199 [WARN] PackLoader:240 - Cannot read IP mode file for RealThread.X-CUBE-RT-Thread_Nano.4.1.1
2025-08-26 12:58:24,204 [WARN] PackLoader:240 - Cannot read IP mode file for STMicroelectronics.FP-ATR-SIGFOX1.3.2.0
2025-08-26 12:58:24,211 [WARN] PackLoader:240 - Cannot read IP mode file for STMicroelectronics.X-CUBE-EEPRMA1.5.1.0
2025-08-26 12:58:24,218 [WARN] PackLoader:240 - Cannot read IP mode file for wolfSSL.I-CUBE-wolfSSL.5.7.6
2025-08-26 12:58:24,224 [WARN] PackLoader:240 - Cannot read IP mode file for ITTIA_DB.I-CUBE-ITTIADB.8.9.0
2025-08-26 12:58:24,234 [WARN] PackLoader:240 - Cannot read IP mode file for STMicroelectronics.X-CUBE-ST67W61.1.0.0
2025-08-26 12:58:24,240 [WARN] PackLoader:240 - Cannot read IP mode file for STMicroelectronics.X-CUBE-AI.10.2.0
2025-08-26 12:58:24,262 [WARN] PackLoader:240 - Cannot read IP mode file for SEGGER.I-CUBE-embOS.1.3.1
2025-08-26 12:58:24,302 [WARN] PackLoader:240 - Cannot read IP mode file for STMicroelectronics.X-CUBE-ALGOBUILD.1.4.0
2025-08-26 12:58:24,335 [WARN] PackLoader:240 - Cannot read IP mode file for STMicroelectronics.X-CUBE-MEMS1.11.3.0
2025-08-26 12:58:24,430 [WARN] PackLoader:240 - Cannot read IP mode file for STMicroelectronics.X-CUBE-PM33A1.1.0.0
2025-08-26 12:58:24,445 [WARN] PackLoader:240 - Cannot read IP mode file for STMicroelectronics.X-CUBE-AZRTOS-F4.1.1.0
2025-08-26 12:58:24,452 [WARN] PackLoader:240 - Cannot read IP mode file for Avnet-IotConnect.X-CUBE-IoTC-DA16k-PMOD.1.0.0
2025-08-26 12:58:24,477 [WARN] PackLoader:240 - Cannot read IP mode file for STMicroelectronics.X-CUBE-ISPU.2.1.0
2025-08-26 12:58:24,485 [WARN] PackLoader:240 - Cannot read IP mode file for STMicroelectronics.X-CUBE-NFC12.1.0.0
2025-08-26 12:58:24,500 [WARN] PackLoader:240 - Cannot read IP mode file for STMicroelectronics.X-CUBE-AZRTOS-L5.2.0.0
2025-08-26 12:58:24,522 [WARN] PackLoader:240 - Cannot read IP mode file for STMicroelectronics.X-CUBE-NFC6.3.1.0
2025-08-26 12:58:24,530 [WARN] PackLoader:240 - Cannot read IP mode file for STMicroelectronics.X-CUBE-FREERTOS.1.3.1
2025-08-26 12:58:24,533 [WARN] PackLoader:240 - Cannot read IP mode file for STMicroelectronics.X-CUBE-FREERTOS.1.3.0
2025-08-26 12:58:24,537 [WARN] PackLoader:240 - Cannot read IP mode file for STMicroelectronics.FP-SNS-STAIOTCFT.1.0.0
2025-08-26 12:58:24,545 [WARN] PackLoader:240 - Cannot read IP mode file for STMicroelectronics.X-CUBE-DPower.1.3.0
2025-08-26 12:58:24,560 [WARN] ConditionMgr:438 - getConditionDescription Invalid condition id : LAN8742 Phy interface Condition cause : null
2025-08-26 12:58:24,560 [WARN] PackLoader:240 - Cannot read IP mode file for STMicroelectronics.X-CUBE-AZRTOS-L4.2.0.0
2025-08-26 12:58:24,562 [WARN] ConditionMgr:1044 - genDependencies : Invalid condition id : LAN8742 Phy interface Condition cause : null
2025-08-26 12:58:24,562 [WARN] ConditionMgr:1044 - genDependencies : Invalid condition id : LAN8742 Phy interface Condition cause : null
2025-08-26 12:58:24,562 [WARN] ConditionMgr:1044 - genDependencies : Invalid condition id : LAN8742 Phy interface Condition cause : null
2025-08-26 12:58:24,569 [WARN] PackLoader:240 - Cannot read IP mode file for STMicroelectronics.X-CUBE-SFXS2LP1.4.0.0
2025-08-26 12:58:24,593 [WARN] PackLoader:240 - Cannot read IP mode file for STMicroelectronics.X-CUBE-AZRTOS-H7.3.3.0
2025-08-26 12:58:24,602 [WARN] PackLoader:240 - Cannot read IP mode file for STMicroelectronics.X-CUBE-BLEMGR.4.1.0
2025-08-26 12:58:24,619 [WARN] ConditionMgr:438 - getConditionDescription Invalid condition id : UX DEVICE CLASS RTOS Condition cause : null
2025-08-26 12:58:24,619 [WARN] ConditionMgr:438 - getConditionDescription Invalid condition id : UX DEVICE CLASS RTOS Condition cause : null
2025-08-26 12:58:24,620 [WARN] PackLoader:240 - Cannot read IP mode file for STMicroelectronics.X-CUBE-AZRTOS-WB.2.0.0
2025-08-26 12:58:24,622 [WARN] ConditionMgr:1044 - genDependencies : Invalid condition id : UX DEVICE CLASS RTOS Condition cause : null
2025-08-26 12:58:24,622 [WARN] ConditionMgr:1044 - genDependencies : Invalid condition id : UX DEVICE CLASS RTOS Condition cause : null
2025-08-26 12:58:24,622 [WARN] ConditionMgr:1044 - genDependencies : Invalid condition id : UX DEVICE CLASS RTOS Condition cause : null
2025-08-26 12:58:24,622 [WARN] ConditionMgr:1044 - genDependencies : Invalid condition id : UX DEVICE CLASS RTOS Condition cause : null
2025-08-26 12:58:24,622 [WARN] ConditionMgr:1044 - genDependencies : Invalid condition id : UX DEVICE CLASS RTOS Condition cause : null
2025-08-26 12:58:24,628 [WARN] PackLoader:240 - Cannot read IP mode file for STMicroelectronics.X-CUBE-GNSS1.7.0.1
2025-08-26 12:58:24,639 [WARN] PackLoader:240 - Cannot read IP mode file for STMicroelectronics.X-CUBE-TOUCHGFX.4.25.0
2025-08-26 12:58:24,645 [WARN] PackLoader:240 - Cannot read IP mode file for STMicroelectronics.FP-SNS-STBOX1.2.0.0
2025-08-26 12:58:24,658 [WARN] PackLoader:240 - Cannot read IP mode file for STMicroelectronics.X-CUBE-SUBG2.5.0.0
2025-08-26 12:58:24,674 [WARN] PackLoader:240 - Cannot read IP mode file for STMicroelectronics.X-CUBE-AZRTOS-H7RS.1.1.0
2025-08-26 12:58:24,683 [WARN] PackLoader:240 - Cannot read IP mode file for Cesanta.I-CUBE-Mongoose.7.13.0
2025-08-26 12:58:24,694 [WARN] PackLoader:240 - Cannot read IP mode file for STMicroelectronics.X-CUBE-AZRTOS-G4.2.0.0
2025-08-26 12:58:24,700 [WARN] PackLoader:240 - Cannot read IP mode file for wolfSSL.I-CUBE-wolfSSH.1.4.20
2025-08-26 12:58:24,705 [WARN] PackLoader:240 - Cannot read IP mode file for STMicroelectronics.X-CUBE-NFC7.2.0.0
2025-08-26 12:58:24,714 [WARN] PackLoader:240 - Cannot read IP mode file for STMicroelectronics.X-CUBE-IPS.3.1.0
2025-08-26 12:58:24,722 [WARN] PackLoader:240 - Cannot read IP mode file for STMicroelectronics.X-CUBE-ALS.1.0.2
2025-08-26 12:58:24,728 [WARN] PackLoader:240 - Cannot read IP mode file for portGmbH.I-Cube-SoM-uGOAL.1.1.0
2025-08-26 12:58:24,737 [WARN] PackLoader:240 - Cannot read IP mode file for STMicroelectronics.X-CUBE-TOF1.3.4.3
2025-08-26 12:58:24,745 [INFO] ThirdParty:978 - Integrity check success = true
2025-08-26 12:58:24,746 [INFO] IntegrityCheckThread:100 - exiting critical section [integrity check]
2025-08-26 12:58:24,746 [INFO] IntegrityCheckThread:103 - End integrity checks thread
2025-08-26 13:10:27,807 [ERROR] LogOutputStream:75 - [STDERR_REDIRECT] 
2025-08-26 13:10:34,173 [INFO] Activator:176 - 


2025-08-26 13:10:34,174 [INFO] Activator:177 - !SESSION log4j initialized
2025-08-26 13:10:37,497 [INFO] LogOutputStream:77 - [STDOUT_REDIRECT] 
2025-08-26 13:10:38,648 [INFO] ApplicationProperties:184 - Using Application install path: C:\ST\STM32CubeIDE_1.18.1\STM32CubeIDE\plugins\com.st.stm32cube.common.mx_6.15.0.202507011659
2025-08-26 13:10:38,658 [INFO] DbMcusXml:78 - Set database path to: C:\ST\STM32CubeIDE_1.18.1\STM32CubeIDE\plugins\com.st.stm32cube.common.mx_6.15.0.202507011659\\db\/mcu/
2025-08-26 13:10:38,658 [INFO] ApiDb:274 - Set plugin database path to: C:\ST\STM32CubeIDE_1.18.1\STM32CubeIDE\plugins\com.st.stm32cube.common.mx_6.15.0.202507011659\\db\/plugins/boardmanager/
2025-08-26 13:10:38,658 [WARN] ApiDb:259 - Overriding images path with different value:  => C:\ST\STM32CubeIDE_1.18.1\STM32CubeIDE\plugins\com.st.stm32cube.common.mx_6.15.0.202507011659\\db\/plugins/mcufinder/images/
2025-08-26 13:10:38,662 [INFO] ApiDb:250 - Set database path to: C:\Users\wh310\.stmcufinder\plugins\mcufinder//mcu/
2025-08-26 13:10:38,662 [INFO] DbMcusAds:125 - Set database path to: C:\Users\wh310\.stmcufinder\plugins\mcufinder//mcu/
2025-08-26 13:10:38,663 [INFO] CrossReferenceDbSqlite:203 - Set database path to: C:\Users\wh310\.stmcufinder\plugins\mcufinder//mcu/cs/
2025-08-26 13:10:38,742 [INFO] RulesReader:64 - Compatibility file has been processed (317 Rules)
2025-08-26 13:10:38,804 [INFO] DbMcusXml:78 - Set database path to: C:\ST\STM32CubeIDE_1.18.1\STM32CubeIDE\plugins\com.st.stm32cube.common.mx_6.15.0.202507011659\\db\/mcu/
2025-08-26 13:10:38,804 [INFO] ApiDb:274 - Set plugin database path to: C:\ST\STM32CubeIDE_1.18.1\STM32CubeIDE\plugins\com.st.stm32cube.common.mx_6.15.0.202507011659\\db\/plugins/boardmanager/
2025-08-26 13:10:38,804 [INFO] ApiDb:261 - Set plugin images path to: C:\ST\STM32CubeIDE_1.18.1\STM32CubeIDE\plugins\com.st.stm32cube.common.mx_6.15.0.202507011659\\db\/plugins/mcufinder/images/
2025-08-26 13:10:38,804 [WARN] DbFile:41 - Overriding database path with different value: C:\Users\wh310\.stmcufinder\plugins\mcufinder/ => C:\Users\wh310\.stmcufinder\plugins\mcufinder
2025-08-26 13:10:38,804 [INFO] ApiDb:250 - Set database path to: C:\Users\wh310\.stmcufinder\plugins\mcufinder//mcu/
2025-08-26 13:10:38,804 [WARN] DbFile:41 - Overriding database path with different value: C:\Users\wh310\.stmcufinder\plugins\mcufinder/ => C:\Users\wh310\.stmcufinder\plugins\mcufinder
2025-08-26 13:10:38,804 [INFO] DbMcusAds:125 - Set database path to: C:\Users\wh310\.stmcufinder\plugins\mcufinder//mcu/
2025-08-26 13:10:38,804 [WARN] DbFile:41 - Overriding database path with different value: C:\Users\wh310\.stmcufinder\plugins\mcufinder/ => C:\Users\wh310\.stmcufinder\plugins\mcufinder
2025-08-26 13:10:38,804 [WARN] DbFile:41 - Overriding database path with different value: C:\Users\wh310\.stmcufinder\plugins\mcufinder/ => C:\Users\wh310\.stmcufinder\plugins\mcufinder
2025-08-26 13:10:38,804 [INFO] CrossReferenceDbSqlite:203 - Set database path to: C:\Users\wh310\.stmcufinder\plugins\mcufinder//mcu/cs/
2025-08-26 13:10:38,850 [INFO] MainPanel:274 - HeapMemory: 268435456
2025-08-26 13:10:38,909 [INFO] DbMcusXml:78 - Set database path to: C:\ST\STM32CubeIDE_1.18.1\STM32CubeIDE\plugins\com.st.stm32cube.common.mx_6.15.0.202507011659\\db\/mcu/
2025-08-26 13:10:38,909 [INFO] ApiDb:274 - Set plugin database path to: C:\ST\STM32CubeIDE_1.18.1\STM32CubeIDE\plugins\com.st.stm32cube.common.mx_6.15.0.202507011659\\db\/plugins/boardmanager/
2025-08-26 13:10:38,909 [INFO] ApiDb:261 - Set plugin images path to: C:\ST\STM32CubeIDE_1.18.1\STM32CubeIDE\plugins\com.st.stm32cube.common.mx_6.15.0.202507011659\\db\/plugins/mcufinder/images/
2025-08-26 13:10:38,909 [WARN] DbFile:41 - Overriding database path with different value: C:\Users\wh310\.stmcufinder\plugins\mcufinder/ => C:\Users\wh310\.stmcufinder\plugins\mcufinder
2025-08-26 13:10:38,909 [INFO] ApiDb:250 - Set database path to: C:\Users\wh310\.stmcufinder\plugins\mcufinder//mcu/
2025-08-26 13:10:38,909 [WARN] DbFile:41 - Overriding database path with different value: C:\Users\wh310\.stmcufinder\plugins\mcufinder/ => C:\Users\wh310\.stmcufinder\plugins\mcufinder
2025-08-26 13:10:38,910 [INFO] DbMcusAds:125 - Set database path to: C:\Users\wh310\.stmcufinder\plugins\mcufinder//mcu/
2025-08-26 13:10:38,910 [WARN] DbFile:41 - Overriding database path with different value: C:\Users\wh310\.stmcufinder\plugins\mcufinder/ => C:\Users\wh310\.stmcufinder\plugins\mcufinder
2025-08-26 13:10:38,910 [WARN] DbFile:41 - Overriding database path with different value: C:\Users\wh310\.stmcufinder\plugins\mcufinder/ => C:\Users\wh310\.stmcufinder\plugins\mcufinder
2025-08-26 13:10:38,910 [INFO] CrossReferenceDbSqlite:203 - Set database path to: C:\Users\wh310\.stmcufinder\plugins\mcufinder//mcu/cs/
2025-08-26 13:10:38,924 [INFO] ApplicationProperties:184 - Using Application install path: C:\ST\STM32CubeIDE_1.18.1\STM32CubeIDE\plugins\com.st.stm32cube.common.mx_6.15.0.202507011659
2025-08-26 13:10:38,925 [INFO] PluginManage:196 - Search for loadable plugins [exclusion list=, ]
2025-08-26 13:10:38,926 [INFO] PluginManage:310 - Check plugin analytics
2025-08-26 13:10:39,045 [INFO] AnalyticsPlugin:253 - Accepted Software Licenses: STM32CubeMX.6.14.1,STM32CubeMX.6.15.0
2025-08-26 13:10:39,045 [INFO] AnalyticsPlugin:255 - Accepted CMSIS Pack Licenses: 
2025-08-26 13:10:39,046 [INFO] AnalyticsPlugin:257 - Accepted Firmware Licenses: FW.C0.1.0.0
2025-08-26 13:10:39,047 [INFO] PluginManage:359 - Loaded plugin analytics (category:tool,tabindex:-1)
2025-08-26 13:10:39,048 [INFO] PluginManage:310 - Check plugin cadmodel
2025-08-26 13:10:39,050 [INFO] CADModel:105 - Init CAD model plugin
2025-08-26 13:10:39,050 [INFO] PluginManage:359 - Loaded plugin cadmodel (category:power,tabindex:5)
2025-08-26 13:10:39,050 [INFO] PluginManage:310 - Check plugin clock
2025-08-26 13:10:39,056 [INFO] PluginManage:359 - Loaded plugin clock (category:base,tabindex:2)
2025-08-26 13:10:39,056 [INFO] PluginManage:310 - Check plugin ddr
2025-08-26 13:10:39,058 [INFO] PluginManage:359 - Loaded plugin ddr (category:tool,tabindex:6)
2025-08-26 13:10:39,058 [INFO] PluginManage:310 - Check plugin filemanager
2025-08-26 13:10:39,151 [INFO] PluginManage:359 - Loaded plugin filemanager (category:base,tabindex:10)
2025-08-26 13:10:39,151 [INFO] PluginManage:310 - Check plugin ipmanager
2025-08-26 13:10:39,156 [INFO] PluginManage:359 - Loaded plugin ipmanager (category:base,tabindex:5)
2025-08-26 13:10:39,157 [INFO] PluginManage:310 - Check plugin lpbam
2025-08-26 13:10:39,162 [INFO] PluginManage:359 - Loaded plugin lpbam (category:base,tabindex:0)
2025-08-26 13:10:39,162 [INFO] PluginManage:310 - Check plugin memorymap
2025-08-26 13:10:39,169 [INFO] PluginManage:359 - Loaded plugin memorymap (category:base,tabindex:4)
2025-08-26 13:10:39,169 [INFO] PluginManage:310 - Check plugin pinoutandconfiguration
2025-08-26 13:10:39,174 [INFO] PluginManage:359 - Loaded plugin pinoutandconfiguration (category:base,tabindex:1)
2025-08-26 13:10:39,174 [INFO] PluginManage:310 - Check plugin pinoutconfig
2025-08-26 13:10:39,239 [WARN] SupportedApi:132 - Cannot load RTOS API schema: s4s-elt-must-match.1: The content of 'definitions' must match (annotation?, (simpleType | complexType)?, (unique | key | keyref)*)). A problem was found starting at: attribute.
2025-08-26 13:10:39,333 [INFO] PluginManage:359 - Loaded plugin pinoutconfig (category:base,tabindex:0)
2025-08-26 13:10:39,334 [INFO] PluginManage:310 - Check plugin power
2025-08-26 13:10:39,339 [INFO] PluginManage:359 - Loaded plugin power (category:power,tabindex:4)
2025-08-26 13:10:39,339 [INFO] PluginManage:310 - Check plugin projectmanager
2025-08-26 13:10:39,349 [INFO] PluginManage:359 - Loaded plugin projectmanager (category:projectmanager,tabindex:4)
2025-08-26 13:10:39,349 [INFO] PluginManage:310 - Check plugin rif
2025-08-26 13:10:39,356 [INFO] PluginManage:359 - Loaded plugin rif (category:base,tabindex:3)
2025-08-26 13:10:39,356 [INFO] PluginManage:310 - Check plugin thirdparty
2025-08-26 13:10:39,441 [INFO] PluginManage:359 - Loaded plugin thirdparty (category:base,tabindex:-1)
2025-08-26 13:10:39,440 [WARN] IntegrityCheckThread:84 - waiting for thirdparty lock release [integrity check]
2025-08-26 13:10:39,441 [INFO] PluginManage:310 - Check plugin tools
2025-08-26 13:10:39,441 [INFO] IntegrityCheckThread:86 - entering critical section [integrity check]
2025-08-26 13:10:39,441 [INFO] ThirdPartyUpdaterWithRetryManager:70 - Updater plugin not ready yet. [1/15]
2025-08-26 13:10:39,443 [INFO] PluginManage:359 - Loaded plugin tools (category:base,tabindex:7)
2025-08-26 13:10:39,443 [INFO] PluginManage:310 - Check plugin tutovideos
2025-08-26 13:10:39,575 [INFO] PluginManage:359 - Loaded plugin tutovideos (category:base,tabindex:-1)
2025-08-26 13:10:39,575 [INFO] PluginManage:310 - Check plugin updater
2025-08-26 13:10:39,591 [INFO] PluginManage:359 - Loaded plugin updater (category:base,tabindex:12)
2025-08-26 13:10:39,591 [INFO] PluginManage:310 - Check plugin userauth
2025-08-26 13:10:39,593 [INFO] UserAuth:118 - Init User Auth plugin
2025-08-26 13:10:39,594 [INFO] PluginManage:359 - Loaded plugin userauth (category:base,tabindex:14)
2025-08-26 13:10:39,594 [INFO] PluginManage:283 - PluginManage : Loaded plugins [18]
2025-08-26 13:10:39,725 [INFO] PinOutPanel:1589 - setPackage(No Configuration,No Configuration)
2025-08-26 13:10:39,784 [INFO] CADModel:165 - CPN selected for project level
2025-08-26 13:10:39,784 [INFO] CADModel:114 - Register for checkConnection events
2025-08-26 13:10:39,795 [INFO] IPUIPlugin:80 - create IPUIPlugin
2025-08-26 13:10:39,796 [INFO] PluginManager:220 - loadIPPluginJar : add adc
2025-08-26 13:10:39,797 [INFO] IPUIPlugin:80 - create IPUIPlugin
2025-08-26 13:10:39,797 [INFO] PluginManager:220 - loadIPPluginJar : add aes
2025-08-26 13:10:39,799 [INFO] IPUIPlugin:80 - create IPUIPlugin
2025-08-26 13:10:39,799 [INFO] PluginManager:220 - loadIPPluginJar : add can
2025-08-26 13:10:39,800 [INFO] IPUIPlugin:80 - create IPUIPlugin
2025-08-26 13:10:39,800 [INFO] PluginManager:220 - loadIPPluginJar : add comp
2025-08-26 13:10:39,801 [INFO] IPUIPlugin:80 - create IPUIPlugin
2025-08-26 13:10:39,801 [INFO] PluginManager:220 - loadIPPluginJar : add cryp
2025-08-26 13:10:39,803 [INFO] IPUIPlugin:80 - create IPUIPlugin
2025-08-26 13:10:39,803 [INFO] PluginManager:220 - loadIPPluginJar : add ddr_ctrl_phy
2025-08-26 13:10:39,804 [INFO] IPUIPlugin:80 - create IPUIPlugin
2025-08-26 13:10:39,804 [INFO] PluginManager:220 - loadIPPluginJar : add dfsdm
2025-08-26 13:10:39,807 [INFO] IPUIPlugin:80 - create IPUIPlugin
2025-08-26 13:10:39,808 [INFO] PluginManager:220 - loadIPPluginJar : add dma
2025-08-26 13:10:39,809 [INFO] IPUIPlugin:80 - create IPUIPlugin
2025-08-26 13:10:39,809 [INFO] PluginManager:220 - loadIPPluginJar : add dma3
2025-08-26 13:10:39,811 [INFO] IPUIPlugin:80 - create IPUIPlugin
2025-08-26 13:10:39,811 [INFO] PluginManager:220 - loadIPPluginJar : add extmemmanager
2025-08-26 13:10:39,812 [INFO] IPUIPlugin:80 - create IPUIPlugin
2025-08-26 13:10:39,812 [INFO] PluginManager:220 - loadIPPluginJar : add fatfs
2025-08-26 13:10:39,814 [INFO] IPUIPlugin:80 - create IPUIPlugin
2025-08-26 13:10:39,814 [INFO] PluginManager:220 - loadIPPluginJar : add fmc
2025-08-26 13:10:39,817 [INFO] IPUIPlugin:80 - create IPUIPlugin
2025-08-26 13:10:39,818 [INFO] PluginManager:220 - loadIPPluginJar : add freertos
2025-08-26 13:10:39,818 [INFO] IPUIPlugin:80 - create IPUIPlugin
2025-08-26 13:10:39,818 [INFO] PluginManager:220 - loadIPPluginJar : add genericplugin
2025-08-26 13:10:39,820 [INFO] IPUIPlugin:80 - create IPUIPlugin
2025-08-26 13:10:39,820 [INFO] PluginManager:220 - loadIPPluginJar : add gfxmmu
2025-08-26 13:10:39,823 [INFO] IPUIPlugin:80 - create IPUIPlugin
2025-08-26 13:10:39,823 [INFO] PluginManager:220 - loadIPPluginJar : add gic
2025-08-26 13:10:39,825 [INFO] IPUIPlugin:80 - create IPUIPlugin
2025-08-26 13:10:39,825 [INFO] PluginManager:220 - loadIPPluginJar : add gpio
2025-08-26 13:10:39,827 [INFO] IPUIPlugin:80 - create IPUIPlugin
2025-08-26 13:10:39,827 [INFO] PluginManager:220 - loadIPPluginJar : add gtzc
2025-08-26 13:10:39,828 [INFO] IPUIPlugin:80 - create IPUIPlugin
2025-08-26 13:10:39,828 [INFO] PluginManager:220 - loadIPPluginJar : add hash
2025-08-26 13:10:39,830 [INFO] IPUIPlugin:80 - create IPUIPlugin
2025-08-26 13:10:39,830 [INFO] PluginManager:220 - loadIPPluginJar : add i2c
2025-08-26 13:10:39,831 [INFO] IPUIPlugin:80 - create IPUIPlugin
2025-08-26 13:10:39,831 [INFO] PluginManager:220 - loadIPPluginJar : add i2s
2025-08-26 13:10:39,833 [INFO] IPUIPlugin:80 - create IPUIPlugin
2025-08-26 13:10:39,833 [INFO] PluginManager:220 - loadIPPluginJar : add i3c
2025-08-26 13:10:39,834 [INFO] IPUIPlugin:80 - create IPUIPlugin
2025-08-26 13:10:39,835 [INFO] PluginManager:220 - loadIPPluginJar : add ipddr
2025-08-26 13:10:39,839 [INFO] IPUIPlugin:80 - create IPUIPlugin
2025-08-26 13:10:39,839 [INFO] PluginManager:220 - loadIPPluginJar : add linkedlist
2025-08-26 13:10:39,841 [INFO] IPUIPlugin:80 - create IPUIPlugin
2025-08-26 13:10:39,841 [INFO] PluginManager:220 - loadIPPluginJar : add lorawan
2025-08-26 13:10:39,843 [INFO] IPUIPlugin:80 - create IPUIPlugin
2025-08-26 13:10:39,843 [INFO] PluginManager:220 - loadIPPluginJar : add ltdc
2025-08-26 13:10:39,846 [INFO] IPUIPlugin:80 - create IPUIPlugin
2025-08-26 13:10:39,846 [INFO] PluginManager:220 - loadIPPluginJar : add mdma
2025-08-26 13:10:39,848 [INFO] IPUIPlugin:80 - create IPUIPlugin
2025-08-26 13:10:39,848 [INFO] PluginManager:220 - loadIPPluginJar : add nvic
2025-08-26 13:10:39,849 [INFO] IPUIPlugin:80 - create IPUIPlugin
2025-08-26 13:10:39,849 [INFO] PluginManager:220 - loadIPPluginJar : add opamp
2025-08-26 13:10:39,851 [INFO] IPUIPlugin:80 - create IPUIPlugin
2025-08-26 13:10:39,851 [INFO] PluginManager:220 - loadIPPluginJar : add openamp
2025-08-26 13:10:39,853 [INFO] IPUIPlugin:80 - create IPUIPlugin
2025-08-26 13:10:39,853 [INFO] PluginManager:220 - loadIPPluginJar : add pdm2pcm
2025-08-26 13:10:39,856 [INFO] IPUIPlugin:80 - create IPUIPlugin
2025-08-26 13:10:39,858 [INFO] PluginManager:220 - loadIPPluginJar : add plateformsettings
2025-08-26 13:10:39,859 [INFO] IPUIPlugin:80 - create IPUIPlugin
2025-08-26 13:10:39,859 [INFO] PluginManager:220 - loadIPPluginJar : add quadspi
2025-08-26 13:10:39,860 [INFO] IPUIPlugin:80 - create IPUIPlugin
2025-08-26 13:10:39,860 [INFO] PluginManager:220 - loadIPPluginJar : add radio
2025-08-26 13:10:39,862 [INFO] IPUIPlugin:80 - create IPUIPlugin
2025-08-26 13:10:39,862 [INFO] PluginManager:220 - loadIPPluginJar : add resmgrutility
2025-08-26 13:10:39,864 [INFO] IPUIPlugin:80 - create IPUIPlugin
2025-08-26 13:10:39,864 [INFO] PluginManager:220 - loadIPPluginJar : add sai
2025-08-26 13:10:39,865 [INFO] IPUIPlugin:80 - create IPUIPlugin
2025-08-26 13:10:39,865 [INFO] PluginManager:220 - loadIPPluginJar : add spi
2025-08-26 13:10:39,869 [INFO] IPUIPlugin:80 - create IPUIPlugin
2025-08-26 13:10:39,869 [INFO] PluginManager:220 - loadIPPluginJar : add stm32_wpan
2025-08-26 13:10:39,870 [INFO] IPUIPlugin:80 - create IPUIPlugin
2025-08-26 13:10:39,870 [INFO] PluginManager:220 - loadIPPluginJar : add tim
2025-08-26 13:10:39,874 [INFO] IPUIPlugin:80 - create IPUIPlugin
2025-08-26 13:10:39,874 [INFO] PluginManager:220 - loadIPPluginJar : add touchsensing
2025-08-26 13:10:39,875 [INFO] IPUIPlugin:80 - create IPUIPlugin
2025-08-26 13:10:39,875 [INFO] PluginManager:220 - loadIPPluginJar : add tracer_emb
2025-08-26 13:10:39,876 [INFO] IPUIPlugin:80 - create IPUIPlugin
2025-08-26 13:10:39,877 [INFO] PluginManager:220 - loadIPPluginJar : add ts
2025-08-26 13:10:39,877 [INFO] IPUIPlugin:80 - create IPUIPlugin
2025-08-26 13:10:39,877 [INFO] PluginManager:220 - loadIPPluginJar : add tsc
2025-08-26 13:10:39,878 [INFO] IPUIPlugin:80 - create IPUIPlugin
2025-08-26 13:10:39,879 [INFO] PluginManager:220 - loadIPPluginJar : add ucpd
2025-08-26 13:10:39,880 [INFO] IPUIPlugin:80 - create IPUIPlugin
2025-08-26 13:10:39,880 [INFO] PluginManager:220 - loadIPPluginJar : add usart
2025-08-26 13:10:39,883 [INFO] IPUIPlugin:80 - create IPUIPlugin
2025-08-26 13:10:39,883 [INFO] PluginManager:220 - loadIPPluginJar : add usbx
2025-08-26 13:10:39,990 [FATAL] Updater:351 - Updater called before beeing initialized
2025-08-26 13:10:40,007 [INFO] RulesReader:64 - Compatibility file has been processed (317 Rules)
2025-08-26 13:10:40,014 [INFO] RulesReader:64 - Compatibility file has been processed (317 Rules)
2025-08-26 13:10:40,019 [INFO] CADModel:165 - CPN selected for project level
2025-08-26 13:10:40,019 [INFO] CADModel:114 - Register for checkConnection events
2025-08-26 13:10:40,019 [FATAL] Updater:351 - Updater called before beeing initialized
2025-08-26 13:10:40,019 [ERROR] CADModel:125 - Updater not yet initialized, retry later 
2025-08-26 13:10:40,102 [FATAL] Updater:351 - Updater called before beeing initialized
2025-08-26 13:10:40,103 [INFO] CADModel:165 - CPN selected for project level
2025-08-26 13:10:40,103 [INFO] CADModel:114 - Register for checkConnection events
2025-08-26 13:10:40,103 [FATAL] Updater:351 - Updater called before beeing initialized
2025-08-26 13:10:40,103 [ERROR] CADModel:125 - Updater not yet initialized, retry later 
2025-08-26 13:10:40,106 [FATAL] Updater:351 - Updater called before beeing initialized
2025-08-26 13:10:40,174 [FATAL] Updater:351 - Updater called before beeing initialized
2025-08-26 13:10:40,177 [INFO] DbMcusAds:53 - JSON generation date=Tue Jul 08 17:14:23 KST 2025 (1751962463593)
2025-08-26 13:10:40,177 [FATAL] Updater:351 - Updater called before beeing initialized
2025-08-26 13:10:40,200 [WARN] DetailPanel:346 - Failed to get advertising image, set to default
2025-08-26 13:10:40,275 [FATAL] Updater:351 - Updater called before beeing initialized
2025-08-26 13:10:40,276 [FATAL] Updater:351 - Updater called before beeing initialized
2025-08-26 13:10:40,276 [FATAL] Updater:351 - Updater called before beeing initialized
2025-08-26 13:10:40,276 [WARN] DetailPanel:346 - Failed to get advertising image, set to default
2025-08-26 13:10:40,277 [FATAL] Updater:351 - Updater called before beeing initialized
2025-08-26 13:10:40,305 [ERROR] Updater:1198 - MainUpdater not yet initialized. External WinMGr cannot be set.
2025-08-26 13:10:40,306 [INFO] Updater:1134 - Updater Version found : 6.15.0
2025-08-26 13:10:40,318 [INFO] ApplicationProperties:184 - Using Application install path: C:\ST\STM32CubeIDE_1.18.1\STM32CubeIDE\plugins\com.st.stm32cube.common.mx_6.15.0.202507011659
2025-08-26 13:10:41,883 [ERROR] LogOutputStream:75 - [STDERR_REDIRECT] Aug 26, 2025 1:10:41 PM java.util.prefs.WindowsPreferences <init>
2025-08-26 13:10:41,884 [ERROR] LogOutputStream:75 - [STDERR_REDIRECT] WARNING: Could not open/create prefs root node Software\JavaSoft\Prefs at root 0xffffffff80000002. Windows RegCreateKeyEx(...) returned error code 5.
2025-08-26 13:10:41,884 [ERROR] LogOutputStream:75 - [STDERR_REDIRECT] 
2025-08-26 13:10:42,442 [INFO] ThirdPartyUpdaterWithRetryManager:70 - Updater plugin not ready yet. [2/15]
2025-08-26 13:10:42,465 [INFO] MainUpdater:2872 - connection check result : 10
2025-08-26 13:10:42,466 [INFO] MainUpdater:289 - Updater Check For Update Now.
2025-08-26 13:10:42,466 [INFO] MicroXplorer:498 - Change Database Version : DB.6.0.150
2025-08-26 13:10:42,469 [INFO] McuFinderGlobals:63 - Set McuFinder mode to 2 (CubeIDE integrated)
2025-08-26 13:10:42,470 [INFO] UserAuth:487 - Internet connection configuration mode: 1
2025-08-26 13:10:42,480 [INFO] JxBrowserEngine:152 - Initiate JxBrowser Engine with user profile folder
2025-08-26 13:10:42,619 [INFO] CheckServerUpdateThread:120 - End of CheckServer Thread
2025-08-26 13:10:42,928 [INFO] WebApp:169 - Instantiating new browser for Auth
2025-08-26 13:10:43,387 [INFO] WebApp:463 - Apply proxy settings
2025-08-26 13:10:43,387 [INFO] WebApp:548 - Chromium requires no authentication
2025-08-26 13:10:43,391 [INFO] WebApp:491 - Direct internet connection detected
2025-08-26 13:10:43,404 [INFO] WebApp:900 - Register for checkConnection events
2025-08-26 13:10:43,404 [INFO] WebApp:463 - Apply proxy settings
2025-08-26 13:10:43,404 [INFO] WebApp:548 - Chromium requires no authentication
2025-08-26 13:10:43,404 [INFO] WebApp:491 - Direct internet connection detected
2025-08-26 13:10:43,508 [INFO] WebApp:225 - Starting web application
2025-08-26 13:10:43,508 [INFO] WebApp:593 - Web application path used C:\ST\STM32CubeIDE_1.18.1\STM32CubeIDE\plugins\com.st.stm32cube.common.mx_6.15.0.202507011659\db\plugins\mcufinder\reactClient1\index.html
2025-08-26 13:10:43,568 [INFO] UserAuth:487 - Internet connection configuration mode: 1
2025-08-26 13:10:43,713 [INFO] WebApp:191 - Connection restablished
2025-08-26 13:10:45,673 [WARN] PackLoader:240 - Cannot read IP mode file for STMicroelectronics.FP-SNS-MOTENVWB1.1.4.0
2025-08-26 13:10:45,681 [WARN] PackLoader:240 - Cannot read IP mode file for STMicroelectronics.FP-ATR-ASTRA1.2.0.2
2025-08-26 13:10:45,691 [WARN] PackLoader:240 - Cannot read IP mode file for STMicroelectronics.X-CUBE-SMBUS.2.1.0
2025-08-26 13:10:45,695 [WARN] PackLoader:240 - Cannot read IP mode file for STMicroelectronics.X-CUBE-ST60.1.0.0
2025-08-26 13:10:45,715 [WARN] PackLoader:240 - Cannot read IP mode file for STMicroelectronics.X-CUBE-AZRTOS-F7.1.1.0
2025-08-26 13:10:45,737 [WARN] PackLoader:240 - Cannot read IP mode file for Infineon.AIROC-Wi-Fi-Bluetooth-STM32.1.7.0
2025-08-26 13:10:45,761 [WARN] PackLoader:240 - Cannot read IP mode file for STMicroelectronics.X-CUBE-AZRTOS-H7.3.4.0
2025-08-26 13:10:45,769 [WARN] PackLoader:240 - Cannot read IP mode file for STMicroelectronics.X-CUBE-DISPLAY.3.0.0
2025-08-26 13:10:45,778 [WARN] PackLoader:240 - Cannot read IP mode file for STMicroelectronics.X-CUBE-NFC10.1.0.0
2025-08-26 13:10:45,786 [WARN] PackLoader:240 - Cannot read IP mode file for STMicroelectronics.X-CUBE-BLEMGR.4.0.0
2025-08-26 13:10:45,801 [WARN] PackLoader:240 - Cannot read IP mode file for emotas.I-CUBE-CANOPEN.1.3.0
2025-08-26 13:10:45,807 [WARN] ConditionMgr:438 - getConditionDescription Invalid condition id : Cortex-A Device cause : null
2025-08-26 13:10:45,818 [WARN] ConditionMgr:1044 - genDependencies : Invalid condition id : Cortex-A Device cause : null
2025-08-26 13:10:45,818 [WARN] ConditionMgr:1044 - genDependencies : Invalid condition id : Cortex-A Device cause : null
2025-08-26 13:10:45,818 [WARN] ConditionMgr:1044 - genDependencies : Invalid condition id : Cortex-A Device cause : null
2025-08-26 13:10:45,822 [WARN] PackLoader:240 - Cannot read IP mode file for STMicroelectronics.X-CUBE-AI.10.0.0
2025-08-26 13:10:45,830 [WARN] PackLoader:240 - Cannot read IP mode file for STMicroelectronics.FP-SNS-STBOX1.2.1.0
2025-08-26 13:10:45,837 [WARN] PackLoader:240 - Cannot read IP mode file for STMicroelectronics.FP-SNS-SMARTAG2.1.2.0
2025-08-26 13:10:45,854 [WARN] PackLoader:240 - Cannot read IP mode file for STMicroelectronics.FP-SNS-FLIGHT1.5.1.0
2025-08-26 13:10:45,865 [INFO] LogOutputStream:77 - [STDOUT_REDIRECT] 1 : Invalid condition id : UX_CORESTACK_Condition cause : null
2025-08-26 13:10:45,866 [INFO] LogOutputStream:77 - [STDOUT_REDIRECT] 1 : Invalid condition id : UX_CORESTACK_Condition cause : null
2025-08-26 13:10:45,867 [INFO] LogOutputStream:77 - [STDOUT_REDIRECT] 1 : Invalid condition id : UX_CORESTACK_Condition cause : null
2025-08-26 13:10:45,868 [INFO] LogOutputStream:77 - [STDOUT_REDIRECT] 1 : Invalid condition id : UX_CORESTACK_Condition cause : null
2025-08-26 13:10:45,869 [INFO] LogOutputStream:77 - [STDOUT_REDIRECT] 1 : Invalid condition id : UX_CORESTACK_Condition cause : null
2025-08-26 13:10:45,873 [WARN] PackLoader:240 - Cannot read IP mode file for STMicroelectronics.X-CUBE-AZRTOS-WL.2.0.0
2025-08-26 13:10:45,878 [WARN] PackLoader:240 - Cannot read IP mode file for STMicroelectronics.FP-SNS-MOTENV1.5.0.0
2025-08-26 13:10:45,886 [WARN] PackLoader:240 - Cannot read IP mode file for WES.I-CUBE-Cesium.1.3.0
2025-08-26 13:10:45,890 [WARN] PackLoader:240 - Cannot read IP mode file for STMicroelectronics.X-CUBE-BLE2.3.3.0
2025-08-26 13:10:45,894 [WARN] PackLoader:240 - Cannot read IP mode file for STMicroelectronics.X-CUBE-NFC9.1.0.0
2025-08-26 13:10:45,899 [WARN] PackLoader:240 - Cannot read IP mode file for STMicroelectronics.X-CUBE-BLE1.7.1.0
2025-08-26 13:10:45,903 [WARN] PackLoader:240 - Cannot read IP mode file for wolfSSL.I-CUBE-wolfMQTT.1.19.2
2025-08-26 13:10:45,908 [WARN] PackLoader:240 - Cannot read IP mode file for STMicroelectronics.X-CUBE-EEPRMA1.5.2.0
2025-08-26 13:10:45,912 [WARN] PackLoader:240 - Cannot read IP mode file for STMicroelectronics.X-CUBE-AI.10.1.0
2025-08-26 13:10:45,940 [WARN] PackLoader:240 - Cannot read IP mode file for STMicroelectronics.X-CUBE-MEMS1.11.2.0
2025-08-26 13:10:46,036 [WARN] PackLoader:240 - Cannot read IP mode file for STMicroelectronics.X-CUBE-AZRTOS-G0.1.1.0
2025-08-26 13:10:46,041 [WARN] PackLoader:240 - Cannot read IP mode file for STMicroelectronics.X-CUBE-SAFEA1.1.2.2
2025-08-26 13:10:46,046 [WARN] PackLoader:240 - Cannot read IP mode file for STMicroelectronics.X-CUBE-NFC4.3.0.0
2025-08-26 13:10:46,052 [WARN] PackLoader:240 - Cannot read IP mode file for EmbeddedOffice.I-CUBE-FS-RTOS.1.0.1
2025-08-26 13:10:46,058 [WARN] PackLoader:240 - Cannot read IP mode file for STMicroelectronics.X-CUBE-WB05N.2.0.0
2025-08-26 13:10:46,062 [WARN] PackLoader:240 - Cannot read IP mode file for wolfSSL.I-CUBE-wolfTPM.3.8.0
2025-08-26 13:10:46,066 [WARN] PackLoader:240 - Cannot read IP mode file for STMicroelectronics.X-CUBE-TCPP.4.2.0
2025-08-26 13:10:46,070 [WARN] PackLoader:240 - Cannot read IP mode file for RealThread.X-CUBE-RT-Thread_Nano.4.1.1
2025-08-26 13:10:46,072 [WARN] PackLoader:240 - Cannot read IP mode file for STMicroelectronics.FP-ATR-SIGFOX1.3.2.0
2025-08-26 13:10:46,077 [WARN] PackLoader:240 - Cannot read IP mode file for STMicroelectronics.X-CUBE-EEPRMA1.5.1.0
2025-08-26 13:10:46,080 [WARN] PackLoader:240 - Cannot read IP mode file for wolfSSL.I-CUBE-wolfSSL.5.7.6
2025-08-26 13:10:46,084 [WARN] PackLoader:240 - Cannot read IP mode file for ITTIA_DB.I-CUBE-ITTIADB.8.9.0
2025-08-26 13:10:46,087 [WARN] PackLoader:240 - Cannot read IP mode file for STMicroelectronics.X-CUBE-ST67W61.1.0.0
2025-08-26 13:10:46,091 [WARN] PackLoader:240 - Cannot read IP mode file for STMicroelectronics.X-CUBE-AI.10.2.0
2025-08-26 13:10:46,112 [WARN] PackLoader:240 - Cannot read IP mode file for SEGGER.I-CUBE-embOS.1.3.1
2025-08-26 13:10:46,134 [WARN] PackLoader:240 - Cannot read IP mode file for STMicroelectronics.X-CUBE-ALGOBUILD.1.4.0
2025-08-26 13:10:46,157 [WARN] PackLoader:240 - Cannot read IP mode file for STMicroelectronics.X-CUBE-MEMS1.11.3.0
2025-08-26 13:10:46,253 [WARN] PackLoader:240 - Cannot read IP mode file for STMicroelectronics.X-CUBE-PM33A1.1.0.0
2025-08-26 13:10:46,261 [WARN] PackLoader:240 - Cannot read IP mode file for STMicroelectronics.X-CUBE-AZRTOS-F4.1.1.0
2025-08-26 13:10:46,267 [WARN] PackLoader:240 - Cannot read IP mode file for Avnet-IotConnect.X-CUBE-IoTC-DA16k-PMOD.1.0.0
2025-08-26 13:10:46,269 [WARN] PackLoader:240 - Cannot read IP mode file for STMicroelectronics.X-CUBE-ISPU.2.1.0
2025-08-26 13:10:46,273 [WARN] PackLoader:240 - Cannot read IP mode file for STMicroelectronics.X-CUBE-NFC12.1.0.0
2025-08-26 13:10:46,284 [WARN] PackLoader:240 - Cannot read IP mode file for STMicroelectronics.X-CUBE-AZRTOS-L5.2.0.0
2025-08-26 13:10:46,290 [WARN] PackLoader:240 - Cannot read IP mode file for STMicroelectronics.X-CUBE-NFC6.3.1.0
2025-08-26 13:10:46,295 [WARN] PackLoader:240 - Cannot read IP mode file for STMicroelectronics.X-CUBE-FREERTOS.1.3.1
2025-08-26 13:10:46,298 [WARN] PackLoader:240 - Cannot read IP mode file for STMicroelectronics.X-CUBE-FREERTOS.1.3.0
2025-08-26 13:10:46,301 [WARN] PackLoader:240 - Cannot read IP mode file for STMicroelectronics.FP-SNS-STAIOTCFT.1.0.0
2025-08-26 13:10:46,305 [WARN] PackLoader:240 - Cannot read IP mode file for STMicroelectronics.X-CUBE-DPower.1.3.0
2025-08-26 13:10:46,312 [WARN] ConditionMgr:438 - getConditionDescription Invalid condition id : LAN8742 Phy interface Condition cause : null
2025-08-26 13:10:46,312 [WARN] PackLoader:240 - Cannot read IP mode file for STMicroelectronics.X-CUBE-AZRTOS-L4.2.0.0
2025-08-26 13:10:46,314 [WARN] ConditionMgr:1044 - genDependencies : Invalid condition id : LAN8742 Phy interface Condition cause : null
2025-08-26 13:10:46,314 [WARN] ConditionMgr:1044 - genDependencies : Invalid condition id : LAN8742 Phy interface Condition cause : null
2025-08-26 13:10:46,315 [WARN] ConditionMgr:1044 - genDependencies : Invalid condition id : LAN8742 Phy interface Condition cause : null
2025-08-26 13:10:46,320 [WARN] PackLoader:240 - Cannot read IP mode file for STMicroelectronics.X-CUBE-SFXS2LP1.4.0.0
2025-08-26 13:10:46,328 [WARN] PackLoader:240 - Cannot read IP mode file for STMicroelectronics.X-CUBE-AZRTOS-H7.3.3.0
2025-08-26 13:10:46,334 [WARN] PackLoader:240 - Cannot read IP mode file for STMicroelectronics.X-CUBE-BLEMGR.4.1.0
2025-08-26 13:10:46,343 [WARN] ConditionMgr:438 - getConditionDescription Invalid condition id : UX DEVICE CLASS RTOS Condition cause : null
2025-08-26 13:10:46,343 [WARN] ConditionMgr:438 - getConditionDescription Invalid condition id : UX DEVICE CLASS RTOS Condition cause : null
2025-08-26 13:10:46,344 [WARN] PackLoader:240 - Cannot read IP mode file for STMicroelectronics.X-CUBE-AZRTOS-WB.2.0.0
2025-08-26 13:10:46,344 [WARN] ConditionMgr:1044 - genDependencies : Invalid condition id : UX DEVICE CLASS RTOS Condition cause : null
2025-08-26 13:10:46,344 [WARN] ConditionMgr:1044 - genDependencies : Invalid condition id : UX DEVICE CLASS RTOS Condition cause : null
2025-08-26 13:10:46,344 [WARN] ConditionMgr:1044 - genDependencies : Invalid condition id : UX DEVICE CLASS RTOS Condition cause : null
2025-08-26 13:10:46,344 [WARN] ConditionMgr:1044 - genDependencies : Invalid condition id : UX DEVICE CLASS RTOS Condition cause : null
2025-08-26 13:10:46,344 [WARN] ConditionMgr:1044 - genDependencies : Invalid condition id : UX DEVICE CLASS RTOS Condition cause : null
2025-08-26 13:10:46,349 [WARN] PackLoader:240 - Cannot read IP mode file for STMicroelectronics.X-CUBE-GNSS1.7.0.1
2025-08-26 13:10:46,352 [WARN] PackLoader:240 - Cannot read IP mode file for STMicroelectronics.X-CUBE-TOUCHGFX.4.25.0
2025-08-26 13:10:46,356 [WARN] PackLoader:240 - Cannot read IP mode file for STMicroelectronics.FP-SNS-STBOX1.2.0.0
2025-08-26 13:10:46,361 [WARN] PackLoader:240 - Cannot read IP mode file for STMicroelectronics.X-CUBE-SUBG2.5.0.0
2025-08-26 13:10:46,374 [WARN] PackLoader:240 - Cannot read IP mode file for STMicroelectronics.X-CUBE-AZRTOS-H7RS.1.1.0
2025-08-26 13:10:46,379 [WARN] PackLoader:240 - Cannot read IP mode file for Cesanta.I-CUBE-Mongoose.7.13.0
2025-08-26 13:10:46,385 [WARN] PackLoader:240 - Cannot read IP mode file for STMicroelectronics.X-CUBE-AZRTOS-G4.2.0.0
2025-08-26 13:10:46,412 [WARN] PackLoader:240 - Cannot read IP mode file for wolfSSL.I-CUBE-wolfSSH.1.4.20
2025-08-26 13:10:46,416 [WARN] PackLoader:240 - Cannot read IP mode file for STMicroelectronics.X-CUBE-NFC7.2.0.0
2025-08-26 13:10:46,423 [WARN] PackLoader:240 - Cannot read IP mode file for STMicroelectronics.X-CUBE-IPS.3.1.0
2025-08-26 13:10:46,429 [WARN] PackLoader:240 - Cannot read IP mode file for STMicroelectronics.X-CUBE-ALS.1.0.2
2025-08-26 13:10:46,433 [WARN] PackLoader:240 - Cannot read IP mode file for portGmbH.I-Cube-SoM-uGOAL.1.1.0
2025-08-26 13:10:46,438 [WARN] PackLoader:240 - Cannot read IP mode file for STMicroelectronics.X-CUBE-TOF1.3.4.3
2025-08-26 13:10:46,443 [INFO] ThirdParty:978 - Integrity check success = true
2025-08-26 13:10:46,443 [INFO] IntegrityCheckThread:100 - exiting critical section [integrity check]
2025-08-26 13:10:46,443 [INFO] IntegrityCheckThread:103 - End integrity checks thread
2025-08-26 13:16:16,809 [INFO] Activator:176 - 


2025-08-26 13:16:16,811 [INFO] Activator:177 - !SESSION log4j initialized
2025-08-26 13:16:20,111 [INFO] LogOutputStream:77 - [STDOUT_REDIRECT] 
2025-08-26 13:16:21,304 [INFO] ApplicationProperties:184 - Using Application install path: C:\ST\STM32CubeIDE_1.18.1\STM32CubeIDE\plugins\com.st.stm32cube.common.mx_6.15.0.202507011659
2025-08-26 13:16:21,316 [INFO] DbMcusXml:78 - Set database path to: C:\ST\STM32CubeIDE_1.18.1\STM32CubeIDE\plugins\com.st.stm32cube.common.mx_6.15.0.202507011659\\db\/mcu/
2025-08-26 13:16:21,316 [INFO] ApiDb:274 - Set plugin database path to: C:\ST\STM32CubeIDE_1.18.1\STM32CubeIDE\plugins\com.st.stm32cube.common.mx_6.15.0.202507011659\\db\/plugins/boardmanager/
2025-08-26 13:16:21,316 [WARN] ApiDb:259 - Overriding images path with different value:  => C:\ST\STM32CubeIDE_1.18.1\STM32CubeIDE\plugins\com.st.stm32cube.common.mx_6.15.0.202507011659\\db\/plugins/mcufinder/images/
2025-08-26 13:16:21,322 [INFO] ApiDb:250 - Set database path to: C:\Users\wh310\.stmcufinder\plugins\mcufinder//mcu/
2025-08-26 13:16:21,323 [INFO] DbMcusAds:125 - Set database path to: C:\Users\wh310\.stmcufinder\plugins\mcufinder//mcu/
2025-08-26 13:16:21,324 [INFO] CrossReferenceDbSqlite:203 - Set database path to: C:\Users\wh310\.stmcufinder\plugins\mcufinder//mcu/cs/
2025-08-26 13:16:21,401 [INFO] RulesReader:64 - Compatibility file has been processed (317 Rules)
2025-08-26 13:16:21,463 [INFO] DbMcusXml:78 - Set database path to: C:\ST\STM32CubeIDE_1.18.1\STM32CubeIDE\plugins\com.st.stm32cube.common.mx_6.15.0.202507011659\\db\/mcu/
2025-08-26 13:16:21,463 [INFO] ApiDb:274 - Set plugin database path to: C:\ST\STM32CubeIDE_1.18.1\STM32CubeIDE\plugins\com.st.stm32cube.common.mx_6.15.0.202507011659\\db\/plugins/boardmanager/
2025-08-26 13:16:21,465 [INFO] ApiDb:261 - Set plugin images path to: C:\ST\STM32CubeIDE_1.18.1\STM32CubeIDE\plugins\com.st.stm32cube.common.mx_6.15.0.202507011659\\db\/plugins/mcufinder/images/
2025-08-26 13:16:21,465 [WARN] DbFile:41 - Overriding database path with different value: C:\Users\wh310\.stmcufinder\plugins\mcufinder/ => C:\Users\wh310\.stmcufinder\plugins\mcufinder
2025-08-26 13:16:21,465 [INFO] ApiDb:250 - Set database path to: C:\Users\wh310\.stmcufinder\plugins\mcufinder//mcu/
2025-08-26 13:16:21,465 [WARN] DbFile:41 - Overriding database path with different value: C:\Users\wh310\.stmcufinder\plugins\mcufinder/ => C:\Users\wh310\.stmcufinder\plugins\mcufinder
2025-08-26 13:16:21,465 [INFO] DbMcusAds:125 - Set database path to: C:\Users\wh310\.stmcufinder\plugins\mcufinder//mcu/
2025-08-26 13:16:21,465 [WARN] DbFile:41 - Overriding database path with different value: C:\Users\wh310\.stmcufinder\plugins\mcufinder/ => C:\Users\wh310\.stmcufinder\plugins\mcufinder
2025-08-26 13:16:21,465 [WARN] DbFile:41 - Overriding database path with different value: C:\Users\wh310\.stmcufinder\plugins\mcufinder/ => C:\Users\wh310\.stmcufinder\plugins\mcufinder
2025-08-26 13:16:21,465 [INFO] CrossReferenceDbSqlite:203 - Set database path to: C:\Users\wh310\.stmcufinder\plugins\mcufinder//mcu/cs/
2025-08-26 13:16:21,514 [INFO] MainPanel:274 - HeapMemory: 268435456
2025-08-26 13:16:21,574 [INFO] DbMcusXml:78 - Set database path to: C:\ST\STM32CubeIDE_1.18.1\STM32CubeIDE\plugins\com.st.stm32cube.common.mx_6.15.0.202507011659\\db\/mcu/
2025-08-26 13:16:21,574 [INFO] ApiDb:274 - Set plugin database path to: C:\ST\STM32CubeIDE_1.18.1\STM32CubeIDE\plugins\com.st.stm32cube.common.mx_6.15.0.202507011659\\db\/plugins/boardmanager/
2025-08-26 13:16:21,574 [INFO] ApiDb:261 - Set plugin images path to: C:\ST\STM32CubeIDE_1.18.1\STM32CubeIDE\plugins\com.st.stm32cube.common.mx_6.15.0.202507011659\\db\/plugins/mcufinder/images/
2025-08-26 13:16:21,574 [WARN] DbFile:41 - Overriding database path with different value: C:\Users\wh310\.stmcufinder\plugins\mcufinder/ => C:\Users\wh310\.stmcufinder\plugins\mcufinder
2025-08-26 13:16:21,574 [INFO] ApiDb:250 - Set database path to: C:\Users\wh310\.stmcufinder\plugins\mcufinder//mcu/
2025-08-26 13:16:21,574 [WARN] DbFile:41 - Overriding database path with different value: C:\Users\wh310\.stmcufinder\plugins\mcufinder/ => C:\Users\wh310\.stmcufinder\plugins\mcufinder
2025-08-26 13:16:21,574 [INFO] DbMcusAds:125 - Set database path to: C:\Users\wh310\.stmcufinder\plugins\mcufinder//mcu/
2025-08-26 13:16:21,574 [WARN] DbFile:41 - Overriding database path with different value: C:\Users\wh310\.stmcufinder\plugins\mcufinder/ => C:\Users\wh310\.stmcufinder\plugins\mcufinder
2025-08-26 13:16:21,575 [WARN] DbFile:41 - Overriding database path with different value: C:\Users\wh310\.stmcufinder\plugins\mcufinder/ => C:\Users\wh310\.stmcufinder\plugins\mcufinder
2025-08-26 13:16:21,575 [INFO] CrossReferenceDbSqlite:203 - Set database path to: C:\Users\wh310\.stmcufinder\plugins\mcufinder//mcu/cs/
2025-08-26 13:16:21,587 [INFO] ApplicationProperties:184 - Using Application install path: C:\ST\STM32CubeIDE_1.18.1\STM32CubeIDE\plugins\com.st.stm32cube.common.mx_6.15.0.202507011659
2025-08-26 13:16:21,588 [INFO] PluginManage:196 - Search for loadable plugins [exclusion list=, ]
2025-08-26 13:16:21,589 [INFO] PluginManage:310 - Check plugin analytics
2025-08-26 13:16:21,709 [INFO] AnalyticsPlugin:253 - Accepted Software Licenses: STM32CubeMX.6.14.1,STM32CubeMX.6.15.0
2025-08-26 13:16:21,710 [INFO] AnalyticsPlugin:255 - Accepted CMSIS Pack Licenses: 
2025-08-26 13:16:21,710 [INFO] AnalyticsPlugin:257 - Accepted Firmware Licenses: FW.C0.1.0.0
2025-08-26 13:16:21,712 [INFO] PluginManage:359 - Loaded plugin analytics (category:tool,tabindex:-1)
2025-08-26 13:16:21,712 [INFO] PluginManage:310 - Check plugin cadmodel
2025-08-26 13:16:21,714 [INFO] CADModel:105 - Init CAD model plugin
2025-08-26 13:16:21,714 [INFO] PluginManage:359 - Loaded plugin cadmodel (category:power,tabindex:5)
2025-08-26 13:16:21,714 [INFO] PluginManage:310 - Check plugin clock
2025-08-26 13:16:21,720 [INFO] PluginManage:359 - Loaded plugin clock (category:base,tabindex:2)
2025-08-26 13:16:21,720 [INFO] PluginManage:310 - Check plugin ddr
2025-08-26 13:16:21,721 [INFO] PluginManage:359 - Loaded plugin ddr (category:tool,tabindex:6)
2025-08-26 13:16:21,722 [INFO] PluginManage:310 - Check plugin filemanager
2025-08-26 13:16:21,816 [INFO] PluginManage:359 - Loaded plugin filemanager (category:base,tabindex:10)
2025-08-26 13:16:21,816 [INFO] PluginManage:310 - Check plugin ipmanager
2025-08-26 13:16:21,821 [INFO] PluginManage:359 - Loaded plugin ipmanager (category:base,tabindex:5)
2025-08-26 13:16:21,821 [INFO] PluginManage:310 - Check plugin lpbam
2025-08-26 13:16:21,826 [INFO] PluginManage:359 - Loaded plugin lpbam (category:base,tabindex:0)
2025-08-26 13:16:21,826 [INFO] PluginManage:310 - Check plugin memorymap
2025-08-26 13:16:21,834 [INFO] PluginManage:359 - Loaded plugin memorymap (category:base,tabindex:4)
2025-08-26 13:16:21,834 [INFO] PluginManage:310 - Check plugin pinoutandconfiguration
2025-08-26 13:16:21,838 [INFO] PluginManage:359 - Loaded plugin pinoutandconfiguration (category:base,tabindex:1)
2025-08-26 13:16:21,840 [INFO] PluginManage:310 - Check plugin pinoutconfig
2025-08-26 13:16:21,899 [WARN] SupportedApi:132 - Cannot load RTOS API schema: s4s-elt-must-match.1: The content of 'definitions' must match (annotation?, (simpleType | complexType)?, (unique | key | keyref)*)). A problem was found starting at: attribute.
2025-08-26 13:16:22,002 [INFO] PluginManage:359 - Loaded plugin pinoutconfig (category:base,tabindex:0)
2025-08-26 13:16:22,002 [INFO] PluginManage:310 - Check plugin power
2025-08-26 13:16:22,007 [INFO] PluginManage:359 - Loaded plugin power (category:power,tabindex:4)
2025-08-26 13:16:22,007 [INFO] PluginManage:310 - Check plugin projectmanager
2025-08-26 13:16:22,018 [INFO] PluginManage:359 - Loaded plugin projectmanager (category:projectmanager,tabindex:4)
2025-08-26 13:16:22,018 [INFO] PluginManage:310 - Check plugin rif
2025-08-26 13:16:22,025 [INFO] PluginManage:359 - Loaded plugin rif (category:base,tabindex:3)
2025-08-26 13:16:22,025 [INFO] PluginManage:310 - Check plugin thirdparty
2025-08-26 13:16:22,106 [INFO] PluginManage:359 - Loaded plugin thirdparty (category:base,tabindex:-1)
2025-08-26 13:16:22,106 [INFO] PluginManage:310 - Check plugin tools
2025-08-26 13:16:22,106 [WARN] IntegrityCheckThread:84 - waiting for thirdparty lock release [integrity check]
2025-08-26 13:16:22,107 [INFO] IntegrityCheckThread:86 - entering critical section [integrity check]
2025-08-26 13:16:22,107 [INFO] ThirdPartyUpdaterWithRetryManager:70 - Updater plugin not ready yet. [1/15]
2025-08-26 13:16:22,108 [INFO] PluginManage:359 - Loaded plugin tools (category:base,tabindex:7)
2025-08-26 13:16:22,108 [INFO] PluginManage:310 - Check plugin tutovideos
2025-08-26 13:16:22,241 [INFO] PluginManage:359 - Loaded plugin tutovideos (category:base,tabindex:-1)
2025-08-26 13:16:22,241 [INFO] PluginManage:310 - Check plugin updater
2025-08-26 13:16:22,257 [INFO] PluginManage:359 - Loaded plugin updater (category:base,tabindex:12)
2025-08-26 13:16:22,258 [INFO] PluginManage:310 - Check plugin userauth
2025-08-26 13:16:22,260 [INFO] UserAuth:118 - Init User Auth plugin
2025-08-26 13:16:22,261 [INFO] PluginManage:359 - Loaded plugin userauth (category:base,tabindex:14)
2025-08-26 13:16:22,261 [INFO] PluginManage:283 - PluginManage : Loaded plugins [18]
2025-08-26 13:16:22,395 [INFO] PinOutPanel:1589 - setPackage(No Configuration,No Configuration)
2025-08-26 13:16:22,453 [INFO] CADModel:165 - CPN selected for project level
2025-08-26 13:16:22,453 [INFO] CADModel:114 - Register for checkConnection events
2025-08-26 13:16:22,463 [INFO] IPUIPlugin:80 - create IPUIPlugin
2025-08-26 13:16:22,463 [INFO] PluginManager:220 - loadIPPluginJar : add adc
2025-08-26 13:16:22,465 [INFO] IPUIPlugin:80 - create IPUIPlugin
2025-08-26 13:16:22,465 [INFO] PluginManager:220 - loadIPPluginJar : add aes
2025-08-26 13:16:22,466 [INFO] IPUIPlugin:80 - create IPUIPlugin
2025-08-26 13:16:22,466 [INFO] PluginManager:220 - loadIPPluginJar : add can
2025-08-26 13:16:22,467 [INFO] IPUIPlugin:80 - create IPUIPlugin
2025-08-26 13:16:22,467 [INFO] PluginManager:220 - loadIPPluginJar : add comp
2025-08-26 13:16:22,469 [INFO] IPUIPlugin:80 - create IPUIPlugin
2025-08-26 13:16:22,469 [INFO] PluginManager:220 - loadIPPluginJar : add cryp
2025-08-26 13:16:22,470 [INFO] IPUIPlugin:80 - create IPUIPlugin
2025-08-26 13:16:22,470 [INFO] PluginManager:220 - loadIPPluginJar : add ddr_ctrl_phy
2025-08-26 13:16:22,471 [INFO] IPUIPlugin:80 - create IPUIPlugin
2025-08-26 13:16:22,472 [INFO] PluginManager:220 - loadIPPluginJar : add dfsdm
2025-08-26 13:16:22,475 [INFO] IPUIPlugin:80 - create IPUIPlugin
2025-08-26 13:16:22,475 [INFO] PluginManager:220 - loadIPPluginJar : add dma
2025-08-26 13:16:22,476 [INFO] IPUIPlugin:80 - create IPUIPlugin
2025-08-26 13:16:22,476 [INFO] PluginManager:220 - loadIPPluginJar : add dma3
2025-08-26 13:16:22,478 [INFO] IPUIPlugin:80 - create IPUIPlugin
2025-08-26 13:16:22,478 [INFO] PluginManager:220 - loadIPPluginJar : add extmemmanager
2025-08-26 13:16:22,479 [INFO] IPUIPlugin:80 - create IPUIPlugin
2025-08-26 13:16:22,479 [INFO] PluginManager:220 - loadIPPluginJar : add fatfs
2025-08-26 13:16:22,481 [INFO] IPUIPlugin:80 - create IPUIPlugin
2025-08-26 13:16:22,481 [INFO] PluginManager:220 - loadIPPluginJar : add fmc
2025-08-26 13:16:22,485 [INFO] IPUIPlugin:80 - create IPUIPlugin
2025-08-26 13:16:22,485 [INFO] PluginManager:220 - loadIPPluginJar : add freertos
2025-08-26 13:16:22,486 [INFO] IPUIPlugin:80 - create IPUIPlugin
2025-08-26 13:16:22,486 [INFO] PluginManager:220 - loadIPPluginJar : add genericplugin
2025-08-26 13:16:22,486 [INFO] IPUIPlugin:80 - create IPUIPlugin
2025-08-26 13:16:22,486 [INFO] PluginManager:220 - loadIPPluginJar : add gfxmmu
2025-08-26 13:16:22,490 [INFO] IPUIPlugin:80 - create IPUIPlugin
2025-08-26 13:16:22,490 [INFO] PluginManager:220 - loadIPPluginJar : add gic
2025-08-26 13:16:22,492 [INFO] IPUIPlugin:80 - create IPUIPlugin
2025-08-26 13:16:22,492 [INFO] PluginManager:220 - loadIPPluginJar : add gpio
2025-08-26 13:16:22,493 [INFO] IPUIPlugin:80 - create IPUIPlugin
2025-08-26 13:16:22,494 [INFO] PluginManager:220 - loadIPPluginJar : add gtzc
2025-08-26 13:16:22,495 [INFO] IPUIPlugin:80 - create IPUIPlugin
2025-08-26 13:16:22,495 [INFO] PluginManager:220 - loadIPPluginJar : add hash
2025-08-26 13:16:22,496 [INFO] IPUIPlugin:80 - create IPUIPlugin
2025-08-26 13:16:22,496 [INFO] PluginManager:220 - loadIPPluginJar : add i2c
2025-08-26 13:16:22,497 [INFO] IPUIPlugin:80 - create IPUIPlugin
2025-08-26 13:16:22,498 [INFO] PluginManager:220 - loadIPPluginJar : add i2s
2025-08-26 13:16:22,499 [INFO] IPUIPlugin:80 - create IPUIPlugin
2025-08-26 13:16:22,499 [INFO] PluginManager:220 - loadIPPluginJar : add i3c
2025-08-26 13:16:22,501 [INFO] IPUIPlugin:80 - create IPUIPlugin
2025-08-26 13:16:22,501 [INFO] PluginManager:220 - loadIPPluginJar : add ipddr
2025-08-26 13:16:22,506 [INFO] IPUIPlugin:80 - create IPUIPlugin
2025-08-26 13:16:22,506 [INFO] PluginManager:220 - loadIPPluginJar : add linkedlist
2025-08-26 13:16:22,508 [INFO] IPUIPlugin:80 - create IPUIPlugin
2025-08-26 13:16:22,509 [INFO] PluginManager:220 - loadIPPluginJar : add lorawan
2025-08-26 13:16:22,509 [INFO] IPUIPlugin:80 - create IPUIPlugin
2025-08-26 13:16:22,510 [INFO] PluginManager:220 - loadIPPluginJar : add ltdc
2025-08-26 13:16:22,513 [INFO] IPUIPlugin:80 - create IPUIPlugin
2025-08-26 13:16:22,513 [INFO] PluginManager:220 - loadIPPluginJar : add mdma
2025-08-26 13:16:22,515 [INFO] IPUIPlugin:80 - create IPUIPlugin
2025-08-26 13:16:22,515 [INFO] PluginManager:220 - loadIPPluginJar : add nvic
2025-08-26 13:16:22,516 [INFO] IPUIPlugin:80 - create IPUIPlugin
2025-08-26 13:16:22,516 [INFO] PluginManager:220 - loadIPPluginJar : add opamp
2025-08-26 13:16:22,518 [INFO] IPUIPlugin:80 - create IPUIPlugin
2025-08-26 13:16:22,518 [INFO] PluginManager:220 - loadIPPluginJar : add openamp
2025-08-26 13:16:22,519 [INFO] IPUIPlugin:80 - create IPUIPlugin
2025-08-26 13:16:22,519 [INFO] PluginManager:220 - loadIPPluginJar : add pdm2pcm
2025-08-26 13:16:22,523 [INFO] IPUIPlugin:80 - create IPUIPlugin
2025-08-26 13:16:22,524 [INFO] PluginManager:220 - loadIPPluginJar : add plateformsettings
2025-08-26 13:16:22,525 [INFO] IPUIPlugin:80 - create IPUIPlugin
2025-08-26 13:16:22,525 [INFO] PluginManager:220 - loadIPPluginJar : add quadspi
2025-08-26 13:16:22,526 [INFO] IPUIPlugin:80 - create IPUIPlugin
2025-08-26 13:16:22,527 [INFO] PluginManager:220 - loadIPPluginJar : add radio
2025-08-26 13:16:22,529 [INFO] IPUIPlugin:80 - create IPUIPlugin
2025-08-26 13:16:22,529 [INFO] PluginManager:220 - loadIPPluginJar : add resmgrutility
2025-08-26 13:16:22,531 [INFO] IPUIPlugin:80 - create IPUIPlugin
2025-08-26 13:16:22,531 [INFO] PluginManager:220 - loadIPPluginJar : add sai
2025-08-26 13:16:22,532 [INFO] IPUIPlugin:80 - create IPUIPlugin
2025-08-26 13:16:22,532 [INFO] PluginManager:220 - loadIPPluginJar : add spi
2025-08-26 13:16:22,537 [INFO] IPUIPlugin:80 - create IPUIPlugin
2025-08-26 13:16:22,537 [INFO] PluginManager:220 - loadIPPluginJar : add stm32_wpan
2025-08-26 13:16:22,537 [INFO] IPUIPlugin:80 - create IPUIPlugin
2025-08-26 13:16:22,537 [INFO] PluginManager:220 - loadIPPluginJar : add tim
2025-08-26 13:16:22,539 [INFO] IPUIPlugin:80 - create IPUIPlugin
2025-08-26 13:16:22,539 [INFO] PluginManager:220 - loadIPPluginJar : add touchsensing
2025-08-26 13:16:22,540 [INFO] IPUIPlugin:80 - create IPUIPlugin
2025-08-26 13:16:22,540 [INFO] PluginManager:220 - loadIPPluginJar : add tracer_emb
2025-08-26 13:16:22,541 [INFO] IPUIPlugin:80 - create IPUIPlugin
2025-08-26 13:16:22,541 [INFO] PluginManager:220 - loadIPPluginJar : add ts
2025-08-26 13:16:22,542 [INFO] IPUIPlugin:80 - create IPUIPlugin
2025-08-26 13:16:22,542 [INFO] PluginManager:220 - loadIPPluginJar : add tsc
2025-08-26 13:16:22,544 [INFO] IPUIPlugin:80 - create IPUIPlugin
2025-08-26 13:16:22,544 [INFO] PluginManager:220 - loadIPPluginJar : add ucpd
2025-08-26 13:16:22,545 [INFO] IPUIPlugin:80 - create IPUIPlugin
2025-08-26 13:16:22,546 [INFO] PluginManager:220 - loadIPPluginJar : add usart
2025-08-26 13:16:22,547 [INFO] IPUIPlugin:80 - create IPUIPlugin
2025-08-26 13:16:22,547 [INFO] PluginManager:220 - loadIPPluginJar : add usbx
2025-08-26 13:16:22,654 [FATAL] Updater:351 - Updater called before beeing initialized
2025-08-26 13:16:22,671 [INFO] RulesReader:64 - Compatibility file has been processed (317 Rules)
2025-08-26 13:16:22,678 [INFO] RulesReader:64 - Compatibility file has been processed (317 Rules)
2025-08-26 13:16:22,683 [INFO] CADModel:165 - CPN selected for project level
2025-08-26 13:16:22,683 [INFO] CADModel:114 - Register for checkConnection events
2025-08-26 13:16:22,683 [FATAL] Updater:351 - Updater called before beeing initialized
2025-08-26 13:16:22,683 [ERROR] CADModel:125 - Updater not yet initialized, retry later 
2025-08-26 13:16:22,770 [FATAL] Updater:351 - Updater called before beeing initialized
2025-08-26 13:16:22,771 [INFO] CADModel:165 - CPN selected for project level
2025-08-26 13:16:22,771 [INFO] CADModel:114 - Register for checkConnection events
2025-08-26 13:16:22,772 [FATAL] Updater:351 - Updater called before beeing initialized
2025-08-26 13:16:22,772 [ERROR] CADModel:125 - Updater not yet initialized, retry later 
2025-08-26 13:16:22,774 [FATAL] Updater:351 - Updater called before beeing initialized
2025-08-26 13:16:22,843 [FATAL] Updater:351 - Updater called before beeing initialized
2025-08-26 13:16:22,846 [INFO] DbMcusAds:53 - JSON generation date=Tue Jul 08 17:14:23 KST 2025 (1751962463593)
2025-08-26 13:16:22,846 [FATAL] Updater:351 - Updater called before beeing initialized
2025-08-26 13:16:22,872 [WARN] DetailPanel:346 - Failed to get advertising image, set to default
2025-08-26 13:16:22,946 [FATAL] Updater:351 - Updater called before beeing initialized
2025-08-26 13:16:22,948 [FATAL] Updater:351 - Updater called before beeing initialized
2025-08-26 13:16:22,948 [FATAL] Updater:351 - Updater called before beeing initialized
2025-08-26 13:16:22,948 [WARN] DetailPanel:346 - Failed to get advertising image, set to default
2025-08-26 13:16:22,949 [FATAL] Updater:351 - Updater called before beeing initialized
2025-08-26 13:16:22,979 [ERROR] Updater:1198 - MainUpdater not yet initialized. External WinMGr cannot be set.
2025-08-26 13:16:22,980 [INFO] Updater:1134 - Updater Version found : 6.15.0
2025-08-26 13:16:22,991 [INFO] ApplicationProperties:184 - Using Application install path: C:\ST\STM32CubeIDE_1.18.1\STM32CubeIDE\plugins\com.st.stm32cube.common.mx_6.15.0.202507011659
2025-08-26 13:16:24,555 [ERROR] LogOutputStream:75 - [STDERR_REDIRECT] Aug 26, 2025 1:16:24 PM java.util.prefs.WindowsPreferences <init>
2025-08-26 13:16:24,556 [ERROR] LogOutputStream:75 - [STDERR_REDIRECT] WARNING: Could not open/create prefs root node Software\JavaSoft\Prefs at root 0xffffffff80000002. Windows RegCreateKeyEx(...) returned error code 5.
2025-08-26 13:16:24,556 [ERROR] LogOutputStream:75 - [STDERR_REDIRECT] 
2025-08-26 13:16:25,045 [INFO] MainUpdater:2872 - connection check result : 10
2025-08-26 13:16:25,045 [INFO] MainUpdater:289 - Updater Check For Update Now.
2025-08-26 13:16:25,046 [INFO] MicroXplorer:498 - Change Database Version : DB.6.0.150
2025-08-26 13:16:25,050 [INFO] McuFinderGlobals:63 - Set McuFinder mode to 2 (CubeIDE integrated)
2025-08-26 13:16:25,050 [INFO] UserAuth:487 - Internet connection configuration mode: 1
2025-08-26 13:16:25,063 [INFO] JxBrowserEngine:152 - Initiate JxBrowser Engine with user profile folder
2025-08-26 13:16:25,109 [WARN] MainUpdater:1193 - Updater busy. Cannot search thirdparties
2025-08-26 13:16:25,109 [INFO] ThirdPartyUpdaterWithRetryManager:96 - Updater plugin is busy. [1/15]
2025-08-26 13:16:25,200 [INFO] CheckServerUpdateThread:120 - End of CheckServer Thread
2025-08-26 13:16:25,506 [INFO] WebApp:169 - Instantiating new browser for Auth
2025-08-26 13:16:25,971 [INFO] WebApp:463 - Apply proxy settings
2025-08-26 13:16:25,971 [INFO] WebApp:548 - Chromium requires no authentication
2025-08-26 13:16:25,976 [INFO] WebApp:491 - Direct internet connection detected
2025-08-26 13:16:25,990 [INFO] WebApp:900 - Register for checkConnection events
2025-08-26 13:16:25,991 [INFO] WebApp:463 - Apply proxy settings
2025-08-26 13:16:25,991 [INFO] WebApp:548 - Chromium requires no authentication
2025-08-26 13:16:25,991 [INFO] WebApp:491 - Direct internet connection detected
2025-08-26 13:16:26,089 [INFO] WebApp:225 - Starting web application
2025-08-26 13:16:26,090 [INFO] WebApp:593 - Web application path used C:\ST\STM32CubeIDE_1.18.1\STM32CubeIDE\plugins\com.st.stm32cube.common.mx_6.15.0.202507011659\db\plugins\mcufinder\reactClient1\index.html
2025-08-26 13:16:26,156 [INFO] UserAuth:487 - Internet connection configuration mode: 1
2025-08-26 13:16:26,263 [INFO] WebApp:191 - Connection restablished
2025-08-26 13:16:28,308 [WARN] PackLoader:240 - Cannot read IP mode file for STMicroelectronics.FP-SNS-MOTENVWB1.1.4.0
2025-08-26 13:16:28,313 [WARN] PackLoader:240 - Cannot read IP mode file for STMicroelectronics.FP-ATR-ASTRA1.2.0.2
2025-08-26 13:16:28,321 [WARN] PackLoader:240 - Cannot read IP mode file for STMicroelectronics.X-CUBE-SMBUS.2.1.0
2025-08-26 13:16:28,325 [WARN] PackLoader:240 - Cannot read IP mode file for STMicroelectronics.X-CUBE-ST60.1.0.0
2025-08-26 13:16:28,345 [WARN] PackLoader:240 - Cannot read IP mode file for STMicroelectronics.X-CUBE-AZRTOS-F7.1.1.0
2025-08-26 13:16:28,367 [WARN] PackLoader:240 - Cannot read IP mode file for Infineon.AIROC-Wi-Fi-Bluetooth-STM32.1.7.0
2025-08-26 13:16:28,384 [WARN] PackLoader:240 - Cannot read IP mode file for STMicroelectronics.X-CUBE-AZRTOS-H7.3.4.0
2025-08-26 13:16:28,391 [WARN] PackLoader:240 - Cannot read IP mode file for STMicroelectronics.X-CUBE-DISPLAY.3.0.0
2025-08-26 13:16:28,400 [WARN] PackLoader:240 - Cannot read IP mode file for STMicroelectronics.X-CUBE-NFC10.1.0.0
2025-08-26 13:16:28,408 [WARN] PackLoader:240 - Cannot read IP mode file for STMicroelectronics.X-CUBE-BLEMGR.4.0.0
2025-08-26 13:16:28,414 [WARN] PackLoader:240 - Cannot read IP mode file for emotas.I-CUBE-CANOPEN.1.3.0
2025-08-26 13:16:28,417 [WARN] ConditionMgr:438 - getConditionDescription Invalid condition id : Cortex-A Device cause : null
2025-08-26 13:16:28,424 [WARN] ConditionMgr:1044 - genDependencies : Invalid condition id : Cortex-A Device cause : null
2025-08-26 13:16:28,424 [WARN] ConditionMgr:1044 - genDependencies : Invalid condition id : Cortex-A Device cause : null
2025-08-26 13:16:28,424 [WARN] ConditionMgr:1044 - genDependencies : Invalid condition id : Cortex-A Device cause : null
2025-08-26 13:16:28,426 [WARN] PackLoader:240 - Cannot read IP mode file for STMicroelectronics.X-CUBE-AI.10.0.0
2025-08-26 13:16:28,430 [WARN] PackLoader:240 - Cannot read IP mode file for STMicroelectronics.FP-SNS-STBOX1.2.1.0
2025-08-26 13:16:28,435 [WARN] PackLoader:240 - Cannot read IP mode file for STMicroelectronics.FP-SNS-SMARTAG2.1.2.0
2025-08-26 13:16:28,437 [WARN] PackLoader:240 - Cannot read IP mode file for STMicroelectronics.FP-SNS-FLIGHT1.5.1.0
2025-08-26 13:16:28,444 [INFO] LogOutputStream:77 - [STDOUT_REDIRECT] 1 : Invalid condition id : UX_CORESTACK_Condition cause : null
2025-08-26 13:16:28,445 [INFO] LogOutputStream:77 - [STDOUT_REDIRECT] 1 : Invalid condition id : UX_CORESTACK_Condition cause : null
2025-08-26 13:16:28,445 [INFO] LogOutputStream:77 - [STDOUT_REDIRECT] 1 : Invalid condition id : UX_CORESTACK_Condition cause : null
2025-08-26 13:16:28,446 [INFO] LogOutputStream:77 - [STDOUT_REDIRECT] 1 : Invalid condition id : UX_CORESTACK_Condition cause : null
2025-08-26 13:16:28,447 [INFO] LogOutputStream:77 - [STDOUT_REDIRECT] 1 : Invalid condition id : UX_CORESTACK_Condition cause : null
2025-08-26 13:16:28,448 [WARN] PackLoader:240 - Cannot read IP mode file for STMicroelectronics.X-CUBE-AZRTOS-WL.2.0.0
2025-08-26 13:16:28,452 [WARN] PackLoader:240 - Cannot read IP mode file for STMicroelectronics.FP-SNS-MOTENV1.5.0.0
2025-08-26 13:16:28,462 [WARN] PackLoader:240 - Cannot read IP mode file for WES.I-CUBE-Cesium.1.3.0
2025-08-26 13:16:28,466 [WARN] PackLoader:240 - Cannot read IP mode file for STMicroelectronics.X-CUBE-BLE2.3.3.0
2025-08-26 13:16:28,470 [WARN] PackLoader:240 - Cannot read IP mode file for STMicroelectronics.X-CUBE-NFC9.1.0.0
2025-08-26 13:16:28,474 [WARN] PackLoader:240 - Cannot read IP mode file for STMicroelectronics.X-CUBE-BLE1.7.1.0
2025-08-26 13:16:28,478 [WARN] PackLoader:240 - Cannot read IP mode file for wolfSSL.I-CUBE-wolfMQTT.1.19.2
2025-08-26 13:16:28,483 [WARN] PackLoader:240 - Cannot read IP mode file for STMicroelectronics.X-CUBE-EEPRMA1.5.2.0
2025-08-26 13:16:28,486 [WARN] PackLoader:240 - Cannot read IP mode file for STMicroelectronics.X-CUBE-AI.10.1.0
2025-08-26 13:16:28,515 [WARN] PackLoader:240 - Cannot read IP mode file for STMicroelectronics.X-CUBE-MEMS1.11.2.0
2025-08-26 13:16:28,600 [WARN] PackLoader:240 - Cannot read IP mode file for STMicroelectronics.X-CUBE-AZRTOS-G0.1.1.0
2025-08-26 13:16:28,605 [WARN] PackLoader:240 - Cannot read IP mode file for STMicroelectronics.X-CUBE-SAFEA1.1.2.2
2025-08-26 13:16:28,608 [WARN] PackLoader:240 - Cannot read IP mode file for STMicroelectronics.X-CUBE-NFC4.3.0.0
2025-08-26 13:16:28,613 [WARN] PackLoader:240 - Cannot read IP mode file for EmbeddedOffice.I-CUBE-FS-RTOS.1.0.1
2025-08-26 13:16:28,618 [WARN] PackLoader:240 - Cannot read IP mode file for STMicroelectronics.X-CUBE-WB05N.2.0.0
2025-08-26 13:16:28,622 [WARN] PackLoader:240 - Cannot read IP mode file for wolfSSL.I-CUBE-wolfTPM.3.8.0
2025-08-26 13:16:28,625 [WARN] PackLoader:240 - Cannot read IP mode file for STMicroelectronics.X-CUBE-TCPP.4.2.0
2025-08-26 13:16:28,629 [WARN] PackLoader:240 - Cannot read IP mode file for RealThread.X-CUBE-RT-Thread_Nano.4.1.1
2025-08-26 13:16:28,632 [WARN] PackLoader:240 - Cannot read IP mode file for STMicroelectronics.FP-ATR-SIGFOX1.3.2.0
2025-08-26 13:16:28,636 [WARN] PackLoader:240 - Cannot read IP mode file for STMicroelectronics.X-CUBE-EEPRMA1.5.1.0
2025-08-26 13:16:28,639 [WARN] PackLoader:240 - Cannot read IP mode file for wolfSSL.I-CUBE-wolfSSL.5.7.6
2025-08-26 13:16:28,643 [WARN] PackLoader:240 - Cannot read IP mode file for ITTIA_DB.I-CUBE-ITTIADB.8.9.0
2025-08-26 13:16:28,647 [WARN] PackLoader:240 - Cannot read IP mode file for STMicroelectronics.X-CUBE-ST67W61.1.0.0
2025-08-26 13:16:28,650 [WARN] PackLoader:240 - Cannot read IP mode file for STMicroelectronics.X-CUBE-AI.10.2.0
2025-08-26 13:16:28,665 [WARN] PackLoader:240 - Cannot read IP mode file for SEGGER.I-CUBE-embOS.1.3.1
2025-08-26 13:16:28,699 [WARN] PackLoader:240 - Cannot read IP mode file for STMicroelectronics.X-CUBE-ALGOBUILD.1.4.0
2025-08-26 13:16:28,742 [WARN] PackLoader:240 - Cannot read IP mode file for STMicroelectronics.X-CUBE-MEMS1.11.3.0
2025-08-26 13:16:28,804 [WARN] PackLoader:240 - Cannot read IP mode file for STMicroelectronics.X-CUBE-PM33A1.1.0.0
2025-08-26 13:16:28,812 [WARN] PackLoader:240 - Cannot read IP mode file for STMicroelectronics.X-CUBE-AZRTOS-F4.1.1.0
2025-08-26 13:16:28,816 [WARN] PackLoader:240 - Cannot read IP mode file for Avnet-IotConnect.X-CUBE-IoTC-DA16k-PMOD.1.0.0
2025-08-26 13:16:28,818 [WARN] PackLoader:240 - Cannot read IP mode file for STMicroelectronics.X-CUBE-ISPU.2.1.0
2025-08-26 13:16:28,823 [WARN] PackLoader:240 - Cannot read IP mode file for STMicroelectronics.X-CUBE-NFC12.1.0.0
2025-08-26 13:16:28,832 [WARN] PackLoader:240 - Cannot read IP mode file for STMicroelectronics.X-CUBE-AZRTOS-L5.2.0.0
2025-08-26 13:16:28,837 [WARN] PackLoader:240 - Cannot read IP mode file for STMicroelectronics.X-CUBE-NFC6.3.1.0
2025-08-26 13:16:28,841 [WARN] PackLoader:240 - Cannot read IP mode file for STMicroelectronics.X-CUBE-FREERTOS.1.3.1
2025-08-26 13:16:28,843 [WARN] PackLoader:240 - Cannot read IP mode file for STMicroelectronics.X-CUBE-FREERTOS.1.3.0
2025-08-26 13:16:28,847 [WARN] PackLoader:240 - Cannot read IP mode file for STMicroelectronics.FP-SNS-STAIOTCFT.1.0.0
2025-08-26 13:16:28,850 [WARN] PackLoader:240 - Cannot read IP mode file for STMicroelectronics.X-CUBE-DPower.1.3.0
2025-08-26 13:16:28,857 [WARN] ConditionMgr:438 - getConditionDescription Invalid condition id : LAN8742 Phy interface Condition cause : null
2025-08-26 13:16:28,858 [WARN] PackLoader:240 - Cannot read IP mode file for STMicroelectronics.X-CUBE-AZRTOS-L4.2.0.0
2025-08-26 13:16:28,858 [WARN] ConditionMgr:1044 - genDependencies : Invalid condition id : LAN8742 Phy interface Condition cause : null
2025-08-26 13:16:28,858 [WARN] ConditionMgr:1044 - genDependencies : Invalid condition id : LAN8742 Phy interface Condition cause : null
2025-08-26 13:16:28,859 [WARN] ConditionMgr:1044 - genDependencies : Invalid condition id : LAN8742 Phy interface Condition cause : null
2025-08-26 13:16:28,864 [WARN] PackLoader:240 - Cannot read IP mode file for STMicroelectronics.X-CUBE-SFXS2LP1.4.0.0
2025-08-26 13:16:28,873 [WARN] PackLoader:240 - Cannot read IP mode file for STMicroelectronics.X-CUBE-AZRTOS-H7.3.3.0
2025-08-26 13:16:28,879 [WARN] PackLoader:240 - Cannot read IP mode file for STMicroelectronics.X-CUBE-BLEMGR.4.1.0
2025-08-26 13:16:28,893 [WARN] ConditionMgr:438 - getConditionDescription Invalid condition id : UX DEVICE CLASS RTOS Condition cause : null
2025-08-26 13:16:28,893 [WARN] ConditionMgr:438 - getConditionDescription Invalid condition id : UX DEVICE CLASS RTOS Condition cause : null
2025-08-26 13:16:28,894 [WARN] PackLoader:240 - Cannot read IP mode file for STMicroelectronics.X-CUBE-AZRTOS-WB.2.0.0
2025-08-26 13:16:28,894 [WARN] ConditionMgr:1044 - genDependencies : Invalid condition id : UX DEVICE CLASS RTOS Condition cause : null
2025-08-26 13:16:28,894 [WARN] ConditionMgr:1044 - genDependencies : Invalid condition id : UX DEVICE CLASS RTOS Condition cause : null
2025-08-26 13:16:28,895 [WARN] ConditionMgr:1044 - genDependencies : Invalid condition id : UX DEVICE CLASS RTOS Condition cause : null
2025-08-26 13:16:28,895 [WARN] ConditionMgr:1044 - genDependencies : Invalid condition id : UX DEVICE CLASS RTOS Condition cause : null
2025-08-26 13:16:28,895 [WARN] ConditionMgr:1044 - genDependencies : Invalid condition id : UX DEVICE CLASS RTOS Condition cause : null
2025-08-26 13:16:28,898 [WARN] PackLoader:240 - Cannot read IP mode file for STMicroelectronics.X-CUBE-GNSS1.7.0.1
2025-08-26 13:16:28,902 [WARN] PackLoader:240 - Cannot read IP mode file for STMicroelectronics.X-CUBE-TOUCHGFX.4.25.0
2025-08-26 13:16:28,906 [WARN] PackLoader:240 - Cannot read IP mode file for STMicroelectronics.FP-SNS-STBOX1.2.0.0
2025-08-26 13:16:28,912 [WARN] PackLoader:240 - Cannot read IP mode file for STMicroelectronics.X-CUBE-SUBG2.5.0.0
2025-08-26 13:16:28,922 [WARN] PackLoader:240 - Cannot read IP mode file for STMicroelectronics.X-CUBE-AZRTOS-H7RS.1.1.0
2025-08-26 13:16:28,926 [WARN] PackLoader:240 - Cannot read IP mode file for Cesanta.I-CUBE-Mongoose.7.13.0
2025-08-26 13:16:28,934 [WARN] PackLoader:240 - Cannot read IP mode file for STMicroelectronics.X-CUBE-AZRTOS-G4.2.0.0
2025-08-26 13:16:28,937 [WARN] PackLoader:240 - Cannot read IP mode file for wolfSSL.I-CUBE-wolfSSH.1.4.20
2025-08-26 13:16:28,940 [WARN] PackLoader:240 - Cannot read IP mode file for STMicroelectronics.X-CUBE-NFC7.2.0.0
2025-08-26 13:16:28,946 [WARN] PackLoader:240 - Cannot read IP mode file for STMicroelectronics.X-CUBE-IPS.3.1.0
2025-08-26 13:16:28,950 [WARN] PackLoader:240 - Cannot read IP mode file for STMicroelectronics.X-CUBE-ALS.1.0.2
2025-08-26 13:16:28,953 [WARN] PackLoader:240 - Cannot read IP mode file for portGmbH.I-Cube-SoM-uGOAL.1.1.0
2025-08-26 13:16:28,960 [WARN] PackLoader:240 - Cannot read IP mode file for STMicroelectronics.X-CUBE-TOF1.3.4.3
2025-08-26 13:16:28,965 [INFO] ThirdParty:978 - Integrity check success = true
2025-08-26 13:16:28,965 [INFO] IntegrityCheckThread:100 - exiting critical section [integrity check]
2025-08-26 13:16:28,965 [INFO] IntegrityCheckThread:103 - End integrity checks thread
2025-08-26 13:33:46,777 [INFO] WebApp:194 - Connection lost
2025-08-26 13:33:46,968 [INFO] WebApp:191 - Connection restablished
2025-08-26 14:48:22,063 [ERROR] LogOutputStream:75 - [STDERR_REDIRECT] 
