20:22:59 **** Incremental Build of configuration Debug for project stm32f103_fw ****
make -j12 all 
arm-none-eabi-size  stm32f103_fw.elf 
   text	   data	    bss	    dec	    hex	filename
    620	      0	   1568	   2188	    88c	stm32f103_fw.elf
Finished building: default.size.stdout
 
20:31:24 **** Incremental Build of configuration Debug for project stm32f103_fw ****
make -j12 all 
arm-none-eabi-size  stm32f103_fw.elf 
   text	   data	    bss	    dec	    hex	filename
    620	      0	   1568	   2188	    88c	stm32f103_fw.elf
Finished building: default.size.stdout
 
20:31:54 **** Incremental Build of configuration Debug for project stm32f103_fw ****
make -j12 all 
arm-none-eabi-size  stm32f103_fw.elf 
   text	   data	    bss	    dec	    hex	filename
    620	      0	   1568	   2188	    88c	stm32f103_fw.elf
Finished building: default.size.stdout
 
20:33:00 **** Incremental Build of configuration Debug for project stm32f103_fw ****
make -j12 all 
arm-none-eabi-size  stm32f103_fw.elf 
   text	   data	    bss	    dec	    hex	filename
    620	      0	   1568	   2188	    88c	stm32f103_fw.elf
Finished building: default.size.stdout
 
22:39:51 **** Build of configuration Debug for project stm32f103_fw ****
make -j12 all 
arm-none-eabi-gcc "../src/hw/hw.c" -mcpu=cortex-m3 -std=gnu11 -g3 -c -I"C:/repos/arm/exam_arm/stm32f103_fw/src" -I"C:/repos/arm/exam_arm/stm32f103_fw/src/bsp" -I"C:/repos/arm/exam_arm/stm32f103_fw/src/ap" -I"C:/repos/arm/exam_arm/stm32f103_fw/src/common" -I"C:/repos/arm/exam_arm/stm32f103_fw/src/hw" -I"C:/repos/arm/exam_arm/stm32f103_fw/src/lib" -O0 -ffunction-sections -fdata-sections -Wall -fstack-usage -fcyclomatic-complexity -MMD -MP -MF"src/hw/hw.d" -MT"src/hw/hw.o" --specs=nano.specs -mfloat-abi=soft -mthumb -o "src/hw/hw.o"
arm-none-eabi-gcc -mcpu=cortex-m3 -g3 -DDEBUG -c -x assembler-with-cpp -MMD -MP -MF"src/bsp/startup/startup_stm32f103rbtx.d" -MT"src/bsp/startup/startup_stm32f103rbtx.o" --specs=nano.specs -mfloat-abi=soft -mthumb -o "src/bsp/startup/startup_stm32f103rbtx.o" "../src/bsp/startup/startup_stm32f103rbtx.s"
arm-none-eabi-gcc "../src/bsp/bsp.c" -mcpu=cortex-m3 -std=gnu11 -g3 -c -I"C:/repos/arm/exam_arm/stm32f103_fw/src" -I"C:/repos/arm/exam_arm/stm32f103_fw/src/bsp" -I"C:/repos/arm/exam_arm/stm32f103_fw/src/ap" -I"C:/repos/arm/exam_arm/stm32f103_fw/src/common" -I"C:/repos/arm/exam_arm/stm32f103_fw/src/hw" -I"C:/repos/arm/exam_arm/stm32f103_fw/src/lib" -O0 -ffunction-sections -fdata-sections -Wall -fstack-usage -fcyclomatic-complexity -MMD -MP -MF"src/bsp/bsp.d" -MT"src/bsp/bsp.o" --specs=nano.specs -mfloat-abi=soft -mthumb -o "src/bsp/bsp.o"
arm-none-eabi-gcc "../src/bsp/syscalls.c" -mcpu=cortex-m3 -std=gnu11 -g3 -c -I"C:/repos/arm/exam_arm/stm32f103_fw/src" -I"C:/repos/arm/exam_arm/stm32f103_fw/src/bsp" -I"C:/repos/arm/exam_arm/stm32f103_fw/src/ap" -I"C:/repos/arm/exam_arm/stm32f103_fw/src/common" -I"C:/repos/arm/exam_arm/stm32f103_fw/src/hw" -I"C:/repos/arm/exam_arm/stm32f103_fw/src/lib" -O0 -ffunction-sections -fdata-sections -Wall -fstack-usage -fcyclomatic-complexity -MMD -MP -MF"src/bsp/syscalls.d" -MT"src/bsp/syscalls.o" --specs=nano.specs -mfloat-abi=soft -mthumb -o "src/bsp/syscalls.o"
arm-none-eabi-gcc "../src/bsp/sysmem.c" -mcpu=cortex-m3 -std=gnu11 -g3 -c -I"C:/repos/arm/exam_arm/stm32f103_fw/src" -I"C:/repos/arm/exam_arm/stm32f103_fw/src/bsp" -I"C:/repos/arm/exam_arm/stm32f103_fw/src/ap" -I"C:/repos/arm/exam_arm/stm32f103_fw/src/common" -I"C:/repos/arm/exam_arm/stm32f103_fw/src/hw" -I"C:/repos/arm/exam_arm/stm32f103_fw/src/lib" -O0 -ffunction-sections -fdata-sections -Wall -fstack-usage -fcyclomatic-complexity -MMD -MP -MF"src/bsp/sysmem.d" -MT"src/bsp/sysmem.o" --specs=nano.specs -mfloat-abi=soft -mthumb -o "src/bsp/sysmem.o"
arm-none-eabi-gcc "../src/ap/ap.c" -mcpu=cortex-m3 -std=gnu11 -g3 -c -I"C:/repos/arm/exam_arm/stm32f103_fw/src" -I"C:/repos/arm/exam_arm/stm32f103_fw/src/bsp" -I"C:/repos/arm/exam_arm/stm32f103_fw/src/ap" -I"C:/repos/arm/exam_arm/stm32f103_fw/src/common" -I"C:/repos/arm/exam_arm/stm32f103_fw/src/hw" -I"C:/repos/arm/exam_arm/stm32f103_fw/src/lib" -O0 -ffunction-sections -fdata-sections -Wall -fstack-usage -fcyclomatic-complexity -MMD -MP -MF"src/ap/ap.d" -MT"src/ap/ap.o" --specs=nano.specs -mfloat-abi=soft -mthumb -o "src/ap/ap.o"
arm-none-eabi-gcc "../src/main.c" -mcpu=cortex-m3 -std=gnu11 -g3 -c -I"C:/repos/arm/exam_arm/stm32f103_fw/src" -I"C:/repos/arm/exam_arm/stm32f103_fw/src/bsp" -I"C:/repos/arm/exam_arm/stm32f103_fw/src/ap" -I"C:/repos/arm/exam_arm/stm32f103_fw/src/common" -I"C:/repos/arm/exam_arm/stm32f103_fw/src/hw" -I"C:/repos/arm/exam_arm/stm32f103_fw/src/lib" -O0 -ffunction-sections -fdata-sections -Wall -fstack-usage -fcyclomatic-complexity -MMD -MP -MF"src/main.d" -MT"src/main.o" --specs=nano.specs -mfloat-abi=soft -mthumb -o "src/main.o"
arm-none-eabi-gcc -o "stm32f103_fw.elf" @"objects.list"   -mcpu=cortex-m3 -T"C:\repos\arm\exam_arm\stm32f103_fw\src\bsp\ldscript\STM32F103RBTX_FLASH.ld" --specs=nosys.specs -Wl,-Map="stm32f103_fw.map" -Wl,--gc-sections -static --specs=nano.specs -mfloat-abi=soft -mthumb -Wl,--start-group -lc -lm -Wl,--end-group
Finished building target: stm32f103_fw.elf
 
arm-none-eabi-size  stm32f103_fw.elf 
arm-none-eabi-objdump -h -S stm32f103_fw.elf  > "stm32f103_fw.list"
   text	   data	    bss	    dec	    hex	filename
    620	      0	   1568	   2188	    88c	stm32f103_fw.elf
Finished building: default.size.stdout
 
Finished building: stm32f103_fw.list
 
